2024-03-12 16:18:27.659 worker_log:592 418554 MainThread [INFO]  Worker 0 started
2024-03-12 16:18:27.659 worker_log:594 418554 MainThread [DEBUG]  Debug logging enabled
2024-03-12 16:18:31.123 worker_log:677 418554 MainThread [INFO]  Received executor task 13
2024-03-12 16:18:31.124 worker_log:693 418554 MainThread [INFO]  Completed executor task 13
2024-03-12 16:18:31.125 worker_log:704 418554 MainThread [INFO]  All processing finished for executor task 13
2024-03-12 16:18:32.980 worker_log:677 418554 MainThread [INFO]  Received executor task 22
2024-03-12 16:18:32.980 worker_log:693 418554 MainThread [INFO]  Completed executor task 22
2024-03-12 16:18:32.981 worker_log:704 418554 MainThread [INFO]  All processing finished for executor task 22
2024-03-12 16:18:34.834 worker_log:677 418554 MainThread [INFO]  Received executor task 31
2024-03-12 16:18:34.834 worker_log:693 418554 MainThread [INFO]  Completed executor task 31
2024-03-12 16:18:34.834 worker_log:704 418554 MainThread [INFO]  All processing finished for executor task 31
2024-03-12 16:18:49.031 worker_log:677 418554 MainThread [INFO]  Received executor task 98
2024-03-12 16:18:49.042 worker_log:693 418554 MainThread [INFO]  Completed executor task 98
2024-03-12 16:18:49.043 worker_log:704 418554 MainThread [INFO]  All processing finished for executor task 98
2024-03-12 16:18:53.252 worker_log:677 418554 MainThread [INFO]  Received executor task 113
2024-03-12 16:18:53.353 worker_log:693 418554 MainThread [INFO]  Completed executor task 113
2024-03-12 16:18:53.354 worker_log:704 418554 MainThread [INFO]  All processing finished for executor task 113
2024-03-12 16:19:03.655 worker_log:677 418554 MainThread [INFO]  Received executor task 147
2024-03-12 16:19:03.755 worker_log:693 418554 MainThread [INFO]  Completed executor task 147
2024-03-12 16:19:03.756 worker_log:704 418554 MainThread [INFO]  All processing finished for executor task 147
2024-03-12 16:19:20.874 worker_log:677 418554 MainThread [INFO]  Received executor task 165
2024-03-12 16:19:21.876 worker_log:693 418554 MainThread [INFO]  Completed executor task 165
2024-03-12 16:19:21.876 worker_log:704 418554 MainThread [INFO]  All processing finished for executor task 165
