2024-03-12 16:18:27.635 worker_log:592 418561 MainThread [INFO]  Worker 7 started
2024-03-12 16:18:27.635 worker_log:594 418561 MainThread [DEBUG]  Debug logging enabled
2024-03-12 16:18:28.845 worker_log:677 418561 MainThread [INFO]  Received executor task 2
2024-03-12 16:18:28.846 worker_log:693 418561 MainThread [INFO]  Completed executor task 2
2024-03-12 16:18:28.847 worker_log:704 418561 MainThread [INFO]  All processing finished for executor task 2
2024-03-12 16:18:30.301 worker_log:677 418561 MainThread [INFO]  Received executor task 9
2024-03-12 16:18:30.302 worker_log:693 418561 MainThread [INFO]  Completed executor task 9
2024-03-12 16:18:30.302 worker_log:704 418561 MainThread [INFO]  All processing finished for executor task 9
2024-03-12 16:18:40.449 worker_log:677 418561 MainThread [INFO]  Received executor task 58
2024-03-12 16:18:40.460 worker_log:693 418561 MainThread [INFO]  Completed executor task 58
2024-03-12 16:18:40.461 worker_log:704 418561 MainThread [INFO]  All processing finished for executor task 58
2024-03-12 16:18:42.596 worker_log:677 418561 MainThread [INFO]  Received executor task 68
2024-03-12 16:18:42.607 worker_log:693 418561 MainThread [INFO]  Completed executor task 68
2024-03-12 16:18:42.607 worker_log:704 418561 MainThread [INFO]  All processing finished for executor task 68
2024-03-12 16:18:48.815 worker_log:677 418561 MainThread [INFO]  Received executor task 97
2024-03-12 16:18:48.826 worker_log:693 418561 MainThread [INFO]  Completed executor task 97
2024-03-12 16:18:48.826 worker_log:704 418561 MainThread [INFO]  All processing finished for executor task 97
2024-03-12 16:18:51.109 worker_log:677 418561 MainThread [INFO]  Received executor task 106
2024-03-12 16:18:51.210 worker_log:693 418561 MainThread [INFO]  Completed executor task 106
2024-03-12 16:18:51.210 worker_log:704 418561 MainThread [INFO]  All processing finished for executor task 106
2024-03-12 16:18:55.394 worker_log:677 418561 MainThread [INFO]  Received executor task 120
2024-03-12 16:18:55.494 worker_log:693 418561 MainThread [INFO]  Completed executor task 120
2024-03-12 16:18:55.495 worker_log:704 418561 MainThread [INFO]  All processing finished for executor task 120
2024-03-12 16:18:59.677 worker_log:677 418561 MainThread [INFO]  Received executor task 134
2024-03-12 16:18:59.777 worker_log:693 418561 MainThread [INFO]  Completed executor task 134
2024-03-12 16:18:59.778 worker_log:704 418561 MainThread [INFO]  All processing finished for executor task 134
