2024-03-12 16:18:27.672 worker_log:592 418566 MainThread [INFO]  Worker 12 started
2024-03-12 16:18:27.672 worker_log:594 418566 MainThread [DEBUG]  Debug logging enabled
2024-03-12 16:18:41.732 worker_log:677 418566 MainThread [INFO]  Received executor task 64
2024-03-12 16:18:41.743 worker_log:693 418566 MainThread [INFO]  Completed executor task 64
2024-03-12 16:18:41.745 worker_log:704 418566 MainThread [INFO]  All processing finished for executor task 64
2024-03-12 16:18:47.953 worker_log:677 418566 MainThread [INFO]  Received executor task 93
2024-03-12 16:18:47.963 worker_log:693 418566 MainThread [INFO]  Completed executor task 93
2024-03-12 16:18:47.964 worker_log:704 418566 MainThread [INFO]  All processing finished for executor task 93
2024-03-12 16:18:54.170 worker_log:677 418566 MainThread [INFO]  Received executor task 116
2024-03-12 16:18:54.271 worker_log:693 418566 MainThread [INFO]  Completed executor task 116
2024-03-12 16:18:54.272 worker_log:704 418566 MainThread [INFO]  All processing finished for executor task 116
2024-03-12 16:18:58.453 worker_log:677 418566 MainThread [INFO]  Received executor task 130
2024-03-12 16:18:58.554 worker_log:693 418566 MainThread [INFO]  Completed executor task 130
2024-03-12 16:18:58.555 worker_log:704 418566 MainThread [INFO]  All processing finished for executor task 130
2024-03-12 16:19:02.738 worker_log:677 418566 MainThread [INFO]  Received executor task 144
2024-03-12 16:19:02.838 worker_log:693 418566 MainThread [INFO]  Completed executor task 144
2024-03-12 16:19:02.839 worker_log:704 418566 MainThread [INFO]  All processing finished for executor task 144
2024-03-12 16:19:10.011 worker_log:677 418566 MainThread [INFO]  Received executor task 156
2024-03-12 16:19:11.013 worker_log:693 418566 MainThread [INFO]  Completed executor task 156
2024-03-12 16:19:11.013 worker_log:704 418566 MainThread [INFO]  All processing finished for executor task 156
2024-03-12 16:19:22.081 worker_log:677 418566 MainThread [INFO]  Received executor task 166
2024-03-12 16:19:23.082 worker_log:693 418566 MainThread [INFO]  Completed executor task 166
2024-03-12 16:19:23.083 worker_log:704 418566 MainThread [INFO]  All processing finished for executor task 166
