2024-03-12 16:18:27.670 worker_log:592 418571 MainThread [INFO]  Worker 17 started
2024-03-12 16:18:27.670 worker_log:594 418571 MainThread [DEBUG]  Debug logging enabled
2024-03-12 16:18:35.862 worker_log:677 418571 MainThread [INFO]  Received executor task 36
2024-03-12 16:18:35.863 worker_log:693 418571 MainThread [INFO]  Completed executor task 36
2024-03-12 16:18:35.864 worker_log:704 418571 MainThread [INFO]  All processing finished for executor task 36
2024-03-12 16:18:40.018 worker_log:677 418571 MainThread [INFO]  Received executor task 56
2024-03-12 16:18:40.028 worker_log:693 418571 MainThread [INFO]  Completed executor task 56
2024-03-12 16:18:40.029 worker_log:704 418571 MainThread [INFO]  All processing finished for executor task 56
2024-03-12 16:18:42.165 worker_log:677 418571 MainThread [INFO]  Received executor task 66
2024-03-12 16:18:42.176 worker_log:693 418571 MainThread [INFO]  Completed executor task 66
2024-03-12 16:18:42.176 worker_log:704 418571 MainThread [INFO]  All processing finished for executor task 66
2024-03-12 16:18:48.384 worker_log:677 418571 MainThread [INFO]  Received executor task 95
2024-03-12 16:18:48.395 worker_log:693 418571 MainThread [INFO]  Completed executor task 95
2024-03-12 16:18:48.395 worker_log:704 418571 MainThread [INFO]  All processing finished for executor task 95
2024-03-12 16:18:52.640 worker_log:677 418571 MainThread [INFO]  Received executor task 111
2024-03-12 16:18:52.741 worker_log:693 418571 MainThread [INFO]  Completed executor task 111
2024-03-12 16:18:52.741 worker_log:704 418571 MainThread [INFO]  All processing finished for executor task 111
2024-03-12 16:18:56.924 worker_log:677 418571 MainThread [INFO]  Received executor task 125
2024-03-12 16:18:57.024 worker_log:693 418571 MainThread [INFO]  Completed executor task 125
2024-03-12 16:18:57.025 worker_log:704 418571 MainThread [INFO]  All processing finished for executor task 125
2024-03-12 16:19:28.017 worker_log:677 418571 MainThread [INFO]  Received executor task 171
2024-03-12 16:19:29.019 worker_log:693 418571 MainThread [INFO]  Completed executor task 171
2024-03-12 16:19:29.019 worker_log:704 418571 MainThread [INFO]  All processing finished for executor task 171
2024-03-12 16:19:34.053 worker_log:677 418571 MainThread [INFO]  Received executor task 176
2024-03-12 16:19:35.055 worker_log:693 418571 MainThread [INFO]  Completed executor task 176
2024-03-12 16:19:35.055 worker_log:704 418571 MainThread [INFO]  All processing finished for executor task 176
