2024-03-12 16:18:27.757 worker_log:592 418581 MainThread [INFO]  Worker 27 started
2024-03-12 16:18:27.757 worker_log:594 418581 MainThread [DEBUG]  Debug logging enabled
2024-03-12 16:18:31.954 worker_log:677 418581 MainThread [INFO]  Received executor task 17
2024-03-12 16:18:31.955 worker_log:693 418581 MainThread [INFO]  Completed executor task 17
2024-03-12 16:18:31.956 worker_log:704 418581 MainThread [INFO]  All processing finished for executor task 17
2024-03-12 16:18:36.068 worker_log:677 418581 MainThread [INFO]  Received executor task 37
2024-03-12 16:18:36.069 worker_log:693 418581 MainThread [INFO]  Completed executor task 37
2024-03-12 16:18:36.069 worker_log:704 418581 MainThread [INFO]  All processing finished for executor task 37
2024-03-12 16:18:40.233 worker_log:677 418581 MainThread [INFO]  Received executor task 57
2024-03-12 16:18:40.244 worker_log:693 418581 MainThread [INFO]  Completed executor task 57
2024-03-12 16:18:40.244 worker_log:704 418581 MainThread [INFO]  All processing finished for executor task 57
2024-03-12 16:18:42.381 worker_log:677 418581 MainThread [INFO]  Received executor task 67
2024-03-12 16:18:42.391 worker_log:693 418581 MainThread [INFO]  Completed executor task 67
2024-03-12 16:18:42.392 worker_log:704 418581 MainThread [INFO]  All processing finished for executor task 67
2024-03-12 16:18:48.600 worker_log:677 418581 MainThread [INFO]  Received executor task 96
2024-03-12 16:18:48.610 worker_log:693 418581 MainThread [INFO]  Completed executor task 96
2024-03-12 16:18:48.611 worker_log:704 418581 MainThread [INFO]  All processing finished for executor task 96
2024-03-12 16:18:50.802 worker_log:677 418581 MainThread [INFO]  Received executor task 105
2024-03-12 16:18:50.903 worker_log:693 418581 MainThread [INFO]  Completed executor task 105
2024-03-12 16:18:50.904 worker_log:704 418581 MainThread [INFO]  All processing finished for executor task 105
2024-03-12 16:19:01.207 worker_log:677 418581 MainThread [INFO]  Received executor task 139
2024-03-12 16:19:01.308 worker_log:693 418581 MainThread [INFO]  Completed executor task 139
2024-03-12 16:19:01.309 worker_log:704 418581 MainThread [INFO]  All processing finished for executor task 139
2024-03-12 16:19:06.390 worker_log:677 418581 MainThread [INFO]  Received executor task 153
2024-03-12 16:19:07.392 worker_log:693 418581 MainThread [INFO]  Completed executor task 153
2024-03-12 16:19:07.392 worker_log:704 418581 MainThread [INFO]  All processing finished for executor task 153
2024-03-12 16:19:12.425 worker_log:677 418581 MainThread [INFO]  Received executor task 158
2024-03-12 16:19:13.426 worker_log:693 418581 MainThread [INFO]  Completed executor task 158
2024-03-12 16:19:13.427 worker_log:704 418581 MainThread [INFO]  All processing finished for executor task 158
2024-03-12 16:19:18.461 worker_log:677 418581 MainThread [INFO]  Received executor task 163
2024-03-12 16:19:19.462 worker_log:693 418581 MainThread [INFO]  Completed executor task 163
2024-03-12 16:19:19.463 worker_log:704 418581 MainThread [INFO]  All processing finished for executor task 163
2024-03-12 16:19:30.431 worker_log:677 418581 MainThread [INFO]  Received executor task 173
2024-03-12 16:19:31.432 worker_log:693 418581 MainThread [INFO]  Completed executor task 173
2024-03-12 16:19:31.433 worker_log:704 418581 MainThread [INFO]  All processing finished for executor task 173
2024-03-12 16:19:36.466 worker_log:677 418581 MainThread [INFO]  Received executor task 178
2024-03-12 16:19:37.468 worker_log:693 418581 MainThread [INFO]  Completed executor task 178
2024-03-12 16:19:37.469 worker_log:704 418581 MainThread [INFO]  All processing finished for executor task 178
2024-03-12 16:19:42.401 worker_log:677 418581 MainThread [INFO]  Received executor task 183
2024-03-12 16:19:43.403 worker_log:693 418581 MainThread [INFO]  Completed executor task 183
2024-03-12 16:19:43.403 worker_log:704 418581 MainThread [INFO]  All processing finished for executor task 183
2024-03-12 16:19:48.436 worker_log:677 418581 MainThread [INFO]  Received executor task 188
2024-03-12 16:19:49.438 worker_log:693 418581 MainThread [INFO]  Completed executor task 188
2024-03-12 16:19:49.439 worker_log:704 418581 MainThread [INFO]  All processing finished for executor task 188
2024-03-12 16:19:54.372 worker_log:677 418581 MainThread [INFO]  Received executor task 193
2024-03-12 16:19:55.373 worker_log:693 418581 MainThread [INFO]  Completed executor task 193
2024-03-12 16:19:55.374 worker_log:704 418581 MainThread [INFO]  All processing finished for executor task 193
2024-03-12 16:20:00.407 worker_log:677 418581 MainThread [INFO]  Received executor task 198
2024-03-12 16:20:01.409 worker_log:693 418581 MainThread [INFO]  Completed executor task 198
2024-03-12 16:20:01.410 worker_log:704 418581 MainThread [INFO]  All processing finished for executor task 198
