2024-03-12 16:18:27.645 worker_log:592 418563 MainThread [INFO]  Worker 9 started
2024-03-12 16:18:27.645 worker_log:594 418563 MainThread [DEBUG]  Debug logging enabled
2024-03-12 16:18:29.472 worker_log:677 418563 MainThread [INFO]  Received executor task 5
2024-03-12 16:18:29.473 worker_log:693 418563 MainThread [INFO]  Completed executor task 5
2024-03-12 16:18:29.474 worker_log:704 418563 MainThread [INFO]  All processing finished for executor task 5
2024-03-12 16:18:30.916 worker_log:677 418563 MainThread [INFO]  Received executor task 12
2024-03-12 16:18:30.917 worker_log:693 418563 MainThread [INFO]  Completed executor task 12
2024-03-12 16:18:30.917 worker_log:704 418563 MainThread [INFO]  All processing finished for executor task 12
2024-03-12 16:18:32.777 worker_log:677 418563 MainThread [INFO]  Received executor task 21
2024-03-12 16:18:32.777 worker_log:693 418563 MainThread [INFO]  Completed executor task 21
2024-03-12 16:18:32.778 worker_log:704 418563 MainThread [INFO]  All processing finished for executor task 21
2024-03-12 16:18:34.628 worker_log:677 418563 MainThread [INFO]  Received executor task 30
2024-03-12 16:18:34.628 worker_log:693 418563 MainThread [INFO]  Completed executor task 30
2024-03-12 16:18:34.629 worker_log:704 418563 MainThread [INFO]  All processing finished for executor task 30
2024-03-12 16:18:36.684 worker_log:677 418563 MainThread [INFO]  Received executor task 40
2024-03-12 16:18:36.685 worker_log:693 418563 MainThread [INFO]  Completed executor task 40
2024-03-12 16:18:36.685 worker_log:704 418563 MainThread [INFO]  All processing finished for executor task 40
2024-03-12 16:18:38.741 worker_log:677 418563 MainThread [INFO]  Received executor task 50
2024-03-12 16:18:38.741 worker_log:693 418563 MainThread [INFO]  Completed executor task 50
2024-03-12 16:18:38.742 worker_log:704 418563 MainThread [INFO]  All processing finished for executor task 50
2024-03-12 16:18:40.881 worker_log:677 418563 MainThread [INFO]  Received executor task 60
2024-03-12 16:18:40.892 worker_log:693 418563 MainThread [INFO]  Completed executor task 60
2024-03-12 16:18:40.893 worker_log:704 418563 MainThread [INFO]  All processing finished for executor task 60
2024-03-12 16:18:43.027 worker_log:677 418563 MainThread [INFO]  Received executor task 70
2024-03-12 16:18:43.038 worker_log:693 418563 MainThread [INFO]  Completed executor task 70
2024-03-12 16:18:43.038 worker_log:704 418563 MainThread [INFO]  All processing finished for executor task 70
2024-03-12 16:18:45.176 worker_log:677 418563 MainThread [INFO]  Received executor task 80
2024-03-12 16:18:45.187 worker_log:693 418563 MainThread [INFO]  Completed executor task 80
2024-03-12 16:18:45.187 worker_log:704 418563 MainThread [INFO]  All processing finished for executor task 80
2024-03-12 16:18:47.319 worker_log:677 418563 MainThread [INFO]  Received executor task 90
2024-03-12 16:18:47.330 worker_log:693 418563 MainThread [INFO]  Completed executor task 90
2024-03-12 16:18:47.330 worker_log:704 418563 MainThread [INFO]  All processing finished for executor task 90
2024-03-12 16:18:57.535 worker_log:677 418563 MainThread [INFO]  Received executor task 127
2024-03-12 16:18:57.636 worker_log:693 418563 MainThread [INFO]  Completed executor task 127
2024-03-12 16:18:57.637 worker_log:704 418563 MainThread [INFO]  All processing finished for executor task 127
2024-03-12 16:19:01.819 worker_log:677 418563 MainThread [INFO]  Received executor task 141
2024-03-12 16:19:01.919 worker_log:693 418563 MainThread [INFO]  Completed executor task 141
2024-03-12 16:19:01.920 worker_log:704 418563 MainThread [INFO]  All processing finished for executor task 141
