2024-03-12 16:18:27.692 worker_log:592 418575 MainThread [INFO]  Worker 21 started
2024-03-12 16:18:27.692 worker_log:594 418575 MainThread [DEBUG]  Debug logging enabled
2024-03-12 16:18:29.888 worker_log:677 418575 MainThread [INFO]  Received executor task 7
2024-03-12 16:18:29.889 worker_log:693 418575 MainThread [INFO]  Completed executor task 7
2024-03-12 16:18:29.890 worker_log:704 418575 MainThread [INFO]  All processing finished for executor task 7
2024-03-12 16:18:34.011 worker_log:677 418575 MainThread [INFO]  Received executor task 27
2024-03-12 16:18:34.012 worker_log:693 418575 MainThread [INFO]  Completed executor task 27
2024-03-12 16:18:34.012 worker_log:704 418575 MainThread [INFO]  All processing finished for executor task 27
2024-03-12 16:18:38.125 worker_log:677 418575 MainThread [INFO]  Received executor task 47
2024-03-12 16:18:38.125 worker_log:693 418575 MainThread [INFO]  Completed executor task 47
2024-03-12 16:18:38.126 worker_log:704 418575 MainThread [INFO]  All processing finished for executor task 47
2024-03-12 16:18:44.311 worker_log:677 418575 MainThread [INFO]  Received executor task 76
2024-03-12 16:18:44.323 worker_log:693 418575 MainThread [INFO]  Completed executor task 76
2024-03-12 16:18:44.323 worker_log:704 418575 MainThread [INFO]  All processing finished for executor task 76
2024-03-12 16:18:46.457 worker_log:677 418575 MainThread [INFO]  Received executor task 86
2024-03-12 16:18:46.467 worker_log:693 418575 MainThread [INFO]  Completed executor task 86
2024-03-12 16:18:46.468 worker_log:704 418575 MainThread [INFO]  All processing finished for executor task 86
2024-03-12 16:18:58.759 worker_log:677 418575 MainThread [INFO]  Received executor task 131
2024-03-12 16:18:58.860 worker_log:693 418575 MainThread [INFO]  Completed executor task 131
2024-03-12 16:18:58.861 worker_log:704 418575 MainThread [INFO]  All processing finished for executor task 131
2024-03-12 16:19:03.043 worker_log:677 418575 MainThread [INFO]  Received executor task 145
2024-03-12 16:19:03.144 worker_log:693 418575 MainThread [INFO]  Completed executor task 145
2024-03-12 16:19:03.144 worker_log:704 418575 MainThread [INFO]  All processing finished for executor task 145
