2024-03-12 16:18:27.666 worker_log:592 418559 MainThread [INFO]  Worker 5 started
2024-03-12 16:18:27.666 worker_log:594 418559 MainThread [DEBUG]  Debug logging enabled
2024-03-12 16:18:33.597 worker_log:677 418559 MainThread [INFO]  Received executor task 25
2024-03-12 16:18:33.598 worker_log:693 418559 MainThread [INFO]  Completed executor task 25
2024-03-12 16:18:33.599 worker_log:704 418559 MainThread [INFO]  All processing finished for executor task 25
2024-03-12 16:18:35.447 worker_log:677 418559 MainThread [INFO]  Received executor task 34
2024-03-12 16:18:35.448 worker_log:693 418559 MainThread [INFO]  Completed executor task 34
2024-03-12 16:18:35.448 worker_log:704 418559 MainThread [INFO]  All processing finished for executor task 34
2024-03-12 16:18:37.298 worker_log:677 418559 MainThread [INFO]  Received executor task 43
2024-03-12 16:18:37.299 worker_log:693 418559 MainThread [INFO]  Completed executor task 43
2024-03-12 16:18:37.299 worker_log:704 418559 MainThread [INFO]  All processing finished for executor task 43
2024-03-12 16:18:39.149 worker_log:677 418559 MainThread [INFO]  Received executor task 52
2024-03-12 16:18:39.160 worker_log:693 418559 MainThread [INFO]  Completed executor task 52
2024-03-12 16:18:39.161 worker_log:704 418559 MainThread [INFO]  All processing finished for executor task 52
2024-03-12 16:18:41.300 worker_log:677 418559 MainThread [INFO]  Received executor task 62
2024-03-12 16:18:41.311 worker_log:693 418559 MainThread [INFO]  Completed executor task 62
2024-03-12 16:18:41.311 worker_log:704 418559 MainThread [INFO]  All processing finished for executor task 62
2024-03-12 16:18:49.464 worker_log:677 418559 MainThread [INFO]  Received executor task 100
2024-03-12 16:18:49.474 worker_log:693 418559 MainThread [INFO]  Completed executor task 100
2024-03-12 16:18:49.475 worker_log:704 418559 MainThread [INFO]  All processing finished for executor task 100
2024-03-12 16:18:51.721 worker_log:677 418559 MainThread [INFO]  Received executor task 108
2024-03-12 16:18:51.822 worker_log:693 418559 MainThread [INFO]  Completed executor task 108
2024-03-12 16:18:51.822 worker_log:704 418559 MainThread [INFO]  All processing finished for executor task 108
