2024-03-12 16:18:27.645 worker_log:592 418562 MainThread [INFO]  Worker 8 started
2024-03-12 16:18:27.645 worker_log:594 418562 MainThread [DEBUG]  Debug logging enabled
2024-03-12 16:18:29.264 worker_log:677 418562 MainThread [INFO]  Received executor task 4
2024-03-12 16:18:29.265 worker_log:693 418562 MainThread [INFO]  Completed executor task 4
2024-03-12 16:18:29.266 worker_log:704 418562 MainThread [INFO]  All processing finished for executor task 4
2024-03-12 16:18:30.713 worker_log:677 418562 MainThread [INFO]  Received executor task 11
2024-03-12 16:18:30.714 worker_log:693 418562 MainThread [INFO]  Completed executor task 11
2024-03-12 16:18:30.714 worker_log:704 418562 MainThread [INFO]  All processing finished for executor task 11
2024-03-12 16:18:32.571 worker_log:677 418562 MainThread [INFO]  Received executor task 20
2024-03-12 16:18:32.572 worker_log:693 418562 MainThread [INFO]  Completed executor task 20
2024-03-12 16:18:32.572 worker_log:704 418562 MainThread [INFO]  All processing finished for executor task 20
2024-03-12 16:18:44.744 worker_log:677 418562 MainThread [INFO]  Received executor task 78
2024-03-12 16:18:44.755 worker_log:693 418562 MainThread [INFO]  Completed executor task 78
2024-03-12 16:18:44.756 worker_log:704 418562 MainThread [INFO]  All processing finished for executor task 78
2024-03-12 16:18:46.888 worker_log:677 418562 MainThread [INFO]  Received executor task 88
2024-03-12 16:18:46.898 worker_log:693 418562 MainThread [INFO]  Completed executor task 88
2024-03-12 16:18:46.899 worker_log:704 418562 MainThread [INFO]  All processing finished for executor task 88
2024-03-12 16:18:55.088 worker_log:677 418562 MainThread [INFO]  Received executor task 119
2024-03-12 16:18:55.189 worker_log:693 418562 MainThread [INFO]  Completed executor task 119
2024-03-12 16:18:55.189 worker_log:704 418562 MainThread [INFO]  All processing finished for executor task 119
2024-03-12 16:18:59.371 worker_log:677 418562 MainThread [INFO]  Received executor task 133
2024-03-12 16:18:59.472 worker_log:693 418562 MainThread [INFO]  Completed executor task 133
2024-03-12 16:18:59.472 worker_log:704 418562 MainThread [INFO]  All processing finished for executor task 133
