2024-03-12 16:18:27.671 worker_log:592 418569 MainThread [INFO]  Worker 15 started
2024-03-12 16:18:27.671 worker_log:594 418569 MainThread [DEBUG]  Debug logging enabled
2024-03-12 16:18:39.800 worker_log:677 418569 MainThread [INFO]  Received executor task 55
2024-03-12 16:18:39.812 worker_log:693 418569 MainThread [INFO]  Completed executor task 55
2024-03-12 16:18:39.813 worker_log:704 418569 MainThread [INFO]  All processing finished for executor task 55
2024-03-12 16:18:46.025 worker_log:677 418569 MainThread [INFO]  Received executor task 84
2024-03-12 16:18:46.036 worker_log:693 418569 MainThread [INFO]  Completed executor task 84
2024-03-12 16:18:46.037 worker_log:704 418569 MainThread [INFO]  All processing finished for executor task 84
2024-03-12 16:18:52.333 worker_log:677 418569 MainThread [INFO]  Received executor task 110
2024-03-12 16:18:52.435 worker_log:693 418569 MainThread [INFO]  Completed executor task 110
2024-03-12 16:18:52.435 worker_log:704 418569 MainThread [INFO]  All processing finished for executor task 110
2024-03-12 16:18:56.618 worker_log:677 418569 MainThread [INFO]  Received executor task 124
2024-03-12 16:18:56.719 worker_log:693 418569 MainThread [INFO]  Completed executor task 124
2024-03-12 16:18:56.719 worker_log:704 418569 MainThread [INFO]  All processing finished for executor task 124
2024-03-12 16:19:00.902 worker_log:677 418569 MainThread [INFO]  Received executor task 138
2024-03-12 16:19:01.003 worker_log:693 418569 MainThread [INFO]  Completed executor task 138
2024-03-12 16:19:01.003 worker_log:704 418569 MainThread [INFO]  All processing finished for executor task 138
2024-03-12 16:19:05.183 worker_log:677 418569 MainThread [INFO]  Received executor task 152
2024-03-12 16:19:06.185 worker_log:693 418569 MainThread [INFO]  Completed executor task 152
2024-03-12 16:19:06.186 worker_log:704 418569 MainThread [INFO]  All processing finished for executor task 152
2024-03-12 16:19:29.224 worker_log:677 418569 MainThread [INFO]  Received executor task 172
2024-03-12 16:19:30.226 worker_log:693 418569 MainThread [INFO]  Completed executor task 172
2024-03-12 16:19:30.226 worker_log:704 418569 MainThread [INFO]  All processing finished for executor task 172
2024-03-12 16:19:41.194 worker_log:677 418569 MainThread [INFO]  Received executor task 182
2024-03-12 16:19:42.196 worker_log:693 418569 MainThread [INFO]  Completed executor task 182
2024-03-12 16:19:42.197 worker_log:704 418569 MainThread [INFO]  All processing finished for executor task 182
2024-03-12 16:19:47.230 worker_log:677 418569 MainThread [INFO]  Received executor task 187
2024-03-12 16:19:48.232 worker_log:693 418569 MainThread [INFO]  Completed executor task 187
2024-03-12 16:19:48.232 worker_log:704 418569 MainThread [INFO]  All processing finished for executor task 187
