2024-03-12 16:18:27.667 worker_log:592 418558 MainThread [INFO]  Worker 4 started
2024-03-12 16:18:27.667 worker_log:594 418558 MainThread [DEBUG]  Debug logging enabled
2024-03-12 16:18:31.746 worker_log:677 418558 MainThread [INFO]  Received executor task 16
2024-03-12 16:18:31.747 worker_log:693 418558 MainThread [INFO]  Completed executor task 16
2024-03-12 16:18:31.748 worker_log:704 418558 MainThread [INFO]  All processing finished for executor task 16
2024-03-12 16:18:41.949 worker_log:677 418558 MainThread [INFO]  Received executor task 65
2024-03-12 16:18:41.960 worker_log:693 418558 MainThread [INFO]  Completed executor task 65
2024-03-12 16:18:41.961 worker_log:704 418558 MainThread [INFO]  All processing finished for executor task 65
2024-03-12 16:18:48.169 worker_log:677 418558 MainThread [INFO]  Received executor task 94
2024-03-12 16:18:48.179 worker_log:693 418558 MainThread [INFO]  Completed executor task 94
2024-03-12 16:18:48.180 worker_log:704 418558 MainThread [INFO]  All processing finished for executor task 94
2024-03-12 16:18:54.476 worker_log:677 418558 MainThread [INFO]  Received executor task 117
2024-03-12 16:18:54.577 worker_log:693 418558 MainThread [INFO]  Completed executor task 117
2024-03-12 16:18:54.578 worker_log:704 418558 MainThread [INFO]  All processing finished for executor task 117
2024-03-12 16:19:04.877 worker_log:677 418558 MainThread [INFO]  Received executor task 151
2024-03-12 16:19:04.978 worker_log:693 418558 MainThread [INFO]  Completed executor task 151
2024-03-12 16:19:04.979 worker_log:704 418558 MainThread [INFO]  All processing finished for executor task 151
2024-03-12 16:19:16.047 worker_log:677 418558 MainThread [INFO]  Received executor task 161
2024-03-12 16:19:17.049 worker_log:693 418558 MainThread [INFO]  Completed executor task 161
2024-03-12 16:19:17.049 worker_log:704 418558 MainThread [INFO]  All processing finished for executor task 161
2024-03-12 16:19:39.988 worker_log:677 418558 MainThread [INFO]  Received executor task 181
2024-03-12 16:19:40.989 worker_log:693 418558 MainThread [INFO]  Completed executor task 181
2024-03-12 16:19:40.990 worker_log:704 418558 MainThread [INFO]  All processing finished for executor task 181
2024-03-12 16:19:46.023 worker_log:677 418558 MainThread [INFO]  Received executor task 186
2024-03-12 16:19:47.025 worker_log:693 418558 MainThread [INFO]  Completed executor task 186
2024-03-12 16:19:47.026 worker_log:704 418558 MainThread [INFO]  All processing finished for executor task 186
2024-03-12 16:19:51.958 worker_log:677 418558 MainThread [INFO]  Received executor task 191
2024-03-12 16:19:52.959 worker_log:693 418558 MainThread [INFO]  Completed executor task 191
2024-03-12 16:19:52.960 worker_log:704 418558 MainThread [INFO]  All processing finished for executor task 191
2024-03-12 16:19:57.995 worker_log:677 418558 MainThread [INFO]  Received executor task 196
2024-03-12 16:19:58.996 worker_log:693 418558 MainThread [INFO]  Completed executor task 196
2024-03-12 16:19:58.997 worker_log:704 418558 MainThread [INFO]  All processing finished for executor task 196
2024-03-12 16:20:03.929 worker_log:677 418558 MainThread [INFO]  Received executor task 201
2024-03-12 16:20:04.930 worker_log:693 418558 MainThread [INFO]  Completed executor task 201
2024-03-12 16:20:04.931 worker_log:704 418558 MainThread [INFO]  All processing finished for executor task 201
