2024-03-12 16:18:27.665 worker_log:592 418567 MainThread [INFO]  Worker 13 started
2024-03-12 16:18:27.665 worker_log:594 418567 MainThread [DEBUG]  Debug logging enabled
2024-03-12 16:18:31.538 worker_log:677 418567 MainThread [INFO]  Received executor task 15
2024-03-12 16:18:31.539 worker_log:693 418567 MainThread [INFO]  Completed executor task 15
2024-03-12 16:18:31.540 worker_log:704 418567 MainThread [INFO]  All processing finished for executor task 15
2024-03-12 16:18:33.390 worker_log:677 418567 MainThread [INFO]  Received executor task 24
2024-03-12 16:18:33.391 worker_log:693 418567 MainThread [INFO]  Completed executor task 24
2024-03-12 16:18:33.391 worker_log:704 418567 MainThread [INFO]  All processing finished for executor task 24
2024-03-12 16:18:35.242 worker_log:677 418567 MainThread [INFO]  Received executor task 33
2024-03-12 16:18:35.242 worker_log:693 418567 MainThread [INFO]  Completed executor task 33
2024-03-12 16:18:35.243 worker_log:704 418567 MainThread [INFO]  All processing finished for executor task 33
2024-03-12 16:18:37.093 worker_log:677 418567 MainThread [INFO]  Received executor task 42
2024-03-12 16:18:37.093 worker_log:693 418567 MainThread [INFO]  Completed executor task 42
2024-03-12 16:18:37.094 worker_log:704 418567 MainThread [INFO]  All processing finished for executor task 42
2024-03-12 16:18:49.247 worker_log:677 418567 MainThread [INFO]  Received executor task 99
2024-03-12 16:18:49.258 worker_log:693 418567 MainThread [INFO]  Completed executor task 99
2024-03-12 16:18:49.259 worker_log:704 418567 MainThread [INFO]  All processing finished for executor task 99
2024-03-12 16:18:53.558 worker_log:677 418567 MainThread [INFO]  Received executor task 114
2024-03-12 16:18:53.659 worker_log:693 418567 MainThread [INFO]  Completed executor task 114
2024-03-12 16:18:53.660 worker_log:704 418567 MainThread [INFO]  All processing finished for executor task 114
2024-03-12 16:19:03.960 worker_log:677 418567 MainThread [INFO]  Received executor task 148
2024-03-12 16:19:04.061 worker_log:693 418567 MainThread [INFO]  Completed executor task 148
2024-03-12 16:19:04.061 worker_log:704 418567 MainThread [INFO]  All processing finished for executor task 148
2024-03-12 16:19:11.218 worker_log:677 418567 MainThread [INFO]  Received executor task 157
2024-03-12 16:19:12.220 worker_log:693 418567 MainThread [INFO]  Completed executor task 157
2024-03-12 16:19:12.220 worker_log:704 418567 MainThread [INFO]  All processing finished for executor task 157
2024-03-12 16:19:35.260 worker_log:677 418567 MainThread [INFO]  Received executor task 177
2024-03-12 16:19:36.261 worker_log:693 418567 MainThread [INFO]  Completed executor task 177
2024-03-12 16:19:36.262 worker_log:704 418567 MainThread [INFO]  All processing finished for executor task 177
