2024-03-12 16:18:27.642 worker_log:592 418560 MainThread [INFO]  Worker 6 started
2024-03-12 16:18:27.642 worker_log:594 418560 MainThread [DEBUG]  Debug logging enabled
2024-03-12 16:18:29.057 worker_log:677 418560 MainThread [INFO]  Received executor task 3
2024-03-12 16:18:29.058 worker_log:693 418560 MainThread [INFO]  Completed executor task 3
2024-03-12 16:18:29.059 worker_log:704 418560 MainThread [INFO]  All processing finished for executor task 3
2024-03-12 16:18:30.507 worker_log:677 418560 MainThread [INFO]  Received executor task 10
2024-03-12 16:18:30.508 worker_log:693 418560 MainThread [INFO]  Completed executor task 10
2024-03-12 16:18:30.508 worker_log:704 418560 MainThread [INFO]  All processing finished for executor task 10
2024-03-12 16:18:32.366 worker_log:677 418560 MainThread [INFO]  Received executor task 19
2024-03-12 16:18:32.367 worker_log:693 418560 MainThread [INFO]  Completed executor task 19
2024-03-12 16:18:32.367 worker_log:704 418560 MainThread [INFO]  All processing finished for executor task 19
2024-03-12 16:18:34.422 worker_log:677 418560 MainThread [INFO]  Received executor task 29
2024-03-12 16:18:34.423 worker_log:693 418560 MainThread [INFO]  Completed executor task 29
2024-03-12 16:18:34.423 worker_log:704 418560 MainThread [INFO]  All processing finished for executor task 29
2024-03-12 16:18:36.479 worker_log:677 418560 MainThread [INFO]  Received executor task 39
2024-03-12 16:18:36.479 worker_log:693 418560 MainThread [INFO]  Completed executor task 39
2024-03-12 16:18:36.480 worker_log:704 418560 MainThread [INFO]  All processing finished for executor task 39
2024-03-12 16:18:38.535 worker_log:677 418560 MainThread [INFO]  Received executor task 49
2024-03-12 16:18:38.536 worker_log:693 418560 MainThread [INFO]  Completed executor task 49
2024-03-12 16:18:38.536 worker_log:704 418560 MainThread [INFO]  All processing finished for executor task 49
2024-03-12 16:18:40.665 worker_log:677 418560 MainThread [INFO]  Received executor task 59
2024-03-12 16:18:40.676 worker_log:693 418560 MainThread [INFO]  Completed executor task 59
2024-03-12 16:18:40.677 worker_log:704 418560 MainThread [INFO]  All processing finished for executor task 59
2024-03-12 16:18:42.812 worker_log:677 418560 MainThread [INFO]  Received executor task 69
2024-03-12 16:18:42.822 worker_log:693 418560 MainThread [INFO]  Completed executor task 69
2024-03-12 16:18:42.823 worker_log:704 418560 MainThread [INFO]  All processing finished for executor task 69
2024-03-12 16:18:44.961 worker_log:677 418560 MainThread [INFO]  Received executor task 79
2024-03-12 16:18:44.971 worker_log:693 418560 MainThread [INFO]  Completed executor task 79
2024-03-12 16:18:44.972 worker_log:704 418560 MainThread [INFO]  All processing finished for executor task 79
2024-03-12 16:18:47.104 worker_log:677 418560 MainThread [INFO]  Received executor task 89
2024-03-12 16:18:47.114 worker_log:693 418560 MainThread [INFO]  Completed executor task 89
2024-03-12 16:18:47.115 worker_log:704 418560 MainThread [INFO]  All processing finished for executor task 89
2024-03-12 16:18:51.415 worker_log:677 418560 MainThread [INFO]  Received executor task 107
2024-03-12 16:18:51.516 worker_log:693 418560 MainThread [INFO]  Completed executor task 107
2024-03-12 16:18:51.516 worker_log:704 418560 MainThread [INFO]  All processing finished for executor task 107
2024-03-12 16:18:55.699 worker_log:677 418560 MainThread [INFO]  Received executor task 121
2024-03-12 16:18:55.800 worker_log:693 418560 MainThread [INFO]  Completed executor task 121
2024-03-12 16:18:55.800 worker_log:704 418560 MainThread [INFO]  All processing finished for executor task 121
