2024-03-12 16:18:27.635 worker_log:592 418564 MainThread [INFO]  Worker 10 started
2024-03-12 16:18:27.635 worker_log:594 418564 MainThread [DEBUG]  Debug logging enabled
2024-03-12 16:18:27.636 worker_log:677 418564 MainThread [INFO]  Received executor task 1
2024-03-12 16:18:28.638 worker_log:693 418564 MainThread [INFO]  Completed executor task 1
2024-03-12 16:18:28.639 worker_log:704 418564 MainThread [INFO]  All processing finished for executor task 1
2024-03-12 16:18:30.095 worker_log:677 418564 MainThread [INFO]  Received executor task 8
2024-03-12 16:18:30.096 worker_log:693 418564 MainThread [INFO]  Completed executor task 8
2024-03-12 16:18:30.097 worker_log:704 418564 MainThread [INFO]  All processing finished for executor task 8
2024-03-12 16:18:32.161 worker_log:677 418564 MainThread [INFO]  Received executor task 18
2024-03-12 16:18:32.161 worker_log:693 418564 MainThread [INFO]  Completed executor task 18
2024-03-12 16:18:32.162 worker_log:704 418564 MainThread [INFO]  All processing finished for executor task 18
2024-03-12 16:18:34.217 worker_log:677 418564 MainThread [INFO]  Received executor task 28
2024-03-12 16:18:34.217 worker_log:693 418564 MainThread [INFO]  Completed executor task 28
2024-03-12 16:18:34.218 worker_log:704 418564 MainThread [INFO]  All processing finished for executor task 28
2024-03-12 16:18:36.273 worker_log:677 418564 MainThread [INFO]  Received executor task 38
2024-03-12 16:18:36.274 worker_log:693 418564 MainThread [INFO]  Completed executor task 38
2024-03-12 16:18:36.274 worker_log:704 418564 MainThread [INFO]  All processing finished for executor task 38
2024-03-12 16:18:38.330 worker_log:677 418564 MainThread [INFO]  Received executor task 48
2024-03-12 16:18:38.331 worker_log:693 418564 MainThread [INFO]  Completed executor task 48
2024-03-12 16:18:38.331 worker_log:704 418564 MainThread [INFO]  All processing finished for executor task 48
2024-03-12 16:18:44.528 worker_log:677 418564 MainThread [INFO]  Received executor task 77
2024-03-12 16:18:44.539 worker_log:693 418564 MainThread [INFO]  Completed executor task 77
2024-03-12 16:18:44.539 worker_log:704 418564 MainThread [INFO]  All processing finished for executor task 77
2024-03-12 16:18:46.672 worker_log:677 418564 MainThread [INFO]  Received executor task 87
2024-03-12 16:18:46.683 worker_log:693 418564 MainThread [INFO]  Completed executor task 87
2024-03-12 16:18:46.683 worker_log:704 418564 MainThread [INFO]  All processing finished for executor task 87
2024-03-12 16:18:52.946 worker_log:677 418564 MainThread [INFO]  Received executor task 112
2024-03-12 16:18:53.047 worker_log:693 418564 MainThread [INFO]  Completed executor task 112
2024-03-12 16:18:53.047 worker_log:704 418564 MainThread [INFO]  All processing finished for executor task 112
2024-03-12 16:18:57.230 worker_log:677 418564 MainThread [INFO]  Received executor task 126
2024-03-12 16:18:57.330 worker_log:693 418564 MainThread [INFO]  Completed executor task 126
2024-03-12 16:18:57.331 worker_log:704 418564 MainThread [INFO]  All processing finished for executor task 126
2024-03-12 16:19:01.513 worker_log:677 418564 MainThread [INFO]  Received executor task 140
2024-03-12 16:19:01.614 worker_log:693 418564 MainThread [INFO]  Completed executor task 140
2024-03-12 16:19:01.614 worker_log:704 418564 MainThread [INFO]  All processing finished for executor task 140
2024-03-12 16:19:08.804 worker_log:677 418564 MainThread [INFO]  Received executor task 155
2024-03-12 16:19:09.806 worker_log:693 418564 MainThread [INFO]  Completed executor task 155
2024-03-12 16:19:09.806 worker_log:704 418564 MainThread [INFO]  All processing finished for executor task 155
