2024-03-12 16:18:27.692 worker_log:592 418573 MainThread [INFO]  Worker 19 started
2024-03-12 16:18:27.692 worker_log:594 418573 MainThread [DEBUG]  Debug logging enabled
2024-03-12 16:18:43.879 worker_log:677 418573 MainThread [INFO]  Received executor task 74
2024-03-12 16:18:43.890 worker_log:693 418573 MainThread [INFO]  Completed executor task 74
2024-03-12 16:18:43.891 worker_log:704 418573 MainThread [INFO]  All processing finished for executor task 74
2024-03-12 16:18:50.190 worker_log:677 418573 MainThread [INFO]  Received executor task 103
2024-03-12 16:18:50.292 worker_log:693 418573 MainThread [INFO]  Completed executor task 103
2024-03-12 16:18:50.292 worker_log:704 418573 MainThread [INFO]  All processing finished for executor task 103
2024-03-12 16:19:02.432 worker_log:677 418573 MainThread [INFO]  Received executor task 143
2024-03-12 16:19:02.532 worker_log:693 418573 MainThread [INFO]  Completed executor task 143
2024-03-12 16:19:02.533 worker_log:704 418573 MainThread [INFO]  All processing finished for executor task 143
2024-03-12 16:19:07.597 worker_log:677 418573 MainThread [INFO]  Received executor task 154
2024-03-12 16:19:08.599 worker_log:693 418573 MainThread [INFO]  Completed executor task 154
2024-03-12 16:19:08.600 worker_log:704 418573 MainThread [INFO]  All processing finished for executor task 154
2024-03-12 16:19:13.633 worker_log:677 418573 MainThread [INFO]  Received executor task 159
2024-03-12 16:19:14.634 worker_log:693 418573 MainThread [INFO]  Completed executor task 159
2024-03-12 16:19:14.635 worker_log:704 418573 MainThread [INFO]  All processing finished for executor task 159
2024-03-12 16:19:19.667 worker_log:677 418573 MainThread [INFO]  Received executor task 164
2024-03-12 16:19:20.669 worker_log:693 418573 MainThread [INFO]  Completed executor task 164
2024-03-12 16:19:20.669 worker_log:704 418573 MainThread [INFO]  All processing finished for executor task 164
2024-03-12 16:19:25.702 worker_log:677 418573 MainThread [INFO]  Received executor task 169
2024-03-12 16:19:26.704 worker_log:693 418573 MainThread [INFO]  Completed executor task 169
2024-03-12 16:19:26.704 worker_log:704 418573 MainThread [INFO]  All processing finished for executor task 169
