2024-03-12 16:18:27.654 worker_log:592 418555 MainThread [INFO]  Worker 1 started
2024-03-12 16:18:27.655 worker_log:594 418555 MainThread [DEBUG]  Debug logging enabled
2024-03-12 16:18:29.680 worker_log:677 418555 MainThread [INFO]  Received executor task 6
2024-03-12 16:18:29.681 worker_log:693 418555 MainThread [INFO]  Completed executor task 6
2024-03-12 16:18:29.682 worker_log:704 418555 MainThread [INFO]  All processing finished for executor task 6
2024-03-12 16:18:43.661 worker_log:677 418555 MainThread [INFO]  Received executor task 73
2024-03-12 16:18:43.672 worker_log:693 418555 MainThread [INFO]  Completed executor task 73
2024-03-12 16:18:43.673 worker_log:704 418555 MainThread [INFO]  All processing finished for executor task 73
2024-03-12 16:18:45.810 worker_log:677 418555 MainThread [INFO]  Received executor task 83
2024-03-12 16:18:45.820 worker_log:693 418555 MainThread [INFO]  Completed executor task 83
2024-03-12 16:18:45.821 worker_log:704 418555 MainThread [INFO]  All processing finished for executor task 83
2024-03-12 16:19:02.125 worker_log:677 418555 MainThread [INFO]  Received executor task 142
2024-03-12 16:19:02.227 worker_log:693 418555 MainThread [INFO]  Completed executor task 142
2024-03-12 16:19:02.227 worker_log:704 418555 MainThread [INFO]  All processing finished for executor task 142
2024-03-12 16:19:53.164 worker_log:677 418555 MainThread [INFO]  Received executor task 192
2024-03-12 16:19:54.167 worker_log:693 418555 MainThread [INFO]  Completed executor task 192
2024-03-12 16:19:54.167 worker_log:704 418555 MainThread [INFO]  All processing finished for executor task 192
2024-03-12 16:19:59.201 worker_log:677 418555 MainThread [INFO]  Received executor task 197
2024-03-12 16:20:00.203 worker_log:693 418555 MainThread [INFO]  Completed executor task 197
2024-03-12 16:20:00.203 worker_log:704 418555 MainThread [INFO]  All processing finished for executor task 197
