2024-03-12 16:18:27.663 worker_log:592 418570 MainThread [INFO]  Worker 16 started
2024-03-12 16:18:27.663 worker_log:594 418570 MainThread [DEBUG]  Debug logging enabled
2024-03-12 16:18:31.331 worker_log:677 418570 MainThread [INFO]  Received executor task 14
2024-03-12 16:18:31.332 worker_log:693 418570 MainThread [INFO]  Completed executor task 14
2024-03-12 16:18:31.333 worker_log:704 418570 MainThread [INFO]  All processing finished for executor task 14
2024-03-12 16:18:33.185 worker_log:677 418570 MainThread [INFO]  Received executor task 23
2024-03-12 16:18:33.185 worker_log:693 418570 MainThread [INFO]  Completed executor task 23
2024-03-12 16:18:33.186 worker_log:704 418570 MainThread [INFO]  All processing finished for executor task 23
2024-03-12 16:18:35.037 worker_log:677 418570 MainThread [INFO]  Received executor task 32
2024-03-12 16:18:35.037 worker_log:693 418570 MainThread [INFO]  Completed executor task 32
2024-03-12 16:18:35.038 worker_log:704 418570 MainThread [INFO]  All processing finished for executor task 32
2024-03-12 16:18:36.890 worker_log:677 418570 MainThread [INFO]  Received executor task 41
2024-03-12 16:18:36.890 worker_log:693 418570 MainThread [INFO]  Completed executor task 41
2024-03-12 16:18:36.891 worker_log:704 418570 MainThread [INFO]  All processing finished for executor task 41
2024-03-12 16:18:38.946 worker_log:677 418570 MainThread [INFO]  Received executor task 51
2024-03-12 16:18:38.947 worker_log:693 418570 MainThread [INFO]  Completed executor task 51
2024-03-12 16:18:38.947 worker_log:704 418570 MainThread [INFO]  All processing finished for executor task 51
2024-03-12 16:18:41.097 worker_log:677 418570 MainThread [INFO]  Received executor task 61
2024-03-12 16:18:41.108 worker_log:693 418570 MainThread [INFO]  Completed executor task 61
2024-03-12 16:18:41.109 worker_log:704 418570 MainThread [INFO]  All processing finished for executor task 61
2024-03-12 16:18:43.243 worker_log:677 418570 MainThread [INFO]  Received executor task 71
2024-03-12 16:18:43.253 worker_log:693 418570 MainThread [INFO]  Completed executor task 71
2024-03-12 16:18:43.254 worker_log:704 418570 MainThread [INFO]  All processing finished for executor task 71
2024-03-12 16:18:45.392 worker_log:677 418570 MainThread [INFO]  Received executor task 81
2024-03-12 16:18:45.402 worker_log:693 418570 MainThread [INFO]  Completed executor task 81
2024-03-12 16:18:45.403 worker_log:704 418570 MainThread [INFO]  All processing finished for executor task 81
2024-03-12 16:18:47.534 worker_log:677 418570 MainThread [INFO]  Received executor task 91
2024-03-12 16:18:47.545 worker_log:693 418570 MainThread [INFO]  Completed executor task 91
2024-03-12 16:18:47.546 worker_log:704 418570 MainThread [INFO]  All processing finished for executor task 91
2024-03-12 16:18:57.841 worker_log:677 418570 MainThread [INFO]  Received executor task 128
2024-03-12 16:18:57.943 worker_log:693 418570 MainThread [INFO]  Completed executor task 128
2024-03-12 16:18:57.943 worker_log:704 418570 MainThread [INFO]  All processing finished for executor task 128
