2024-03-12 16:18:27.667 worker_log:592 418556 MainThread [INFO]  Worker 2 started
2024-03-12 16:18:27.668 worker_log:594 418556 MainThread [DEBUG]  Debug logging enabled
2024-03-12 16:18:35.654 worker_log:677 418556 MainThread [INFO]  Received executor task 35
2024-03-12 16:18:35.655 worker_log:693 418556 MainThread [INFO]  Completed executor task 35
2024-03-12 16:18:35.656 worker_log:704 418556 MainThread [INFO]  All processing finished for executor task 35
2024-03-12 16:18:37.504 worker_log:677 418556 MainThread [INFO]  Received executor task 44
2024-03-12 16:18:37.504 worker_log:693 418556 MainThread [INFO]  Completed executor task 44
2024-03-12 16:18:37.505 worker_log:704 418556 MainThread [INFO]  All processing finished for executor task 44
2024-03-12 16:18:39.365 worker_log:677 418556 MainThread [INFO]  Received executor task 53
2024-03-12 16:18:39.376 worker_log:693 418556 MainThread [INFO]  Completed executor task 53
2024-03-12 16:18:39.376 worker_log:704 418556 MainThread [INFO]  All processing finished for executor task 53
2024-03-12 16:18:43.446 worker_log:677 418556 MainThread [INFO]  Received executor task 72
2024-03-12 16:18:43.456 worker_log:693 418556 MainThread [INFO]  Completed executor task 72
2024-03-12 16:18:43.457 worker_log:704 418556 MainThread [INFO]  All processing finished for executor task 72
2024-03-12 16:18:45.595 worker_log:677 418556 MainThread [INFO]  Received executor task 82
2024-03-12 16:18:45.605 worker_log:693 418556 MainThread [INFO]  Completed executor task 82
2024-03-12 16:18:45.606 worker_log:704 418556 MainThread [INFO]  All processing finished for executor task 82
2024-03-12 16:18:47.737 worker_log:677 418556 MainThread [INFO]  Received executor task 92
2024-03-12 16:18:47.748 worker_log:693 418556 MainThread [INFO]  Completed executor task 92
2024-03-12 16:18:47.748 worker_log:704 418556 MainThread [INFO]  All processing finished for executor task 92
2024-03-12 16:18:52.027 worker_log:677 418556 MainThread [INFO]  Received executor task 109
2024-03-12 16:18:52.128 worker_log:693 418556 MainThread [INFO]  Completed executor task 109
2024-03-12 16:18:52.128 worker_log:704 418556 MainThread [INFO]  All processing finished for executor task 109
2024-03-12 16:18:56.313 worker_log:677 418556 MainThread [INFO]  Received executor task 123
2024-03-12 16:18:56.413 worker_log:693 418556 MainThread [INFO]  Completed executor task 123
2024-03-12 16:18:56.414 worker_log:704 418556 MainThread [INFO]  All processing finished for executor task 123
2024-03-12 16:19:00.596 worker_log:677 418556 MainThread [INFO]  Received executor task 137
2024-03-12 16:19:00.697 worker_log:693 418556 MainThread [INFO]  Completed executor task 137
2024-03-12 16:19:00.698 worker_log:704 418556 MainThread [INFO]  All processing finished for executor task 137
