2024-03-12 16:18:27.671 worker_log:592 418568 MainThread [INFO]  Worker 14 started
2024-03-12 16:18:27.671 worker_log:594 418568 MainThread [DEBUG]  Debug logging enabled
2024-03-12 16:18:39.582 worker_log:677 418568 MainThread [INFO]  Received executor task 54
2024-03-12 16:18:39.594 worker_log:693 418568 MainThread [INFO]  Completed executor task 54
2024-03-12 16:18:39.595 worker_log:704 418568 MainThread [INFO]  All processing finished for executor task 54
2024-03-12 16:18:41.515 worker_log:677 418568 MainThread [INFO]  Received executor task 63
2024-03-12 16:18:41.526 worker_log:693 418568 MainThread [INFO]  Completed executor task 63
2024-03-12 16:18:41.526 worker_log:704 418568 MainThread [INFO]  All processing finished for executor task 63
2024-03-12 16:18:49.679 worker_log:677 418568 MainThread [INFO]  Received executor task 101
2024-03-12 16:18:49.690 worker_log:693 418568 MainThread [INFO]  Completed executor task 101
2024-03-12 16:18:49.690 worker_log:704 418568 MainThread [INFO]  All processing finished for executor task 101
2024-03-12 16:18:53.864 worker_log:677 418568 MainThread [INFO]  Received executor task 115
2024-03-12 16:18:53.965 worker_log:693 418568 MainThread [INFO]  Completed executor task 115
2024-03-12 16:18:53.966 worker_log:704 418568 MainThread [INFO]  All processing finished for executor task 115
2024-03-12 16:18:58.147 worker_log:677 418568 MainThread [INFO]  Received executor task 129
2024-03-12 16:18:58.248 worker_log:693 418568 MainThread [INFO]  Completed executor task 129
2024-03-12 16:18:58.249 worker_log:704 418568 MainThread [INFO]  All processing finished for executor task 129
2024-03-12 16:19:00.290 worker_log:677 418568 MainThread [INFO]  Received executor task 136
2024-03-12 16:19:00.391 worker_log:693 418568 MainThread [INFO]  Completed executor task 136
2024-03-12 16:19:00.392 worker_log:704 418568 MainThread [INFO]  All processing finished for executor task 136
2024-03-12 16:19:04.571 worker_log:677 418568 MainThread [INFO]  Received executor task 150
2024-03-12 16:19:04.672 worker_log:693 418568 MainThread [INFO]  Completed executor task 150
2024-03-12 16:19:04.673 worker_log:704 418568 MainThread [INFO]  All processing finished for executor task 150
2024-03-12 16:19:31.637 worker_log:677 418568 MainThread [INFO]  Received executor task 174
2024-03-12 16:19:32.639 worker_log:693 418568 MainThread [INFO]  Completed executor task 174
2024-03-12 16:19:32.640 worker_log:704 418568 MainThread [INFO]  All processing finished for executor task 174
2024-03-12 16:19:37.673 worker_log:677 418568 MainThread [INFO]  Received executor task 179
2024-03-12 16:19:38.675 worker_log:693 418568 MainThread [INFO]  Completed executor task 179
2024-03-12 16:19:38.675 worker_log:704 418568 MainThread [INFO]  All processing finished for executor task 179
2024-03-12 16:19:43.608 worker_log:677 418568 MainThread [INFO]  Received executor task 184
2024-03-12 16:19:44.609 worker_log:693 418568 MainThread [INFO]  Completed executor task 184
2024-03-12 16:19:44.610 worker_log:704 418568 MainThread [INFO]  All processing finished for executor task 184
2024-03-12 16:19:49.643 worker_log:677 418568 MainThread [INFO]  Received executor task 189
2024-03-12 16:19:50.645 worker_log:693 418568 MainThread [INFO]  Completed executor task 189
2024-03-12 16:19:50.645 worker_log:704 418568 MainThread [INFO]  All processing finished for executor task 189
