2024-03-12 16:18:27.709 worker_log:592 418601 MainThread [INFO]  Worker 47 started
2024-03-12 16:18:27.710 worker_log:594 418601 MainThread [DEBUG]  Debug logging enabled
2024-03-12 16:18:37.918 worker_log:677 418601 MainThread [INFO]  Received executor task 46
2024-03-12 16:18:37.919 worker_log:693 418601 MainThread [INFO]  Completed executor task 46
2024-03-12 16:18:37.920 worker_log:704 418601 MainThread [INFO]  All processing finished for executor task 46
2024-03-12 16:18:44.095 worker_log:677 418601 MainThread [INFO]  Received executor task 75
2024-03-12 16:18:44.107 worker_log:693 418601 MainThread [INFO]  Completed executor task 75
2024-03-12 16:18:44.107 worker_log:704 418601 MainThread [INFO]  All processing finished for executor task 75
2024-03-12 16:18:46.241 worker_log:677 418601 MainThread [INFO]  Received executor task 85
2024-03-12 16:18:46.252 worker_log:693 418601 MainThread [INFO]  Completed executor task 85
2024-03-12 16:18:46.252 worker_log:704 418601 MainThread [INFO]  All processing finished for executor task 85
2024-03-12 16:18:50.496 worker_log:677 418601 MainThread [INFO]  Received executor task 104
2024-03-12 16:18:50.598 worker_log:693 418601 MainThread [INFO]  Completed executor task 104
2024-03-12 16:18:50.598 worker_log:704 418601 MainThread [INFO]  All processing finished for executor task 104
2024-03-12 16:18:54.782 worker_log:677 418601 MainThread [INFO]  Received executor task 118
2024-03-12 16:18:54.883 worker_log:693 418601 MainThread [INFO]  Completed executor task 118
2024-03-12 16:18:54.883 worker_log:704 418601 MainThread [INFO]  All processing finished for executor task 118
2024-03-12 16:18:59.065 worker_log:677 418601 MainThread [INFO]  Received executor task 132
2024-03-12 16:18:59.166 worker_log:693 418601 MainThread [INFO]  Completed executor task 132
2024-03-12 16:18:59.166 worker_log:704 418601 MainThread [INFO]  All processing finished for executor task 132
2024-03-12 16:19:03.349 worker_log:677 418601 MainThread [INFO]  Received executor task 146
2024-03-12 16:19:03.450 worker_log:693 418601 MainThread [INFO]  Completed executor task 146
2024-03-12 16:19:03.450 worker_log:704 418601 MainThread [INFO]  All processing finished for executor task 146
2024-03-12 16:19:24.495 worker_log:677 418601 MainThread [INFO]  Received executor task 168
2024-03-12 16:19:25.497 worker_log:693 418601 MainThread [INFO]  Completed executor task 168
2024-03-12 16:19:25.497 worker_log:704 418601 MainThread [INFO]  All processing finished for executor task 168
