2024-03-12 16:21:49.673 worker_log:592 420114 MainThread [INFO]  Worker 31 started
2024-03-12 16:21:49.673 worker_log:594 420114 MainThread [DEBUG]  Debug logging enabled
2024-03-12 16:21:55.884 worker_log:677 420114 MainThread [INFO]  Received executor task 27
2024-03-12 16:21:55.888 worker_log:693 420114 MainThread [INFO]  Completed executor task 27
2024-03-12 16:21:55.889 worker_log:704 420114 MainThread [INFO]  All processing finished for executor task 27
2024-03-12 16:22:04.085 worker_log:677 420114 MainThread [INFO]  Received executor task 66
2024-03-12 16:22:04.098 worker_log:693 420114 MainThread [INFO]  Completed executor task 66
2024-03-12 16:22:04.099 worker_log:704 420114 MainThread [INFO]  All processing finished for executor task 66
2024-03-12 16:22:06.250 worker_log:677 420114 MainThread [INFO]  Received executor task 76
2024-03-12 16:22:06.263 worker_log:693 420114 MainThread [INFO]  Completed executor task 76
2024-03-12 16:22:06.263 worker_log:704 420114 MainThread [INFO]  All processing finished for executor task 76
2024-03-12 16:22:12.483 worker_log:677 420114 MainThread [INFO]  Received executor task 104
2024-03-12 16:22:12.586 worker_log:693 420114 MainThread [INFO]  Completed executor task 104
2024-03-12 16:22:12.586 worker_log:704 420114 MainThread [INFO]  All processing finished for executor task 104
2024-03-12 16:22:16.798 worker_log:677 420114 MainThread [INFO]  Received executor task 118
2024-03-12 16:22:16.900 worker_log:693 420114 MainThread [INFO]  Completed executor task 118
2024-03-12 16:22:16.900 worker_log:704 420114 MainThread [INFO]  All processing finished for executor task 118
2024-03-12 16:22:25.104 worker_log:677 420114 MainThread [INFO]  Received executor task 145
2024-03-12 16:22:25.206 worker_log:693 420114 MainThread [INFO]  Completed executor task 145
2024-03-12 16:22:25.207 worker_log:704 420114 MainThread [INFO]  All processing finished for executor task 145
2024-03-12 16:22:48.404 worker_log:677 420114 MainThread [INFO]  Received executor task 170
2024-03-12 16:22:49.408 worker_log:693 420114 MainThread [INFO]  Completed executor task 170
2024-03-12 16:22:49.409 worker_log:704 420114 MainThread [INFO]  All processing finished for executor task 170
2024-03-12 16:23:02.404 worker_log:677 420114 MainThread [INFO]  Received executor task 182
2024-03-12 16:23:03.408 worker_log:693 420114 MainThread [INFO]  Completed executor task 182
2024-03-12 16:23:03.408 worker_log:704 420114 MainThread [INFO]  All processing finished for executor task 182
2024-03-12 16:23:16.505 worker_log:677 420114 MainThread [INFO]  Received executor task 194
2024-03-12 16:23:17.509 worker_log:693 420114 MainThread [INFO]  Completed executor task 194
2024-03-12 16:23:17.509 worker_log:704 420114 MainThread [INFO]  All processing finished for executor task 194
