2024-03-12 16:21:49.507 worker_log:592 420084 MainThread [INFO]  Worker 1 started
2024-03-12 16:21:49.507 worker_log:594 420084 MainThread [DEBUG]  Debug logging enabled
2024-03-12 16:21:55.674 worker_log:677 420084 MainThread [INFO]  Received executor task 26
2024-03-12 16:21:55.678 worker_log:693 420084 MainThread [INFO]  Completed executor task 26
2024-03-12 16:21:55.679 worker_log:704 420084 MainThread [INFO]  All processing finished for executor task 26
2024-03-12 16:22:11.866 worker_log:677 420084 MainThread [INFO]  Received executor task 102
2024-03-12 16:22:11.970 worker_log:693 420084 MainThread [INFO]  Completed executor task 102
2024-03-12 16:22:11.970 worker_log:704 420084 MainThread [INFO]  All processing finished for executor task 102
2024-03-12 16:22:20.186 worker_log:677 420084 MainThread [INFO]  Received executor task 129
2024-03-12 16:22:20.288 worker_log:693 420084 MainThread [INFO]  Completed executor task 129
2024-03-12 16:22:20.288 worker_log:704 420084 MainThread [INFO]  All processing finished for executor task 129
2024-03-12 16:22:24.491 worker_log:677 420084 MainThread [INFO]  Received executor task 143
2024-03-12 16:22:24.592 worker_log:693 420084 MainThread [INFO]  Completed executor task 143
2024-03-12 16:22:24.593 worker_log:704 420084 MainThread [INFO]  All processing finished for executor task 143
2024-03-12 16:22:29.672 worker_log:677 420084 MainThread [INFO]  Received executor task 154
2024-03-12 16:22:30.675 worker_log:693 420084 MainThread [INFO]  Completed executor task 154
2024-03-12 16:22:30.676 worker_log:704 420084 MainThread [INFO]  All processing finished for executor task 154
2024-03-12 16:22:37.828 worker_log:677 420084 MainThread [INFO]  Received executor task 161
2024-03-12 16:22:38.831 worker_log:693 420084 MainThread [INFO]  Completed executor task 161
2024-03-12 16:22:38.832 worker_log:704 420084 MainThread [INFO]  All processing finished for executor task 161
2024-03-12 16:22:52.031 worker_log:677 420084 MainThread [INFO]  Received executor task 173
2024-03-12 16:22:53.034 worker_log:693 420084 MainThread [INFO]  Completed executor task 173
2024-03-12 16:22:53.034 worker_log:704 420084 MainThread [INFO]  All processing finished for executor task 173
2024-03-12 16:23:00.088 worker_log:677 420084 MainThread [INFO]  Received executor task 180
2024-03-12 16:23:01.092 worker_log:693 420084 MainThread [INFO]  Completed executor task 180
2024-03-12 16:23:01.092 worker_log:704 420084 MainThread [INFO]  All processing finished for executor task 180
2024-03-12 16:23:08.245 worker_log:677 420084 MainThread [INFO]  Received executor task 187
2024-03-12 16:23:09.249 worker_log:693 420084 MainThread [INFO]  Completed executor task 187
2024-03-12 16:23:09.249 worker_log:704 420084 MainThread [INFO]  All processing finished for executor task 187
2024-03-12 16:23:22.345 worker_log:677 420084 MainThread [INFO]  Received executor task 199
2024-03-12 16:23:23.349 worker_log:693 420084 MainThread [INFO]  Completed executor task 199
2024-03-12 16:23:23.349 worker_log:704 420084 MainThread [INFO]  All processing finished for executor task 199
