2024-03-12 16:21:49.480 worker_log:592 420087 MainThread [INFO]  Worker 4 started
2024-03-12 16:21:49.480 worker_log:594 420087 MainThread [DEBUG]  Debug logging enabled
2024-03-12 16:21:51.312 worker_log:677 420087 MainThread [INFO]  Received executor task 5
2024-03-12 16:21:51.315 worker_log:693 420087 MainThread [INFO]  Completed executor task 5
2024-03-12 16:21:51.316 worker_log:704 420087 MainThread [INFO]  All processing finished for executor task 5
2024-03-12 16:21:52.974 worker_log:677 420087 MainThread [INFO]  Received executor task 13
2024-03-12 16:21:52.975 worker_log:693 420087 MainThread [INFO]  Completed executor task 13
2024-03-12 16:21:52.976 worker_log:704 420087 MainThread [INFO]  All processing finished for executor task 13
2024-03-12 16:21:54.844 worker_log:677 420087 MainThread [INFO]  Received executor task 22
2024-03-12 16:21:54.846 worker_log:693 420087 MainThread [INFO]  Completed executor task 22
2024-03-12 16:21:54.846 worker_log:704 420087 MainThread [INFO]  All processing finished for executor task 22
2024-03-12 16:21:56.714 worker_log:677 420087 MainThread [INFO]  Received executor task 31
2024-03-12 16:21:56.716 worker_log:693 420087 MainThread [INFO]  Completed executor task 31
2024-03-12 16:21:56.716 worker_log:704 420087 MainThread [INFO]  All processing finished for executor task 31
2024-03-12 16:22:02.793 worker_log:677 420087 MainThread [INFO]  Received executor task 60
2024-03-12 16:22:02.806 worker_log:693 420087 MainThread [INFO]  Completed executor task 60
2024-03-12 16:22:02.807 worker_log:704 420087 MainThread [INFO]  All processing finished for executor task 60
2024-03-12 16:22:04.738 worker_log:677 420087 MainThread [INFO]  Received executor task 69
2024-03-12 16:22:04.751 worker_log:693 420087 MainThread [INFO]  Completed executor task 69
2024-03-12 16:22:04.751 worker_log:704 420087 MainThread [INFO]  All processing finished for executor task 69
2024-03-12 16:22:06.902 worker_log:677 420087 MainThread [INFO]  Received executor task 79
2024-03-12 16:22:06.914 worker_log:693 420087 MainThread [INFO]  Completed executor task 79
2024-03-12 16:22:06.914 worker_log:704 420087 MainThread [INFO]  All processing finished for executor task 79
2024-03-12 16:22:17.104 worker_log:677 420087 MainThread [INFO]  Received executor task 119
2024-03-12 16:22:17.207 worker_log:693 420087 MainThread [INFO]  Completed executor task 119
2024-03-12 16:22:17.208 worker_log:704 420087 MainThread [INFO]  All processing finished for executor task 119
2024-03-12 16:22:21.416 worker_log:677 420087 MainThread [INFO]  Received executor task 133
2024-03-12 16:22:21.518 worker_log:693 420087 MainThread [INFO]  Completed executor task 133
2024-03-12 16:22:21.518 worker_log:704 420087 MainThread [INFO]  All processing finished for executor task 133
2024-03-12 16:22:25.719 worker_log:677 420087 MainThread [INFO]  Received executor task 147
2024-03-12 16:22:25.821 worker_log:693 420087 MainThread [INFO]  Completed executor task 147
2024-03-12 16:22:25.822 worker_log:704 420087 MainThread [INFO]  All processing finished for executor task 147
