2024-03-12 16:21:49.505 worker_log:592 420095 MainThread [INFO]  Worker 12 started
2024-03-12 16:21:49.505 worker_log:594 420095 MainThread [DEBUG]  Debug logging enabled
2024-03-12 16:21:55.465 worker_log:677 420095 MainThread [INFO]  Received executor task 25
2024-03-12 16:21:55.469 worker_log:693 420095 MainThread [INFO]  Completed executor task 25
2024-03-12 16:21:55.470 worker_log:704 420095 MainThread [INFO]  All processing finished for executor task 25
2024-03-12 16:21:57.331 worker_log:677 420095 MainThread [INFO]  Received executor task 34
2024-03-12 16:21:57.333 worker_log:693 420095 MainThread [INFO]  Completed executor task 34
2024-03-12 16:21:57.333 worker_log:704 420095 MainThread [INFO]  All processing finished for executor task 34
2024-03-12 16:21:59.195 worker_log:677 420095 MainThread [INFO]  Received executor task 43
2024-03-12 16:21:59.197 worker_log:693 420095 MainThread [INFO]  Completed executor task 43
2024-03-12 16:21:59.197 worker_log:704 420095 MainThread [INFO]  All processing finished for executor task 43
2024-03-12 16:22:01.050 worker_log:677 420095 MainThread [INFO]  Received executor task 52
2024-03-12 16:22:01.062 worker_log:693 420095 MainThread [INFO]  Completed executor task 52
2024-03-12 16:22:01.063 worker_log:704 420095 MainThread [INFO]  All processing finished for executor task 52
2024-03-12 16:22:03.010 worker_log:677 420095 MainThread [INFO]  Received executor task 61
2024-03-12 16:22:03.022 worker_log:693 420095 MainThread [INFO]  Completed executor task 61
2024-03-12 16:22:03.023 worker_log:704 420095 MainThread [INFO]  All processing finished for executor task 61
2024-03-12 16:22:05.174 worker_log:677 420095 MainThread [INFO]  Received executor task 71
2024-03-12 16:22:05.186 worker_log:693 420095 MainThread [INFO]  Completed executor task 71
2024-03-12 16:22:05.186 worker_log:704 420095 MainThread [INFO]  All processing finished for executor task 71
2024-03-12 16:22:09.284 worker_log:677 420095 MainThread [INFO]  Received executor task 90
2024-03-12 16:22:09.296 worker_log:693 420095 MainThread [INFO]  Completed executor task 90
2024-03-12 16:22:09.296 worker_log:704 420095 MainThread [INFO]  All processing finished for executor task 90
2024-03-12 16:22:11.230 worker_log:677 420095 MainThread [INFO]  Received executor task 99
2024-03-12 16:22:11.242 worker_log:693 420095 MainThread [INFO]  Completed executor task 99
2024-03-12 16:22:11.243 worker_log:704 420095 MainThread [INFO]  All processing finished for executor task 99
2024-03-12 16:22:13.407 worker_log:677 420095 MainThread [INFO]  Received executor task 107
2024-03-12 16:22:13.510 worker_log:693 420095 MainThread [INFO]  Completed executor task 107
2024-03-12 16:22:13.511 worker_log:704 420095 MainThread [INFO]  All processing finished for executor task 107
2024-03-12 16:22:17.719 worker_log:677 420095 MainThread [INFO]  Received executor task 121
2024-03-12 16:22:17.821 worker_log:693 420095 MainThread [INFO]  Completed executor task 121
2024-03-12 16:22:17.822 worker_log:704 420095 MainThread [INFO]  All processing finished for executor task 121
