2024-03-12 16:21:49.615 worker_log:592 420099 MainThread [INFO]  Worker 16 started
2024-03-12 16:21:49.615 worker_log:594 420099 MainThread [DEBUG]  Debug logging enabled
2024-03-12 16:21:59.814 worker_log:677 420099 MainThread [INFO]  Received executor task 46
2024-03-12 16:21:59.817 worker_log:693 420099 MainThread [INFO]  Completed executor task 46
2024-03-12 16:21:59.818 worker_log:704 420099 MainThread [INFO]  All processing finished for executor task 46
2024-03-12 16:22:06.033 worker_log:677 420099 MainThread [INFO]  Received executor task 75
2024-03-12 16:22:06.046 worker_log:693 420099 MainThread [INFO]  Completed executor task 75
2024-03-12 16:22:06.046 worker_log:704 420099 MainThread [INFO]  All processing finished for executor task 75
2024-03-12 16:22:22.337 worker_log:677 420099 MainThread [INFO]  Received executor task 136
2024-03-12 16:22:22.441 worker_log:693 420099 MainThread [INFO]  Completed executor task 136
2024-03-12 16:22:22.441 worker_log:704 420099 MainThread [INFO]  All processing finished for executor task 136
2024-03-12 16:22:26.641 worker_log:677 420099 MainThread [INFO]  Received executor task 150
2024-03-12 16:22:26.743 worker_log:693 420099 MainThread [INFO]  Completed executor task 150
2024-03-12 16:22:26.744 worker_log:704 420099 MainThread [INFO]  All processing finished for executor task 150
2024-03-12 16:22:43.771 worker_log:677 420099 MainThread [INFO]  Received executor task 166
2024-03-12 16:22:44.775 worker_log:693 420099 MainThread [INFO]  Completed executor task 166
2024-03-12 16:22:44.775 worker_log:704 420099 MainThread [INFO]  All processing finished for executor task 166
2024-03-12 16:22:57.772 worker_log:677 420099 MainThread [INFO]  Received executor task 178
2024-03-12 16:22:58.775 worker_log:693 420099 MainThread [INFO]  Completed executor task 178
2024-03-12 16:22:58.776 worker_log:704 420099 MainThread [INFO]  All processing finished for executor task 178
2024-03-12 16:23:05.930 worker_log:677 420099 MainThread [INFO]  Received executor task 185
2024-03-12 16:23:06.933 worker_log:693 420099 MainThread [INFO]  Completed executor task 185
2024-03-12 16:23:06.934 worker_log:704 420099 MainThread [INFO]  All processing finished for executor task 185
2024-03-12 16:23:20.030 worker_log:677 420099 MainThread [INFO]  Received executor task 197
2024-03-12 16:23:21.033 worker_log:693 420099 MainThread [INFO]  Completed executor task 197
2024-03-12 16:23:21.034 worker_log:704 420099 MainThread [INFO]  All processing finished for executor task 197
