2024-03-12 16:21:49.498 worker_log:592 420098 MainThread [INFO]  Worker 15 started
2024-03-12 16:21:49.498 worker_log:594 420098 MainThread [DEBUG]  Debug logging enabled
2024-03-12 16:21:53.391 worker_log:677 420098 MainThread [INFO]  Received executor task 15
2024-03-12 16:21:53.395 worker_log:693 420098 MainThread [INFO]  Completed executor task 15
2024-03-12 16:21:53.396 worker_log:704 420098 MainThread [INFO]  All processing finished for executor task 15
2024-03-12 16:21:55.257 worker_log:677 420098 MainThread [INFO]  Received executor task 24
2024-03-12 16:21:55.259 worker_log:693 420098 MainThread [INFO]  Completed executor task 24
2024-03-12 16:21:55.260 worker_log:704 420098 MainThread [INFO]  All processing finished for executor task 24
2024-03-12 16:21:57.124 worker_log:677 420098 MainThread [INFO]  Received executor task 33
2024-03-12 16:21:57.126 worker_log:693 420098 MainThread [INFO]  Completed executor task 33
2024-03-12 16:21:57.126 worker_log:704 420098 MainThread [INFO]  All processing finished for executor task 33
2024-03-12 16:21:58.988 worker_log:677 420098 MainThread [INFO]  Received executor task 42
2024-03-12 16:21:58.990 worker_log:693 420098 MainThread [INFO]  Completed executor task 42
2024-03-12 16:21:58.991 worker_log:704 420098 MainThread [INFO]  All processing finished for executor task 42
2024-03-12 16:22:07.119 worker_log:677 420098 MainThread [INFO]  Received executor task 80
2024-03-12 16:22:07.132 worker_log:693 420098 MainThread [INFO]  Completed executor task 80
2024-03-12 16:22:07.132 worker_log:704 420098 MainThread [INFO]  All processing finished for executor task 80
2024-03-12 16:22:09.066 worker_log:677 420098 MainThread [INFO]  Received executor task 89
2024-03-12 16:22:09.079 worker_log:693 420098 MainThread [INFO]  Completed executor task 89
2024-03-12 16:22:09.079 worker_log:704 420098 MainThread [INFO]  All processing finished for executor task 89
2024-03-12 16:22:40.246 worker_log:677 420098 MainThread [INFO]  Received executor task 163
2024-03-12 16:22:41.250 worker_log:693 420098 MainThread [INFO]  Completed executor task 163
2024-03-12 16:22:41.250 worker_log:704 420098 MainThread [INFO]  All processing finished for executor task 163
