2024-03-12 16:21:49.472 worker_log:592 420091 MainThread [INFO]  Worker 8 started
2024-03-12 16:21:49.472 worker_log:594 420091 MainThread [DEBUG]  Debug logging enabled
2024-03-12 16:21:50.683 worker_log:677 420091 MainThread [INFO]  Received executor task 2
2024-03-12 16:21:50.686 worker_log:693 420091 MainThread [INFO]  Completed executor task 2
2024-03-12 16:21:50.687 worker_log:704 420091 MainThread [INFO]  All processing finished for executor task 2
2024-03-12 16:21:52.357 worker_log:677 420091 MainThread [INFO]  Received executor task 10
2024-03-12 16:21:52.359 worker_log:693 420091 MainThread [INFO]  Completed executor task 10
2024-03-12 16:21:52.360 worker_log:704 420091 MainThread [INFO]  All processing finished for executor task 10
2024-03-12 16:21:54.227 worker_log:677 420091 MainThread [INFO]  Received executor task 19
2024-03-12 16:21:54.229 worker_log:693 420091 MainThread [INFO]  Completed executor task 19
2024-03-12 16:21:54.229 worker_log:704 420091 MainThread [INFO]  All processing finished for executor task 19
2024-03-12 16:21:56.300 worker_log:677 420091 MainThread [INFO]  Received executor task 29
2024-03-12 16:21:56.302 worker_log:693 420091 MainThread [INFO]  Completed executor task 29
2024-03-12 16:21:56.302 worker_log:704 420091 MainThread [INFO]  All processing finished for executor task 29
2024-03-12 16:22:00.434 worker_log:677 420091 MainThread [INFO]  Received executor task 49
2024-03-12 16:22:00.436 worker_log:693 420091 MainThread [INFO]  Completed executor task 49
2024-03-12 16:22:00.436 worker_log:704 420091 MainThread [INFO]  All processing finished for executor task 49
2024-03-12 16:22:02.576 worker_log:677 420091 MainThread [INFO]  Received executor task 59
2024-03-12 16:22:02.589 worker_log:693 420091 MainThread [INFO]  Completed executor task 59
2024-03-12 16:22:02.589 worker_log:704 420091 MainThread [INFO]  All processing finished for executor task 59
2024-03-12 16:22:08.631 worker_log:677 420091 MainThread [INFO]  Received executor task 87
2024-03-12 16:22:08.644 worker_log:693 420091 MainThread [INFO]  Completed executor task 87
2024-03-12 16:22:08.644 worker_log:704 420091 MainThread [INFO]  All processing finished for executor task 87
2024-03-12 16:22:12.791 worker_log:677 420091 MainThread [INFO]  Received executor task 105
2024-03-12 16:22:12.894 worker_log:693 420091 MainThread [INFO]  Completed executor task 105
2024-03-12 16:22:12.894 worker_log:704 420091 MainThread [INFO]  All processing finished for executor task 105
2024-03-12 16:22:14.950 worker_log:677 420091 MainThread [INFO]  Received executor task 112
2024-03-12 16:22:15.052 worker_log:693 420091 MainThread [INFO]  Completed executor task 112
2024-03-12 16:22:15.052 worker_log:704 420091 MainThread [INFO]  All processing finished for executor task 112
2024-03-12 16:22:19.260 worker_log:677 420091 MainThread [INFO]  Received executor task 126
2024-03-12 16:22:19.362 worker_log:693 420091 MainThread [INFO]  Completed executor task 126
2024-03-12 16:22:19.363 worker_log:704 420091 MainThread [INFO]  All processing finished for executor task 126
2024-03-12 16:22:23.566 worker_log:677 420091 MainThread [INFO]  Received executor task 140
2024-03-12 16:22:23.669 worker_log:693 420091 MainThread [INFO]  Completed executor task 140
2024-03-12 16:22:23.669 worker_log:704 420091 MainThread [INFO]  All processing finished for executor task 140
