2024-03-12 16:21:49.472 worker_log:592 420090 MainThread [INFO]  Worker 7 started
2024-03-12 16:21:49.472 worker_log:594 420090 MainThread [DEBUG]  Debug logging enabled
2024-03-12 16:21:50.892 worker_log:677 420090 MainThread [INFO]  Received executor task 3
2024-03-12 16:21:50.896 worker_log:693 420090 MainThread [INFO]  Completed executor task 3
2024-03-12 16:21:50.897 worker_log:704 420090 MainThread [INFO]  All processing finished for executor task 3
2024-03-12 16:21:52.564 worker_log:677 420090 MainThread [INFO]  Received executor task 11
2024-03-12 16:21:52.566 worker_log:693 420090 MainThread [INFO]  Completed executor task 11
2024-03-12 16:21:52.567 worker_log:704 420090 MainThread [INFO]  All processing finished for executor task 11
2024-03-12 16:21:54.434 worker_log:677 420090 MainThread [INFO]  Received executor task 20
2024-03-12 16:21:54.436 worker_log:693 420090 MainThread [INFO]  Completed executor task 20
2024-03-12 16:21:54.436 worker_log:704 420090 MainThread [INFO]  All processing finished for executor task 20
2024-03-12 16:21:58.372 worker_log:677 420090 MainThread [INFO]  Received executor task 39
2024-03-12 16:21:58.373 worker_log:693 420090 MainThread [INFO]  Completed executor task 39
2024-03-12 16:21:58.374 worker_log:704 420090 MainThread [INFO]  All processing finished for executor task 39
2024-03-12 16:22:04.521 worker_log:677 420090 MainThread [INFO]  Received executor task 68
2024-03-12 16:22:04.534 worker_log:693 420090 MainThread [INFO]  Completed executor task 68
2024-03-12 16:22:04.534 worker_log:704 420090 MainThread [INFO]  All processing finished for executor task 68
2024-03-12 16:22:06.684 worker_log:677 420090 MainThread [INFO]  Received executor task 78
2024-03-12 16:22:06.697 worker_log:693 420090 MainThread [INFO]  Completed executor task 78
2024-03-12 16:22:06.697 worker_log:704 420090 MainThread [INFO]  All processing finished for executor task 78
2024-03-12 16:22:08.849 worker_log:677 420090 MainThread [INFO]  Received executor task 88
2024-03-12 16:22:08.861 worker_log:693 420090 MainThread [INFO]  Completed executor task 88
2024-03-12 16:22:08.862 worker_log:704 420090 MainThread [INFO]  All processing finished for executor task 88
2024-03-12 16:22:13.099 worker_log:677 420090 MainThread [INFO]  Received executor task 106
2024-03-12 16:22:13.202 worker_log:693 420090 MainThread [INFO]  Completed executor task 106
2024-03-12 16:22:13.203 worker_log:704 420090 MainThread [INFO]  All processing finished for executor task 106
2024-03-12 16:22:17.412 worker_log:677 420090 MainThread [INFO]  Received executor task 120
2024-03-12 16:22:17.514 worker_log:693 420090 MainThread [INFO]  Completed executor task 120
2024-03-12 16:22:17.515 worker_log:704 420090 MainThread [INFO]  All processing finished for executor task 120
2024-03-12 16:22:21.723 worker_log:677 420090 MainThread [INFO]  Received executor task 134
2024-03-12 16:22:21.825 worker_log:693 420090 MainThread [INFO]  Completed executor task 134
2024-03-12 16:22:21.825 worker_log:704 420090 MainThread [INFO]  All processing finished for executor task 134
