2024-03-12 16:21:49.731 worker_log:592 420112 MainThread [INFO]  Worker 29 started
2024-03-12 16:21:49.731 worker_log:594 420112 MainThread [DEBUG]  Debug logging enabled
2024-03-12 16:21:51.941 worker_log:677 420112 MainThread [INFO]  Received executor task 8
2024-03-12 16:21:51.945 worker_log:693 420112 MainThread [INFO]  Completed executor task 8
2024-03-12 16:21:51.946 worker_log:704 420112 MainThread [INFO]  All processing finished for executor task 8
2024-03-12 16:21:54.020 worker_log:677 420112 MainThread [INFO]  Received executor task 18
2024-03-12 16:21:54.022 worker_log:693 420112 MainThread [INFO]  Completed executor task 18
2024-03-12 16:21:54.022 worker_log:704 420112 MainThread [INFO]  All processing finished for executor task 18
2024-03-12 16:21:56.093 worker_log:677 420112 MainThread [INFO]  Received executor task 28
2024-03-12 16:21:56.095 worker_log:693 420112 MainThread [INFO]  Completed executor task 28
2024-03-12 16:21:56.095 worker_log:704 420112 MainThread [INFO]  All processing finished for executor task 28
2024-03-12 16:21:58.165 worker_log:677 420112 MainThread [INFO]  Received executor task 38
2024-03-12 16:21:58.167 worker_log:693 420112 MainThread [INFO]  Completed executor task 38
2024-03-12 16:21:58.168 worker_log:704 420112 MainThread [INFO]  All processing finished for executor task 38
2024-03-12 16:22:04.303 worker_log:677 420112 MainThread [INFO]  Received executor task 67
2024-03-12 16:22:04.316 worker_log:693 420112 MainThread [INFO]  Completed executor task 67
2024-03-12 16:22:04.316 worker_log:704 420112 MainThread [INFO]  All processing finished for executor task 67
2024-03-12 16:22:06.467 worker_log:677 420112 MainThread [INFO]  Received executor task 77
2024-03-12 16:22:06.479 worker_log:693 420112 MainThread [INFO]  Completed executor task 77
2024-03-12 16:22:06.480 worker_log:704 420112 MainThread [INFO]  All processing finished for executor task 77
2024-03-12 16:22:18.644 worker_log:677 420112 MainThread [INFO]  Received executor task 124
2024-03-12 16:22:18.747 worker_log:693 420112 MainThread [INFO]  Completed executor task 124
2024-03-12 16:22:18.748 worker_log:704 420112 MainThread [INFO]  All processing finished for executor task 124
2024-03-12 16:22:22.952 worker_log:677 420112 MainThread [INFO]  Received executor task 138
2024-03-12 16:22:23.054 worker_log:693 420112 MainThread [INFO]  Completed executor task 138
2024-03-12 16:22:23.055 worker_log:704 420112 MainThread [INFO]  All processing finished for executor task 138
2024-03-12 16:22:27.255 worker_log:677 420112 MainThread [INFO]  Received executor task 152
2024-03-12 16:22:28.259 worker_log:693 420112 MainThread [INFO]  Completed executor task 152
2024-03-12 16:22:28.259 worker_log:704 420112 MainThread [INFO]  All processing finished for executor task 152
2024-03-12 16:22:35.412 worker_log:677 420112 MainThread [INFO]  Received executor task 159
2024-03-12 16:22:36.415 worker_log:693 420112 MainThread [INFO]  Completed executor task 159
2024-03-12 16:22:36.416 worker_log:704 420112 MainThread [INFO]  All processing finished for executor task 159
2024-03-12 16:22:41.455 worker_log:677 420112 MainThread [INFO]  Received executor task 164
2024-03-12 16:22:42.458 worker_log:693 420112 MainThread [INFO]  Completed executor task 164
2024-03-12 16:22:42.459 worker_log:704 420112 MainThread [INFO]  All processing finished for executor task 164
