2024-03-12 16:21:49.710 worker_log:592 420122 MainThread [INFO]  Worker 39 started
2024-03-12 16:21:49.710 worker_log:594 420122 MainThread [DEBUG]  Debug logging enabled
2024-03-12 16:22:01.923 worker_log:677 420122 MainThread [INFO]  Received executor task 56
2024-03-12 16:22:01.937 worker_log:693 420122 MainThread [INFO]  Completed executor task 56
2024-03-12 16:22:01.938 worker_log:704 420122 MainThread [INFO]  All processing finished for executor task 56
2024-03-12 16:22:10.144 worker_log:677 420122 MainThread [INFO]  Received executor task 94
2024-03-12 16:22:10.156 worker_log:693 420122 MainThread [INFO]  Completed executor task 94
2024-03-12 16:22:10.157 worker_log:704 420122 MainThread [INFO]  All processing finished for executor task 94
2024-03-12 16:22:14.334 worker_log:677 420122 MainThread [INFO]  Received executor task 110
2024-03-12 16:22:14.437 worker_log:693 420122 MainThread [INFO]  Completed executor task 110
2024-03-12 16:22:14.437 worker_log:704 420122 MainThread [INFO]  All processing finished for executor task 110
2024-03-12 16:22:16.491 worker_log:677 420122 MainThread [INFO]  Received executor task 117
2024-03-12 16:22:16.593 worker_log:693 420122 MainThread [INFO]  Completed executor task 117
2024-03-12 16:22:16.594 worker_log:704 420122 MainThread [INFO]  All processing finished for executor task 117
2024-03-12 16:22:22.645 worker_log:677 420122 MainThread [INFO]  Received executor task 137
2024-03-12 16:22:22.747 worker_log:693 420122 MainThread [INFO]  Completed executor task 137
2024-03-12 16:22:22.748 worker_log:704 420122 MainThread [INFO]  All processing finished for executor task 137
2024-03-12 16:22:26.948 worker_log:677 420122 MainThread [INFO]  Received executor task 151
2024-03-12 16:22:27.050 worker_log:693 420122 MainThread [INFO]  Completed executor task 151
2024-03-12 16:22:27.051 worker_log:704 420122 MainThread [INFO]  All processing finished for executor task 151
2024-03-12 16:22:34.204 worker_log:677 420122 MainThread [INFO]  Received executor task 158
2024-03-12 16:22:35.208 worker_log:693 420122 MainThread [INFO]  Completed executor task 158
2024-03-12 16:22:35.209 worker_log:704 420122 MainThread [INFO]  All processing finished for executor task 158
2024-03-12 16:22:54.246 worker_log:677 420122 MainThread [INFO]  Received executor task 175
2024-03-12 16:22:55.250 worker_log:693 420122 MainThread [INFO]  Completed executor task 175
2024-03-12 16:22:55.251 worker_log:704 420122 MainThread [INFO]  All processing finished for executor task 175
