2024-03-12 16:21:49.497 worker_log:592 420097 MainThread [INFO]  Worker 14 started
2024-03-12 16:21:49.498 worker_log:594 420097 MainThread [DEBUG]  Debug logging enabled
2024-03-12 16:21:53.181 worker_log:677 420097 MainThread [INFO]  Received executor task 14
2024-03-12 16:21:53.185 worker_log:693 420097 MainThread [INFO]  Completed executor task 14
2024-03-12 16:21:53.185 worker_log:704 420097 MainThread [INFO]  All processing finished for executor task 14
2024-03-12 16:21:55.051 worker_log:677 420097 MainThread [INFO]  Received executor task 23
2024-03-12 16:21:55.053 worker_log:693 420097 MainThread [INFO]  Completed executor task 23
2024-03-12 16:21:55.053 worker_log:704 420097 MainThread [INFO]  All processing finished for executor task 23
2024-03-12 16:21:56.917 worker_log:677 420097 MainThread [INFO]  Received executor task 32
2024-03-12 16:21:56.919 worker_log:693 420097 MainThread [INFO]  Completed executor task 32
2024-03-12 16:21:56.919 worker_log:704 420097 MainThread [INFO]  All processing finished for executor task 32
2024-03-12 16:21:58.785 worker_log:677 420097 MainThread [INFO]  Received executor task 41
2024-03-12 16:21:58.786 worker_log:693 420097 MainThread [INFO]  Completed executor task 41
2024-03-12 16:21:58.786 worker_log:704 420097 MainThread [INFO]  All processing finished for executor task 41
2024-03-12 16:22:00.847 worker_log:677 420097 MainThread [INFO]  Received executor task 51
2024-03-12 16:22:00.849 worker_log:693 420097 MainThread [INFO]  Completed executor task 51
2024-03-12 16:22:00.849 worker_log:704 420097 MainThread [INFO]  All processing finished for executor task 51
2024-03-12 16:22:04.956 worker_log:677 420097 MainThread [INFO]  Received executor task 70
2024-03-12 16:22:04.969 worker_log:693 420097 MainThread [INFO]  Completed executor task 70
2024-03-12 16:22:04.969 worker_log:704 420097 MainThread [INFO]  All processing finished for executor task 70
2024-03-12 16:22:11.013 worker_log:677 420097 MainThread [INFO]  Received executor task 98
2024-03-12 16:22:11.025 worker_log:693 420097 MainThread [INFO]  Completed executor task 98
2024-03-12 16:22:11.026 worker_log:704 420097 MainThread [INFO]  All processing finished for executor task 98
2024-03-12 16:22:15.257 worker_log:677 420097 MainThread [INFO]  Received executor task 113
2024-03-12 16:22:15.360 worker_log:693 420097 MainThread [INFO]  Completed executor task 113
2024-03-12 16:22:15.361 worker_log:704 420097 MainThread [INFO]  All processing finished for executor task 113
2024-03-12 16:22:19.567 worker_log:677 420097 MainThread [INFO]  Received executor task 127
2024-03-12 16:22:19.669 worker_log:693 420097 MainThread [INFO]  Completed executor task 127
2024-03-12 16:22:19.670 worker_log:704 420097 MainThread [INFO]  All processing finished for executor task 127
