2024-03-12 16:21:49.476 worker_log:592 420092 MainThread [INFO]  Worker 9 started
2024-03-12 16:21:49.476 worker_log:594 420092 MainThread [DEBUG]  Debug logging enabled
2024-03-12 16:21:51.102 worker_log:677 420092 MainThread [INFO]  Received executor task 4
2024-03-12 16:21:51.105 worker_log:693 420092 MainThread [INFO]  Completed executor task 4
2024-03-12 16:21:51.106 worker_log:704 420092 MainThread [INFO]  All processing finished for executor task 4
2024-03-12 16:21:52.767 worker_log:677 420092 MainThread [INFO]  Received executor task 12
2024-03-12 16:21:52.769 worker_log:693 420092 MainThread [INFO]  Completed executor task 12
2024-03-12 16:21:52.769 worker_log:704 420092 MainThread [INFO]  All processing finished for executor task 12
2024-03-12 16:21:54.641 worker_log:677 420092 MainThread [INFO]  Received executor task 21
2024-03-12 16:21:54.643 worker_log:693 420092 MainThread [INFO]  Completed executor task 21
2024-03-12 16:21:54.643 worker_log:704 420092 MainThread [INFO]  All processing finished for executor task 21
2024-03-12 16:21:56.507 worker_log:677 420092 MainThread [INFO]  Received executor task 30
2024-03-12 16:21:56.509 worker_log:693 420092 MainThread [INFO]  Completed executor task 30
2024-03-12 16:21:56.509 worker_log:704 420092 MainThread [INFO]  All processing finished for executor task 30
2024-03-12 16:21:58.578 worker_log:677 420092 MainThread [INFO]  Received executor task 40
2024-03-12 16:21:58.580 worker_log:693 420092 MainThread [INFO]  Completed executor task 40
2024-03-12 16:21:58.580 worker_log:704 420092 MainThread [INFO]  All processing finished for executor task 40
2024-03-12 16:22:00.641 worker_log:677 420092 MainThread [INFO]  Received executor task 50
2024-03-12 16:22:00.642 worker_log:693 420092 MainThread [INFO]  Completed executor task 50
2024-03-12 16:22:00.643 worker_log:704 420092 MainThread [INFO]  All processing finished for executor task 50
2024-03-12 16:22:10.795 worker_log:677 420092 MainThread [INFO]  Received executor task 97
2024-03-12 16:22:10.808 worker_log:693 420092 MainThread [INFO]  Completed executor task 97
2024-03-12 16:22:10.808 worker_log:704 420092 MainThread [INFO]  All processing finished for executor task 97
2024-03-12 16:22:21.107 worker_log:677 420092 MainThread [INFO]  Received executor task 132
2024-03-12 16:22:21.211 worker_log:693 420092 MainThread [INFO]  Completed executor task 132
2024-03-12 16:22:21.211 worker_log:704 420092 MainThread [INFO]  All processing finished for executor task 132
2024-03-12 16:22:25.412 worker_log:677 420092 MainThread [INFO]  Received executor task 146
2024-03-12 16:22:25.514 worker_log:693 420092 MainThread [INFO]  Completed executor task 146
2024-03-12 16:22:25.514 worker_log:704 420092 MainThread [INFO]  All processing finished for executor task 146
2024-03-12 16:22:42.563 worker_log:677 420092 MainThread [INFO]  Received executor task 165
2024-03-12 16:22:43.567 worker_log:693 420092 MainThread [INFO]  Completed executor task 165
2024-03-12 16:22:43.567 worker_log:704 420092 MainThread [INFO]  All processing finished for executor task 165
2024-03-12 16:22:56.664 worker_log:677 420092 MainThread [INFO]  Received executor task 177
2024-03-12 16:22:57.667 worker_log:693 420092 MainThread [INFO]  Completed executor task 177
2024-03-12 16:22:57.668 worker_log:704 420092 MainThread [INFO]  All processing finished for executor task 177
