2024-03-12 16:21:49.603 worker_log:592 420104 MainThread [INFO]  Worker 21 started
2024-03-12 16:21:49.603 worker_log:594 420104 MainThread [DEBUG]  Debug logging enabled
2024-03-12 16:21:53.811 worker_log:677 420104 MainThread [INFO]  Received executor task 17
2024-03-12 16:21:53.815 worker_log:693 420104 MainThread [INFO]  Completed executor task 17
2024-03-12 16:21:53.816 worker_log:704 420104 MainThread [INFO]  All processing finished for executor task 17
2024-03-12 16:22:00.021 worker_log:677 420104 MainThread [INFO]  Received executor task 47
2024-03-12 16:22:00.023 worker_log:693 420104 MainThread [INFO]  Completed executor task 47
2024-03-12 16:22:00.024 worker_log:704 420104 MainThread [INFO]  All processing finished for executor task 47
2024-03-12 16:22:08.197 worker_log:677 420104 MainThread [INFO]  Received executor task 85
2024-03-12 16:22:08.210 worker_log:693 420104 MainThread [INFO]  Completed executor task 85
2024-03-12 16:22:08.210 worker_log:704 420104 MainThread [INFO]  All processing finished for executor task 85
2024-03-12 16:22:10.361 worker_log:677 420104 MainThread [INFO]  Received executor task 95
2024-03-12 16:22:10.373 worker_log:693 420104 MainThread [INFO]  Completed executor task 95
2024-03-12 16:22:10.374 worker_log:704 420104 MainThread [INFO]  All processing finished for executor task 95
2024-03-12 16:22:14.642 worker_log:677 420104 MainThread [INFO]  Received executor task 111
2024-03-12 16:22:14.745 worker_log:693 420104 MainThread [INFO]  Completed executor task 111
2024-03-12 16:22:14.745 worker_log:704 420104 MainThread [INFO]  All processing finished for executor task 111
2024-03-12 16:22:18.952 worker_log:677 420104 MainThread [INFO]  Received executor task 125
2024-03-12 16:22:19.055 worker_log:693 420104 MainThread [INFO]  Completed executor task 125
2024-03-12 16:22:19.055 worker_log:704 420104 MainThread [INFO]  All processing finished for executor task 125
2024-03-12 16:22:23.259 worker_log:677 420104 MainThread [INFO]  Received executor task 139
2024-03-12 16:22:23.362 worker_log:693 420104 MainThread [INFO]  Completed executor task 139
2024-03-12 16:22:23.362 worker_log:704 420104 MainThread [INFO]  All processing finished for executor task 139
2024-03-12 16:22:28.464 worker_log:677 420104 MainThread [INFO]  Received executor task 153
2024-03-12 16:22:29.468 worker_log:693 420104 MainThread [INFO]  Completed executor task 153
2024-03-12 16:22:29.469 worker_log:704 420104 MainThread [INFO]  All processing finished for executor task 153
2024-03-12 16:22:36.620 worker_log:677 420104 MainThread [INFO]  Received executor task 160
2024-03-12 16:22:37.623 worker_log:693 420104 MainThread [INFO]  Completed executor task 160
2024-03-12 16:22:37.624 worker_log:704 420104 MainThread [INFO]  All processing finished for executor task 160
