2024-03-12 16:21:49.575 worker_log:592 420127 MainThread [INFO]  Worker 44 started
2024-03-12 16:21:49.575 worker_log:594 420127 MainThread [DEBUG]  Debug logging enabled
2024-03-12 16:22:07.540 worker_log:677 420127 MainThread [INFO]  Received executor task 82
2024-03-12 16:22:07.554 worker_log:693 420127 MainThread [INFO]  Completed executor task 82
2024-03-12 16:22:07.555 worker_log:704 420127 MainThread [INFO]  All processing finished for executor task 82
2024-03-12 16:22:11.664 worker_log:677 420127 MainThread [INFO]  Received executor task 101
2024-03-12 16:22:11.676 worker_log:693 420127 MainThread [INFO]  Completed executor task 101
2024-03-12 16:22:11.677 worker_log:704 420127 MainThread [INFO]  All processing finished for executor task 101
2024-03-12 16:22:30.779 worker_log:677 420127 MainThread [INFO]  Received executor task 155
2024-03-12 16:22:31.783 worker_log:693 420127 MainThread [INFO]  Completed executor task 155
2024-03-12 16:22:31.783 worker_log:704 420127 MainThread [INFO]  All processing finished for executor task 155
2024-03-12 16:22:58.980 worker_log:677 420127 MainThread [INFO]  Received executor task 179
2024-03-12 16:22:59.984 worker_log:693 420127 MainThread [INFO]  Completed executor task 179
2024-03-12 16:22:59.984 worker_log:704 420127 MainThread [INFO]  All processing finished for executor task 179
2024-03-12 16:23:07.037 worker_log:677 420127 MainThread [INFO]  Received executor task 186
2024-03-12 16:23:08.040 worker_log:693 420127 MainThread [INFO]  Completed executor task 186
2024-03-12 16:23:08.041 worker_log:704 420127 MainThread [INFO]  All processing finished for executor task 186
2024-03-12 16:23:21.238 worker_log:677 420127 MainThread [INFO]  Received executor task 198
2024-03-12 16:23:22.241 worker_log:693 420127 MainThread [INFO]  Completed executor task 198
2024-03-12 16:23:22.242 worker_log:704 420127 MainThread [INFO]  All processing finished for executor task 198
