2024-03-12 16:21:49.493 worker_log:592 420085 MainThread [INFO]  Worker 2 started
2024-03-12 16:21:49.493 worker_log:594 420085 MainThread [DEBUG]  Debug logging enabled
2024-03-12 16:21:51.521 worker_log:677 420085 MainThread [INFO]  Received executor task 6
2024-03-12 16:21:51.525 worker_log:693 420085 MainThread [INFO]  Completed executor task 6
2024-03-12 16:21:51.526 worker_log:704 420085 MainThread [INFO]  All processing finished for executor task 6
2024-03-12 16:21:59.401 worker_log:677 420085 MainThread [INFO]  Received executor task 44
2024-03-12 16:21:59.403 worker_log:693 420085 MainThread [INFO]  Completed executor task 44
2024-03-12 16:21:59.403 worker_log:704 420085 MainThread [INFO]  All processing finished for executor task 44
2024-03-12 16:22:01.267 worker_log:677 420085 MainThread [INFO]  Received executor task 53
2024-03-12 16:22:01.280 worker_log:693 420085 MainThread [INFO]  Completed executor task 53
2024-03-12 16:22:01.280 worker_log:704 420085 MainThread [INFO]  All processing finished for executor task 53
2024-03-12 16:22:03.213 worker_log:677 420085 MainThread [INFO]  Received executor task 62
2024-03-12 16:22:03.225 worker_log:693 420085 MainThread [INFO]  Completed executor task 62
2024-03-12 16:22:03.225 worker_log:704 420085 MainThread [INFO]  All processing finished for executor task 62
2024-03-12 16:22:07.336 worker_log:677 420085 MainThread [INFO]  Received executor task 81
2024-03-12 16:22:07.349 worker_log:693 420085 MainThread [INFO]  Completed executor task 81
2024-03-12 16:22:07.349 worker_log:704 420085 MainThread [INFO]  All processing finished for executor task 81
2024-03-12 16:22:11.447 worker_log:677 420085 MainThread [INFO]  Received executor task 100
2024-03-12 16:22:11.459 worker_log:693 420085 MainThread [INFO]  Completed executor task 100
2024-03-12 16:22:11.460 worker_log:704 420085 MainThread [INFO]  All processing finished for executor task 100
2024-03-12 16:22:15.565 worker_log:677 420085 MainThread [INFO]  Received executor task 114
2024-03-12 16:22:15.668 worker_log:693 420085 MainThread [INFO]  Completed executor task 114
2024-03-12 16:22:15.669 worker_log:704 420085 MainThread [INFO]  All processing finished for executor task 114
