2024-03-12 16:21:49.465 worker_log:592 420088 MainThread [INFO]  Worker 5 started
2024-03-12 16:21:49.465 worker_log:594 420088 MainThread [DEBUG]  Debug logging enabled
2024-03-12 16:21:49.473 worker_log:677 420088 MainThread [INFO]  Received executor task 1
2024-03-12 16:21:50.476 worker_log:693 420088 MainThread [INFO]  Completed executor task 1
2024-03-12 16:21:50.477 worker_log:704 420088 MainThread [INFO]  All processing finished for executor task 1
2024-03-12 16:21:52.150 worker_log:677 420088 MainThread [INFO]  Received executor task 9
2024-03-12 16:21:52.153 worker_log:693 420088 MainThread [INFO]  Completed executor task 9
2024-03-12 16:21:52.153 worker_log:704 420088 MainThread [INFO]  All processing finished for executor task 9
2024-03-12 16:22:00.228 worker_log:677 420088 MainThread [INFO]  Received executor task 48
2024-03-12 16:22:00.230 worker_log:693 420088 MainThread [INFO]  Completed executor task 48
2024-03-12 16:22:00.230 worker_log:704 420088 MainThread [INFO]  All processing finished for executor task 48
2024-03-12 16:22:02.359 worker_log:677 420088 MainThread [INFO]  Received executor task 58
2024-03-12 16:22:02.371 worker_log:693 420088 MainThread [INFO]  Completed executor task 58
2024-03-12 16:22:02.372 worker_log:704 420088 MainThread [INFO]  All processing finished for executor task 58
2024-03-12 16:22:08.415 worker_log:677 420088 MainThread [INFO]  Received executor task 86
2024-03-12 16:22:08.427 worker_log:693 420088 MainThread [INFO]  Completed executor task 86
2024-03-12 16:22:08.427 worker_log:704 420088 MainThread [INFO]  All processing finished for executor task 86
2024-03-12 16:22:10.578 worker_log:677 420088 MainThread [INFO]  Received executor task 96
2024-03-12 16:22:10.590 worker_log:693 420088 MainThread [INFO]  Completed executor task 96
2024-03-12 16:22:10.591 worker_log:704 420088 MainThread [INFO]  All processing finished for executor task 96
2024-03-12 16:22:20.800 worker_log:677 420088 MainThread [INFO]  Received executor task 131
2024-03-12 16:22:20.903 worker_log:693 420088 MainThread [INFO]  Completed executor task 131
2024-03-12 16:22:20.903 worker_log:704 420088 MainThread [INFO]  All processing finished for executor task 131
2024-03-12 16:22:31.887 worker_log:677 420088 MainThread [INFO]  Received executor task 156
2024-03-12 16:22:32.890 worker_log:693 420088 MainThread [INFO]  Completed executor task 156
2024-03-12 16:22:32.891 worker_log:704 420088 MainThread [INFO]  All processing finished for executor task 156
2024-03-12 16:22:46.088 worker_log:677 420088 MainThread [INFO]  Received executor task 168
2024-03-12 16:22:47.091 worker_log:693 420088 MainThread [INFO]  Completed executor task 168
2024-03-12 16:22:47.092 worker_log:704 420088 MainThread [INFO]  All processing finished for executor task 168
2024-03-12 16:23:14.188 worker_log:677 420088 MainThread [INFO]  Received executor task 192
2024-03-12 16:23:15.192 worker_log:693 420088 MainThread [INFO]  Completed executor task 192
2024-03-12 16:23:15.192 worker_log:704 420088 MainThread [INFO]  All processing finished for executor task 192
