2024-03-12 16:02:45.483 worker_log:636 412931 MainThread [INFO]  Worker 12 started
2024-03-12 16:02:45.483 worker_log:638 412931 MainThread [DEBUG]  Debug logging enabled
2024-03-12 16:04:05.359 worker_log:721 412931 MainThread [INFO]  Received executor task 36
2024-03-12 16:04:07.444 worker_log:737 412931 MainThread [INFO]  Completed executor task 36
2024-03-12 16:04:07.445 worker_log:748 412931 MainThread [INFO]  All processing finished for executor task 36
2024-03-12 16:04:19.272 worker_log:721 412931 MainThread [INFO]  Received executor task 42
2024-03-12 16:04:21.318 worker_log:737 412931 MainThread [INFO]  Completed executor task 42
2024-03-12 16:04:21.319 worker_log:748 412931 MainThread [INFO]  All processing finished for executor task 42
2024-03-12 16:04:59.509 worker_log:721 412931 MainThread [INFO]  Received executor task 60
2024-03-12 16:05:01.379 worker_log:737 412931 MainThread [INFO]  Completed executor task 60
2024-03-12 16:05:01.380 worker_log:748 412931 MainThread [INFO]  All processing finished for executor task 60
2024-03-12 16:05:33.527 worker_log:721 412931 MainThread [INFO]  Received executor task 74
2024-03-12 16:05:35.781 worker_log:737 412931 MainThread [INFO]  Completed executor task 74
2024-03-12 16:05:35.782 worker_log:748 412931 MainThread [INFO]  All processing finished for executor task 74
2024-03-12 16:05:48.205 worker_log:721 412931 MainThread [INFO]  Received executor task 80
2024-03-12 16:05:50.465 worker_log:737 412931 MainThread [INFO]  Completed executor task 80
2024-03-12 16:05:50.466 worker_log:748 412931 MainThread [INFO]  All processing finished for executor task 80
2024-03-12 16:06:36.266 worker_log:721 412931 MainThread [INFO]  Received executor task 101
2024-03-12 16:06:38.325 worker_log:737 412931 MainThread [INFO]  Completed executor task 101
2024-03-12 16:06:38.326 worker_log:748 412931 MainThread [INFO]  All processing finished for executor task 101
2024-03-12 16:07:00.042 worker_log:721 412931 MainThread [INFO]  Received executor task 112
2024-03-12 16:07:02.043 worker_log:737 412931 MainThread [INFO]  Completed executor task 112
2024-03-12 16:07:02.044 worker_log:748 412931 MainThread [INFO]  All processing finished for executor task 112
2024-03-12 16:07:22.469 worker_log:721 412931 MainThread [INFO]  Received executor task 122
2024-03-12 16:07:24.575 worker_log:737 412931 MainThread [INFO]  Completed executor task 122
2024-03-12 16:07:24.576 worker_log:748 412931 MainThread [INFO]  All processing finished for executor task 122
2024-03-12 16:07:44.370 worker_log:721 412931 MainThread [INFO]  Received executor task 132
2024-03-12 16:07:46.152 worker_log:737 412931 MainThread [INFO]  Completed executor task 132
2024-03-12 16:07:46.153 worker_log:748 412931 MainThread [INFO]  All processing finished for executor task 132
2024-03-12 16:10:00.302 worker_log:721 412931 MainThread [INFO]  Received executor task 188
2024-03-12 16:10:02.543 worker_log:737 412931 MainThread [INFO]  Completed executor task 188
2024-03-12 16:10:02.544 worker_log:748 412931 MainThread [INFO]  All processing finished for executor task 188
2024-03-12 16:10:13.088 worker_log:721 412931 MainThread [INFO]  Received executor task 193
2024-03-12 16:10:15.614 worker_log:737 412931 MainThread [INFO]  Completed executor task 193
2024-03-12 16:10:15.615 worker_log:748 412931 MainThread [INFO]  All processing finished for executor task 193
