2024-03-12 16:02:45.482 worker_log:636 412934 MainThread [INFO]  Worker 15 started
2024-03-12 16:02:45.482 worker_log:638 412934 MainThread [DEBUG]  Debug logging enabled
2024-03-12 16:03:45.554 worker_log:721 412934 MainThread [INFO]  Received executor task 27
2024-03-12 16:03:47.472 worker_log:737 412934 MainThread [INFO]  Completed executor task 27
2024-03-12 16:03:47.474 worker_log:748 412934 MainThread [INFO]  All processing finished for executor task 27
2024-03-12 16:04:03.058 worker_log:721 412934 MainThread [INFO]  Received executor task 35
2024-03-12 16:04:05.152 worker_log:737 412934 MainThread [INFO]  Completed executor task 35
2024-03-12 16:04:05.153 worker_log:748 412934 MainThread [INFO]  All processing finished for executor task 35
2024-03-12 16:04:39.318 worker_log:721 412934 MainThread [INFO]  Received executor task 51
2024-03-12 16:04:41.266 worker_log:737 412934 MainThread [INFO]  Completed executor task 51
2024-03-12 16:04:41.267 worker_log:748 412934 MainThread [INFO]  All processing finished for executor task 51
2024-03-12 16:04:57.203 worker_log:721 412934 MainThread [INFO]  Received executor task 59
2024-03-12 16:04:59.304 worker_log:737 412934 MainThread [INFO]  Completed executor task 59
2024-03-12 16:04:59.305 worker_log:748 412934 MainThread [INFO]  All processing finished for executor task 59
2024-03-12 16:05:15.686 worker_log:721 412934 MainThread [INFO]  Received executor task 67
2024-03-12 16:05:18.014 worker_log:737 412934 MainThread [INFO]  Completed executor task 67
2024-03-12 16:05:18.015 worker_log:748 412934 MainThread [INFO]  All processing finished for executor task 67
2024-03-12 16:05:38.622 worker_log:721 412934 MainThread [INFO]  Received executor task 76
2024-03-12 16:05:40.984 worker_log:737 412934 MainThread [INFO]  Completed executor task 76
2024-03-12 16:05:40.985 worker_log:748 412934 MainThread [INFO]  All processing finished for executor task 76
2024-03-12 16:06:07.207 worker_log:721 412934 MainThread [INFO]  Received executor task 88
2024-03-12 16:06:09.356 worker_log:737 412934 MainThread [INFO]  Completed executor task 88
2024-03-12 16:06:09.357 worker_log:748 412934 MainThread [INFO]  All processing finished for executor task 88
2024-03-12 16:06:25.386 worker_log:721 412934 MainThread [INFO]  Received executor task 96
2024-03-12 16:06:27.282 worker_log:737 412934 MainThread [INFO]  Completed executor task 96
2024-03-12 16:06:27.283 worker_log:748 412934 MainThread [INFO]  All processing finished for executor task 96
2024-03-12 16:06:47.198 worker_log:721 412934 MainThread [INFO]  Received executor task 106
2024-03-12 16:06:49.181 worker_log:737 412934 MainThread [INFO]  Completed executor task 106
2024-03-12 16:06:49.182 worker_log:748 412934 MainThread [INFO]  All processing finished for executor task 106
2024-03-12 16:07:15.271 worker_log:721 412934 MainThread [INFO]  Received executor task 119
2024-03-12 16:07:17.416 worker_log:737 412934 MainThread [INFO]  Completed executor task 119
2024-03-12 16:07:17.417 worker_log:748 412934 MainThread [INFO]  All processing finished for executor task 119
2024-03-12 16:07:29.110 worker_log:721 412934 MainThread [INFO]  Received executor task 125
2024-03-12 16:07:31.122 worker_log:737 412934 MainThread [INFO]  Completed executor task 125
2024-03-12 16:07:31.123 worker_log:748 412934 MainThread [INFO]  All processing finished for executor task 125
2024-03-12 16:07:55.324 worker_log:721 412934 MainThread [INFO]  Received executor task 137
2024-03-12 16:07:57.205 worker_log:737 412934 MainThread [INFO]  Completed executor task 137
2024-03-12 16:07:57.206 worker_log:748 412934 MainThread [INFO]  All processing finished for executor task 137
2024-03-12 16:09:57.791 worker_log:721 412934 MainThread [INFO]  Received executor task 187
2024-03-12 16:10:00.096 worker_log:737 412934 MainThread [INFO]  Completed executor task 187
2024-03-12 16:10:00.097 worker_log:748 412934 MainThread [INFO]  All processing finished for executor task 187
2024-03-12 16:10:10.519 worker_log:721 412934 MainThread [INFO]  Received executor task 192
2024-03-12 16:10:12.883 worker_log:737 412934 MainThread [INFO]  Completed executor task 192
2024-03-12 16:10:12.884 worker_log:748 412934 MainThread [INFO]  All processing finished for executor task 192
