2024-03-12 16:02:45.439 worker_log:636 412926 MainThread [INFO]  Worker 7 started
2024-03-12 16:02:45.439 worker_log:638 412926 MainThread [DEBUG]  Debug logging enabled
2024-03-12 16:02:45.440 worker_log:721 412926 MainThread [INFO]  Received executor task 1
2024-03-12 16:02:48.436 worker_log:737 412926 MainThread [INFO]  Completed executor task 1
2024-03-12 16:02:48.437 worker_log:748 412926 MainThread [INFO]  All processing finished for executor task 1
2024-03-12 16:03:00.227 worker_log:721 412926 MainThread [INFO]  Received executor task 7
2024-03-12 16:03:02.202 worker_log:737 412926 MainThread [INFO]  Completed executor task 7
2024-03-12 16:03:02.203 worker_log:748 412926 MainThread [INFO]  All processing finished for executor task 7
2024-03-12 16:03:34.372 worker_log:721 412926 MainThread [INFO]  Received executor task 22
2024-03-12 16:03:36.328 worker_log:737 412926 MainThread [INFO]  Completed executor task 22
2024-03-12 16:03:36.329 worker_log:748 412926 MainThread [INFO]  All processing finished for executor task 22
2024-03-12 16:04:30.285 worker_log:721 412926 MainThread [INFO]  Received executor task 47
2024-03-12 16:04:32.419 worker_log:737 412926 MainThread [INFO]  Completed executor task 47
2024-03-12 16:04:32.422 worker_log:748 412926 MainThread [INFO]  All processing finished for executor task 47
2024-03-12 16:05:10.824 worker_log:721 412926 MainThread [INFO]  Received executor task 65
2024-03-12 16:05:13.085 worker_log:737 412926 MainThread [INFO]  Completed executor task 65
2024-03-12 16:05:13.086 worker_log:748 412926 MainThread [INFO]  All processing finished for executor task 65
2024-03-12 16:06:21.138 worker_log:721 412926 MainThread [INFO]  Received executor task 94
2024-03-12 16:06:23.045 worker_log:737 412926 MainThread [INFO]  Completed executor task 94
2024-03-12 16:06:23.046 worker_log:748 412926 MainThread [INFO]  All processing finished for executor task 94
