2024-03-12 16:02:45.463 worker_log:636 412932 MainThread [INFO]  Worker 13 started
2024-03-12 16:02:45.463 worker_log:638 412932 MainThread [DEBUG]  Debug logging enabled
2024-03-12 16:03:09.236 worker_log:721 412932 MainThread [INFO]  Received executor task 11
2024-03-12 16:03:11.531 worker_log:737 412932 MainThread [INFO]  Completed executor task 11
2024-03-12 16:03:11.532 worker_log:748 412932 MainThread [INFO]  All processing finished for executor task 11
2024-03-12 16:05:35.987 worker_log:721 412932 MainThread [INFO]  Received executor task 75
2024-03-12 16:05:38.416 worker_log:737 412932 MainThread [INFO]  Completed executor task 75
2024-03-12 16:05:38.417 worker_log:748 412932 MainThread [INFO]  All processing finished for executor task 75
2024-03-12 16:06:02.625 worker_log:721 412932 MainThread [INFO]  Received executor task 86
2024-03-12 16:06:04.624 worker_log:737 412932 MainThread [INFO]  Completed executor task 86
2024-03-12 16:06:04.625 worker_log:748 412932 MainThread [INFO]  All processing finished for executor task 86
2024-03-12 16:07:08.771 worker_log:721 412932 MainThread [INFO]  Received executor task 116
2024-03-12 16:07:10.657 worker_log:737 412932 MainThread [INFO]  Completed executor task 116
2024-03-12 16:07:10.658 worker_log:748 412932 MainThread [INFO]  All processing finished for executor task 116
2024-03-12 16:08:16.722 worker_log:721 412932 MainThread [INFO]  Received executor task 147
2024-03-12 16:08:18.667 worker_log:737 412932 MainThread [INFO]  Completed executor task 147
2024-03-12 16:08:18.669 worker_log:748 412932 MainThread [INFO]  All processing finished for executor task 147
2024-03-12 16:09:29.245 worker_log:721 412932 MainThread [INFO]  Received executor task 176
2024-03-12 16:09:31.557 worker_log:737 412932 MainThread [INFO]  Completed executor task 176
2024-03-12 16:09:31.557 worker_log:748 412932 MainThread [INFO]  All processing finished for executor task 176
2024-03-12 16:10:07.831 worker_log:721 412932 MainThread [INFO]  Received executor task 191
2024-03-12 16:10:10.313 worker_log:737 412932 MainThread [INFO]  Completed executor task 191
2024-03-12 16:10:10.314 worker_log:748 412932 MainThread [INFO]  All processing finished for executor task 191
2024-03-12 16:10:28.660 worker_log:721 412932 MainThread [INFO]  Received executor task 199
2024-03-12 16:10:31.051 worker_log:737 412932 MainThread [INFO]  Completed executor task 199
2024-03-12 16:10:31.052 worker_log:748 412932 MainThread [INFO]  All processing finished for executor task 199
