2024-03-12 16:02:45.565 worker_log:636 412937 MainThread [INFO]  Worker 18 started
2024-03-12 16:02:45.565 worker_log:638 412937 MainThread [DEBUG]  Debug logging enabled
2024-03-12 16:03:29.694 worker_log:721 412937 MainThread [INFO]  Received executor task 20
2024-03-12 16:03:31.831 worker_log:737 412937 MainThread [INFO]  Completed executor task 20
2024-03-12 16:03:31.834 worker_log:748 412937 MainThread [INFO]  All processing finished for executor task 20
2024-03-12 16:03:50.027 worker_log:721 412937 MainThread [INFO]  Received executor task 29
2024-03-12 16:03:52.119 worker_log:737 412937 MainThread [INFO]  Completed executor task 29
2024-03-12 16:03:52.120 worker_log:748 412937 MainThread [INFO]  All processing finished for executor task 29
2024-03-12 16:04:28.112 worker_log:721 412937 MainThread [INFO]  Received executor task 46
2024-03-12 16:04:30.080 worker_log:737 412937 MainThread [INFO]  Completed executor task 46
2024-03-12 16:04:30.081 worker_log:748 412937 MainThread [INFO]  All processing finished for executor task 46
2024-03-12 16:05:06.106 worker_log:721 412937 MainThread [INFO]  Received executor task 63
2024-03-12 16:05:08.055 worker_log:737 412937 MainThread [INFO]  Completed executor task 63
2024-03-12 16:05:08.056 worker_log:748 412937 MainThread [INFO]  All processing finished for executor task 63
2024-03-12 16:07:02.249 worker_log:721 412937 MainThread [INFO]  Received executor task 113
2024-03-12 16:07:04.084 worker_log:737 412937 MainThread [INFO]  Completed executor task 113
2024-03-12 16:07:04.086 worker_log:748 412937 MainThread [INFO]  All processing finished for executor task 113
2024-03-12 16:07:42.189 worker_log:721 412937 MainThread [INFO]  Received executor task 131
2024-03-12 16:07:44.165 worker_log:737 412937 MainThread [INFO]  Completed executor task 131
2024-03-12 16:07:44.166 worker_log:748 412937 MainThread [INFO]  All processing finished for executor task 131
2024-03-12 16:08:10.348 worker_log:721 412937 MainThread [INFO]  Received executor task 144
2024-03-12 16:08:12.358 worker_log:737 412937 MainThread [INFO]  Completed executor task 144
2024-03-12 16:08:12.359 worker_log:748 412937 MainThread [INFO]  All processing finished for executor task 144
