2024-03-12 16:02:45.445 worker_log:636 412924 MainThread [INFO]  Worker 5 started
2024-03-12 16:02:45.445 worker_log:638 412924 MainThread [DEBUG]  Debug logging enabled
2024-03-12 16:02:50.901 worker_log:721 412924 MainThread [INFO]  Received executor task 3
2024-03-12 16:02:52.904 worker_log:737 412924 MainThread [INFO]  Completed executor task 3
2024-03-12 16:02:52.907 worker_log:748 412924 MainThread [INFO]  All processing finished for executor task 3
2024-03-12 16:03:04.581 worker_log:721 412924 MainThread [INFO]  Received executor task 9
2024-03-12 16:03:06.661 worker_log:737 412924 MainThread [INFO]  Completed executor task 9
2024-03-12 16:03:06.662 worker_log:748 412924 MainThread [INFO]  All processing finished for executor task 9
2024-03-12 16:03:18.616 worker_log:721 412924 MainThread [INFO]  Received executor task 15
2024-03-12 16:03:20.626 worker_log:737 412924 MainThread [INFO]  Completed executor task 15
2024-03-12 16:03:20.627 worker_log:748 412924 MainThread [INFO]  All processing finished for executor task 15
2024-03-12 16:03:36.533 worker_log:721 412924 MainThread [INFO]  Received executor task 23
2024-03-12 16:03:38.564 worker_log:737 412924 MainThread [INFO]  Completed executor task 23
2024-03-12 16:03:38.565 worker_log:748 412924 MainThread [INFO]  All processing finished for executor task 23
2024-03-12 16:07:04.290 worker_log:721 412924 MainThread [INFO]  Received executor task 114
2024-03-12 16:07:06.415 worker_log:737 412924 MainThread [INFO]  Completed executor task 114
2024-03-12 16:07:06.416 worker_log:748 412924 MainThread [INFO]  All processing finished for executor task 114
2024-03-12 16:07:46.357 worker_log:721 412924 MainThread [INFO]  Received executor task 133
2024-03-12 16:07:48.411 worker_log:737 412924 MainThread [INFO]  Completed executor task 133
2024-03-12 16:07:48.412 worker_log:748 412924 MainThread [INFO]  All processing finished for executor task 133
2024-03-12 16:08:12.463 worker_log:721 412924 MainThread [INFO]  Received executor task 145
2024-03-12 16:08:14.455 worker_log:737 412924 MainThread [INFO]  Completed executor task 145
2024-03-12 16:08:14.456 worker_log:748 412924 MainThread [INFO]  All processing finished for executor task 145
2024-03-12 16:08:50.910 worker_log:721 412924 MainThread [INFO]  Received executor task 161
2024-03-12 16:08:53.130 worker_log:737 412924 MainThread [INFO]  Completed executor task 161
2024-03-12 16:08:53.131 worker_log:748 412924 MainThread [INFO]  All processing finished for executor task 161
2024-03-12 16:09:39.726 worker_log:721 412924 MainThread [INFO]  Received executor task 180
2024-03-12 16:09:42.070 worker_log:737 412924 MainThread [INFO]  Completed executor task 180
2024-03-12 16:09:42.071 worker_log:748 412924 MainThread [INFO]  All processing finished for executor task 180
2024-03-12 16:09:52.632 worker_log:721 412924 MainThread [INFO]  Received executor task 185
2024-03-12 16:09:55.012 worker_log:737 412924 MainThread [INFO]  Completed executor task 185
2024-03-12 16:09:55.012 worker_log:748 412924 MainThread [INFO]  All processing finished for executor task 185
