2024-03-12 16:02:45.478 worker_log:636 412935 MainThread [INFO]  Worker 16 started
2024-03-12 16:02:45.478 worker_log:638 412935 MainThread [DEBUG]  Debug logging enabled
2024-03-12 16:02:57.815 worker_log:721 412935 MainThread [INFO]  Received executor task 6
2024-03-12 16:03:00.020 worker_log:737 412935 MainThread [INFO]  Completed executor task 6
2024-03-12 16:03:00.022 worker_log:748 412935 MainThread [INFO]  All processing finished for executor task 6
2024-03-12 16:03:14.104 worker_log:721 412935 MainThread [INFO]  Received executor task 13
2024-03-12 16:03:16.169 worker_log:737 412935 MainThread [INFO]  Completed executor task 13
2024-03-12 16:03:16.170 worker_log:748 412935 MainThread [INFO]  All processing finished for executor task 13
2024-03-12 16:04:12.302 worker_log:721 412935 MainThread [INFO]  Received executor task 39
2024-03-12 16:04:14.408 worker_log:737 412935 MainThread [INFO]  Completed executor task 39
2024-03-12 16:04:14.409 worker_log:748 412935 MainThread [INFO]  All processing finished for executor task 39
2024-03-12 16:04:32.627 worker_log:721 412935 MainThread [INFO]  Received executor task 48
2024-03-12 16:04:34.507 worker_log:737 412935 MainThread [INFO]  Completed executor task 48
2024-03-12 16:04:34.508 worker_log:748 412935 MainThread [INFO]  All processing finished for executor task 48
2024-03-12 16:05:20.900 worker_log:721 412935 MainThread [INFO]  Received executor task 69
2024-03-12 16:05:23.423 worker_log:737 412935 MainThread [INFO]  Completed executor task 69
2024-03-12 16:05:23.424 worker_log:748 412935 MainThread [INFO]  All processing finished for executor task 69
2024-03-12 16:06:23.250 worker_log:721 412935 MainThread [INFO]  Received executor task 95
2024-03-12 16:06:25.180 worker_log:737 412935 MainThread [INFO]  Completed executor task 95
2024-03-12 16:06:25.181 worker_log:748 412935 MainThread [INFO]  All processing finished for executor task 95
2024-03-12 16:06:45.178 worker_log:721 412935 MainThread [INFO]  Received executor task 105
2024-03-12 16:06:46.992 worker_log:737 412935 MainThread [INFO]  Completed executor task 105
2024-03-12 16:06:46.993 worker_log:748 412935 MainThread [INFO]  All processing finished for executor task 105
2024-03-12 16:08:21.244 worker_log:721 412935 MainThread [INFO]  Received executor task 149
2024-03-12 16:08:23.194 worker_log:737 412935 MainThread [INFO]  Completed executor task 149
2024-03-12 16:08:23.194 worker_log:748 412935 MainThread [INFO]  All processing finished for executor task 149
2024-03-12 16:09:03.826 worker_log:721 412935 MainThread [INFO]  Received executor task 166
2024-03-12 16:09:06.064 worker_log:737 412935 MainThread [INFO]  Completed executor task 166
2024-03-12 16:09:06.065 worker_log:748 412935 MainThread [INFO]  All processing finished for executor task 166
2024-03-12 16:09:16.452 worker_log:721 412935 MainThread [INFO]  Received executor task 171
2024-03-12 16:09:18.773 worker_log:737 412935 MainThread [INFO]  Completed executor task 171
2024-03-12 16:09:18.774 worker_log:748 412935 MainThread [INFO]  All processing finished for executor task 171
2024-03-12 16:10:05.298 worker_log:721 412935 MainThread [INFO]  Received executor task 190
2024-03-12 16:10:07.626 worker_log:737 412935 MainThread [INFO]  Completed executor task 190
2024-03-12 16:10:07.626 worker_log:748 412935 MainThread [INFO]  All processing finished for executor task 190
