2024-03-12 16:02:45.445 worker_log:636 412925 MainThread [INFO]  Worker 6 started
2024-03-12 16:02:45.445 worker_log:638 412925 MainThread [DEBUG]  Debug logging enabled
2024-03-12 16:02:48.643 worker_log:721 412925 MainThread [INFO]  Received executor task 2
2024-03-12 16:02:50.693 worker_log:737 412925 MainThread [INFO]  Completed executor task 2
2024-03-12 16:02:50.695 worker_log:748 412925 MainThread [INFO]  All processing finished for executor task 2
2024-03-12 16:03:02.349 worker_log:721 412925 MainThread [INFO]  Received executor task 8
2024-03-12 16:03:04.376 worker_log:737 412925 MainThread [INFO]  Completed executor task 8
2024-03-12 16:03:04.377 worker_log:748 412925 MainThread [INFO]  All processing finished for executor task 8
2024-03-12 16:03:16.359 worker_log:721 412925 MainThread [INFO]  Received executor task 14
2024-03-12 16:03:18.410 worker_log:737 412925 MainThread [INFO]  Completed executor task 14
2024-03-12 16:03:18.411 worker_log:748 412925 MainThread [INFO]  All processing finished for executor task 14
2024-03-12 16:03:54.536 worker_log:721 412925 MainThread [INFO]  Received executor task 31
2024-03-12 16:03:56.431 worker_log:737 412925 MainThread [INFO]  Completed executor task 31
2024-03-12 16:03:56.432 worker_log:748 412925 MainThread [INFO]  All processing finished for executor task 31
2024-03-12 16:04:50.626 worker_log:721 412925 MainThread [INFO]  Received executor task 56
2024-03-12 16:04:52.599 worker_log:737 412925 MainThread [INFO]  Completed executor task 56
2024-03-12 16:04:52.601 worker_log:748 412925 MainThread [INFO]  All processing finished for executor task 56
2024-03-12 16:05:30.969 worker_log:721 412925 MainThread [INFO]  Received executor task 73
2024-03-12 16:05:33.322 worker_log:737 412925 MainThread [INFO]  Completed executor task 73
2024-03-12 16:05:33.323 worker_log:748 412925 MainThread [INFO]  All processing finished for executor task 73
2024-03-12 16:05:43.467 worker_log:721 412925 MainThread [INFO]  Received executor task 78
2024-03-12 16:05:45.495 worker_log:737 412925 MainThread [INFO]  Completed executor task 78
2024-03-12 16:05:45.496 worker_log:748 412925 MainThread [INFO]  All processing finished for executor task 78
2024-03-12 16:06:29.774 worker_log:721 412925 MainThread [INFO]  Received executor task 98
2024-03-12 16:06:31.688 worker_log:737 412925 MainThread [INFO]  Completed executor task 98
2024-03-12 16:06:31.689 worker_log:748 412925 MainThread [INFO]  All processing finished for executor task 98
