2024-03-12 16:02:45.476 worker_log:636 412921 MainThread [INFO]  Worker 2 started
2024-03-12 16:02:45.476 worker_log:638 412921 MainThread [DEBUG]  Debug logging enabled
2024-03-12 16:03:25.265 worker_log:721 412921 MainThread [INFO]  Received executor task 18
2024-03-12 16:03:27.360 worker_log:737 412921 MainThread [INFO]  Completed executor task 18
2024-03-12 16:03:27.362 worker_log:748 412921 MainThread [INFO]  All processing finished for executor task 18
2024-03-12 16:03:43.204 worker_log:721 412921 MainThread [INFO]  Received executor task 26
2024-03-12 16:03:45.347 worker_log:737 412921 MainThread [INFO]  Completed executor task 26
2024-03-12 16:03:45.348 worker_log:748 412921 MainThread [INFO]  All processing finished for executor task 26
2024-03-12 16:04:00.768 worker_log:721 412921 MainThread [INFO]  Received executor task 34
2024-03-12 16:04:02.853 worker_log:737 412921 MainThread [INFO]  Completed executor task 34
2024-03-12 16:04:02.854 worker_log:748 412921 MainThread [INFO]  All processing finished for executor task 34
2024-03-12 16:04:16.961 worker_log:721 412921 MainThread [INFO]  Received executor task 41
2024-03-12 16:04:19.066 worker_log:737 412921 MainThread [INFO]  Completed executor task 41
2024-03-12 16:04:19.067 worker_log:748 412921 MainThread [INFO]  All processing finished for executor task 41
2024-03-12 16:04:37.052 worker_log:721 412921 MainThread [INFO]  Received executor task 50
2024-03-12 16:04:39.112 worker_log:737 412921 MainThread [INFO]  Completed executor task 50
2024-03-12 16:04:39.113 worker_log:748 412921 MainThread [INFO]  All processing finished for executor task 50
2024-03-12 16:04:55.067 worker_log:721 412921 MainThread [INFO]  Received executor task 58
2024-03-12 16:04:56.998 worker_log:737 412921 MainThread [INFO]  Completed executor task 58
2024-03-12 16:04:56.999 worker_log:748 412921 MainThread [INFO]  All processing finished for executor task 58
2024-03-12 16:05:23.629 worker_log:721 412921 MainThread [INFO]  Received executor task 70
2024-03-12 16:05:25.868 worker_log:737 412921 MainThread [INFO]  Completed executor task 70
2024-03-12 16:05:25.869 worker_log:748 412921 MainThread [INFO]  All processing finished for executor task 70
2024-03-12 16:06:00.211 worker_log:721 412921 MainThread [INFO]  Received executor task 85
2024-03-12 16:06:02.420 worker_log:737 412921 MainThread [INFO]  Completed executor task 85
2024-03-12 16:06:02.421 worker_log:748 412921 MainThread [INFO]  All processing finished for executor task 85
2024-03-12 16:06:16.704 worker_log:721 412921 MainThread [INFO]  Received executor task 92
2024-03-12 16:06:18.706 worker_log:737 412921 MainThread [INFO]  Completed executor task 92
2024-03-12 16:06:18.707 worker_log:748 412921 MainThread [INFO]  All processing finished for executor task 92
2024-03-12 16:07:50.887 worker_log:721 412921 MainThread [INFO]  Received executor task 135
2024-03-12 16:07:52.871 worker_log:737 412921 MainThread [INFO]  Completed executor task 135
2024-03-12 16:07:52.872 worker_log:748 412921 MainThread [INFO]  All processing finished for executor task 135
2024-03-12 16:08:18.873 worker_log:721 412921 MainThread [INFO]  Received executor task 148
2024-03-12 16:08:21.038 worker_log:737 412921 MainThread [INFO]  Completed executor task 148
2024-03-12 16:08:21.040 worker_log:748 412921 MainThread [INFO]  All processing finished for executor task 148
