2024-03-12 16:02:45.445 worker_log:636 412929 MainThread [INFO]  Worker 10 started
2024-03-12 16:02:45.445 worker_log:638 412929 MainThread [DEBUG]  Debug logging enabled
2024-03-12 16:02:53.113 worker_log:721 412929 MainThread [INFO]  Received executor task 4
2024-03-12 16:02:55.243 worker_log:737 412929 MainThread [INFO]  Completed executor task 4
2024-03-12 16:02:55.245 worker_log:748 412929 MainThread [INFO]  All processing finished for executor task 4
2024-03-12 16:03:06.867 worker_log:721 412929 MainThread [INFO]  Received executor task 10
2024-03-12 16:03:09.029 worker_log:737 412929 MainThread [INFO]  Completed executor task 10
2024-03-12 16:03:09.030 worker_log:748 412929 MainThread [INFO]  All processing finished for executor task 10
2024-03-12 16:03:20.832 worker_log:721 412929 MainThread [INFO]  Received executor task 16
2024-03-12 16:03:22.776 worker_log:737 412929 MainThread [INFO]  Completed executor task 16
2024-03-12 16:03:22.777 worker_log:748 412929 MainThread [INFO]  All processing finished for executor task 16
2024-03-12 16:03:38.770 worker_log:721 412929 MainThread [INFO]  Received executor task 24
2024-03-12 16:03:40.673 worker_log:737 412929 MainThread [INFO]  Completed executor task 24
2024-03-12 16:03:40.674 worker_log:748 412929 MainThread [INFO]  All processing finished for executor task 24
2024-03-12 16:03:56.636 worker_log:721 412929 MainThread [INFO]  Received executor task 32
2024-03-12 16:03:58.519 worker_log:737 412929 MainThread [INFO]  Completed executor task 32
2024-03-12 16:03:58.520 worker_log:748 412929 MainThread [INFO]  All processing finished for executor task 32
2024-03-12 16:06:40.812 worker_log:721 412929 MainThread [INFO]  Received executor task 103
2024-03-12 16:06:42.898 worker_log:737 412929 MainThread [INFO]  Completed executor task 103
2024-03-12 16:06:42.899 worker_log:748 412929 MainThread [INFO]  All processing finished for executor task 103
2024-03-12 16:07:10.863 worker_log:721 412929 MainThread [INFO]  Received executor task 117
2024-03-12 16:07:12.944 worker_log:737 412929 MainThread [INFO]  Completed executor task 117
2024-03-12 16:07:12.945 worker_log:748 412929 MainThread [INFO]  All processing finished for executor task 117
2024-03-12 16:07:27.072 worker_log:721 412929 MainThread [INFO]  Received executor task 124
2024-03-12 16:07:28.905 worker_log:737 412929 MainThread [INFO]  Completed executor task 124
2024-03-12 16:07:28.906 worker_log:748 412929 MainThread [INFO]  All processing finished for executor task 124
2024-03-12 16:07:53.076 worker_log:721 412929 MainThread [INFO]  Received executor task 136
2024-03-12 16:07:55.118 worker_log:737 412929 MainThread [INFO]  Completed executor task 136
2024-03-12 16:07:55.119 worker_log:748 412929 MainThread [INFO]  All processing finished for executor task 136
