2024-03-12 16:02:45.480 worker_log:636 412936 MainThread [INFO]  Worker 17 started
2024-03-12 16:02:45.480 worker_log:638 412936 MainThread [DEBUG]  Debug logging enabled
2024-03-12 16:03:27.568 worker_log:721 412936 MainThread [INFO]  Received executor task 19
2024-03-12 16:03:29.486 worker_log:737 412936 MainThread [INFO]  Completed executor task 19
2024-03-12 16:03:29.488 worker_log:748 412936 MainThread [INFO]  All processing finished for executor task 19
2024-03-12 16:04:43.784 worker_log:721 412936 MainThread [INFO]  Received executor task 53
2024-03-12 16:04:45.812 worker_log:737 412936 MainThread [INFO]  Completed executor task 53
2024-03-12 16:04:45.813 worker_log:748 412936 MainThread [INFO]  All processing finished for executor task 53
2024-03-12 16:05:26.074 worker_log:721 412936 MainThread [INFO]  Received executor task 71
2024-03-12 16:05:28.371 worker_log:737 412936 MainThread [INFO]  Completed executor task 71
2024-03-12 16:05:28.372 worker_log:748 412936 MainThread [INFO]  All processing finished for executor task 71
2024-03-12 16:05:50.671 worker_log:721 412936 MainThread [INFO]  Received executor task 81
2024-03-12 16:05:52.899 worker_log:737 412936 MainThread [INFO]  Completed executor task 81
2024-03-12 16:05:52.900 worker_log:748 412936 MainThread [INFO]  All processing finished for executor task 81
2024-03-12 16:06:18.912 worker_log:721 412936 MainThread [INFO]  Received executor task 93
2024-03-12 16:06:20.932 worker_log:737 412936 MainThread [INFO]  Completed executor task 93
2024-03-12 16:06:20.934 worker_log:748 412936 MainThread [INFO]  All processing finished for executor task 93
2024-03-12 16:06:43.103 worker_log:721 412936 MainThread [INFO]  Received executor task 104
2024-03-12 16:06:44.972 worker_log:737 412936 MainThread [INFO]  Completed executor task 104
2024-03-12 16:06:44.973 worker_log:748 412936 MainThread [INFO]  All processing finished for executor task 104
2024-03-12 16:07:13.150 worker_log:721 412936 MainThread [INFO]  Received executor task 118
2024-03-12 16:07:15.066 worker_log:737 412936 MainThread [INFO]  Completed executor task 118
2024-03-12 16:07:15.067 worker_log:748 412936 MainThread [INFO]  All processing finished for executor task 118
2024-03-12 16:08:35.531 worker_log:721 412936 MainThread [INFO]  Received executor task 155
2024-03-12 16:08:37.973 worker_log:737 412936 MainThread [INFO]  Completed executor task 155
2024-03-12 16:08:37.974 worker_log:748 412936 MainThread [INFO]  All processing finished for executor task 155
2024-03-12 16:08:48.364 worker_log:721 412936 MainThread [INFO]  Received executor task 160
2024-03-12 16:08:50.704 worker_log:737 412936 MainThread [INFO]  Completed executor task 160
2024-03-12 16:08:50.705 worker_log:748 412936 MainThread [INFO]  All processing finished for executor task 160
2024-03-12 16:09:37.131 worker_log:721 412936 MainThread [INFO]  Received executor task 179
2024-03-12 16:09:39.520 worker_log:737 412936 MainThread [INFO]  Completed executor task 179
2024-03-12 16:09:39.520 worker_log:748 412936 MainThread [INFO]  All processing finished for executor task 179
2024-03-12 16:09:49.987 worker_log:721 412936 MainThread [INFO]  Received executor task 184
2024-03-12 16:09:52.461 worker_log:737 412936 MainThread [INFO]  Completed executor task 184
2024-03-12 16:09:52.462 worker_log:748 412936 MainThread [INFO]  All processing finished for executor task 184
