2024-03-12 16:02:45.550 worker_log:636 412943 MainThread [INFO]  Worker 24 started
2024-03-12 16:02:45.550 worker_log:638 412943 MainThread [DEBUG]  Debug logging enabled
2024-03-12 16:03:47.680 worker_log:721 412943 MainThread [INFO]  Received executor task 28
2024-03-12 16:03:49.820 worker_log:737 412943 MainThread [INFO]  Completed executor task 28
2024-03-12 16:03:49.822 worker_log:748 412943 MainThread [INFO]  All processing finished for executor task 28
2024-03-12 16:04:09.943 worker_log:721 412943 MainThread [INFO]  Received executor task 38
2024-03-12 16:04:12.096 worker_log:737 412943 MainThread [INFO]  Completed executor task 38
2024-03-12 16:04:12.097 worker_log:748 412943 MainThread [INFO]  All processing finished for executor task 38
2024-03-12 16:04:48.361 worker_log:721 412943 MainThread [INFO]  Received executor task 55
2024-03-12 16:04:50.421 worker_log:737 412943 MainThread [INFO]  Completed executor task 55
2024-03-12 16:04:50.422 worker_log:748 412943 MainThread [INFO]  All processing finished for executor task 55
2024-03-12 16:05:08.260 worker_log:721 412943 MainThread [INFO]  Received executor task 64
2024-03-12 16:05:10.618 worker_log:737 412943 MainThread [INFO]  Completed executor task 64
2024-03-12 16:05:10.619 worker_log:748 412943 MainThread [INFO]  All processing finished for executor task 64
2024-03-12 16:06:04.830 worker_log:721 412943 MainThread [INFO]  Received executor task 87
2024-03-12 16:06:07.001 worker_log:737 412943 MainThread [INFO]  Completed executor task 87
2024-03-12 16:06:07.002 worker_log:748 412943 MainThread [INFO]  All processing finished for executor task 87
2024-03-12 16:08:53.336 worker_log:721 412943 MainThread [INFO]  Received executor task 162
2024-03-12 16:08:55.791 worker_log:737 412943 MainThread [INFO]  Completed executor task 162
2024-03-12 16:08:55.792 worker_log:748 412943 MainThread [INFO]  All processing finished for executor task 162
2024-03-12 16:09:34.513 worker_log:721 412943 MainThread [INFO]  Received executor task 178
2024-03-12 16:09:36.925 worker_log:737 412943 MainThread [INFO]  Completed executor task 178
2024-03-12 16:09:36.926 worker_log:748 412943 MainThread [INFO]  All processing finished for executor task 178
2024-03-12 16:09:47.429 worker_log:721 412943 MainThread [INFO]  Received executor task 183
2024-03-12 16:09:49.781 worker_log:737 412943 MainThread [INFO]  Completed executor task 183
2024-03-12 16:09:49.782 worker_log:748 412943 MainThread [INFO]  All processing finished for executor task 183
