2024-03-12 16:02:45.486 worker_log:636 412933 MainThread [INFO]  Worker 14 started
2024-03-12 16:02:45.486 worker_log:638 412933 MainThread [DEBUG]  Debug logging enabled
2024-03-12 16:04:07.651 worker_log:721 412933 MainThread [INFO]  Received executor task 37
2024-03-12 16:04:09.737 worker_log:737 412933 MainThread [INFO]  Completed executor task 37
2024-03-12 16:04:09.738 worker_log:748 412933 MainThread [INFO]  All processing finished for executor task 37
2024-03-12 16:04:25.959 worker_log:721 412933 MainThread [INFO]  Received executor task 45
2024-03-12 16:04:27.906 worker_log:737 412933 MainThread [INFO]  Completed executor task 45
2024-03-12 16:04:27.907 worker_log:748 412933 MainThread [INFO]  All processing finished for executor task 45
2024-03-12 16:04:46.018 worker_log:721 412933 MainThread [INFO]  Received executor task 54
2024-03-12 16:04:48.155 worker_log:737 412933 MainThread [INFO]  Completed executor task 54
2024-03-12 16:04:48.156 worker_log:748 412933 MainThread [INFO]  All processing finished for executor task 54
2024-03-12 16:05:28.576 worker_log:721 412933 MainThread [INFO]  Received executor task 72
2024-03-12 16:05:30.763 worker_log:737 412933 MainThread [INFO]  Completed executor task 72
2024-03-12 16:05:30.764 worker_log:748 412933 MainThread [INFO]  All processing finished for executor task 72
2024-03-12 16:05:53.105 worker_log:721 412933 MainThread [INFO]  Received executor task 82
2024-03-12 16:05:55.395 worker_log:737 412933 MainThread [INFO]  Completed executor task 82
2024-03-12 16:05:55.397 worker_log:748 412933 MainThread [INFO]  All processing finished for executor task 82
2024-03-12 16:06:09.562 worker_log:721 412933 MainThread [INFO]  Received executor task 89
2024-03-12 16:06:11.680 worker_log:737 412933 MainThread [INFO]  Completed executor task 89
2024-03-12 16:06:11.681 worker_log:748 412933 MainThread [INFO]  All processing finished for executor task 89
2024-03-12 16:06:53.811 worker_log:721 412933 MainThread [INFO]  Received executor task 109
2024-03-12 16:06:55.834 worker_log:737 412933 MainThread [INFO]  Completed executor task 109
2024-03-12 16:06:55.835 worker_log:748 412933 MainThread [INFO]  All processing finished for executor task 109
2024-03-12 16:07:40.081 worker_log:721 412933 MainThread [INFO]  Received executor task 130
2024-03-12 16:07:41.983 worker_log:737 412933 MainThread [INFO]  Completed executor task 130
2024-03-12 16:07:41.984 worker_log:748 412933 MainThread [INFO]  All processing finished for executor task 130
2024-03-12 16:09:06.271 worker_log:721 412933 MainThread [INFO]  Received executor task 167
2024-03-12 16:09:08.558 worker_log:737 412933 MainThread [INFO]  Completed executor task 167
2024-03-12 16:09:08.559 worker_log:748 412933 MainThread [INFO]  All processing finished for executor task 167
2024-03-12 16:09:18.979 worker_log:721 412933 MainThread [INFO]  Received executor task 172
2024-03-12 16:09:21.232 worker_log:737 412933 MainThread [INFO]  Completed executor task 172
2024-03-12 16:09:21.233 worker_log:748 412933 MainThread [INFO]  All processing finished for executor task 172
