2024-03-12 16:02:45.533 worker_log:636 412966 MainThread [INFO]  Worker 47 started
2024-03-12 16:02:45.533 worker_log:638 412966 MainThread [DEBUG]  Debug logging enabled
2024-03-12 16:04:23.695 worker_log:721 412966 MainThread [INFO]  Received executor task 44
2024-03-12 16:04:25.753 worker_log:737 412966 MainThread [INFO]  Completed executor task 44
2024-03-12 16:04:25.755 worker_log:748 412966 MainThread [INFO]  All processing finished for executor task 44
2024-03-12 16:05:18.220 worker_log:721 412966 MainThread [INFO]  Received executor task 68
2024-03-12 16:05:20.694 worker_log:737 412966 MainThread [INFO]  Completed executor task 68
2024-03-12 16:05:20.695 worker_log:748 412966 MainThread [INFO]  All processing finished for executor task 68
2024-03-12 16:05:41.190 worker_log:721 412966 MainThread [INFO]  Received executor task 77
2024-03-12 16:05:43.261 worker_log:737 412966 MainThread [INFO]  Completed executor task 77
2024-03-12 16:05:43.262 worker_log:748 412966 MainThread [INFO]  All processing finished for executor task 77
2024-03-12 16:05:55.602 worker_log:721 412966 MainThread [INFO]  Received executor task 83
2024-03-12 16:05:57.557 worker_log:737 412966 MainThread [INFO]  Completed executor task 83
2024-03-12 16:05:57.558 worker_log:748 412966 MainThread [INFO]  All processing finished for executor task 83
2024-03-12 16:07:35.819 worker_log:721 412966 MainThread [INFO]  Received executor task 128
2024-03-12 16:07:37.555 worker_log:737 412966 MainThread [INFO]  Completed executor task 128
2024-03-12 16:07:37.557 worker_log:748 412966 MainThread [INFO]  All processing finished for executor task 128
2024-03-12 16:07:57.411 worker_log:721 412966 MainThread [INFO]  Received executor task 138
2024-03-12 16:07:59.155 worker_log:737 412966 MainThread [INFO]  Completed executor task 138
2024-03-12 16:07:59.156 worker_log:748 412966 MainThread [INFO]  All processing finished for executor task 138
