2024-03-12 16:02:45.483 worker_log:636 412923 MainThread [INFO]  Worker 4 started
2024-03-12 16:02:45.483 worker_log:638 412923 MainThread [DEBUG]  Debug logging enabled
2024-03-12 16:06:27.489 worker_log:721 412923 MainThread [INFO]  Received executor task 97
2024-03-12 16:06:29.567 worker_log:737 412923 MainThread [INFO]  Completed executor task 97
2024-03-12 16:06:29.569 worker_log:748 412923 MainThread [INFO]  All processing finished for executor task 97
2024-03-12 16:07:59.361 worker_log:721 412923 MainThread [INFO]  Received executor task 139
2024-03-12 16:08:01.361 worker_log:737 412923 MainThread [INFO]  Completed executor task 139
2024-03-12 16:08:01.362 worker_log:748 412923 MainThread [INFO]  All processing finished for executor task 139
2024-03-12 16:08:23.399 worker_log:721 412923 MainThread [INFO]  Received executor task 150
2024-03-12 16:08:25.526 worker_log:737 412923 MainThread [INFO]  Completed executor task 150
2024-03-12 16:08:25.527 worker_log:748 412923 MainThread [INFO]  All processing finished for executor task 150
2024-03-12 16:09:13.905 worker_log:721 412923 MainThread [INFO]  Received executor task 170
2024-03-12 16:09:16.246 worker_log:737 412923 MainThread [INFO]  Completed executor task 170
2024-03-12 16:09:16.247 worker_log:748 412923 MainThread [INFO]  All processing finished for executor task 170
2024-03-12 16:10:18.302 worker_log:721 412923 MainThread [INFO]  Received executor task 195
2024-03-12 16:10:20.720 worker_log:737 412923 MainThread [INFO]  Completed executor task 195
2024-03-12 16:10:20.722 worker_log:748 412923 MainThread [INFO]  All processing finished for executor task 195
2024-03-12 16:10:31.257 worker_log:721 412923 MainThread [INFO]  Received executor task 200
2024-03-12 16:10:33.570 worker_log:737 412923 MainThread [INFO]  Completed executor task 200
2024-03-12 16:10:33.571 worker_log:748 412923 MainThread [INFO]  All processing finished for executor task 200
