2024-03-12 16:02:45.569 worker_log:636 412942 MainThread [INFO]  Worker 23 started
2024-03-12 16:02:45.569 worker_log:638 412942 MainThread [DEBUG]  Debug logging enabled
2024-03-12 16:06:11.887 worker_log:721 412942 MainThread [INFO]  Received executor task 90
2024-03-12 16:06:14.001 worker_log:737 412942 MainThread [INFO]  Completed executor task 90
2024-03-12 16:06:14.003 worker_log:748 412942 MainThread [INFO]  All processing finished for executor task 90
2024-03-12 16:06:34.158 worker_log:721 412942 MainThread [INFO]  Received executor task 100
2024-03-12 16:06:36.060 worker_log:737 412942 MainThread [INFO]  Completed executor task 100
2024-03-12 16:06:36.061 worker_log:748 412942 MainThread [INFO]  All processing finished for executor task 100
2024-03-12 16:06:58.101 worker_log:721 412942 MainThread [INFO]  Received executor task 111
2024-03-12 16:06:59.837 worker_log:737 412942 MainThread [INFO]  Completed executor task 111
2024-03-12 16:06:59.838 worker_log:748 412942 MainThread [INFO]  All processing finished for executor task 111
2024-03-12 16:08:05.844 worker_log:721 412942 MainThread [INFO]  Received executor task 142
2024-03-12 16:08:07.961 worker_log:737 412942 MainThread [INFO]  Completed executor task 142
2024-03-12 16:08:07.962 worker_log:748 412942 MainThread [INFO]  All processing finished for executor task 142
2024-03-12 16:08:30.505 worker_log:721 412942 MainThread [INFO]  Received executor task 153
2024-03-12 16:08:32.858 worker_log:737 412942 MainThread [INFO]  Completed executor task 153
2024-03-12 16:08:32.859 worker_log:748 412942 MainThread [INFO]  All processing finished for executor task 153
2024-03-12 16:08:43.241 worker_log:721 412942 MainThread [INFO]  Received executor task 158
2024-03-12 16:08:45.683 worker_log:737 412942 MainThread [INFO]  Completed executor task 158
2024-03-12 16:08:45.684 worker_log:748 412942 MainThread [INFO]  All processing finished for executor task 158
