2024-03-12 16:02:45.476 worker_log:636 412922 MainThread [INFO]  Worker 3 started
2024-03-12 16:02:45.476 worker_log:638 412922 MainThread [DEBUG]  Debug logging enabled
2024-03-12 16:03:22.982 worker_log:721 412922 MainThread [INFO]  Received executor task 17
2024-03-12 16:03:25.058 worker_log:737 412922 MainThread [INFO]  Completed executor task 17
2024-03-12 16:03:25.060 worker_log:748 412922 MainThread [INFO]  All processing finished for executor task 17
2024-03-12 16:03:40.878 worker_log:721 412922 MainThread [INFO]  Received executor task 25
2024-03-12 16:03:42.998 worker_log:737 412922 MainThread [INFO]  Completed executor task 25
2024-03-12 16:03:42.999 worker_log:748 412922 MainThread [INFO]  All processing finished for executor task 25
2024-03-12 16:03:58.725 worker_log:721 412922 MainThread [INFO]  Received executor task 33
2024-03-12 16:04:00.562 worker_log:737 412922 MainThread [INFO]  Completed executor task 33
2024-03-12 16:04:00.563 worker_log:748 412922 MainThread [INFO]  All processing finished for executor task 33
2024-03-12 16:07:06.621 worker_log:721 412922 MainThread [INFO]  Received executor task 115
2024-03-12 16:07:08.566 worker_log:737 412922 MainThread [INFO]  Completed executor task 115
2024-03-12 16:07:08.567 worker_log:748 412922 MainThread [INFO]  All processing finished for executor task 115
2024-03-12 16:07:24.781 worker_log:721 412922 MainThread [INFO]  Received executor task 123
2024-03-12 16:07:26.866 worker_log:737 412922 MainThread [INFO]  Completed executor task 123
2024-03-12 16:07:26.868 worker_log:748 412922 MainThread [INFO]  All processing finished for executor task 123
2024-03-12 16:09:11.375 worker_log:721 412922 MainThread [INFO]  Received executor task 169
2024-03-12 16:09:13.699 worker_log:737 412922 MainThread [INFO]  Completed executor task 169
2024-03-12 16:09:13.700 worker_log:748 412922 MainThread [INFO]  All processing finished for executor task 169
