2024-03-12 16:02:45.476 worker_log:636 412920 MainThread [INFO]  Worker 1 started
2024-03-12 16:02:45.476 worker_log:638 412920 MainThread [DEBUG]  Debug logging enabled
2024-03-12 16:03:11.738 worker_log:721 412920 MainThread [INFO]  Received executor task 12
2024-03-12 16:03:13.898 worker_log:737 412920 MainThread [INFO]  Completed executor task 12
2024-03-12 16:03:13.900 worker_log:748 412920 MainThread [INFO]  All processing finished for executor task 12
2024-03-12 16:03:32.039 worker_log:721 412920 MainThread [INFO]  Received executor task 21
2024-03-12 16:03:34.200 worker_log:737 412920 MainThread [INFO]  Completed executor task 21
2024-03-12 16:03:34.201 worker_log:748 412920 MainThread [INFO]  All processing finished for executor task 21
2024-03-12 16:03:52.325 worker_log:721 412920 MainThread [INFO]  Received executor task 30
2024-03-12 16:03:54.330 worker_log:737 412920 MainThread [INFO]  Completed executor task 30
2024-03-12 16:03:54.331 worker_log:748 412920 MainThread [INFO]  All processing finished for executor task 30
2024-03-12 16:04:14.614 worker_log:721 412920 MainThread [INFO]  Received executor task 40
2024-03-12 16:04:16.755 worker_log:737 412920 MainThread [INFO]  Completed executor task 40
2024-03-12 16:04:16.756 worker_log:748 412920 MainThread [INFO]  All processing finished for executor task 40
2024-03-12 16:04:34.713 worker_log:721 412920 MainThread [INFO]  Received executor task 49
2024-03-12 16:04:36.846 worker_log:737 412920 MainThread [INFO]  Completed executor task 49
2024-03-12 16:04:36.847 worker_log:748 412920 MainThread [INFO]  All processing finished for executor task 49
2024-03-12 16:04:52.805 worker_log:721 412920 MainThread [INFO]  Received executor task 57
2024-03-12 16:04:54.861 worker_log:737 412920 MainThread [INFO]  Completed executor task 57
2024-03-12 16:04:54.862 worker_log:748 412920 MainThread [INFO]  All processing finished for executor task 57
2024-03-12 16:05:13.290 worker_log:721 412920 MainThread [INFO]  Received executor task 66
2024-03-12 16:05:15.480 worker_log:737 412920 MainThread [INFO]  Completed executor task 66
2024-03-12 16:05:15.481 worker_log:748 412920 MainThread [INFO]  All processing finished for executor task 66
2024-03-12 16:05:45.701 worker_log:721 412920 MainThread [INFO]  Received executor task 79
2024-03-12 16:05:48.000 worker_log:737 412920 MainThread [INFO]  Completed executor task 79
2024-03-12 16:05:48.001 worker_log:748 412920 MainThread [INFO]  All processing finished for executor task 79
2024-03-12 16:06:14.208 worker_log:721 412920 MainThread [INFO]  Received executor task 91
2024-03-12 16:06:16.498 worker_log:737 412920 MainThread [INFO]  Completed executor task 91
2024-03-12 16:06:16.499 worker_log:748 412920 MainThread [INFO]  All processing finished for executor task 91
2024-03-12 16:06:38.499 worker_log:721 412920 MainThread [INFO]  Received executor task 102
2024-03-12 16:06:40.606 worker_log:737 412920 MainThread [INFO]  Completed executor task 102
2024-03-12 16:06:40.607 worker_log:748 412920 MainThread [INFO]  All processing finished for executor task 102
2024-03-12 16:07:48.544 worker_log:721 412920 MainThread [INFO]  Received executor task 134
2024-03-12 16:07:50.681 worker_log:737 412920 MainThread [INFO]  Completed executor task 134
2024-03-12 16:07:50.682 worker_log:748 412920 MainThread [INFO]  All processing finished for executor task 134
2024-03-12 16:08:14.662 worker_log:721 412920 MainThread [INFO]  Received executor task 146
2024-03-12 16:08:16.515 worker_log:737 412920 MainThread [INFO]  Completed executor task 146
2024-03-12 16:08:16.516 worker_log:748 412920 MainThread [INFO]  All processing finished for executor task 146
2024-03-12 16:08:33.064 worker_log:721 412920 MainThread [INFO]  Received executor task 154
2024-03-12 16:08:35.325 worker_log:737 412920 MainThread [INFO]  Completed executor task 154
2024-03-12 16:08:35.326 worker_log:748 412920 MainThread [INFO]  All processing finished for executor task 154
2024-03-12 16:08:45.889 worker_log:721 412920 MainThread [INFO]  Received executor task 159
2024-03-12 16:08:48.158 worker_log:737 412920 MainThread [INFO]  Completed executor task 159
2024-03-12 16:08:48.159 worker_log:748 412920 MainThread [INFO]  All processing finished for executor task 159
2024-03-12 16:09:42.276 worker_log:721 412920 MainThread [INFO]  Received executor task 181
2024-03-12 16:09:44.702 worker_log:737 412920 MainThread [INFO]  Completed executor task 181
2024-03-12 16:09:44.703 worker_log:748 412920 MainThread [INFO]  All processing finished for executor task 181
2024-03-12 16:09:55.217 worker_log:721 412920 MainThread [INFO]  Received executor task 186
2024-03-12 16:09:57.585 worker_log:737 412920 MainThread [INFO]  Completed executor task 186
2024-03-12 16:09:57.586 worker_log:748 412920 MainThread [INFO]  All processing finished for executor task 186
2024-03-12 16:10:26.088 worker_log:721 412920 MainThread [INFO]  Received executor task 198
2024-03-12 16:10:28.529 worker_log:737 412920 MainThread [INFO]  Completed executor task 198
2024-03-12 16:10:28.530 worker_log:748 412920 MainThread [INFO]  All processing finished for executor task 198
