2024-03-12 16:34:47.263 worker_log:636 424435 MainThread [INFO]  Worker 16 started
2024-03-12 16:34:47.263 worker_log:638 424435 MainThread [DEBUG]  Debug logging enabled
2024-03-12 16:35:01.505 worker_log:721 424435 MainThread [INFO]  Received executor task 49
2024-03-12 16:35:01.578 worker_log:737 424435 MainThread [INFO]  Completed executor task 49
2024-03-12 16:35:01.580 worker_log:748 424435 MainThread [INFO]  All processing finished for executor task 49
2024-03-12 16:35:03.873 worker_log:721 424435 MainThread [INFO]  Received executor task 57
2024-03-12 16:35:03.979 worker_log:737 424435 MainThread [INFO]  Completed executor task 57
2024-03-12 16:35:03.980 worker_log:748 424435 MainThread [INFO]  All processing finished for executor task 57
2024-03-12 16:35:10.230 worker_log:721 424435 MainThread [INFO]  Received executor task 78
2024-03-12 16:35:10.335 worker_log:737 424435 MainThread [INFO]  Completed executor task 78
2024-03-12 16:35:10.336 worker_log:748 424435 MainThread [INFO]  All processing finished for executor task 78
2024-03-12 16:35:16.620 worker_log:721 424435 MainThread [INFO]  Received executor task 99
2024-03-12 16:35:16.724 worker_log:737 424435 MainThread [INFO]  Completed executor task 99
2024-03-12 16:35:16.724 worker_log:748 424435 MainThread [INFO]  All processing finished for executor task 99
2024-03-12 16:35:19.017 worker_log:721 424435 MainThread [INFO]  Received executor task 106
2024-03-12 16:35:19.182 worker_log:737 424435 MainThread [INFO]  Completed executor task 106
2024-03-12 16:35:19.183 worker_log:748 424435 MainThread [INFO]  All processing finished for executor task 106
2024-03-12 16:35:23.427 worker_log:721 424435 MainThread [INFO]  Received executor task 118
2024-03-12 16:35:23.590 worker_log:737 424435 MainThread [INFO]  Completed executor task 118
2024-03-12 16:35:23.591 worker_log:748 424435 MainThread [INFO]  All processing finished for executor task 118
2024-03-12 16:35:54.842 worker_log:721 424435 MainThread [INFO]  Received executor task 167
2024-03-12 16:35:55.907 worker_log:737 424435 MainThread [INFO]  Completed executor task 167
2024-03-12 16:35:55.908 worker_log:748 424435 MainThread [INFO]  All processing finished for executor task 167
2024-03-12 16:36:15.169 worker_log:721 424435 MainThread [INFO]  Received executor task 183
2024-03-12 16:36:16.235 worker_log:737 424435 MainThread [INFO]  Completed executor task 183
2024-03-12 16:36:16.236 worker_log:748 424435 MainThread [INFO]  All processing finished for executor task 183
