2024-03-12 16:34:47.358 worker_log:636 424444 MainThread [INFO]  Worker 25 started
2024-03-12 16:34:47.358 worker_log:638 424444 MainThread [DEBUG]  Debug logging enabled
2024-03-12 16:34:59.631 worker_log:721 424444 MainThread [INFO]  Received executor task 42
2024-03-12 16:34:59.706 worker_log:737 424444 MainThread [INFO]  Completed executor task 42
2024-03-12 16:34:59.708 worker_log:748 424444 MainThread [INFO]  All processing finished for executor task 42
2024-03-12 16:35:06.017 worker_log:721 424444 MainThread [INFO]  Received executor task 64
2024-03-12 16:35:06.093 worker_log:737 424444 MainThread [INFO]  Completed executor task 64
2024-03-12 16:35:06.094 worker_log:748 424444 MainThread [INFO]  All processing finished for executor task 64
2024-03-12 16:35:12.371 worker_log:721 424444 MainThread [INFO]  Received executor task 85
2024-03-12 16:35:12.476 worker_log:737 424444 MainThread [INFO]  Completed executor task 85
2024-03-12 16:35:12.477 worker_log:748 424444 MainThread [INFO]  All processing finished for executor task 85
2024-03-12 16:35:14.751 worker_log:721 424444 MainThread [INFO]  Received executor task 93
2024-03-12 16:35:14.855 worker_log:737 424444 MainThread [INFO]  Completed executor task 93
2024-03-12 16:35:14.856 worker_log:748 424444 MainThread [INFO]  All processing finished for executor task 93
2024-03-12 16:35:24.866 worker_log:721 424444 MainThread [INFO]  Received executor task 122
2024-03-12 16:35:25.033 worker_log:737 424444 MainThread [INFO]  Completed executor task 122
2024-03-12 16:35:25.033 worker_log:748 424444 MainThread [INFO]  All processing finished for executor task 122
2024-03-12 16:35:33.235 worker_log:721 424444 MainThread [INFO]  Received executor task 145
2024-03-12 16:35:33.395 worker_log:737 424444 MainThread [INFO]  Completed executor task 145
2024-03-12 16:35:33.395 worker_log:748 424444 MainThread [INFO]  All processing finished for executor task 145
