2024-03-12 16:34:47.262 worker_log:636 424431 MainThread [INFO]  Worker 12 started
2024-03-12 16:34:47.262 worker_log:638 424431 MainThread [DEBUG]  Debug logging enabled
2024-03-12 16:35:01.226 worker_log:721 424431 MainThread [INFO]  Received executor task 48
2024-03-12 16:35:01.298 worker_log:737 424431 MainThread [INFO]  Completed executor task 48
2024-03-12 16:35:01.299 worker_log:748 424431 MainThread [INFO]  All processing finished for executor task 48
2024-03-12 16:35:09.609 worker_log:721 424431 MainThread [INFO]  Received executor task 76
2024-03-12 16:35:09.711 worker_log:737 424431 MainThread [INFO]  Completed executor task 76
2024-03-12 16:35:09.712 worker_log:748 424431 MainThread [INFO]  All processing finished for executor task 76
2024-03-12 16:35:16.004 worker_log:721 424431 MainThread [INFO]  Received executor task 97
2024-03-12 16:35:16.105 worker_log:737 424431 MainThread [INFO]  Completed executor task 97
2024-03-12 16:35:16.106 worker_log:748 424431 MainThread [INFO]  All processing finished for executor task 97
2024-03-12 16:35:26.348 worker_log:721 424431 MainThread [INFO]  Received executor task 126
2024-03-12 16:35:26.512 worker_log:737 424431 MainThread [INFO]  Completed executor task 126
2024-03-12 16:35:26.513 worker_log:748 424431 MainThread [INFO]  All processing finished for executor task 126
2024-03-12 16:35:28.867 worker_log:721 424431 MainThread [INFO]  Received executor task 133
2024-03-12 16:35:29.028 worker_log:737 424431 MainThread [INFO]  Completed executor task 133
2024-03-12 16:35:29.028 worker_log:748 424431 MainThread [INFO]  All processing finished for executor task 133
2024-03-12 16:35:42.137 worker_log:721 424431 MainThread [INFO]  Received executor task 157
2024-03-12 16:35:43.204 worker_log:737 424431 MainThread [INFO]  Completed executor task 157
2024-03-12 16:35:43.205 worker_log:748 424431 MainThread [INFO]  All processing finished for executor task 157
