2024-03-12 16:34:47.311 worker_log:636 424441 MainThread [INFO]  Worker 22 started
2024-03-12 16:34:47.311 worker_log:638 424441 MainThread [DEBUG]  Debug logging enabled
2024-03-12 16:35:21.595 worker_log:721 424441 MainThread [INFO]  Received executor task 113
2024-03-12 16:35:21.757 worker_log:737 424441 MainThread [INFO]  Completed executor task 113
2024-03-12 16:35:21.758 worker_log:748 424441 MainThread [INFO]  All processing finished for executor task 113
2024-03-12 16:35:25.985 worker_log:721 424441 MainThread [INFO]  Received executor task 125
2024-03-12 16:35:26.143 worker_log:737 424441 MainThread [INFO]  Completed executor task 125
2024-03-12 16:35:26.143 worker_log:748 424441 MainThread [INFO]  All processing finished for executor task 125
2024-03-12 16:35:28.499 worker_log:721 424441 MainThread [INFO]  Received executor task 132
2024-03-12 16:35:28.662 worker_log:737 424441 MainThread [INFO]  Completed executor task 132
2024-03-12 16:35:28.663 worker_log:748 424441 MainThread [INFO]  All processing finished for executor task 132
2024-03-12 16:35:49.763 worker_log:721 424441 MainThread [INFO]  Received executor task 163
2024-03-12 16:35:50.825 worker_log:737 424441 MainThread [INFO]  Completed executor task 163
2024-03-12 16:35:50.826 worker_log:748 424441 MainThread [INFO]  All processing finished for executor task 163
2024-03-12 16:36:10.087 worker_log:721 424441 MainThread [INFO]  Received executor task 179
2024-03-12 16:36:11.154 worker_log:737 424441 MainThread [INFO]  Completed executor task 179
2024-03-12 16:36:11.155 worker_log:748 424441 MainThread [INFO]  All processing finished for executor task 179
2024-03-12 16:36:30.422 worker_log:721 424441 MainThread [INFO]  Received executor task 195
2024-03-12 16:36:31.486 worker_log:737 424441 MainThread [INFO]  Completed executor task 195
2024-03-12 16:36:31.487 worker_log:748 424441 MainThread [INFO]  All processing finished for executor task 195
2024-03-12 16:36:36.704 worker_log:721 424441 MainThread [INFO]  Received executor task 200
2024-03-12 16:36:37.768 worker_log:737 424441 MainThread [INFO]  Completed executor task 200
2024-03-12 16:36:37.769 worker_log:748 424441 MainThread [INFO]  All processing finished for executor task 200
