2024-03-12 16:34:47.312 worker_log:636 424466 MainThread [INFO]  Worker 47 started
2024-03-12 16:34:47.312 worker_log:638 424466 MainThread [DEBUG]  Debug logging enabled
2024-03-12 16:35:31.442 worker_log:721 424466 MainThread [INFO]  Received executor task 140
2024-03-12 16:35:31.602 worker_log:737 424466 MainThread [INFO]  Completed executor task 140
2024-03-12 16:35:31.604 worker_log:748 424466 MainThread [INFO]  All processing finished for executor task 140
2024-03-12 16:35:33.969 worker_log:721 424466 MainThread [INFO]  Received executor task 147
2024-03-12 16:35:34.130 worker_log:737 424466 MainThread [INFO]  Completed executor task 147
2024-03-12 16:35:34.131 worker_log:748 424466 MainThread [INFO]  All processing finished for executor task 147
2024-03-12 16:35:37.083 worker_log:721 424466 MainThread [INFO]  Received executor task 153
2024-03-12 16:35:38.146 worker_log:737 424466 MainThread [INFO]  Completed executor task 153
2024-03-12 16:35:38.147 worker_log:748 424466 MainThread [INFO]  All processing finished for executor task 153
2024-03-12 16:35:43.410 worker_log:721 424466 MainThread [INFO]  Received executor task 158
2024-03-12 16:35:44.475 worker_log:737 424466 MainThread [INFO]  Completed executor task 158
2024-03-12 16:35:44.476 worker_log:748 424466 MainThread [INFO]  All processing finished for executor task 158
2024-03-12 16:36:03.735 worker_log:721 424466 MainThread [INFO]  Received executor task 174
2024-03-12 16:36:04.801 worker_log:737 424466 MainThread [INFO]  Completed executor task 174
2024-03-12 16:36:04.802 worker_log:748 424466 MainThread [INFO]  All processing finished for executor task 174
2024-03-12 16:36:24.065 worker_log:721 424466 MainThread [INFO]  Received executor task 190
2024-03-12 16:36:25.130 worker_log:737 424466 MainThread [INFO]  Completed executor task 190
2024-03-12 16:36:25.131 worker_log:748 424466 MainThread [INFO]  All processing finished for executor task 190
