2024-03-12 16:34:47.235 worker_log:636 424422 MainThread [INFO]  Worker 3 started
2024-03-12 16:34:47.235 worker_log:638 424422 MainThread [DEBUG]  Debug logging enabled
2024-03-12 16:34:48.770 worker_log:721 424422 MainThread [INFO]  Received executor task 3
2024-03-12 16:34:48.844 worker_log:737 424422 MainThread [INFO]  Completed executor task 3
2024-03-12 16:34:48.846 worker_log:748 424422 MainThread [INFO]  All processing finished for executor task 3
2024-03-12 16:34:50.405 worker_log:721 424422 MainThread [INFO]  Received executor task 9
2024-03-12 16:34:50.478 worker_log:737 424422 MainThread [INFO]  Completed executor task 9
2024-03-12 16:34:50.479 worker_log:748 424422 MainThread [INFO]  All processing finished for executor task 9
2024-03-12 16:34:52.362 worker_log:721 424422 MainThread [INFO]  Received executor task 16
2024-03-12 16:34:52.436 worker_log:737 424422 MainThread [INFO]  Completed executor task 16
2024-03-12 16:34:52.437 worker_log:748 424422 MainThread [INFO]  All processing finished for executor task 16
2024-03-12 16:34:54.314 worker_log:721 424422 MainThread [INFO]  Received executor task 23
2024-03-12 16:34:54.386 worker_log:737 424422 MainThread [INFO]  Completed executor task 23
2024-03-12 16:34:54.387 worker_log:748 424422 MainThread [INFO]  All processing finished for executor task 23
2024-03-12 16:35:00.403 worker_log:721 424422 MainThread [INFO]  Received executor task 45
2024-03-12 16:35:00.475 worker_log:737 424422 MainThread [INFO]  Completed executor task 45
2024-03-12 16:35:00.476 worker_log:748 424422 MainThread [INFO]  All processing finished for executor task 45
2024-03-12 16:35:02.616 worker_log:721 424422 MainThread [INFO]  Received executor task 53
2024-03-12 16:35:02.723 worker_log:737 424422 MainThread [INFO]  Completed executor task 53
2024-03-12 16:35:02.724 worker_log:748 424422 MainThread [INFO]  All processing finished for executor task 53
2024-03-12 16:35:06.889 worker_log:721 424422 MainThread [INFO]  Received executor task 67
2024-03-12 16:35:06.994 worker_log:737 424422 MainThread [INFO]  Completed executor task 67
2024-03-12 16:35:06.995 worker_log:748 424422 MainThread [INFO]  All processing finished for executor task 67
2024-03-12 16:35:11.135 worker_log:721 424422 MainThread [INFO]  Received executor task 81
2024-03-12 16:35:11.239 worker_log:737 424422 MainThread [INFO]  Completed executor task 81
2024-03-12 16:35:11.240 worker_log:748 424422 MainThread [INFO]  All processing finished for executor task 81
2024-03-12 16:35:15.375 worker_log:721 424422 MainThread [INFO]  Received executor task 95
2024-03-12 16:35:15.484 worker_log:737 424422 MainThread [INFO]  Completed executor task 95
2024-03-12 16:35:15.485 worker_log:748 424422 MainThread [INFO]  All processing finished for executor task 95
2024-03-12 16:35:31.809 worker_log:721 424422 MainThread [INFO]  Received executor task 141
2024-03-12 16:35:31.961 worker_log:737 424422 MainThread [INFO]  Completed executor task 141
2024-03-12 16:35:31.961 worker_log:748 424422 MainThread [INFO]  All processing finished for executor task 141
2024-03-12 16:36:01.195 worker_log:721 424422 MainThread [INFO]  Received executor task 172
2024-03-12 16:36:02.260 worker_log:737 424422 MainThread [INFO]  Completed executor task 172
2024-03-12 16:36:02.261 worker_log:748 424422 MainThread [INFO]  All processing finished for executor task 172
2024-03-12 16:36:21.524 worker_log:721 424422 MainThread [INFO]  Received executor task 188
2024-03-12 16:36:22.590 worker_log:737 424422 MainThread [INFO]  Completed executor task 188
2024-03-12 16:36:22.590 worker_log:748 424422 MainThread [INFO]  All processing finished for executor task 188
