2024-03-12 16:34:47.231 worker_log:636 424426 MainThread [INFO]  Worker 7 started
2024-03-12 16:34:47.232 worker_log:638 424426 MainThread [DEBUG]  Debug logging enabled
2024-03-12 16:34:48.489 worker_log:721 424426 MainThread [INFO]  Received executor task 2
2024-03-12 16:34:48.563 worker_log:737 424426 MainThread [INFO]  Completed executor task 2
2024-03-12 16:34:48.564 worker_log:748 424426 MainThread [INFO]  All processing finished for executor task 2
2024-03-12 16:34:50.126 worker_log:721 424426 MainThread [INFO]  Received executor task 8
2024-03-12 16:34:50.199 worker_log:737 424426 MainThread [INFO]  Completed executor task 8
2024-03-12 16:34:50.200 worker_log:748 424426 MainThread [INFO]  All processing finished for executor task 8
2024-03-12 16:34:52.084 worker_log:721 424426 MainThread [INFO]  Received executor task 15
2024-03-12 16:34:52.156 worker_log:737 424426 MainThread [INFO]  Completed executor task 15
2024-03-12 16:34:52.157 worker_log:748 424426 MainThread [INFO]  All processing finished for executor task 15
2024-03-12 16:34:56.271 worker_log:721 424426 MainThread [INFO]  Received executor task 30
2024-03-12 16:34:56.344 worker_log:737 424426 MainThread [INFO]  Completed executor task 30
2024-03-12 16:34:56.345 worker_log:748 424426 MainThread [INFO]  All processing finished for executor task 30
2024-03-12 16:34:58.514 worker_log:721 424426 MainThread [INFO]  Received executor task 38
2024-03-12 16:34:58.588 worker_log:737 424426 MainThread [INFO]  Completed executor task 38
2024-03-12 16:34:58.589 worker_log:748 424426 MainThread [INFO]  All processing finished for executor task 38
2024-03-12 16:35:04.754 worker_log:721 424426 MainThread [INFO]  Received executor task 60
2024-03-12 16:35:04.869 worker_log:737 424426 MainThread [INFO]  Completed executor task 60
2024-03-12 16:35:04.870 worker_log:748 424426 MainThread [INFO]  All processing finished for executor task 60
2024-03-12 16:35:08.999 worker_log:721 424426 MainThread [INFO]  Received executor task 74
2024-03-12 16:35:09.091 worker_log:737 424426 MainThread [INFO]  Completed executor task 74
2024-03-12 16:35:09.092 worker_log:748 424426 MainThread [INFO]  All processing finished for executor task 74
2024-03-12 16:35:13.239 worker_log:721 424426 MainThread [INFO]  Received executor task 88
2024-03-12 16:35:13.343 worker_log:737 424426 MainThread [INFO]  Completed executor task 88
2024-03-12 16:35:13.344 worker_log:748 424426 MainThread [INFO]  All processing finished for executor task 88
2024-03-12 16:36:26.608 worker_log:721 424426 MainThread [INFO]  Received executor task 192
2024-03-12 16:36:27.674 worker_log:737 424426 MainThread [INFO]  Completed executor task 192
2024-03-12 16:36:27.675 worker_log:748 424426 MainThread [INFO]  All processing finished for executor task 192
