2024-03-12 16:34:47.235 worker_log:636 424427 MainThread [INFO]  Worker 8 started
2024-03-12 16:34:47.235 worker_log:638 424427 MainThread [DEBUG]  Debug logging enabled
2024-03-12 16:34:49.052 worker_log:721 424427 MainThread [INFO]  Received executor task 4
2024-03-12 16:34:49.123 worker_log:737 424427 MainThread [INFO]  Completed executor task 4
2024-03-12 16:34:49.124 worker_log:748 424427 MainThread [INFO]  All processing finished for executor task 4
2024-03-12 16:34:50.684 worker_log:721 424427 MainThread [INFO]  Received executor task 10
2024-03-12 16:34:50.755 worker_log:737 424427 MainThread [INFO]  Completed executor task 10
2024-03-12 16:34:50.756 worker_log:748 424427 MainThread [INFO]  All processing finished for executor task 10
2024-03-12 16:34:52.641 worker_log:721 424427 MainThread [INFO]  Received executor task 17
2024-03-12 16:34:52.713 worker_log:737 424427 MainThread [INFO]  Completed executor task 17
2024-03-12 16:34:52.713 worker_log:748 424427 MainThread [INFO]  All processing finished for executor task 17
2024-03-12 16:34:54.591 worker_log:721 424427 MainThread [INFO]  Received executor task 24
2024-03-12 16:34:54.666 worker_log:737 424427 MainThread [INFO]  Completed executor task 24
2024-03-12 16:34:54.667 worker_log:748 424427 MainThread [INFO]  All processing finished for executor task 24
2024-03-12 16:34:56.551 worker_log:721 424427 MainThread [INFO]  Received executor task 31
2024-03-12 16:34:56.621 worker_log:737 424427 MainThread [INFO]  Completed executor task 31
2024-03-12 16:34:56.622 worker_log:748 424427 MainThread [INFO]  All processing finished for executor task 31
2024-03-12 16:34:58.794 worker_log:721 424427 MainThread [INFO]  Received executor task 39
2024-03-12 16:34:58.863 worker_log:737 424427 MainThread [INFO]  Completed executor task 39
2024-03-12 16:34:58.863 worker_log:748 424427 MainThread [INFO]  All processing finished for executor task 39
2024-03-12 16:35:00.681 worker_log:721 424427 MainThread [INFO]  Received executor task 46
2024-03-12 16:35:00.741 worker_log:737 424427 MainThread [INFO]  Completed executor task 46
2024-03-12 16:35:00.741 worker_log:748 424427 MainThread [INFO]  All processing finished for executor task 46
2024-03-12 16:35:02.928 worker_log:721 424427 MainThread [INFO]  Received executor task 54
2024-03-12 16:35:03.042 worker_log:737 424427 MainThread [INFO]  Completed executor task 54
2024-03-12 16:35:03.043 worker_log:748 424427 MainThread [INFO]  All processing finished for executor task 54
2024-03-12 16:35:07.199 worker_log:721 424427 MainThread [INFO]  Received executor task 68
2024-03-12 16:35:07.271 worker_log:737 424427 MainThread [INFO]  Completed executor task 68
2024-03-12 16:35:07.271 worker_log:748 424427 MainThread [INFO]  All processing finished for executor task 68
2024-03-12 16:35:11.444 worker_log:721 424427 MainThread [INFO]  Received executor task 82
2024-03-12 16:35:11.547 worker_log:737 424427 MainThread [INFO]  Completed executor task 82
2024-03-12 16:35:11.548 worker_log:748 424427 MainThread [INFO]  All processing finished for executor task 82
2024-03-12 16:35:13.861 worker_log:721 424427 MainThread [INFO]  Received executor task 90
2024-03-12 16:35:13.933 worker_log:737 424427 MainThread [INFO]  Completed executor task 90
2024-03-12 16:35:13.934 worker_log:748 424427 MainThread [INFO]  All processing finished for executor task 90
2024-03-12 16:35:18.280 worker_log:721 424427 MainThread [INFO]  Received executor task 104
2024-03-12 16:35:18.443 worker_log:737 424427 MainThread [INFO]  Completed executor task 104
2024-03-12 16:35:18.444 worker_log:748 424427 MainThread [INFO]  All processing finished for executor task 104
2024-03-12 16:35:22.697 worker_log:721 424427 MainThread [INFO]  Received executor task 116
2024-03-12 16:35:22.856 worker_log:737 424427 MainThread [INFO]  Completed executor task 116
2024-03-12 16:35:22.857 worker_log:748 424427 MainThread [INFO]  All processing finished for executor task 116
2024-03-12 16:35:27.087 worker_log:721 424427 MainThread [INFO]  Received executor task 128
2024-03-12 16:35:27.251 worker_log:737 424427 MainThread [INFO]  Completed executor task 128
2024-03-12 16:35:27.252 worker_log:748 424427 MainThread [INFO]  All processing finished for executor task 128
2024-03-12 16:35:29.604 worker_log:721 424427 MainThread [INFO]  Received executor task 135
2024-03-12 16:35:29.765 worker_log:737 424427 MainThread [INFO]  Completed executor task 135
2024-03-12 16:35:29.766 worker_log:748 424427 MainThread [INFO]  All processing finished for executor task 135
2024-03-12 16:35:51.031 worker_log:721 424427 MainThread [INFO]  Received executor task 164
2024-03-12 16:35:52.095 worker_log:737 424427 MainThread [INFO]  Completed executor task 164
2024-03-12 16:35:52.096 worker_log:748 424427 MainThread [INFO]  All processing finished for executor task 164
2024-03-12 16:36:11.360 worker_log:721 424427 MainThread [INFO]  Received executor task 180
2024-03-12 16:36:12.422 worker_log:737 424427 MainThread [INFO]  Completed executor task 180
2024-03-12 16:36:12.423 worker_log:748 424427 MainThread [INFO]  All processing finished for executor task 180
2024-03-12 16:36:31.692 worker_log:721 424427 MainThread [INFO]  Received executor task 196
2024-03-12 16:36:32.756 worker_log:737 424427 MainThread [INFO]  Completed executor task 196
2024-03-12 16:36:32.757 worker_log:748 424427 MainThread [INFO]  All processing finished for executor task 196
2024-03-12 16:36:37.974 worker_log:721 424427 MainThread [INFO]  Received executor task 201
2024-03-12 16:36:39.039 worker_log:737 424427 MainThread [INFO]  Completed executor task 201
2024-03-12 16:36:39.040 worker_log:748 424427 MainThread [INFO]  All processing finished for executor task 201
