2024-03-12 16:34:47.260 worker_log:636 424433 MainThread [INFO]  Worker 14 started
2024-03-12 16:34:47.260 worker_log:638 424433 MainThread [DEBUG]  Debug logging enabled
2024-03-12 16:34:55.153 worker_log:721 424433 MainThread [INFO]  Received executor task 26
2024-03-12 16:34:55.227 worker_log:737 424433 MainThread [INFO]  Completed executor task 26
2024-03-12 16:34:55.228 worker_log:748 424433 MainThread [INFO]  All processing finished for executor task 26
2024-03-12 16:34:57.105 worker_log:721 424433 MainThread [INFO]  Received executor task 33
2024-03-12 16:34:57.177 worker_log:737 424433 MainThread [INFO]  Completed executor task 33
2024-03-12 16:34:57.177 worker_log:748 424433 MainThread [INFO]  All processing finished for executor task 33
2024-03-12 16:34:59.069 worker_log:721 424433 MainThread [INFO]  Received executor task 40
2024-03-12 16:34:59.142 worker_log:737 424433 MainThread [INFO]  Completed executor task 40
2024-03-12 16:34:59.143 worker_log:748 424433 MainThread [INFO]  All processing finished for executor task 40
2024-03-12 16:35:05.388 worker_log:721 424433 MainThread [INFO]  Received executor task 62
2024-03-12 16:35:05.496 worker_log:737 424433 MainThread [INFO]  Completed executor task 62
2024-03-12 16:35:05.497 worker_log:748 424433 MainThread [INFO]  All processing finished for executor task 62
2024-03-12 16:35:07.789 worker_log:721 424433 MainThread [INFO]  Received executor task 70
2024-03-12 16:35:07.894 worker_log:737 424433 MainThread [INFO]  Completed executor task 70
2024-03-12 16:35:07.894 worker_log:748 424433 MainThread [INFO]  All processing finished for executor task 70
2024-03-12 16:35:12.062 worker_log:721 424433 MainThread [INFO]  Received executor task 84
2024-03-12 16:35:12.165 worker_log:737 424433 MainThread [INFO]  Completed executor task 84
2024-03-12 16:35:12.166 worker_log:748 424433 MainThread [INFO]  All processing finished for executor task 84
2024-03-12 16:35:16.311 worker_log:721 424433 MainThread [INFO]  Received executor task 98
2024-03-12 16:35:16.414 worker_log:737 424433 MainThread [INFO]  Completed executor task 98
2024-03-12 16:35:16.415 worker_log:748 424433 MainThread [INFO]  All processing finished for executor task 98
2024-03-12 16:35:18.649 worker_log:721 424433 MainThread [INFO]  Received executor task 105
2024-03-12 16:35:18.811 worker_log:737 424433 MainThread [INFO]  Completed executor task 105
2024-03-12 16:35:18.812 worker_log:748 424433 MainThread [INFO]  All processing finished for executor task 105
2024-03-12 16:35:23.062 worker_log:721 424433 MainThread [INFO]  Received executor task 117
2024-03-12 16:35:23.222 worker_log:737 424433 MainThread [INFO]  Completed executor task 117
2024-03-12 16:35:23.223 worker_log:748 424433 MainThread [INFO]  All processing finished for executor task 117
2024-03-12 16:35:27.457 worker_log:721 424433 MainThread [INFO]  Received executor task 129
2024-03-12 16:35:27.617 worker_log:737 424433 MainThread [INFO]  Completed executor task 129
2024-03-12 16:35:27.618 worker_log:748 424433 MainThread [INFO]  All processing finished for executor task 129
2024-03-12 16:35:29.970 worker_log:721 424433 MainThread [INFO]  Received executor task 136
2024-03-12 16:35:30.131 worker_log:737 424433 MainThread [INFO]  Completed executor task 136
2024-03-12 16:35:30.131 worker_log:748 424433 MainThread [INFO]  All processing finished for executor task 136
2024-03-12 16:35:57.383 worker_log:721 424433 MainThread [INFO]  Received executor task 169
2024-03-12 16:35:58.449 worker_log:737 424433 MainThread [INFO]  Completed executor task 169
2024-03-12 16:35:58.450 worker_log:748 424433 MainThread [INFO]  All processing finished for executor task 169
2024-03-12 16:36:17.712 worker_log:721 424433 MainThread [INFO]  Received executor task 185
2024-03-12 16:36:18.776 worker_log:737 424433 MainThread [INFO]  Completed executor task 185
2024-03-12 16:36:18.777 worker_log:748 424433 MainThread [INFO]  All processing finished for executor task 185
