2024-03-12 16:34:47.294 worker_log:636 424438 MainThread [INFO]  Worker 19 started
2024-03-12 16:34:47.294 worker_log:638 424438 MainThread [DEBUG]  Debug logging enabled
2024-03-12 16:35:13.549 worker_log:721 424438 MainThread [INFO]  Received executor task 89
2024-03-12 16:35:13.655 worker_log:737 424438 MainThread [INFO]  Completed executor task 89
2024-03-12 16:35:13.656 worker_log:748 424438 MainThread [INFO]  All processing finished for executor task 89
2024-03-12 16:35:17.910 worker_log:721 424438 MainThread [INFO]  Received executor task 103
2024-03-12 16:35:18.075 worker_log:737 424438 MainThread [INFO]  Completed executor task 103
2024-03-12 16:35:18.076 worker_log:748 424438 MainThread [INFO]  All processing finished for executor task 103
2024-03-12 16:35:22.329 worker_log:721 424438 MainThread [INFO]  Received executor task 115
2024-03-12 16:35:22.492 worker_log:737 424438 MainThread [INFO]  Completed executor task 115
2024-03-12 16:35:22.492 worker_log:748 424438 MainThread [INFO]  All processing finished for executor task 115
2024-03-12 16:35:30.706 worker_log:721 424438 MainThread [INFO]  Received executor task 138
2024-03-12 16:35:30.866 worker_log:737 424438 MainThread [INFO]  Completed executor task 138
2024-03-12 16:35:30.867 worker_log:748 424438 MainThread [INFO]  All processing finished for executor task 138
2024-03-12 16:35:35.073 worker_log:721 424438 MainThread [INFO]  Received executor task 150
2024-03-12 16:35:35.234 worker_log:737 424438 MainThread [INFO]  Completed executor task 150
2024-03-12 16:35:35.235 worker_log:748 424438 MainThread [INFO]  All processing finished for executor task 150
2024-03-12 16:35:48.491 worker_log:721 424438 MainThread [INFO]  Received executor task 162
2024-03-12 16:35:49.557 worker_log:737 424438 MainThread [INFO]  Completed executor task 162
2024-03-12 16:35:49.558 worker_log:748 424438 MainThread [INFO]  All processing finished for executor task 162
2024-03-12 16:36:08.816 worker_log:721 424438 MainThread [INFO]  Received executor task 178
2024-03-12 16:36:09.882 worker_log:737 424438 MainThread [INFO]  Completed executor task 178
2024-03-12 16:36:09.883 worker_log:748 424438 MainThread [INFO]  All processing finished for executor task 178
