2024-03-12 16:34:47.358 worker_log:636 424450 MainThread [INFO]  Worker 31 started
2024-03-12 16:34:47.358 worker_log:638 424450 MainThread [DEBUG]  Debug logging enabled
2024-03-12 16:34:49.612 worker_log:721 424450 MainThread [INFO]  Received executor task 6
2024-03-12 16:34:49.687 worker_log:737 424450 MainThread [INFO]  Completed executor task 6
2024-03-12 16:34:49.688 worker_log:748 424450 MainThread [INFO]  All processing finished for executor task 6
2024-03-12 16:34:51.804 worker_log:721 424450 MainThread [INFO]  Received executor task 14
2024-03-12 16:34:51.878 worker_log:737 424450 MainThread [INFO]  Completed executor task 14
2024-03-12 16:34:51.879 worker_log:748 424450 MainThread [INFO]  All processing finished for executor task 14
2024-03-12 16:34:55.990 worker_log:721 424450 MainThread [INFO]  Received executor task 29
2024-03-12 16:34:56.066 worker_log:737 424450 MainThread [INFO]  Completed executor task 29
2024-03-12 16:34:56.066 worker_log:748 424450 MainThread [INFO]  All processing finished for executor task 29
2024-03-12 16:34:58.227 worker_log:721 424450 MainThread [INFO]  Received executor task 37
2024-03-12 16:34:58.307 worker_log:737 424450 MainThread [INFO]  Completed executor task 37
2024-03-12 16:34:58.308 worker_log:748 424450 MainThread [INFO]  All processing finished for executor task 37
2024-03-12 16:35:10.541 worker_log:721 424450 MainThread [INFO]  Received executor task 79
2024-03-12 16:35:10.618 worker_log:737 424450 MainThread [INFO]  Completed executor task 79
2024-03-12 16:35:10.619 worker_log:748 424450 MainThread [INFO]  All processing finished for executor task 79
2024-03-12 16:35:16.929 worker_log:721 424450 MainThread [INFO]  Received executor task 100
2024-03-12 16:35:17.023 worker_log:737 424450 MainThread [INFO]  Completed executor task 100
2024-03-12 16:35:17.023 worker_log:748 424450 MainThread [INFO]  All processing finished for executor task 100
2024-03-12 16:35:19.388 worker_log:721 424450 MainThread [INFO]  Received executor task 107
2024-03-12 16:35:19.551 worker_log:737 424450 MainThread [INFO]  Completed executor task 107
2024-03-12 16:35:19.552 worker_log:748 424450 MainThread [INFO]  All processing finished for executor task 107
2024-03-12 16:35:35.809 worker_log:721 424450 MainThread [INFO]  Received executor task 152
2024-03-12 16:35:36.877 worker_log:737 424450 MainThread [INFO]  Completed executor task 152
2024-03-12 16:35:36.878 worker_log:748 424450 MainThread [INFO]  All processing finished for executor task 152
2024-03-12 16:35:56.113 worker_log:721 424450 MainThread [INFO]  Received executor task 168
2024-03-12 16:35:57.177 worker_log:737 424450 MainThread [INFO]  Completed executor task 168
2024-03-12 16:35:57.178 worker_log:748 424450 MainThread [INFO]  All processing finished for executor task 168
2024-03-12 16:36:16.441 worker_log:721 424450 MainThread [INFO]  Received executor task 184
2024-03-12 16:36:17.506 worker_log:737 424450 MainThread [INFO]  Completed executor task 184
2024-03-12 16:36:17.507 worker_log:748 424450 MainThread [INFO]  All processing finished for executor task 184
