2024-03-12 16:34:47.256 worker_log:636 424423 MainThread [INFO]  Worker 4 started
2024-03-12 16:34:47.256 worker_log:638 424423 MainThread [DEBUG]  Debug logging enabled
2024-03-12 16:34:51.523 worker_log:721 424423 MainThread [INFO]  Received executor task 13
2024-03-12 16:34:51.597 worker_log:737 424423 MainThread [INFO]  Completed executor task 13
2024-03-12 16:34:51.599 worker_log:748 424423 MainThread [INFO]  All processing finished for executor task 13
2024-03-12 16:34:53.758 worker_log:721 424423 MainThread [INFO]  Received executor task 21
2024-03-12 16:34:53.830 worker_log:737 424423 MainThread [INFO]  Completed executor task 21
2024-03-12 16:34:53.831 worker_log:748 424423 MainThread [INFO]  All processing finished for executor task 21
2024-03-12 16:35:02.059 worker_log:721 424423 MainThread [INFO]  Received executor task 51
2024-03-12 16:35:02.132 worker_log:737 424423 MainThread [INFO]  Completed executor task 51
2024-03-12 16:35:02.133 worker_log:748 424423 MainThread [INFO]  All processing finished for executor task 51
2024-03-12 16:35:04.440 worker_log:721 424423 MainThread [INFO]  Received executor task 59
2024-03-12 16:35:04.549 worker_log:737 424423 MainThread [INFO]  Completed executor task 59
2024-03-12 16:35:04.550 worker_log:748 424423 MainThread [INFO]  All processing finished for executor task 59
2024-03-12 16:35:10.824 worker_log:721 424423 MainThread [INFO]  Received executor task 80
2024-03-12 16:35:10.930 worker_log:737 424423 MainThread [INFO]  Completed executor task 80
2024-03-12 16:35:10.930 worker_log:748 424423 MainThread [INFO]  All processing finished for executor task 80
2024-03-12 16:35:17.229 worker_log:721 424423 MainThread [INFO]  Received executor task 101
2024-03-12 16:35:17.334 worker_log:737 424423 MainThread [INFO]  Completed executor task 101
2024-03-12 16:35:17.335 worker_log:748 424423 MainThread [INFO]  All processing finished for executor task 101
2024-03-12 16:36:02.465 worker_log:721 424423 MainThread [INFO]  Received executor task 173
2024-03-12 16:36:03.530 worker_log:737 424423 MainThread [INFO]  Completed executor task 173
2024-03-12 16:36:03.531 worker_log:748 424423 MainThread [INFO]  All processing finished for executor task 173
2024-03-12 16:36:22.795 worker_log:721 424423 MainThread [INFO]  Received executor task 189
2024-03-12 16:36:23.859 worker_log:737 424423 MainThread [INFO]  Completed executor task 189
2024-03-12 16:36:23.860 worker_log:748 424423 MainThread [INFO]  All processing finished for executor task 189
