2024-03-12 16:34:47.269 worker_log:636 424430 MainThread [INFO]  Worker 11 started
2024-03-12 16:34:47.269 worker_log:638 424430 MainThread [DEBUG]  Debug logging enabled
2024-03-12 16:35:03.563 worker_log:721 424430 MainThread [INFO]  Received executor task 56
2024-03-12 16:35:03.667 worker_log:737 424430 MainThread [INFO]  Completed executor task 56
2024-03-12 16:35:03.669 worker_log:748 424430 MainThread [INFO]  All processing finished for executor task 56
2024-03-12 16:35:09.917 worker_log:721 424430 MainThread [INFO]  Received executor task 77
2024-03-12 16:35:10.022 worker_log:737 424430 MainThread [INFO]  Completed executor task 77
2024-03-12 16:35:10.023 worker_log:748 424430 MainThread [INFO]  All processing finished for executor task 77
2024-03-12 16:35:14.130 worker_log:721 424430 MainThread [INFO]  Received executor task 91
2024-03-12 16:35:14.234 worker_log:737 424430 MainThread [INFO]  Completed executor task 91
2024-03-12 16:35:14.235 worker_log:748 424430 MainThread [INFO]  All processing finished for executor task 91
2024-03-12 16:35:20.489 worker_log:721 424430 MainThread [INFO]  Received executor task 110
2024-03-12 16:35:20.652 worker_log:737 424430 MainThread [INFO]  Completed executor task 110
2024-03-12 16:35:20.653 worker_log:748 424430 MainThread [INFO]  All processing finished for executor task 110
2024-03-12 16:35:34.707 worker_log:721 424430 MainThread [INFO]  Received executor task 149
2024-03-12 16:35:34.867 worker_log:737 424430 MainThread [INFO]  Completed executor task 149
2024-03-12 16:35:34.868 worker_log:748 424430 MainThread [INFO]  All processing finished for executor task 149
2024-03-12 16:35:45.952 worker_log:721 424430 MainThread [INFO]  Received executor task 160
2024-03-12 16:35:47.015 worker_log:737 424430 MainThread [INFO]  Completed executor task 160
2024-03-12 16:35:47.016 worker_log:748 424430 MainThread [INFO]  All processing finished for executor task 160
2024-03-12 16:36:06.277 worker_log:721 424430 MainThread [INFO]  Received executor task 176
2024-03-12 16:36:07.340 worker_log:737 424430 MainThread [INFO]  Completed executor task 176
2024-03-12 16:36:07.341 worker_log:748 424430 MainThread [INFO]  All processing finished for executor task 176
