2024-03-12 16:34:47.294 worker_log:636 424437 MainThread [INFO]  Worker 18 started
2024-03-12 16:34:47.294 worker_log:638 424437 MainThread [DEBUG]  Debug logging enabled
2024-03-12 16:35:17.540 worker_log:721 424437 MainThread [INFO]  Received executor task 102
2024-03-12 16:35:17.704 worker_log:737 424437 MainThread [INFO]  Completed executor task 102
2024-03-12 16:35:17.705 worker_log:748 424437 MainThread [INFO]  All processing finished for executor task 102
2024-03-12 16:35:21.963 worker_log:721 424437 MainThread [INFO]  Received executor task 114
2024-03-12 16:35:22.125 worker_log:737 424437 MainThread [INFO]  Completed executor task 114
2024-03-12 16:35:22.125 worker_log:748 424437 MainThread [INFO]  All processing finished for executor task 114
2024-03-12 16:35:32.134 worker_log:721 424437 MainThread [INFO]  Received executor task 142
2024-03-12 16:35:32.295 worker_log:737 424437 MainThread [INFO]  Completed executor task 142
2024-03-12 16:35:32.296 worker_log:748 424437 MainThread [INFO]  All processing finished for executor task 142
2024-03-12 16:35:34.337 worker_log:721 424437 MainThread [INFO]  Received executor task 148
2024-03-12 16:35:34.502 worker_log:737 424437 MainThread [INFO]  Completed executor task 148
2024-03-12 16:35:34.503 worker_log:748 424437 MainThread [INFO]  All processing finished for executor task 148
2024-03-12 16:35:39.628 worker_log:721 424437 MainThread [INFO]  Received executor task 155
2024-03-12 16:35:40.695 worker_log:737 424437 MainThread [INFO]  Completed executor task 155
2024-03-12 16:35:40.696 worker_log:748 424437 MainThread [INFO]  All processing finished for executor task 155
2024-03-12 16:35:59.927 worker_log:721 424437 MainThread [INFO]  Received executor task 171
2024-03-12 16:36:00.989 worker_log:737 424437 MainThread [INFO]  Completed executor task 171
2024-03-12 16:36:00.990 worker_log:748 424437 MainThread [INFO]  All processing finished for executor task 171
2024-03-12 16:36:20.255 worker_log:721 424437 MainThread [INFO]  Received executor task 187
2024-03-12 16:36:21.318 worker_log:737 424437 MainThread [INFO]  Completed executor task 187
2024-03-12 16:36:21.319 worker_log:748 424437 MainThread [INFO]  All processing finished for executor task 187
