2024-03-12 16:34:47.380 worker_log:636 424456 MainThread [INFO]  Worker 37 started
2024-03-12 16:34:47.381 worker_log:638 424456 MainThread [DEBUG]  Debug logging enabled
2024-03-12 16:34:57.666 worker_log:721 424456 MainThread [INFO]  Received executor task 35
2024-03-12 16:34:57.741 worker_log:737 424456 MainThread [INFO]  Completed executor task 35
2024-03-12 16:34:57.743 worker_log:748 424456 MainThread [INFO]  All processing finished for executor task 35
2024-03-12 16:34:59.913 worker_log:721 424456 MainThread [INFO]  Received executor task 43
2024-03-12 16:34:59.987 worker_log:737 424456 MainThread [INFO]  Completed executor task 43
2024-03-12 16:34:59.988 worker_log:748 424456 MainThread [INFO]  All processing finished for executor task 43
2024-03-12 16:35:04.128 worker_log:721 424456 MainThread [INFO]  Received executor task 58
2024-03-12 16:35:04.235 worker_log:737 424456 MainThread [INFO]  Completed executor task 58
2024-03-12 16:35:04.236 worker_log:748 424456 MainThread [INFO]  All processing finished for executor task 58
2024-03-12 16:35:08.380 worker_log:721 424456 MainThread [INFO]  Received executor task 72
2024-03-12 16:35:08.485 worker_log:737 424456 MainThread [INFO]  Completed executor task 72
2024-03-12 16:35:08.486 worker_log:748 424456 MainThread [INFO]  All processing finished for executor task 72
2024-03-12 16:35:12.681 worker_log:721 424456 MainThread [INFO]  Received executor task 86
2024-03-12 16:35:12.755 worker_log:737 424456 MainThread [INFO]  Completed executor task 86
2024-03-12 16:35:12.756 worker_log:748 424456 MainThread [INFO]  All processing finished for executor task 86
2024-03-12 16:35:15.061 worker_log:721 424456 MainThread [INFO]  Received executor task 94
2024-03-12 16:35:15.169 worker_log:737 424456 MainThread [INFO]  Completed executor task 94
2024-03-12 16:35:15.170 worker_log:748 424456 MainThread [INFO]  All processing finished for executor task 94
2024-03-12 16:35:25.238 worker_log:721 424456 MainThread [INFO]  Received executor task 123
2024-03-12 16:35:25.407 worker_log:737 424456 MainThread [INFO]  Completed executor task 123
2024-03-12 16:35:25.408 worker_log:748 424456 MainThread [INFO]  All processing finished for executor task 123
2024-03-12 16:35:44.681 worker_log:721 424456 MainThread [INFO]  Received executor task 159
2024-03-12 16:35:45.746 worker_log:737 424456 MainThread [INFO]  Completed executor task 159
2024-03-12 16:35:45.747 worker_log:748 424456 MainThread [INFO]  All processing finished for executor task 159
2024-03-12 16:36:05.007 worker_log:721 424456 MainThread [INFO]  Received executor task 175
2024-03-12 16:36:06.071 worker_log:737 424456 MainThread [INFO]  Completed executor task 175
2024-03-12 16:36:06.072 worker_log:748 424456 MainThread [INFO]  All processing finished for executor task 175
2024-03-12 16:36:25.336 worker_log:721 424456 MainThread [INFO]  Received executor task 191
2024-03-12 16:36:26.403 worker_log:737 424456 MainThread [INFO]  Completed executor task 191
2024-03-12 16:36:26.404 worker_log:748 424456 MainThread [INFO]  All processing finished for executor task 191
