2024-03-12 16:34:47.217 worker_log:636 424424 MainThread [INFO]  Worker 5 started
2024-03-12 16:34:47.217 worker_log:638 424424 MainThread [DEBUG]  Debug logging enabled
2024-03-12 16:34:47.218 worker_log:721 424424 MainThread [INFO]  Received executor task 1
2024-03-12 16:34:48.282 worker_log:737 424424 MainThread [INFO]  Completed executor task 1
2024-03-12 16:34:48.283 worker_log:748 424424 MainThread [INFO]  All processing finished for executor task 1
2024-03-12 16:34:49.893 worker_log:721 424424 MainThread [INFO]  Received executor task 7
2024-03-12 16:34:49.967 worker_log:737 424424 MainThread [INFO]  Completed executor task 7
2024-03-12 16:34:49.967 worker_log:748 424424 MainThread [INFO]  All processing finished for executor task 7
2024-03-12 16:34:54.036 worker_log:721 424424 MainThread [INFO]  Received executor task 22
2024-03-12 16:34:54.108 worker_log:737 424424 MainThread [INFO]  Completed executor task 22
2024-03-12 16:34:54.109 worker_log:748 424424 MainThread [INFO]  All processing finished for executor task 22
2024-03-12 16:35:00.127 worker_log:721 424424 MainThread [INFO]  Received executor task 44
2024-03-12 16:35:00.198 worker_log:737 424424 MainThread [INFO]  Completed executor task 44
2024-03-12 16:35:00.199 worker_log:748 424424 MainThread [INFO]  All processing finished for executor task 44
2024-03-12 16:35:02.338 worker_log:721 424424 MainThread [INFO]  Received executor task 52
2024-03-12 16:35:02.410 worker_log:737 424424 MainThread [INFO]  Completed executor task 52
2024-03-12 16:35:02.411 worker_log:748 424424 MainThread [INFO]  All processing finished for executor task 52
2024-03-12 16:35:06.609 worker_log:721 424424 MainThread [INFO]  Received executor task 66
2024-03-12 16:35:06.683 worker_log:737 424424 MainThread [INFO]  Completed executor task 66
2024-03-12 16:35:06.684 worker_log:748 424424 MainThread [INFO]  All processing finished for executor task 66
2024-03-12 16:35:12.961 worker_log:721 424424 MainThread [INFO]  Received executor task 87
2024-03-12 16:35:13.033 worker_log:737 424424 MainThread [INFO]  Completed executor task 87
2024-03-12 16:35:13.034 worker_log:748 424424 MainThread [INFO]  All processing finished for executor task 87
2024-03-12 16:35:21.225 worker_log:721 424424 MainThread [INFO]  Received executor task 112
2024-03-12 16:35:21.388 worker_log:737 424424 MainThread [INFO]  Completed executor task 112
2024-03-12 16:35:21.389 worker_log:748 424424 MainThread [INFO]  All processing finished for executor task 112
