2024-03-12 16:34:47.238 worker_log:636 424429 MainThread [INFO]  Worker 10 started
2024-03-12 16:34:47.238 worker_log:638 424429 MainThread [DEBUG]  Debug logging enabled
2024-03-12 16:34:50.961 worker_log:721 424429 MainThread [INFO]  Received executor task 11
2024-03-12 16:34:51.035 worker_log:737 424429 MainThread [INFO]  Completed executor task 11
2024-03-12 16:34:51.036 worker_log:748 424429 MainThread [INFO]  All processing finished for executor task 11
2024-03-12 16:34:52.918 worker_log:721 424429 MainThread [INFO]  Received executor task 18
2024-03-12 16:34:52.993 worker_log:737 424429 MainThread [INFO]  Completed executor task 18
2024-03-12 16:34:52.994 worker_log:748 424429 MainThread [INFO]  All processing finished for executor task 18
2024-03-12 16:34:54.872 worker_log:721 424429 MainThread [INFO]  Received executor task 25
2024-03-12 16:34:54.946 worker_log:737 424429 MainThread [INFO]  Completed executor task 25
2024-03-12 16:34:54.947 worker_log:748 424429 MainThread [INFO]  All processing finished for executor task 25
2024-03-12 16:34:56.827 worker_log:721 424429 MainThread [INFO]  Received executor task 32
2024-03-12 16:34:56.899 worker_log:737 424429 MainThread [INFO]  Completed executor task 32
2024-03-12 16:34:56.900 worker_log:748 424429 MainThread [INFO]  All processing finished for executor task 32
2024-03-12 16:35:00.946 worker_log:721 424429 MainThread [INFO]  Received executor task 47
2024-03-12 16:35:01.019 worker_log:737 424429 MainThread [INFO]  Completed executor task 47
2024-03-12 16:35:01.020 worker_log:748 424429 MainThread [INFO]  All processing finished for executor task 47
2024-03-12 16:35:05.075 worker_log:721 424429 MainThread [INFO]  Received executor task 61
2024-03-12 16:35:05.182 worker_log:737 424429 MainThread [INFO]  Completed executor task 61
2024-03-12 16:35:05.183 worker_log:748 424429 MainThread [INFO]  All processing finished for executor task 61
2024-03-12 16:35:09.297 worker_log:721 424429 MainThread [INFO]  Received executor task 75
2024-03-12 16:35:09.403 worker_log:737 424429 MainThread [INFO]  Completed executor task 75
2024-03-12 16:35:09.404 worker_log:748 424429 MainThread [INFO]  All processing finished for executor task 75
2024-03-12 16:35:19.756 worker_log:721 424429 MainThread [INFO]  Received executor task 108
2024-03-12 16:35:19.912 worker_log:737 424429 MainThread [INFO]  Completed executor task 108
2024-03-12 16:35:19.913 worker_log:748 424429 MainThread [INFO]  All processing finished for executor task 108
2024-03-12 16:36:29.150 worker_log:721 424429 MainThread [INFO]  Received executor task 194
2024-03-12 16:36:30.217 worker_log:737 424429 MainThread [INFO]  Completed executor task 194
2024-03-12 16:36:30.218 worker_log:748 424429 MainThread [INFO]  All processing finished for executor task 194
2024-03-12 16:36:35.433 worker_log:721 424429 MainThread [INFO]  Received executor task 199
2024-03-12 16:36:36.498 worker_log:737 424429 MainThread [INFO]  Completed executor task 199
2024-03-12 16:36:36.499 worker_log:748 424429 MainThread [INFO]  All processing finished for executor task 199
