2024-03-12 16:34:47.261 worker_log:636 424432 MainThread [INFO]  Worker 13 started
2024-03-12 16:34:47.261 worker_log:638 424432 MainThread [DEBUG]  Debug logging enabled
2024-03-12 16:34:55.434 worker_log:721 424432 MainThread [INFO]  Received executor task 27
2024-03-12 16:34:55.508 worker_log:737 424432 MainThread [INFO]  Completed executor task 27
2024-03-12 16:34:55.510 worker_log:748 424432 MainThread [INFO]  All processing finished for executor task 27
2024-03-12 16:35:01.785 worker_log:721 424432 MainThread [INFO]  Received executor task 50
2024-03-12 16:35:01.854 worker_log:737 424432 MainThread [INFO]  Completed executor task 50
2024-03-12 16:35:01.855 worker_log:748 424432 MainThread [INFO]  All processing finished for executor task 50
2024-03-12 16:35:24.132 worker_log:721 424432 MainThread [INFO]  Received executor task 120
2024-03-12 16:35:24.297 worker_log:737 424432 MainThread [INFO]  Completed executor task 120
2024-03-12 16:35:24.298 worker_log:748 424432 MainThread [INFO]  All processing finished for executor task 120
2024-03-12 16:35:53.571 worker_log:721 424432 MainThread [INFO]  Received executor task 166
2024-03-12 16:35:54.637 worker_log:737 424432 MainThread [INFO]  Completed executor task 166
2024-03-12 16:35:54.638 worker_log:748 424432 MainThread [INFO]  All processing finished for executor task 166
2024-03-12 16:36:13.898 worker_log:721 424432 MainThread [INFO]  Received executor task 182
2024-03-12 16:36:14.963 worker_log:737 424432 MainThread [INFO]  Completed executor task 182
2024-03-12 16:36:14.964 worker_log:748 424432 MainThread [INFO]  All processing finished for executor task 182
2024-03-12 16:36:34.161 worker_log:721 424432 MainThread [INFO]  Received executor task 198
2024-03-12 16:36:35.227 worker_log:737 424432 MainThread [INFO]  Completed executor task 198
2024-03-12 16:36:35.228 worker_log:748 424432 MainThread [INFO]  All processing finished for executor task 198
