2024-03-12 16:34:47.257 worker_log:636 424434 MainThread [INFO]  Worker 15 started
2024-03-12 16:34:47.257 worker_log:638 424434 MainThread [DEBUG]  Debug logging enabled
2024-03-12 16:34:53.480 worker_log:721 424434 MainThread [INFO]  Received executor task 20
2024-03-12 16:34:53.552 worker_log:737 424434 MainThread [INFO]  Completed executor task 20
2024-03-12 16:34:53.554 worker_log:748 424434 MainThread [INFO]  All processing finished for executor task 20
2024-03-12 16:34:55.715 worker_log:721 424434 MainThread [INFO]  Received executor task 28
2024-03-12 16:34:55.785 worker_log:737 424434 MainThread [INFO]  Completed executor task 28
2024-03-12 16:34:55.785 worker_log:748 424434 MainThread [INFO]  All processing finished for executor task 28
2024-03-12 16:34:57.947 worker_log:721 424434 MainThread [INFO]  Received executor task 36
2024-03-12 16:34:58.021 worker_log:737 424434 MainThread [INFO]  Completed executor task 36
2024-03-12 16:34:58.022 worker_log:748 424434 MainThread [INFO]  All processing finished for executor task 36
2024-03-12 16:35:06.299 worker_log:721 424434 MainThread [INFO]  Received executor task 65
2024-03-12 16:35:06.404 worker_log:737 424434 MainThread [INFO]  Completed executor task 65
2024-03-12 16:35:06.405 worker_log:748 424434 MainThread [INFO]  All processing finished for executor task 65
2024-03-12 16:35:08.690 worker_log:721 424434 MainThread [INFO]  Received executor task 73
2024-03-12 16:35:08.793 worker_log:737 424434 MainThread [INFO]  Completed executor task 73
2024-03-12 16:35:08.794 worker_log:748 424434 MainThread [INFO]  All processing finished for executor task 73
2024-03-12 16:35:20.858 worker_log:721 424434 MainThread [INFO]  Received executor task 111
2024-03-12 16:35:21.020 worker_log:737 424434 MainThread [INFO]  Completed executor task 111
2024-03-12 16:35:21.021 worker_log:748 424434 MainThread [INFO]  All processing finished for executor task 111
2024-03-12 16:35:31.072 worker_log:721 424434 MainThread [INFO]  Received executor task 139
2024-03-12 16:35:31.235 worker_log:737 424434 MainThread [INFO]  Completed executor task 139
2024-03-12 16:35:31.236 worker_log:748 424434 MainThread [INFO]  All processing finished for executor task 139
2024-03-12 16:35:35.440 worker_log:721 424434 MainThread [INFO]  Received executor task 151
2024-03-12 16:35:35.603 worker_log:737 424434 MainThread [INFO]  Completed executor task 151
2024-03-12 16:35:35.604 worker_log:748 424434 MainThread [INFO]  All processing finished for executor task 151
