2024-03-12 16:00:45.720 worker_log:636 411270 MainThread [INFO]  Worker 13 started
2024-03-12 16:00:45.720 worker_log:638 411270 MainThread [DEBUG]  Debug logging enabled
2024-03-12 16:00:59.930 worker_log:721 411270 MainThread [INFO]  Received executor task 49
2024-03-12 16:01:00.003 worker_log:737 411270 MainThread [INFO]  Completed executor task 49
2024-03-12 16:01:00.005 worker_log:748 411270 MainThread [INFO]  All processing finished for executor task 49
2024-03-12 16:01:02.316 worker_log:721 411270 MainThread [INFO]  Received executor task 57
2024-03-12 16:01:02.421 worker_log:737 411270 MainThread [INFO]  Completed executor task 57
2024-03-12 16:01:02.421 worker_log:748 411270 MainThread [INFO]  All processing finished for executor task 57
2024-03-12 16:01:14.552 worker_log:721 411270 MainThread [INFO]  Received executor task 97
2024-03-12 16:01:14.657 worker_log:737 411270 MainThread [INFO]  Completed executor task 97
2024-03-12 16:01:14.657 worker_log:748 411270 MainThread [INFO]  All processing finished for executor task 97
2024-03-12 16:01:22.983 worker_log:721 411270 MainThread [INFO]  Received executor task 121
2024-03-12 16:01:23.146 worker_log:737 411270 MainThread [INFO]  Completed executor task 121
2024-03-12 16:01:23.147 worker_log:748 411270 MainThread [INFO]  All processing finished for executor task 121
2024-03-12 16:01:25.196 worker_log:721 411270 MainThread [INFO]  Received executor task 127
2024-03-12 16:01:25.358 worker_log:737 411270 MainThread [INFO]  Completed executor task 127
2024-03-12 16:01:25.359 worker_log:748 411270 MainThread [INFO]  All processing finished for executor task 127
2024-03-12 16:01:29.548 worker_log:721 411270 MainThread [INFO]  Received executor task 139
2024-03-12 16:01:29.709 worker_log:737 411270 MainThread [INFO]  Completed executor task 139
2024-03-12 16:01:29.710 worker_log:748 411270 MainThread [INFO]  All processing finished for executor task 139
2024-03-12 16:01:33.931 worker_log:721 411270 MainThread [INFO]  Received executor task 151
2024-03-12 16:01:34.097 worker_log:737 411270 MainThread [INFO]  Completed executor task 151
2024-03-12 16:01:34.098 worker_log:748 411270 MainThread [INFO]  All processing finished for executor task 151
2024-03-12 16:02:07.304 worker_log:721 411270 MainThread [INFO]  Received executor task 178
2024-03-12 16:02:08.370 worker_log:737 411270 MainThread [INFO]  Completed executor task 178
2024-03-12 16:02:08.371 worker_log:748 411270 MainThread [INFO]  All processing finished for executor task 178
2024-03-12 16:02:27.626 worker_log:721 411270 MainThread [INFO]  Received executor task 194
2024-03-12 16:02:28.691 worker_log:737 411270 MainThread [INFO]  Completed executor task 194
2024-03-12 16:02:28.692 worker_log:748 411270 MainThread [INFO]  All processing finished for executor task 194
2024-03-12 16:02:33.916 worker_log:721 411270 MainThread [INFO]  Received executor task 199
2024-03-12 16:02:34.982 worker_log:737 411270 MainThread [INFO]  Completed executor task 199
2024-03-12 16:02:34.983 worker_log:748 411270 MainThread [INFO]  All processing finished for executor task 199
