2024-03-12 16:00:45.717 worker_log:636 411259 MainThread [INFO]  Worker 2 started
2024-03-12 16:00:45.717 worker_log:638 411259 MainThread [DEBUG]  Debug logging enabled
2024-03-12 16:00:53.889 worker_log:721 411259 MainThread [INFO]  Received executor task 27
2024-03-12 16:00:53.963 worker_log:737 411259 MainThread [INFO]  Completed executor task 27
2024-03-12 16:00:53.965 worker_log:748 411259 MainThread [INFO]  All processing finished for executor task 27
2024-03-12 16:01:00.209 worker_log:721 411259 MainThread [INFO]  Received executor task 50
2024-03-12 16:01:00.281 worker_log:737 411259 MainThread [INFO]  Completed executor task 50
2024-03-12 16:01:00.282 worker_log:748 411259 MainThread [INFO]  All processing finished for executor task 50
2024-03-12 16:01:06.574 worker_log:721 411259 MainThread [INFO]  Received executor task 71
2024-03-12 16:01:06.680 worker_log:737 411259 MainThread [INFO]  Completed executor task 71
2024-03-12 16:01:06.681 worker_log:748 411259 MainThread [INFO]  All processing finished for executor task 71
2024-03-12 16:01:10.883 worker_log:721 411259 MainThread [INFO]  Received executor task 85
2024-03-12 16:01:10.988 worker_log:737 411259 MainThread [INFO]  Completed executor task 85
2024-03-12 16:01:10.989 worker_log:748 411259 MainThread [INFO]  All processing finished for executor task 85
2024-03-12 16:01:14.862 worker_log:721 411259 MainThread [INFO]  Received executor task 98
2024-03-12 16:01:14.963 worker_log:737 411259 MainThread [INFO]  Completed executor task 98
2024-03-12 16:01:14.963 worker_log:748 411259 MainThread [INFO]  All processing finished for executor task 98
2024-03-12 16:01:17.199 worker_log:721 411259 MainThread [INFO]  Received executor task 105
2024-03-12 16:01:17.364 worker_log:737 411259 MainThread [INFO]  Completed executor task 105
2024-03-12 16:01:17.365 worker_log:748 411259 MainThread [INFO]  All processing finished for executor task 105
2024-03-12 16:01:19.717 worker_log:721 411259 MainThread [INFO]  Received executor task 112
2024-03-12 16:01:19.879 worker_log:737 411259 MainThread [INFO]  Completed executor task 112
2024-03-12 16:01:19.880 worker_log:748 411259 MainThread [INFO]  All processing finished for executor task 112
