2024-03-12 16:00:45.694 worker_log:636 411274 MainThread [INFO]  Worker 17 started
2024-03-12 16:00:45.694 worker_log:638 411274 MainThread [DEBUG]  Debug logging enabled
2024-03-12 16:00:49.447 worker_log:721 411274 MainThread [INFO]  Received executor task 11
2024-03-12 16:00:49.520 worker_log:737 411274 MainThread [INFO]  Completed executor task 11
2024-03-12 16:00:49.521 worker_log:748 411274 MainThread [INFO]  All processing finished for executor task 11
2024-03-12 16:00:51.396 worker_log:721 411274 MainThread [INFO]  Received executor task 18
2024-03-12 16:00:51.466 worker_log:737 411274 MainThread [INFO]  Completed executor task 18
2024-03-12 16:00:51.467 worker_log:748 411274 MainThread [INFO]  All processing finished for executor task 18
2024-03-12 16:00:53.334 worker_log:721 411274 MainThread [INFO]  Received executor task 25
2024-03-12 16:00:53.406 worker_log:737 411274 MainThread [INFO]  Completed executor task 25
2024-03-12 16:00:53.407 worker_log:748 411274 MainThread [INFO]  All processing finished for executor task 25
2024-03-12 16:00:55.275 worker_log:721 411274 MainThread [INFO]  Received executor task 32
2024-03-12 16:00:55.348 worker_log:737 411274 MainThread [INFO]  Completed executor task 32
2024-03-12 16:00:55.349 worker_log:748 411274 MainThread [INFO]  All processing finished for executor task 32
2024-03-12 16:00:57.162 worker_log:721 411274 MainThread [INFO]  Received executor task 39
2024-03-12 16:00:57.234 worker_log:737 411274 MainThread [INFO]  Completed executor task 39
2024-03-12 16:00:57.235 worker_log:748 411274 MainThread [INFO]  All processing finished for executor task 39
2024-03-12 16:01:05.338 worker_log:721 411274 MainThread [INFO]  Received executor task 67
2024-03-12 16:01:05.444 worker_log:737 411274 MainThread [INFO]  Completed executor task 67
2024-03-12 16:01:05.445 worker_log:748 411274 MainThread [INFO]  All processing finished for executor task 67
2024-03-12 16:01:09.643 worker_log:721 411274 MainThread [INFO]  Received executor task 81
2024-03-12 16:01:09.747 worker_log:737 411274 MainThread [INFO]  Completed executor task 81
2024-03-12 16:01:09.748 worker_log:748 411274 MainThread [INFO]  All processing finished for executor task 81
2024-03-12 16:01:11.811 worker_log:721 411274 MainThread [INFO]  Received executor task 88
2024-03-12 16:01:11.914 worker_log:737 411274 MainThread [INFO]  Completed executor task 88
2024-03-12 16:01:11.915 worker_log:748 411274 MainThread [INFO]  All processing finished for executor task 88
2024-03-12 16:02:35.187 worker_log:721 411274 MainThread [INFO]  Received executor task 200
2024-03-12 16:02:36.255 worker_log:737 411274 MainThread [INFO]  Completed executor task 200
2024-03-12 16:02:36.255 worker_log:748 411274 MainThread [INFO]  All processing finished for executor task 200
