2024-03-12 16:00:45.786 worker_log:636 411286 MainThread [INFO]  Worker 27 started
2024-03-12 16:00:45.786 worker_log:638 411286 MainThread [DEBUG]  Debug logging enabled
2024-03-12 16:00:48.054 worker_log:721 411286 MainThread [INFO]  Received executor task 6
2024-03-12 16:00:48.124 worker_log:737 411286 MainThread [INFO]  Completed executor task 6
2024-03-12 16:00:48.126 worker_log:748 411286 MainThread [INFO]  All processing finished for executor task 6
2024-03-12 16:00:50.286 worker_log:721 411286 MainThread [INFO]  Received executor task 14
2024-03-12 16:00:50.357 worker_log:737 411286 MainThread [INFO]  Completed executor task 14
2024-03-12 16:00:50.358 worker_log:748 411286 MainThread [INFO]  All processing finished for executor task 14
2024-03-12 16:00:54.443 worker_log:721 411286 MainThread [INFO]  Received executor task 29
2024-03-12 16:00:54.516 worker_log:737 411286 MainThread [INFO]  Completed executor task 29
2024-03-12 16:00:54.517 worker_log:748 411286 MainThread [INFO]  All processing finished for executor task 29
2024-03-12 16:00:58.549 worker_log:721 411286 MainThread [INFO]  Received executor task 44
2024-03-12 16:00:58.618 worker_log:737 411286 MainThread [INFO]  Completed executor task 44
2024-03-12 16:00:58.618 worker_log:748 411286 MainThread [INFO]  All processing finished for executor task 44
2024-03-12 16:01:00.763 worker_log:721 411286 MainThread [INFO]  Received executor task 52
2024-03-12 16:01:00.868 worker_log:737 411286 MainThread [INFO]  Completed executor task 52
2024-03-12 16:01:00.869 worker_log:748 411286 MainThread [INFO]  All processing finished for executor task 52
2024-03-12 16:01:02.921 worker_log:721 411286 MainThread [INFO]  Received executor task 59
2024-03-12 16:01:03.025 worker_log:737 411286 MainThread [INFO]  Completed executor task 59
2024-03-12 16:01:03.025 worker_log:748 411286 MainThread [INFO]  All processing finished for executor task 59
2024-03-12 16:01:07.193 worker_log:721 411286 MainThread [INFO]  Received executor task 73
2024-03-12 16:01:07.295 worker_log:737 411286 MainThread [INFO]  Completed executor task 73
2024-03-12 16:01:07.295 worker_log:748 411286 MainThread [INFO]  All processing finished for executor task 73
2024-03-12 16:01:11.194 worker_log:721 411286 MainThread [INFO]  Received executor task 86
2024-03-12 16:01:11.298 worker_log:737 411286 MainThread [INFO]  Completed executor task 86
2024-03-12 16:01:11.299 worker_log:748 411286 MainThread [INFO]  All processing finished for executor task 86
2024-03-12 16:01:15.474 worker_log:721 411286 MainThread [INFO]  Received executor task 100
2024-03-12 16:01:15.577 worker_log:737 411286 MainThread [INFO]  Completed executor task 100
2024-03-12 16:01:15.578 worker_log:748 411286 MainThread [INFO]  All processing finished for executor task 100
2024-03-12 16:01:17.936 worker_log:721 411286 MainThread [INFO]  Received executor task 107
2024-03-12 16:01:18.095 worker_log:737 411286 MainThread [INFO]  Completed executor task 107
2024-03-12 16:01:18.096 worker_log:748 411286 MainThread [INFO]  All processing finished for executor task 107
2024-03-12 16:01:20.456 worker_log:721 411286 MainThread [INFO]  Received executor task 114
2024-03-12 16:01:20.617 worker_log:737 411286 MainThread [INFO]  Completed executor task 114
2024-03-12 16:01:20.618 worker_log:748 411286 MainThread [INFO]  All processing finished for executor task 114
2024-03-12 16:01:24.825 worker_log:721 411286 MainThread [INFO]  Received executor task 126
2024-03-12 16:01:24.990 worker_log:737 411286 MainThread [INFO]  Completed executor task 126
2024-03-12 16:01:24.991 worker_log:748 411286 MainThread [INFO]  All processing finished for executor task 126
2024-03-12 16:01:29.180 worker_log:721 411286 MainThread [INFO]  Received executor task 138
2024-03-12 16:01:29.342 worker_log:737 411286 MainThread [INFO]  Completed executor task 138
2024-03-12 16:01:29.343 worker_log:748 411286 MainThread [INFO]  All processing finished for executor task 138
2024-03-12 16:01:33.563 worker_log:721 411286 MainThread [INFO]  Received executor task 150
2024-03-12 16:01:33.726 worker_log:737 411286 MainThread [INFO]  Completed executor task 150
2024-03-12 16:01:33.727 worker_log:748 411286 MainThread [INFO]  All processing finished for executor task 150
2024-03-12 16:01:36.841 worker_log:721 411286 MainThread [INFO]  Received executor task 154
2024-03-12 16:01:37.906 worker_log:737 411286 MainThread [INFO]  Completed executor task 154
2024-03-12 16:01:37.907 worker_log:748 411286 MainThread [INFO]  All processing finished for executor task 154
