2024-03-12 16:00:45.677 worker_log:636 411266 MainThread [INFO]  Worker 9 started
2024-03-12 16:00:45.677 worker_log:638 411266 MainThread [DEBUG]  Debug logging enabled
2024-03-12 16:00:47.493 worker_log:721 411266 MainThread [INFO]  Received executor task 4
2024-03-12 16:00:47.568 worker_log:737 411266 MainThread [INFO]  Completed executor task 4
2024-03-12 16:00:47.570 worker_log:748 411266 MainThread [INFO]  All processing finished for executor task 4
2024-03-12 16:00:49.165 worker_log:721 411266 MainThread [INFO]  Received executor task 10
2024-03-12 16:00:49.241 worker_log:737 411266 MainThread [INFO]  Completed executor task 10
2024-03-12 16:00:49.242 worker_log:748 411266 MainThread [INFO]  All processing finished for executor task 10
2024-03-12 16:00:51.117 worker_log:721 411266 MainThread [INFO]  Received executor task 17
2024-03-12 16:00:51.190 worker_log:737 411266 MainThread [INFO]  Completed executor task 17
2024-03-12 16:00:51.191 worker_log:748 411266 MainThread [INFO]  All processing finished for executor task 17
2024-03-12 16:00:53.059 worker_log:721 411266 MainThread [INFO]  Received executor task 24
2024-03-12 16:00:53.128 worker_log:737 411266 MainThread [INFO]  Completed executor task 24
2024-03-12 16:00:53.129 worker_log:748 411266 MainThread [INFO]  All processing finished for executor task 24
2024-03-12 16:00:54.999 worker_log:721 411266 MainThread [INFO]  Received executor task 31
2024-03-12 16:00:55.071 worker_log:737 411266 MainThread [INFO]  Completed executor task 31
2024-03-12 16:00:55.072 worker_log:748 411266 MainThread [INFO]  All processing finished for executor task 31
2024-03-12 16:00:56.884 worker_log:721 411266 MainThread [INFO]  Received executor task 38
2024-03-12 16:00:56.957 worker_log:737 411266 MainThread [INFO]  Completed executor task 38
2024-03-12 16:00:56.958 worker_log:748 411266 MainThread [INFO]  All processing finished for executor task 38
2024-03-12 16:00:59.097 worker_log:721 411266 MainThread [INFO]  Received executor task 46
2024-03-12 16:00:59.169 worker_log:737 411266 MainThread [INFO]  Completed executor task 46
2024-03-12 16:00:59.170 worker_log:748 411266 MainThread [INFO]  All processing finished for executor task 46
2024-03-12 16:01:01.384 worker_log:721 411266 MainThread [INFO]  Received executor task 54
2024-03-12 16:01:01.489 worker_log:737 411266 MainThread [INFO]  Completed executor task 54
2024-03-12 16:01:01.490 worker_log:748 411266 MainThread [INFO]  All processing finished for executor task 54
2024-03-12 16:01:03.542 worker_log:721 411266 MainThread [INFO]  Received executor task 61
2024-03-12 16:01:03.645 worker_log:737 411266 MainThread [INFO]  Completed executor task 61
2024-03-12 16:01:03.646 worker_log:748 411266 MainThread [INFO]  All processing finished for executor task 61
2024-03-12 16:01:05.650 worker_log:721 411266 MainThread [INFO]  Received executor task 68
2024-03-12 16:01:05.753 worker_log:737 411266 MainThread [INFO]  Completed executor task 68
2024-03-12 16:01:05.754 worker_log:748 411266 MainThread [INFO]  All processing finished for executor task 68
2024-03-12 16:01:13.968 worker_log:721 411266 MainThread [INFO]  Received executor task 95
2024-03-12 16:01:14.040 worker_log:737 411266 MainThread [INFO]  Completed executor task 95
2024-03-12 16:01:14.041 worker_log:748 411266 MainThread [INFO]  All processing finished for executor task 95
2024-03-12 16:01:18.300 worker_log:721 411266 MainThread [INFO]  Received executor task 108
2024-03-12 16:01:18.465 worker_log:737 411266 MainThread [INFO]  Completed executor task 108
2024-03-12 16:01:18.466 worker_log:748 411266 MainThread [INFO]  All processing finished for executor task 108
2024-03-12 16:01:22.615 worker_log:721 411266 MainThread [INFO]  Received executor task 120
2024-03-12 16:01:22.778 worker_log:737 411266 MainThread [INFO]  Completed executor task 120
2024-03-12 16:01:22.779 worker_log:748 411266 MainThread [INFO]  All processing finished for executor task 120
2024-03-12 16:01:30.984 worker_log:721 411266 MainThread [INFO]  Received executor task 143
2024-03-12 16:01:31.147 worker_log:737 411266 MainThread [INFO]  Completed executor task 143
2024-03-12 16:01:31.148 worker_log:748 411266 MainThread [INFO]  All processing finished for executor task 143
2024-03-12 16:01:48.244 worker_log:721 411266 MainThread [INFO]  Received executor task 163
2024-03-12 16:01:49.309 worker_log:737 411266 MainThread [INFO]  Completed executor task 163
2024-03-12 16:01:49.310 worker_log:748 411266 MainThread [INFO]  All processing finished for executor task 163
2024-03-12 16:01:58.410 worker_log:721 411266 MainThread [INFO]  Received executor task 171
2024-03-12 16:01:59.475 worker_log:737 411266 MainThread [INFO]  Completed executor task 171
2024-03-12 16:01:59.476 worker_log:748 411266 MainThread [INFO]  All processing finished for executor task 171
2024-03-12 16:02:08.576 worker_log:721 411266 MainThread [INFO]  Received executor task 179
2024-03-12 16:02:09.639 worker_log:737 411266 MainThread [INFO]  Completed executor task 179
2024-03-12 16:02:09.640 worker_log:748 411266 MainThread [INFO]  All processing finished for executor task 179
2024-03-12 16:02:18.739 worker_log:721 411266 MainThread [INFO]  Received executor task 187
2024-03-12 16:02:19.805 worker_log:737 411266 MainThread [INFO]  Completed executor task 187
2024-03-12 16:02:19.805 worker_log:748 411266 MainThread [INFO]  All processing finished for executor task 187
