2024-03-12 16:00:45.718 worker_log:636 411257 MainThread [INFO]  Worker 0 started
2024-03-12 16:00:45.719 worker_log:638 411257 MainThread [DEBUG]  Debug logging enabled
2024-03-12 16:00:59.654 worker_log:721 411257 MainThread [INFO]  Received executor task 48
2024-03-12 16:00:59.723 worker_log:737 411257 MainThread [INFO]  Completed executor task 48
2024-03-12 16:00:59.724 worker_log:748 411257 MainThread [INFO]  All processing finished for executor task 48
2024-03-12 16:01:03.850 worker_log:721 411257 MainThread [INFO]  Received executor task 62
2024-03-12 16:01:03.952 worker_log:737 411257 MainThread [INFO]  Completed executor task 62
2024-03-12 16:01:03.953 worker_log:748 411257 MainThread [INFO]  All processing finished for executor task 62
2024-03-12 16:01:10.267 worker_log:721 411257 MainThread [INFO]  Received executor task 83
2024-03-12 16:01:10.370 worker_log:737 411257 MainThread [INFO]  Completed executor task 83
2024-03-12 16:01:10.371 worker_log:748 411257 MainThread [INFO]  All processing finished for executor task 83
2024-03-12 16:01:12.432 worker_log:721 411257 MainThread [INFO]  Received executor task 90
2024-03-12 16:01:12.534 worker_log:737 411257 MainThread [INFO]  Completed executor task 90
2024-03-12 16:01:12.535 worker_log:748 411257 MainThread [INFO]  All processing finished for executor task 90
2024-03-12 16:01:16.829 worker_log:721 411257 MainThread [INFO]  Received executor task 104
2024-03-12 16:01:16.994 worker_log:737 411257 MainThread [INFO]  Completed executor task 104
2024-03-12 16:01:16.994 worker_log:748 411257 MainThread [INFO]  All processing finished for executor task 104
2024-03-12 16:01:19.351 worker_log:721 411257 MainThread [INFO]  Received executor task 111
2024-03-12 16:01:19.511 worker_log:737 411257 MainThread [INFO]  Completed executor task 111
2024-03-12 16:01:19.512 worker_log:748 411257 MainThread [INFO]  All processing finished for executor task 111
2024-03-12 16:01:23.720 worker_log:721 411257 MainThread [INFO]  Received executor task 123
2024-03-12 16:01:23.882 worker_log:737 411257 MainThread [INFO]  Completed executor task 123
2024-03-12 16:01:23.882 worker_log:748 411257 MainThread [INFO]  All processing finished for executor task 123
