2024-03-12 16:00:45.657 worker_log:636 411264 MainThread [INFO]  Worker 7 started
2024-03-12 16:00:45.657 worker_log:638 411264 MainThread [DEBUG]  Debug logging enabled
2024-03-12 16:00:45.664 worker_log:721 411264 MainThread [INFO]  Received executor task 1
2024-03-12 16:00:46.726 worker_log:737 411264 MainThread [INFO]  Completed executor task 1
2024-03-12 16:00:46.728 worker_log:748 411264 MainThread [INFO]  All processing finished for executor task 1
2024-03-12 16:00:48.330 worker_log:721 411264 MainThread [INFO]  Received executor task 7
2024-03-12 16:00:48.403 worker_log:737 411264 MainThread [INFO]  Completed executor task 7
2024-03-12 16:00:48.404 worker_log:748 411264 MainThread [INFO]  All processing finished for executor task 7
2024-03-12 16:00:52.507 worker_log:721 411264 MainThread [INFO]  Received executor task 22
2024-03-12 16:00:52.578 worker_log:737 411264 MainThread [INFO]  Completed executor task 22
2024-03-12 16:00:52.579 worker_log:748 411264 MainThread [INFO]  All processing finished for executor task 22
2024-03-12 16:00:56.609 worker_log:721 411264 MainThread [INFO]  Received executor task 37
2024-03-12 16:00:56.679 worker_log:737 411264 MainThread [INFO]  Completed executor task 37
2024-03-12 16:00:56.680 worker_log:748 411264 MainThread [INFO]  All processing finished for executor task 37
2024-03-12 16:01:55.868 worker_log:721 411264 MainThread [INFO]  Received executor task 169
2024-03-12 16:01:56.933 worker_log:737 411264 MainThread [INFO]  Completed executor task 169
2024-03-12 16:01:56.934 worker_log:748 411264 MainThread [INFO]  All processing finished for executor task 169
2024-03-12 16:02:16.201 worker_log:721 411264 MainThread [INFO]  Received executor task 185
2024-03-12 16:02:17.264 worker_log:737 411264 MainThread [INFO]  Completed executor task 185
2024-03-12 16:02:17.265 worker_log:748 411264 MainThread [INFO]  All processing finished for executor task 185
2024-03-12 16:02:36.460 worker_log:721 411264 MainThread [INFO]  Received executor task 201
2024-03-12 16:02:37.524 worker_log:737 411264 MainThread [INFO]  Completed executor task 201
2024-03-12 16:02:37.525 worker_log:748 411264 MainThread [INFO]  All processing finished for executor task 201
