2024-03-12 16:00:45.843 worker_log:636 411304 MainThread [INFO]  Worker 45 started
2024-03-12 16:00:45.843 worker_log:638 411304 MainThread [DEBUG]  Debug logging enabled
2024-03-12 16:01:12.120 worker_log:721 411304 MainThread [INFO]  Received executor task 89
2024-03-12 16:01:12.226 worker_log:737 411304 MainThread [INFO]  Completed executor task 89
2024-03-12 16:01:12.228 worker_log:748 411304 MainThread [INFO]  All processing finished for executor task 89
2024-03-12 16:01:32.456 worker_log:721 411304 MainThread [INFO]  Received executor task 147
2024-03-12 16:01:32.623 worker_log:737 411304 MainThread [INFO]  Completed executor task 147
2024-03-12 16:01:32.624 worker_log:748 411304 MainThread [INFO]  All processing finished for executor task 147
2024-03-12 16:01:41.891 worker_log:721 411304 MainThread [INFO]  Received executor task 158
2024-03-12 16:01:42.957 worker_log:737 411304 MainThread [INFO]  Completed executor task 158
2024-03-12 16:01:42.958 worker_log:748 411304 MainThread [INFO]  All processing finished for executor task 158
2024-03-12 16:01:52.054 worker_log:721 411304 MainThread [INFO]  Received executor task 166
2024-03-12 16:01:53.121 worker_log:737 411304 MainThread [INFO]  Completed executor task 166
2024-03-12 16:01:53.122 worker_log:748 411304 MainThread [INFO]  All processing finished for executor task 166
2024-03-12 16:02:12.386 worker_log:721 411304 MainThread [INFO]  Received executor task 182
2024-03-12 16:02:13.453 worker_log:737 411304 MainThread [INFO]  Completed executor task 182
2024-03-12 16:02:13.454 worker_log:748 411304 MainThread [INFO]  All processing finished for executor task 182
2024-03-12 16:02:22.549 worker_log:721 411304 MainThread [INFO]  Received executor task 190
2024-03-12 16:02:23.614 worker_log:737 411304 MainThread [INFO]  Completed executor task 190
2024-03-12 16:02:23.615 worker_log:748 411304 MainThread [INFO]  All processing finished for executor task 190
2024-03-12 16:02:32.644 worker_log:721 411304 MainThread [INFO]  Received executor task 198
2024-03-12 16:02:33.710 worker_log:737 411304 MainThread [INFO]  Completed executor task 198
2024-03-12 16:02:33.711 worker_log:748 411304 MainThread [INFO]  All processing finished for executor task 198
