2024-03-12 16:00:45.670 worker_log:636 411265 MainThread [INFO]  Worker 8 started
2024-03-12 16:00:45.670 worker_log:638 411265 MainThread [DEBUG]  Debug logging enabled
2024-03-12 16:00:47.215 worker_log:721 411265 MainThread [INFO]  Received executor task 3
2024-03-12 16:00:47.287 worker_log:737 411265 MainThread [INFO]  Completed executor task 3
2024-03-12 16:00:47.288 worker_log:748 411265 MainThread [INFO]  All processing finished for executor task 3
2024-03-12 16:00:48.886 worker_log:721 411265 MainThread [INFO]  Received executor task 9
2024-03-12 16:00:48.960 worker_log:737 411265 MainThread [INFO]  Completed executor task 9
2024-03-12 16:00:48.961 worker_log:748 411265 MainThread [INFO]  All processing finished for executor task 9
2024-03-12 16:00:50.842 worker_log:721 411265 MainThread [INFO]  Received executor task 16
2024-03-12 16:00:50.913 worker_log:737 411265 MainThread [INFO]  Completed executor task 16
2024-03-12 16:00:50.914 worker_log:748 411265 MainThread [INFO]  All processing finished for executor task 16
2024-03-12 16:00:52.784 worker_log:721 411265 MainThread [INFO]  Received executor task 23
2024-03-12 16:00:52.855 worker_log:737 411265 MainThread [INFO]  Completed executor task 23
2024-03-12 16:00:52.855 worker_log:748 411265 MainThread [INFO]  All processing finished for executor task 23
2024-03-12 16:01:01.073 worker_log:721 411265 MainThread [INFO]  Received executor task 53
2024-03-12 16:01:01.179 worker_log:737 411265 MainThread [INFO]  Completed executor task 53
2024-03-12 16:01:01.180 worker_log:748 411265 MainThread [INFO]  All processing finished for executor task 53
2024-03-12 16:01:03.230 worker_log:721 411265 MainThread [INFO]  Received executor task 60
2024-03-12 16:01:03.336 worker_log:737 411265 MainThread [INFO]  Completed executor task 60
2024-03-12 16:01:03.337 worker_log:748 411265 MainThread [INFO]  All processing finished for executor task 60
2024-03-12 16:01:07.500 worker_log:721 411265 MainThread [INFO]  Received executor task 74
2024-03-12 16:01:07.603 worker_log:737 411265 MainThread [INFO]  Completed executor task 74
2024-03-12 16:01:07.604 worker_log:748 411265 MainThread [INFO]  All processing finished for executor task 74
2024-03-12 16:01:11.503 worker_log:721 411265 MainThread [INFO]  Received executor task 87
2024-03-12 16:01:11.606 worker_log:737 411265 MainThread [INFO]  Completed executor task 87
2024-03-12 16:01:11.607 worker_log:748 411265 MainThread [INFO]  All processing finished for executor task 87
2024-03-12 16:01:15.782 worker_log:721 411265 MainThread [INFO]  Received executor task 101
2024-03-12 16:01:15.888 worker_log:737 411265 MainThread [INFO]  Completed executor task 101
2024-03-12 16:01:15.889 worker_log:748 411265 MainThread [INFO]  All processing finished for executor task 101
2024-03-12 16:01:43.163 worker_log:721 411265 MainThread [INFO]  Received executor task 159
2024-03-12 16:01:44.228 worker_log:737 411265 MainThread [INFO]  Completed executor task 159
2024-03-12 16:01:44.229 worker_log:748 411265 MainThread [INFO]  All processing finished for executor task 159
2024-03-12 16:01:53.327 worker_log:721 411265 MainThread [INFO]  Received executor task 167
2024-03-12 16:01:54.392 worker_log:737 411265 MainThread [INFO]  Completed executor task 167
2024-03-12 16:01:54.393 worker_log:748 411265 MainThread [INFO]  All processing finished for executor task 167
2024-03-12 16:02:13.659 worker_log:721 411265 MainThread [INFO]  Received executor task 183
2024-03-12 16:02:14.724 worker_log:737 411265 MainThread [INFO]  Completed executor task 183
2024-03-12 16:02:14.725 worker_log:748 411265 MainThread [INFO]  All processing finished for executor task 183
