2024-03-12 16:00:45.710 worker_log:636 411262 MainThread [INFO]  Worker 5 started
2024-03-12 16:00:45.710 worker_log:638 411262 MainThread [DEBUG]  Debug logging enabled
2024-03-12 16:00:53.612 worker_log:721 411262 MainThread [INFO]  Received executor task 26
2024-03-12 16:00:53.682 worker_log:737 411262 MainThread [INFO]  Completed executor task 26
2024-03-12 16:00:53.684 worker_log:748 411262 MainThread [INFO]  All processing finished for executor task 26
2024-03-12 16:00:55.554 worker_log:721 411262 MainThread [INFO]  Received executor task 33
2024-03-12 16:00:55.625 worker_log:737 411262 MainThread [INFO]  Completed executor task 33
2024-03-12 16:00:55.626 worker_log:748 411262 MainThread [INFO]  All processing finished for executor task 33
2024-03-12 16:00:57.440 worker_log:721 411262 MainThread [INFO]  Received executor task 40
2024-03-12 16:00:57.512 worker_log:737 411262 MainThread [INFO]  Completed executor task 40
2024-03-12 16:00:57.512 worker_log:748 411262 MainThread [INFO]  All processing finished for executor task 40
2024-03-12 16:00:59.375 worker_log:721 411262 MainThread [INFO]  Received executor task 47
2024-03-12 16:00:59.448 worker_log:737 411262 MainThread [INFO]  Completed executor task 47
2024-03-12 16:00:59.448 worker_log:748 411262 MainThread [INFO]  All processing finished for executor task 47
2024-03-12 16:01:01.694 worker_log:721 411262 MainThread [INFO]  Received executor task 55
2024-03-12 16:01:01.800 worker_log:737 411262 MainThread [INFO]  Completed executor task 55
2024-03-12 16:01:01.800 worker_log:748 411262 MainThread [INFO]  All processing finished for executor task 55
2024-03-12 16:01:46.973 worker_log:721 411262 MainThread [INFO]  Received executor task 162
2024-03-12 16:01:48.038 worker_log:737 411262 MainThread [INFO]  Completed executor task 162
2024-03-12 16:01:48.039 worker_log:748 411262 MainThread [INFO]  All processing finished for executor task 162
