2024-03-12 16:00:45.711 worker_log:636 411258 MainThread [INFO]  Worker 1 started
2024-03-12 16:00:45.711 worker_log:638 411258 MainThread [DEBUG]  Debug logging enabled
2024-03-12 16:00:51.953 worker_log:721 411258 MainThread [INFO]  Received executor task 20
2024-03-12 16:00:52.026 worker_log:737 411258 MainThread [INFO]  Completed executor task 20
2024-03-12 16:00:52.027 worker_log:748 411258 MainThread [INFO]  All processing finished for executor task 20
2024-03-12 16:00:54.169 worker_log:721 411258 MainThread [INFO]  Received executor task 28
2024-03-12 16:00:54.238 worker_log:737 411258 MainThread [INFO]  Completed executor task 28
2024-03-12 16:00:54.239 worker_log:748 411258 MainThread [INFO]  All processing finished for executor task 28
2024-03-12 16:00:58.274 worker_log:721 411258 MainThread [INFO]  Received executor task 43
2024-03-12 16:00:58.344 worker_log:737 411258 MainThread [INFO]  Completed executor task 43
2024-03-12 16:00:58.345 worker_log:748 411258 MainThread [INFO]  All processing finished for executor task 43
2024-03-12 16:01:00.486 worker_log:721 411258 MainThread [INFO]  Received executor task 51
2024-03-12 16:01:00.557 worker_log:737 411258 MainThread [INFO]  Completed executor task 51
2024-03-12 16:01:00.558 worker_log:748 411258 MainThread [INFO]  All processing finished for executor task 51
2024-03-12 16:01:04.755 worker_log:721 411258 MainThread [INFO]  Received executor task 65
2024-03-12 16:01:04.859 worker_log:737 411258 MainThread [INFO]  Completed executor task 65
2024-03-12 16:01:04.859 worker_log:748 411258 MainThread [INFO]  All processing finished for executor task 65
2024-03-12 16:01:09.027 worker_log:721 411258 MainThread [INFO]  Received executor task 79
2024-03-12 16:01:09.130 worker_log:737 411258 MainThread [INFO]  Completed executor task 79
2024-03-12 16:01:09.131 worker_log:748 411258 MainThread [INFO]  All processing finished for executor task 79
2024-03-12 16:01:13.364 worker_log:721 411258 MainThread [INFO]  Received executor task 93
2024-03-12 16:01:13.467 worker_log:737 411258 MainThread [INFO]  Completed executor task 93
2024-03-12 16:01:13.468 worker_log:748 411258 MainThread [INFO]  All processing finished for executor task 93
2024-03-12 16:01:21.565 worker_log:721 411258 MainThread [INFO]  Received executor task 117
2024-03-12 16:01:21.726 worker_log:737 411258 MainThread [INFO]  Completed executor task 117
2024-03-12 16:01:21.727 worker_log:748 411258 MainThread [INFO]  All processing finished for executor task 117
2024-03-12 16:01:25.931 worker_log:721 411258 MainThread [INFO]  Received executor task 129
2024-03-12 16:01:26.089 worker_log:737 411258 MainThread [INFO]  Completed executor task 129
2024-03-12 16:01:26.090 worker_log:748 411258 MainThread [INFO]  All processing finished for executor task 129
2024-03-12 16:01:28.448 worker_log:721 411258 MainThread [INFO]  Received executor task 136
2024-03-12 16:01:28.609 worker_log:737 411258 MainThread [INFO]  Completed executor task 136
2024-03-12 16:01:28.610 worker_log:748 411258 MainThread [INFO]  All processing finished for executor task 136
2024-03-12 16:01:32.829 worker_log:721 411258 MainThread [INFO]  Received executor task 148
2024-03-12 16:01:32.990 worker_log:737 411258 MainThread [INFO]  Completed executor task 148
2024-03-12 16:01:32.991 worker_log:748 411258 MainThread [INFO]  All processing finished for executor task 148
2024-03-12 16:01:38.112 worker_log:721 411258 MainThread [INFO]  Received executor task 155
2024-03-12 16:01:39.177 worker_log:737 411258 MainThread [INFO]  Completed executor task 155
2024-03-12 16:01:39.178 worker_log:748 411258 MainThread [INFO]  All processing finished for executor task 155
2024-03-12 16:02:26.358 worker_log:721 411258 MainThread [INFO]  Received executor task 193
2024-03-12 16:02:27.421 worker_log:737 411258 MainThread [INFO]  Completed executor task 193
2024-03-12 16:02:27.422 worker_log:748 411258 MainThread [INFO]  All processing finished for executor task 193
