2024-03-12 16:00:45.748 worker_log:636 411280 MainThread [INFO]  Worker 21 started
2024-03-12 16:00:45.748 worker_log:638 411280 MainThread [DEBUG]  Debug logging enabled
2024-03-12 16:00:50.007 worker_log:721 411280 MainThread [INFO]  Received executor task 13
2024-03-12 16:00:50.080 worker_log:737 411280 MainThread [INFO]  Completed executor task 13
2024-03-12 16:00:50.082 worker_log:748 411280 MainThread [INFO]  All processing finished for executor task 13
2024-03-12 16:00:52.231 worker_log:721 411280 MainThread [INFO]  Received executor task 21
2024-03-12 16:00:52.302 worker_log:737 411280 MainThread [INFO]  Completed executor task 21
2024-03-12 16:00:52.303 worker_log:748 411280 MainThread [INFO]  All processing finished for executor task 21
2024-03-12 16:00:56.392 worker_log:721 411280 MainThread [INFO]  Received executor task 36
2024-03-12 16:00:56.465 worker_log:737 411280 MainThread [INFO]  Completed executor task 36
2024-03-12 16:00:56.465 worker_log:748 411280 MainThread [INFO]  All processing finished for executor task 36
2024-03-12 16:01:02.611 worker_log:721 411280 MainThread [INFO]  Received executor task 58
2024-03-12 16:01:02.715 worker_log:737 411280 MainThread [INFO]  Completed executor task 58
2024-03-12 16:01:02.716 worker_log:748 411280 MainThread [INFO]  All processing finished for executor task 58
2024-03-12 16:01:06.886 worker_log:721 411280 MainThread [INFO]  Received executor task 72
2024-03-12 16:01:06.987 worker_log:737 411280 MainThread [INFO]  Completed executor task 72
2024-03-12 16:01:06.988 worker_log:748 411280 MainThread [INFO]  All processing finished for executor task 72
2024-03-12 16:01:15.167 worker_log:721 411280 MainThread [INFO]  Received executor task 99
2024-03-12 16:01:15.269 worker_log:737 411280 MainThread [INFO]  Completed executor task 99
2024-03-12 16:01:15.270 worker_log:748 411280 MainThread [INFO]  All processing finished for executor task 99
2024-03-12 16:01:17.570 worker_log:721 411280 MainThread [INFO]  Received executor task 106
2024-03-12 16:01:17.731 worker_log:737 411280 MainThread [INFO]  Completed executor task 106
2024-03-12 16:01:17.732 worker_log:748 411280 MainThread [INFO]  All processing finished for executor task 106
2024-03-12 16:01:21.931 worker_log:721 411280 MainThread [INFO]  Received executor task 118
2024-03-12 16:01:22.095 worker_log:737 411280 MainThread [INFO]  Completed executor task 118
2024-03-12 16:01:22.096 worker_log:748 411280 MainThread [INFO]  All processing finished for executor task 118
2024-03-12 16:01:24.459 worker_log:721 411280 MainThread [INFO]  Received executor task 125
2024-03-12 16:01:24.620 worker_log:737 411280 MainThread [INFO]  Completed executor task 125
2024-03-12 16:01:24.621 worker_log:748 411280 MainThread [INFO]  All processing finished for executor task 125
2024-03-12 16:01:28.815 worker_log:721 411280 MainThread [INFO]  Received executor task 137
2024-03-12 16:01:28.974 worker_log:737 411280 MainThread [INFO]  Completed executor task 137
2024-03-12 16:01:28.975 worker_log:748 411280 MainThread [INFO]  All processing finished for executor task 137
2024-03-12 16:01:33.195 worker_log:721 411280 MainThread [INFO]  Received executor task 149
2024-03-12 16:01:33.358 worker_log:737 411280 MainThread [INFO]  Completed executor task 149
2024-03-12 16:01:33.359 worker_log:748 411280 MainThread [INFO]  All processing finished for executor task 149
2024-03-12 16:01:54.598 worker_log:721 411280 MainThread [INFO]  Received executor task 168
2024-03-12 16:01:55.662 worker_log:737 411280 MainThread [INFO]  Completed executor task 168
2024-03-12 16:01:55.663 worker_log:748 411280 MainThread [INFO]  All processing finished for executor task 168
2024-03-12 16:02:28.897 worker_log:721 411280 MainThread [INFO]  Received executor task 195
2024-03-12 16:02:29.962 worker_log:737 411280 MainThread [INFO]  Completed executor task 195
2024-03-12 16:02:29.963 worker_log:748 411280 MainThread [INFO]  All processing finished for executor task 195
