2024-03-12 16:00:45.665 worker_log:636 411263 MainThread [INFO]  Worker 6 started
2024-03-12 16:00:45.665 worker_log:638 411263 MainThread [DEBUG]  Debug logging enabled
2024-03-12 16:00:46.934 worker_log:721 411263 MainThread [INFO]  Received executor task 2
2024-03-12 16:00:47.008 worker_log:737 411263 MainThread [INFO]  Completed executor task 2
2024-03-12 16:00:47.009 worker_log:748 411263 MainThread [INFO]  All processing finished for executor task 2
2024-03-12 16:00:48.608 worker_log:721 411263 MainThread [INFO]  Received executor task 8
2024-03-12 16:00:48.681 worker_log:737 411263 MainThread [INFO]  Completed executor task 8
2024-03-12 16:00:48.682 worker_log:748 411263 MainThread [INFO]  All processing finished for executor task 8
2024-03-12 16:00:50.562 worker_log:721 411263 MainThread [INFO]  Received executor task 15
2024-03-12 16:00:50.636 worker_log:737 411263 MainThread [INFO]  Completed executor task 15
2024-03-12 16:00:50.637 worker_log:748 411263 MainThread [INFO]  All processing finished for executor task 15
2024-03-12 16:00:54.721 worker_log:721 411263 MainThread [INFO]  Received executor task 30
2024-03-12 16:00:54.793 worker_log:737 411263 MainThread [INFO]  Completed executor task 30
2024-03-12 16:00:54.795 worker_log:748 411263 MainThread [INFO]  All processing finished for executor task 30
2024-03-12 16:00:58.823 worker_log:721 411263 MainThread [INFO]  Received executor task 45
2024-03-12 16:00:58.891 worker_log:737 411263 MainThread [INFO]  Completed executor task 45
2024-03-12 16:00:58.892 worker_log:748 411263 MainThread [INFO]  All processing finished for executor task 45
2024-03-12 16:01:05.064 worker_log:721 411263 MainThread [INFO]  Received executor task 66
2024-03-12 16:01:05.132 worker_log:737 411263 MainThread [INFO]  Completed executor task 66
2024-03-12 16:01:05.133 worker_log:748 411263 MainThread [INFO]  All processing finished for executor task 66
2024-03-12 16:01:09.335 worker_log:721 411263 MainThread [INFO]  Received executor task 80
2024-03-12 16:01:09.438 worker_log:737 411263 MainThread [INFO]  Completed executor task 80
2024-03-12 16:01:09.439 worker_log:748 411263 MainThread [INFO]  All processing finished for executor task 80
2024-03-12 16:01:13.673 worker_log:721 411263 MainThread [INFO]  Received executor task 94
2024-03-12 16:01:13.762 worker_log:737 411263 MainThread [INFO]  Completed executor task 94
2024-03-12 16:01:13.763 worker_log:748 411263 MainThread [INFO]  All processing finished for executor task 94
2024-03-12 16:01:20.085 worker_log:721 411263 MainThread [INFO]  Received executor task 113
2024-03-12 16:01:20.250 worker_log:737 411263 MainThread [INFO]  Completed executor task 113
2024-03-12 16:01:20.251 worker_log:748 411263 MainThread [INFO]  All processing finished for executor task 113
2024-03-12 16:01:49.514 worker_log:721 411263 MainThread [INFO]  Received executor task 164
2024-03-12 16:01:50.580 worker_log:737 411263 MainThread [INFO]  Completed executor task 164
2024-03-12 16:01:50.581 worker_log:748 411263 MainThread [INFO]  All processing finished for executor task 164
2024-03-12 16:02:09.845 worker_log:721 411263 MainThread [INFO]  Received executor task 180
2024-03-12 16:02:10.910 worker_log:737 411263 MainThread [INFO]  Completed executor task 180
2024-03-12 16:02:10.911 worker_log:748 411263 MainThread [INFO]  All processing finished for executor task 180
