2024-03-12 16:00:45.835 worker_log:636 411298 MainThread [INFO]  Worker 39 started
2024-03-12 16:00:45.835 worker_log:638 411298 MainThread [DEBUG]  Debug logging enabled
2024-03-12 16:00:56.110 worker_log:721 411298 MainThread [INFO]  Received executor task 35
2024-03-12 16:00:56.186 worker_log:737 411298 MainThread [INFO]  Completed executor task 35
2024-03-12 16:00:56.188 worker_log:748 411298 MainThread [INFO]  All processing finished for executor task 35
2024-03-12 16:01:04.472 worker_log:721 411298 MainThread [INFO]  Received executor task 64
2024-03-12 16:01:04.550 worker_log:737 411298 MainThread [INFO]  Completed executor task 64
2024-03-12 16:01:04.550 worker_log:748 411298 MainThread [INFO]  All processing finished for executor task 64
2024-03-12 16:01:08.746 worker_log:721 411298 MainThread [INFO]  Received executor task 78
2024-03-12 16:01:08.821 worker_log:737 411298 MainThread [INFO]  Completed executor task 78
2024-03-12 16:01:08.822 worker_log:748 411298 MainThread [INFO]  All processing finished for executor task 78
2024-03-12 16:01:13.050 worker_log:721 411298 MainThread [INFO]  Received executor task 92
2024-03-12 16:01:13.158 worker_log:737 411298 MainThread [INFO]  Completed executor task 92
2024-03-12 16:01:13.159 worker_log:748 411298 MainThread [INFO]  All processing finished for executor task 92
2024-03-12 16:01:44.433 worker_log:721 411298 MainThread [INFO]  Received executor task 160
2024-03-12 16:01:45.498 worker_log:737 411298 MainThread [INFO]  Completed executor task 160
2024-03-12 16:01:45.499 worker_log:748 411298 MainThread [INFO]  All processing finished for executor task 160
2024-03-12 16:02:04.764 worker_log:721 411298 MainThread [INFO]  Received executor task 176
2024-03-12 16:02:05.829 worker_log:737 411298 MainThread [INFO]  Completed executor task 176
2024-03-12 16:02:05.830 worker_log:748 411298 MainThread [INFO]  All processing finished for executor task 176
2024-03-12 16:02:14.929 worker_log:721 411298 MainThread [INFO]  Received executor task 184
2024-03-12 16:02:15.995 worker_log:737 411298 MainThread [INFO]  Completed executor task 184
2024-03-12 16:02:15.996 worker_log:748 411298 MainThread [INFO]  All processing finished for executor task 184
