2024-03-12 16:00:45.714 worker_log:636 411268 MainThread [INFO]  Worker 11 started
2024-03-12 16:00:45.714 worker_log:638 411268 MainThread [DEBUG]  Debug logging enabled
2024-03-12 16:00:57.998 worker_log:721 411268 MainThread [INFO]  Received executor task 42
2024-03-12 16:00:58.069 worker_log:737 411268 MainThread [INFO]  Completed executor task 42
2024-03-12 16:00:58.070 worker_log:748 411268 MainThread [INFO]  All processing finished for executor task 42
2024-03-12 16:01:06.265 worker_log:721 411268 MainThread [INFO]  Received executor task 70
2024-03-12 16:01:06.369 worker_log:737 411268 MainThread [INFO]  Completed executor task 70
2024-03-12 16:01:06.370 worker_log:748 411268 MainThread [INFO]  All processing finished for executor task 70
2024-03-12 16:01:10.576 worker_log:721 411268 MainThread [INFO]  Received executor task 84
2024-03-12 16:01:10.677 worker_log:737 411268 MainThread [INFO]  Completed executor task 84
2024-03-12 16:01:10.678 worker_log:748 411268 MainThread [INFO]  All processing finished for executor task 84
2024-03-12 16:01:12.739 worker_log:721 411268 MainThread [INFO]  Received executor task 91
2024-03-12 16:01:12.845 worker_log:737 411268 MainThread [INFO]  Completed executor task 91
2024-03-12 16:01:12.846 worker_log:748 411268 MainThread [INFO]  All processing finished for executor task 91
2024-03-12 16:01:21.194 worker_log:721 411268 MainThread [INFO]  Received executor task 116
2024-03-12 16:01:21.360 worker_log:737 411268 MainThread [INFO]  Completed executor task 116
2024-03-12 16:01:21.361 worker_log:748 411268 MainThread [INFO]  All processing finished for executor task 116
2024-03-12 16:01:25.563 worker_log:721 411268 MainThread [INFO]  Received executor task 128
2024-03-12 16:01:25.726 worker_log:737 411268 MainThread [INFO]  Completed executor task 128
2024-03-12 16:01:25.726 worker_log:748 411268 MainThread [INFO]  All processing finished for executor task 128
2024-03-12 16:01:29.914 worker_log:721 411268 MainThread [INFO]  Received executor task 140
2024-03-12 16:01:30.073 worker_log:737 411268 MainThread [INFO]  Completed executor task 140
2024-03-12 16:01:30.074 worker_log:748 411268 MainThread [INFO]  All processing finished for executor task 140
2024-03-12 16:01:34.303 worker_log:721 411268 MainThread [INFO]  Received executor task 152
2024-03-12 16:01:35.366 worker_log:737 411268 MainThread [INFO]  Completed executor task 152
2024-03-12 16:01:35.367 worker_log:748 411268 MainThread [INFO]  All processing finished for executor task 152
2024-03-12 16:02:02.223 worker_log:721 411268 MainThread [INFO]  Received executor task 174
2024-03-12 16:02:03.286 worker_log:737 411268 MainThread [INFO]  Completed executor task 174
2024-03-12 16:02:03.287 worker_log:748 411268 MainThread [INFO]  All processing finished for executor task 174
