2024-03-12 16:00:45.709 worker_log:636 411261 MainThread [INFO]  Worker 4 started
2024-03-12 16:00:45.709 worker_log:638 411261 MainThread [DEBUG]  Debug logging enabled
2024-03-12 16:00:51.671 worker_log:721 411261 MainThread [INFO]  Received executor task 19
2024-03-12 16:00:51.746 worker_log:737 411261 MainThread [INFO]  Completed executor task 19
2024-03-12 16:00:51.748 worker_log:748 411261 MainThread [INFO]  All processing finished for executor task 19
2024-03-12 16:01:05.958 worker_log:721 411261 MainThread [INFO]  Received executor task 69
2024-03-12 16:01:06.060 worker_log:737 411261 MainThread [INFO]  Completed executor task 69
2024-03-12 16:01:06.061 worker_log:748 411261 MainThread [INFO]  All processing finished for executor task 69
2024-03-12 16:01:14.246 worker_log:721 411261 MainThread [INFO]  Received executor task 96
2024-03-12 16:01:14.347 worker_log:737 411261 MainThread [INFO]  Completed executor task 96
2024-03-12 16:01:14.348 worker_log:748 411261 MainThread [INFO]  All processing finished for executor task 96
2024-03-12 16:01:18.614 worker_log:721 411261 MainThread [INFO]  Received executor task 109
2024-03-12 16:01:18.779 worker_log:737 411261 MainThread [INFO]  Completed executor task 109
2024-03-12 16:01:18.780 worker_log:748 411261 MainThread [INFO]  All processing finished for executor task 109
2024-03-12 16:01:26.982 worker_log:721 411261 MainThread [INFO]  Received executor task 132
2024-03-12 16:01:27.139 worker_log:737 411261 MainThread [INFO]  Completed executor task 132
2024-03-12 16:01:27.140 worker_log:748 411261 MainThread [INFO]  All processing finished for executor task 132
2024-03-12 16:01:31.353 worker_log:721 411261 MainThread [INFO]  Received executor task 144
2024-03-12 16:01:31.513 worker_log:737 411261 MainThread [INFO]  Completed executor task 144
2024-03-12 16:01:31.514 worker_log:748 411261 MainThread [INFO]  All processing finished for executor task 144
2024-03-12 16:01:40.621 worker_log:721 411261 MainThread [INFO]  Received executor task 157
2024-03-12 16:01:41.685 worker_log:737 411261 MainThread [INFO]  Completed executor task 157
2024-03-12 16:01:41.686 worker_log:748 411261 MainThread [INFO]  All processing finished for executor task 157
2024-03-12 16:01:50.786 worker_log:721 411261 MainThread [INFO]  Received executor task 165
2024-03-12 16:01:51.849 worker_log:737 411261 MainThread [INFO]  Completed executor task 165
2024-03-12 16:01:51.850 worker_log:748 411261 MainThread [INFO]  All processing finished for executor task 165
2024-03-12 16:02:11.116 worker_log:721 411261 MainThread [INFO]  Received executor task 181
2024-03-12 16:02:12.181 worker_log:737 411261 MainThread [INFO]  Completed executor task 181
2024-03-12 16:02:12.181 worker_log:748 411261 MainThread [INFO]  All processing finished for executor task 181
