2024-03-12 16:36:47.019 worker_log:636 426546 MainThread [INFO]  Worker 14 started
2024-03-12 16:36:47.019 worker_log:638 426546 MainThread [DEBUG]  Debug logging enabled
2024-03-12 16:38:36.453 worker_log:721 426546 MainThread [INFO]  Received executor task 50
2024-03-12 16:38:38.626 worker_log:737 426546 MainThread [INFO]  Completed executor task 50
2024-03-12 16:38:38.628 worker_log:748 426546 MainThread [INFO]  All processing finished for executor task 50
2024-03-12 16:39:02.391 worker_log:721 426546 MainThread [INFO]  Received executor task 62
2024-03-12 16:39:04.373 worker_log:737 426546 MainThread [INFO]  Completed executor task 62
2024-03-12 16:39:04.374 worker_log:748 426546 MainThread [INFO]  All processing finished for executor task 62
2024-03-12 16:39:22.220 worker_log:721 426546 MainThread [INFO]  Received executor task 71
2024-03-12 16:39:24.253 worker_log:737 426546 MainThread [INFO]  Completed executor task 71
2024-03-12 16:39:24.254 worker_log:748 426546 MainThread [INFO]  All processing finished for executor task 71
2024-03-12 16:40:58.050 worker_log:721 426546 MainThread [INFO]  Received executor task 115
2024-03-12 16:40:59.882 worker_log:737 426546 MainThread [INFO]  Completed executor task 115
2024-03-12 16:40:59.883 worker_log:748 426546 MainThread [INFO]  All processing finished for executor task 115
2024-03-12 16:41:34.180 worker_log:721 426546 MainThread [INFO]  Received executor task 129
2024-03-12 16:41:36.245 worker_log:737 426546 MainThread [INFO]  Completed executor task 129
2024-03-12 16:41:36.246 worker_log:748 426546 MainThread [INFO]  All processing finished for executor task 129
2024-03-12 16:41:54.417 worker_log:721 426546 MainThread [INFO]  Received executor task 138
2024-03-12 16:41:56.415 worker_log:737 426546 MainThread [INFO]  Completed executor task 138
2024-03-12 16:41:56.416 worker_log:748 426546 MainThread [INFO]  All processing finished for executor task 138
2024-03-12 16:42:32.911 worker_log:721 426546 MainThread [INFO]  Received executor task 155
2024-03-12 16:42:35.167 worker_log:737 426546 MainThread [INFO]  Completed executor task 155
2024-03-12 16:42:35.168 worker_log:748 426546 MainThread [INFO]  All processing finished for executor task 155
