2024-03-12 16:36:47.004 worker_log:636 426533 MainThread [INFO]  Worker 1 started
2024-03-12 16:36:47.004 worker_log:638 426533 MainThread [DEBUG]  Debug logging enabled
2024-03-12 16:37:00.810 worker_log:721 426533 MainThread [INFO]  Received executor task 7
2024-03-12 16:37:02.952 worker_log:737 426533 MainThread [INFO]  Completed executor task 7
2024-03-12 16:37:02.954 worker_log:748 426533 MainThread [INFO]  All processing finished for executor task 7
2024-03-12 16:37:16.438 worker_log:721 426533 MainThread [INFO]  Received executor task 14
2024-03-12 16:37:18.610 worker_log:737 426533 MainThread [INFO]  Completed executor task 14
2024-03-12 16:37:18.611 worker_log:748 426533 MainThread [INFO]  All processing finished for executor task 14
2024-03-12 16:37:36.582 worker_log:721 426533 MainThread [INFO]  Received executor task 23
2024-03-12 16:37:38.380 worker_log:737 426533 MainThread [INFO]  Completed executor task 23
2024-03-12 16:37:38.381 worker_log:748 426533 MainThread [INFO]  All processing finished for executor task 23
2024-03-12 16:37:58.553 worker_log:721 426533 MainThread [INFO]  Received executor task 33
2024-03-12 16:38:00.707 worker_log:737 426533 MainThread [INFO]  Completed executor task 33
2024-03-12 16:38:00.709 worker_log:748 426533 MainThread [INFO]  All processing finished for executor task 33
2024-03-12 16:38:16.692 worker_log:721 426533 MainThread [INFO]  Received executor task 41
2024-03-12 16:38:18.847 worker_log:737 426533 MainThread [INFO]  Completed executor task 41
2024-03-12 16:38:18.849 worker_log:748 426533 MainThread [INFO]  All processing finished for executor task 41
2024-03-12 16:38:32.288 worker_log:721 426533 MainThread [INFO]  Received executor task 48
2024-03-12 16:38:34.159 worker_log:737 426533 MainThread [INFO]  Completed executor task 48
2024-03-12 16:38:34.160 worker_log:748 426533 MainThread [INFO]  All processing finished for executor task 48
2024-03-12 16:39:17.988 worker_log:721 426533 MainThread [INFO]  Received executor task 69
2024-03-12 16:39:20.043 worker_log:737 426533 MainThread [INFO]  Completed executor task 69
2024-03-12 16:39:20.044 worker_log:748 426533 MainThread [INFO]  All processing finished for executor task 69
2024-03-12 16:39:44.004 worker_log:721 426533 MainThread [INFO]  Received executor task 81
2024-03-12 16:39:45.930 worker_log:737 426533 MainThread [INFO]  Completed executor task 81
2024-03-12 16:39:45.931 worker_log:748 426533 MainThread [INFO]  All processing finished for executor task 81
2024-03-12 16:40:26.007 worker_log:721 426533 MainThread [INFO]  Received executor task 100
2024-03-12 16:40:27.894 worker_log:737 426533 MainThread [INFO]  Completed executor task 100
2024-03-12 16:40:27.895 worker_log:748 426533 MainThread [INFO]  All processing finished for executor task 100
2024-03-12 16:41:52.090 worker_log:721 426533 MainThread [INFO]  Received executor task 137
2024-03-12 16:41:54.211 worker_log:737 426533 MainThread [INFO]  Completed executor task 137
2024-03-12 16:41:54.212 worker_log:748 426533 MainThread [INFO]  All processing finished for executor task 137
2024-03-12 16:43:26.662 worker_log:721 426533 MainThread [INFO]  Received executor task 176
2024-03-12 16:43:29.150 worker_log:737 426533 MainThread [INFO]  Completed executor task 176
2024-03-12 16:43:29.152 worker_log:748 426533 MainThread [INFO]  All processing finished for executor task 176
2024-03-12 16:43:39.509 worker_log:721 426533 MainThread [INFO]  Received executor task 181
2024-03-12 16:43:41.957 worker_log:737 426533 MainThread [INFO]  Completed executor task 181
2024-03-12 16:43:41.958 worker_log:748 426533 MainThread [INFO]  All processing finished for executor task 181
