2024-03-12 16:36:47.009 worker_log:636 426535 MainThread [INFO]  Worker 3 started
2024-03-12 16:36:47.010 worker_log:638 426535 MainThread [DEBUG]  Debug logging enabled
2024-03-12 16:37:34.404 worker_log:721 426535 MainThread [INFO]  Received executor task 22
2024-03-12 16:37:36.375 worker_log:737 426535 MainThread [INFO]  Completed executor task 22
2024-03-12 16:37:36.377 worker_log:748 426535 MainThread [INFO]  All processing finished for executor task 22
2024-03-12 16:37:52.040 worker_log:721 426535 MainThread [INFO]  Received executor task 30
2024-03-12 16:37:54.066 worker_log:737 426535 MainThread [INFO]  Completed executor task 30
2024-03-12 16:37:54.067 worker_log:748 426535 MainThread [INFO]  All processing finished for executor task 30
2024-03-12 16:38:11.951 worker_log:721 426535 MainThread [INFO]  Received executor task 39
2024-03-12 16:38:13.990 worker_log:737 426535 MainThread [INFO]  Completed executor task 39
2024-03-12 16:38:13.991 worker_log:748 426535 MainThread [INFO]  All processing finished for executor task 39
2024-03-12 16:38:30.105 worker_log:721 426535 MainThread [INFO]  Received executor task 47
2024-03-12 16:38:32.082 worker_log:737 426535 MainThread [INFO]  Completed executor task 47
2024-03-12 16:38:32.083 worker_log:748 426535 MainThread [INFO]  All processing finished for executor task 47
2024-03-12 16:38:57.945 worker_log:721 426535 MainThread [INFO]  Received executor task 60
2024-03-12 16:39:00.046 worker_log:737 426535 MainThread [INFO]  Completed executor task 60
2024-03-12 16:39:00.047 worker_log:748 426535 MainThread [INFO]  All processing finished for executor task 60
2024-03-12 16:39:15.986 worker_log:721 426535 MainThread [INFO]  Received executor task 68
2024-03-12 16:39:17.873 worker_log:737 426535 MainThread [INFO]  Completed executor task 68
2024-03-12 16:39:17.874 worker_log:748 426535 MainThread [INFO]  All processing finished for executor task 68
2024-03-12 16:39:41.976 worker_log:721 426535 MainThread [INFO]  Received executor task 80
2024-03-12 16:39:43.858 worker_log:737 426535 MainThread [INFO]  Completed executor task 80
2024-03-12 16:39:43.859 worker_log:748 426535 MainThread [INFO]  All processing finished for executor task 80
2024-03-12 16:41:16.263 worker_log:721 426535 MainThread [INFO]  Received executor task 121
2024-03-12 16:41:18.326 worker_log:737 426535 MainThread [INFO]  Completed executor task 121
2024-03-12 16:41:18.327 worker_log:748 426535 MainThread [INFO]  All processing finished for executor task 121
2024-03-12 16:41:36.451 worker_log:721 426535 MainThread [INFO]  Received executor task 130
2024-03-12 16:41:38.373 worker_log:737 426535 MainThread [INFO]  Completed executor task 130
2024-03-12 16:41:38.374 worker_log:748 426535 MainThread [INFO]  All processing finished for executor task 130
2024-03-12 16:42:18.413 worker_log:721 426535 MainThread [INFO]  Received executor task 149
2024-03-12 16:42:20.463 worker_log:737 426535 MainThread [INFO]  Completed executor task 149
2024-03-12 16:42:20.464 worker_log:748 426535 MainThread [INFO]  All processing finished for executor task 149
2024-03-12 16:43:19.001 worker_log:721 426535 MainThread [INFO]  Received executor task 173
2024-03-12 16:43:21.516 worker_log:737 426535 MainThread [INFO]  Completed executor task 173
2024-03-12 16:43:21.517 worker_log:748 426535 MainThread [INFO]  All processing finished for executor task 173
2024-03-12 16:43:42.163 worker_log:721 426535 MainThread [INFO]  Received executor task 182
2024-03-12 16:43:44.498 worker_log:737 426535 MainThread [INFO]  Completed executor task 182
2024-03-12 16:43:44.499 worker_log:748 426535 MainThread [INFO]  All processing finished for executor task 182
2024-03-12 16:44:13.025 worker_log:721 426535 MainThread [INFO]  Received executor task 194
2024-03-12 16:44:15.344 worker_log:737 426535 MainThread [INFO]  Completed executor task 194
2024-03-12 16:44:15.345 worker_log:748 426535 MainThread [INFO]  All processing finished for executor task 194
