2024-03-12 16:36:47.009 worker_log:636 426542 MainThread [INFO]  Worker 10 started
2024-03-12 16:36:47.009 worker_log:638 426542 MainThread [DEBUG]  Debug logging enabled
2024-03-12 16:36:58.591 worker_log:721 426542 MainThread [INFO]  Received executor task 6
2024-03-12 16:37:00.603 worker_log:737 426542 MainThread [INFO]  Completed executor task 6
2024-03-12 16:37:00.604 worker_log:748 426542 MainThread [INFO]  All processing finished for executor task 6
2024-03-12 16:37:18.815 worker_log:721 426542 MainThread [INFO]  Received executor task 15
2024-03-12 16:37:21.014 worker_log:737 426542 MainThread [INFO]  Completed executor task 15
2024-03-12 16:37:21.015 worker_log:748 426542 MainThread [INFO]  All processing finished for executor task 15
2024-03-12 16:37:38.586 worker_log:721 426542 MainThread [INFO]  Received executor task 24
2024-03-12 16:37:40.717 worker_log:737 426542 MainThread [INFO]  Completed executor task 24
2024-03-12 16:37:40.718 worker_log:748 426542 MainThread [INFO]  All processing finished for executor task 24
2024-03-12 16:37:56.377 worker_log:721 426542 MainThread [INFO]  Received executor task 32
2024-03-12 16:37:58.348 worker_log:737 426542 MainThread [INFO]  Completed executor task 32
2024-03-12 16:37:58.349 worker_log:748 426542 MainThread [INFO]  All processing finished for executor task 32
2024-03-12 16:39:24.459 worker_log:721 426542 MainThread [INFO]  Received executor task 72
2024-03-12 16:39:26.440 worker_log:737 426542 MainThread [INFO]  Completed executor task 72
2024-03-12 16:39:26.441 worker_log:748 426542 MainThread [INFO]  All processing finished for executor task 72
2024-03-12 16:39:50.617 worker_log:721 426542 MainThread [INFO]  Received executor task 84
2024-03-12 16:39:52.692 worker_log:737 426542 MainThread [INFO]  Completed executor task 84
2024-03-12 16:39:52.693 worker_log:748 426542 MainThread [INFO]  All processing finished for executor task 84
2024-03-12 16:40:10.575 worker_log:721 426542 MainThread [INFO]  Received executor task 93
2024-03-12 16:40:12.580 worker_log:737 426542 MainThread [INFO]  Completed executor task 93
2024-03-12 16:40:12.581 worker_log:748 426542 MainThread [INFO]  All processing finished for executor task 93
2024-03-12 16:40:34.697 worker_log:721 426542 MainThread [INFO]  Received executor task 104
2024-03-12 16:40:36.600 worker_log:737 426542 MainThread [INFO]  Completed executor task 104
2024-03-12 16:40:36.601 worker_log:748 426542 MainThread [INFO]  All processing finished for executor task 104
2024-03-12 16:41:02.229 worker_log:721 426542 MainThread [INFO]  Received executor task 117
2024-03-12 16:41:04.157 worker_log:737 426542 MainThread [INFO]  Completed executor task 117
2024-03-12 16:41:04.158 worker_log:748 426542 MainThread [INFO]  All processing finished for executor task 117
2024-03-12 16:42:16.245 worker_log:721 426542 MainThread [INFO]  Received executor task 148
2024-03-12 16:42:18.208 worker_log:737 426542 MainThread [INFO]  Completed executor task 148
2024-03-12 16:42:18.209 worker_log:748 426542 MainThread [INFO]  All processing finished for executor task 148
2024-03-12 16:42:48.716 worker_log:721 426542 MainThread [INFO]  Received executor task 161
2024-03-12 16:42:51.064 worker_log:737 426542 MainThread [INFO]  Completed executor task 161
2024-03-12 16:42:51.065 worker_log:748 426542 MainThread [INFO]  All processing finished for executor task 161
2024-03-12 16:43:01.470 worker_log:721 426542 MainThread [INFO]  Received executor task 166
2024-03-12 16:43:03.679 worker_log:737 426542 MainThread [INFO]  Completed executor task 166
2024-03-12 16:43:03.679 worker_log:748 426542 MainThread [INFO]  All processing finished for executor task 166
