2024-03-12 16:36:47.002 worker_log:636 426534 MainThread [INFO]  Worker 2 started
2024-03-12 16:36:47.002 worker_log:638 426534 MainThread [DEBUG]  Debug logging enabled
2024-03-12 16:36:56.270 worker_log:721 426534 MainThread [INFO]  Received executor task 5
2024-03-12 16:36:58.383 worker_log:737 426534 MainThread [INFO]  Completed executor task 5
2024-03-12 16:36:58.385 worker_log:748 426534 MainThread [INFO]  All processing finished for executor task 5
2024-03-12 16:37:11.914 worker_log:721 426534 MainThread [INFO]  Received executor task 12
2024-03-12 16:37:13.931 worker_log:737 426534 MainThread [INFO]  Completed executor task 12
2024-03-12 16:37:13.932 worker_log:748 426534 MainThread [INFO]  All processing finished for executor task 12
2024-03-12 16:37:32.123 worker_log:721 426534 MainThread [INFO]  Received executor task 21
2024-03-12 16:37:34.197 worker_log:737 426534 MainThread [INFO]  Completed executor task 21
2024-03-12 16:37:34.198 worker_log:748 426534 MainThread [INFO]  All processing finished for executor task 21
2024-03-12 16:37:54.271 worker_log:721 426534 MainThread [INFO]  Received executor task 31
2024-03-12 16:37:56.171 worker_log:737 426534 MainThread [INFO]  Completed executor task 31
2024-03-12 16:37:56.172 worker_log:748 426534 MainThread [INFO]  All processing finished for executor task 31
2024-03-12 16:38:14.196 worker_log:721 426534 MainThread [INFO]  Received executor task 40
2024-03-12 16:38:16.487 worker_log:737 426534 MainThread [INFO]  Completed executor task 40
2024-03-12 16:38:16.488 worker_log:748 426534 MainThread [INFO]  All processing finished for executor task 40
2024-03-12 16:38:34.365 worker_log:721 426534 MainThread [INFO]  Received executor task 49
2024-03-12 16:38:36.246 worker_log:737 426534 MainThread [INFO]  Completed executor task 49
2024-03-12 16:38:36.247 worker_log:748 426534 MainThread [INFO]  All processing finished for executor task 49
2024-03-12 16:39:00.252 worker_log:721 426534 MainThread [INFO]  Received executor task 61
2024-03-12 16:39:02.186 worker_log:737 426534 MainThread [INFO]  Completed executor task 61
2024-03-12 16:39:02.187 worker_log:748 426534 MainThread [INFO]  All processing finished for executor task 61
2024-03-12 16:39:20.249 worker_log:721 426534 MainThread [INFO]  Received executor task 70
2024-03-12 16:39:22.015 worker_log:737 426534 MainThread [INFO]  Completed executor task 70
2024-03-12 16:39:22.016 worker_log:748 426534 MainThread [INFO]  All processing finished for executor task 70
2024-03-12 16:39:46.135 worker_log:721 426534 MainThread [INFO]  Received executor task 82
2024-03-12 16:39:48.137 worker_log:737 426534 MainThread [INFO]  Completed executor task 82
2024-03-12 16:39:48.138 worker_log:748 426534 MainThread [INFO]  All processing finished for executor task 82
2024-03-12 16:40:06.148 worker_log:721 426534 MainThread [INFO]  Received executor task 91
2024-03-12 16:40:08.213 worker_log:737 426534 MainThread [INFO]  Completed executor task 91
2024-03-12 16:40:08.214 worker_log:748 426534 MainThread [INFO]  All processing finished for executor task 91
2024-03-12 16:40:28.030 worker_log:721 426534 MainThread [INFO]  Received executor task 101
2024-03-12 16:40:30.151 worker_log:737 426534 MainThread [INFO]  Completed executor task 101
2024-03-12 16:40:30.152 worker_log:748 426534 MainThread [INFO]  All processing finished for executor task 101
2024-03-12 16:40:56.156 worker_log:721 426534 MainThread [INFO]  Received executor task 114
2024-03-12 16:40:57.906 worker_log:737 426534 MainThread [INFO]  Completed executor task 114
2024-03-12 16:40:57.907 worker_log:748 426534 MainThread [INFO]  All processing finished for executor task 114
2024-03-12 16:42:11.938 worker_log:721 426534 MainThread [INFO]  Received executor task 146
2024-03-12 16:42:13.963 worker_log:737 426534 MainThread [INFO]  Completed executor task 146
2024-03-12 16:42:13.964 worker_log:748 426534 MainThread [INFO]  All processing finished for executor task 146
