2024-03-12 16:36:47.054 worker_log:636 426553 MainThread [INFO]  Worker 21 started
2024-03-12 16:36:47.054 worker_log:638 426553 MainThread [DEBUG]  Debug logging enabled
2024-03-12 16:39:31.011 worker_log:721 426553 MainThread [INFO]  Received executor task 75
2024-03-12 16:39:32.938 worker_log:737 426553 MainThread [INFO]  Completed executor task 75
2024-03-12 16:39:32.940 worker_log:748 426553 MainThread [INFO]  All processing finished for executor task 75
2024-03-12 16:40:12.786 worker_log:721 426553 MainThread [INFO]  Received executor task 94
2024-03-12 16:40:14.953 worker_log:737 426553 MainThread [INFO]  Completed executor task 94
2024-03-12 16:40:14.954 worker_log:748 426553 MainThread [INFO]  All processing finished for executor task 94
2024-03-12 16:40:39.069 worker_log:721 426553 MainThread [INFO]  Received executor task 106
2024-03-12 16:40:40.965 worker_log:737 426553 MainThread [INFO]  Completed executor task 106
2024-03-12 16:40:40.965 worker_log:748 426553 MainThread [INFO]  All processing finished for executor task 106
2024-03-12 16:41:06.567 worker_log:721 426553 MainThread [INFO]  Received executor task 119
2024-03-12 16:41:13.595 worker_log:737 426553 MainThread [INFO]  Completed executor task 119
2024-03-12 16:41:13.596 worker_log:748 426553 MainThread [INFO]  All processing finished for executor task 119
2024-03-12 16:41:49.777 worker_log:721 426553 MainThread [INFO]  Received executor task 136
2024-03-12 16:41:51.925 worker_log:737 426553 MainThread [INFO]  Completed executor task 136
2024-03-12 16:41:51.927 worker_log:748 426553 MainThread [INFO]  All processing finished for executor task 136
2024-03-12 16:43:16.316 worker_log:721 426553 MainThread [INFO]  Received executor task 172
2024-03-12 16:43:18.795 worker_log:737 426553 MainThread [INFO]  Completed executor task 172
2024-03-12 16:43:18.796 worker_log:748 426553 MainThread [INFO]  All processing finished for executor task 172
