2024-03-12 16:36:47.016 worker_log:636 426548 MainThread [INFO]  Worker 16 started
2024-03-12 16:36:47.016 worker_log:638 426548 MainThread [DEBUG]  Debug logging enabled
2024-03-12 16:38:19.054 worker_log:721 426548 MainThread [INFO]  Received executor task 42
2024-03-12 16:38:21.034 worker_log:737 426548 MainThread [INFO]  Completed executor task 42
2024-03-12 16:38:21.036 worker_log:748 426548 MainThread [INFO]  All processing finished for executor task 42
2024-03-12 16:38:38.833 worker_log:721 426548 MainThread [INFO]  Received executor task 51
2024-03-12 16:38:40.770 worker_log:737 426548 MainThread [INFO]  Completed executor task 51
2024-03-12 16:38:40.771 worker_log:748 426548 MainThread [INFO]  All processing finished for executor task 51
2024-03-12 16:39:04.579 worker_log:721 426548 MainThread [INFO]  Received executor task 63
2024-03-12 16:39:06.556 worker_log:737 426548 MainThread [INFO]  Completed executor task 63
2024-03-12 16:39:06.557 worker_log:748 426548 MainThread [INFO]  All processing finished for executor task 63
2024-03-12 16:39:48.343 worker_log:721 426548 MainThread [INFO]  Received executor task 83
2024-03-12 16:39:50.411 worker_log:737 426548 MainThread [INFO]  Completed executor task 83
2024-03-12 16:39:50.412 worker_log:748 426548 MainThread [INFO]  All processing finished for executor task 83
2024-03-12 16:40:08.419 worker_log:721 426548 MainThread [INFO]  Received executor task 92
2024-03-12 16:40:10.369 worker_log:737 426548 MainThread [INFO]  Completed executor task 92
2024-03-12 16:40:10.370 worker_log:748 426548 MainThread [INFO]  All processing finished for executor task 92
2024-03-12 16:40:30.357 worker_log:721 426548 MainThread [INFO]  Received executor task 102
2024-03-12 16:40:32.306 worker_log:737 426548 MainThread [INFO]  Completed executor task 102
2024-03-12 16:40:32.307 worker_log:748 426548 MainThread [INFO]  All processing finished for executor task 102
2024-03-12 16:40:54.045 worker_log:721 426548 MainThread [INFO]  Received executor task 113
2024-03-12 16:40:55.950 worker_log:737 426548 MainThread [INFO]  Completed executor task 113
2024-03-12 16:40:55.951 worker_log:748 426548 MainThread [INFO]  All processing finished for executor task 113
2024-03-12 16:42:14.106 worker_log:721 426548 MainThread [INFO]  Received executor task 147
2024-03-12 16:42:16.039 worker_log:737 426548 MainThread [INFO]  Completed executor task 147
2024-03-12 16:42:16.040 worker_log:748 426548 MainThread [INFO]  All processing finished for executor task 147
2024-03-12 16:44:02.620 worker_log:721 426548 MainThread [INFO]  Received executor task 190
2024-03-12 16:44:04.896 worker_log:737 426548 MainThread [INFO]  Completed executor task 190
2024-03-12 16:44:04.897 worker_log:748 426548 MainThread [INFO]  All processing finished for executor task 190
