2024-03-12 16:36:47.028 worker_log:636 426539 MainThread [INFO]  Worker 7 started
2024-03-12 16:36:47.028 worker_log:638 426539 MainThread [DEBUG]  Debug logging enabled
2024-03-12 16:38:40.977 worker_log:721 426539 MainThread [INFO]  Received executor task 52
2024-03-12 16:38:42.962 worker_log:737 426539 MainThread [INFO]  Completed executor task 52
2024-03-12 16:38:42.964 worker_log:748 426539 MainThread [INFO]  All processing finished for executor task 52
2024-03-12 16:39:06.762 worker_log:721 426539 MainThread [INFO]  Received executor task 64
2024-03-12 16:39:08.976 worker_log:737 426539 MainThread [INFO]  Completed executor task 64
2024-03-12 16:39:08.977 worker_log:748 426539 MainThread [INFO]  All processing finished for executor task 64
2024-03-12 16:39:26.646 worker_log:721 426539 MainThread [INFO]  Received executor task 73
2024-03-12 16:39:28.566 worker_log:737 426539 MainThread [INFO]  Completed executor task 73
2024-03-12 16:39:28.567 worker_log:748 426539 MainThread [INFO]  All processing finished for executor task 73
2024-03-12 16:40:32.513 worker_log:721 426539 MainThread [INFO]  Received executor task 103
2024-03-12 16:40:34.489 worker_log:737 426539 MainThread [INFO]  Completed executor task 103
2024-03-12 16:40:34.492 worker_log:748 426539 MainThread [INFO]  All processing finished for executor task 103
2024-03-12 16:41:00.051 worker_log:721 426539 MainThread [INFO]  Received executor task 116
2024-03-12 16:41:02.023 worker_log:737 426539 MainThread [INFO]  Completed executor task 116
2024-03-12 16:41:02.024 worker_log:748 426539 MainThread [INFO]  All processing finished for executor task 116
2024-03-12 16:43:34.542 worker_log:721 426539 MainThread [INFO]  Received executor task 179
2024-03-12 16:43:36.874 worker_log:737 426539 MainThread [INFO]  Completed executor task 179
2024-03-12 16:43:36.875 worker_log:748 426539 MainThread [INFO]  All processing finished for executor task 179
2024-03-12 16:43:57.476 worker_log:721 426539 MainThread [INFO]  Received executor task 188
2024-03-12 16:43:59.833 worker_log:737 426539 MainThread [INFO]  Completed executor task 188
2024-03-12 16:43:59.834 worker_log:748 426539 MainThread [INFO]  All processing finished for executor task 188
