2024-03-12 16:36:46.974 worker_log:636 426538 MainThread [INFO]  Worker 6 started
2024-03-12 16:36:46.974 worker_log:638 426538 MainThread [DEBUG]  Debug logging enabled
2024-03-12 16:36:46.976 worker_log:721 426538 MainThread [INFO]  Received executor task 1
2024-03-12 16:36:49.412 worker_log:737 426538 MainThread [INFO]  Completed executor task 1
2024-03-12 16:36:49.414 worker_log:748 426538 MainThread [INFO]  All processing finished for executor task 1
2024-03-12 16:37:05.458 worker_log:721 426538 MainThread [INFO]  Received executor task 9
2024-03-12 16:37:07.504 worker_log:737 426538 MainThread [INFO]  Completed executor task 9
2024-03-12 16:37:07.505 worker_log:748 426538 MainThread [INFO]  All processing finished for executor task 9
2024-03-12 16:37:23.530 worker_log:721 426538 MainThread [INFO]  Received executor task 17
2024-03-12 16:37:25.428 worker_log:737 426538 MainThread [INFO]  Completed executor task 17
2024-03-12 16:37:25.429 worker_log:748 426538 MainThread [INFO]  All processing finished for executor task 17
2024-03-12 16:40:45.735 worker_log:721 426538 MainThread [INFO]  Received executor task 109
2024-03-12 16:40:47.492 worker_log:737 426538 MainThread [INFO]  Completed executor task 109
2024-03-12 16:40:47.493 worker_log:748 426538 MainThread [INFO]  All processing finished for executor task 109
2024-03-12 16:41:29.527 worker_log:721 426538 MainThread [INFO]  Received executor task 127
2024-03-12 16:41:31.653 worker_log:737 426538 MainThread [INFO]  Completed executor task 127
2024-03-12 16:41:31.655 worker_log:748 426538 MainThread [INFO]  All processing finished for executor task 127
2024-03-12 16:43:52.178 worker_log:721 426538 MainThread [INFO]  Received executor task 186
2024-03-12 16:43:54.605 worker_log:737 426538 MainThread [INFO]  Completed executor task 186
2024-03-12 16:43:54.606 worker_log:748 426538 MainThread [INFO]  All processing finished for executor task 186
