2024-03-12 16:36:46.979 worker_log:636 426541 MainThread [INFO]  Worker 9 started
2024-03-12 16:36:46.979 worker_log:638 426541 MainThread [DEBUG]  Debug logging enabled
2024-03-12 16:36:51.901 worker_log:721 426541 MainThread [INFO]  Received executor task 3
2024-03-12 16:36:53.999 worker_log:737 426541 MainThread [INFO]  Completed executor task 3
2024-03-12 16:36:54.001 worker_log:748 426541 MainThread [INFO]  All processing finished for executor task 3
2024-03-12 16:37:07.710 worker_log:721 426541 MainThread [INFO]  Received executor task 10
2024-03-12 16:37:09.758 worker_log:737 426541 MainThread [INFO]  Completed executor task 10
2024-03-12 16:37:09.759 worker_log:748 426541 MainThread [INFO]  All processing finished for executor task 10
2024-03-12 16:37:27.834 worker_log:721 426541 MainThread [INFO]  Received executor task 19
2024-03-12 16:37:29.713 worker_log:737 426541 MainThread [INFO]  Completed executor task 19
2024-03-12 16:37:29.714 worker_log:748 426541 MainThread [INFO]  All processing finished for executor task 19
2024-03-12 16:38:09.950 worker_log:721 426541 MainThread [INFO]  Received executor task 38
2024-03-12 16:38:11.762 worker_log:737 426541 MainThread [INFO]  Completed executor task 38
2024-03-12 16:38:11.764 worker_log:748 426541 MainThread [INFO]  All processing finished for executor task 38
2024-03-12 16:38:53.590 worker_log:721 426541 MainThread [INFO]  Received executor task 58
2024-03-12 16:38:55.570 worker_log:737 426541 MainThread [INFO]  Completed executor task 58
2024-03-12 16:38:55.572 worker_log:748 426541 MainThread [INFO]  All processing finished for executor task 58
2024-03-12 16:39:13.749 worker_log:721 426541 MainThread [INFO]  Received executor task 67
2024-03-12 16:39:15.820 worker_log:737 426541 MainThread [INFO]  Completed executor task 67
2024-03-12 16:39:15.821 worker_log:748 426541 MainThread [INFO]  All processing finished for executor task 67
2024-03-12 16:39:39.813 worker_log:721 426541 MainThread [INFO]  Received executor task 79
2024-03-12 16:39:41.770 worker_log:737 426541 MainThread [INFO]  Completed executor task 79
2024-03-12 16:39:41.771 worker_log:748 426541 MainThread [INFO]  All processing finished for executor task 79
2024-03-12 16:40:03.969 worker_log:721 426541 MainThread [INFO]  Received executor task 90
2024-03-12 16:40:05.943 worker_log:737 426541 MainThread [INFO]  Completed executor task 90
2024-03-12 16:40:05.943 worker_log:748 426541 MainThread [INFO]  All processing finished for executor task 90
2024-03-12 16:40:51.952 worker_log:721 426541 MainThread [INFO]  Received executor task 112
2024-03-12 16:40:53.928 worker_log:737 426541 MainThread [INFO]  Completed executor task 112
2024-03-12 16:40:53.929 worker_log:748 426541 MainThread [INFO]  All processing finished for executor task 112
