2024-03-12 16:36:47.011 worker_log:636 426547 MainThread [INFO]  Worker 15 started
2024-03-12 16:36:47.011 worker_log:638 426547 MainThread [DEBUG]  Debug logging enabled
2024-03-12 16:37:21.221 worker_log:721 426547 MainThread [INFO]  Received executor task 16
2024-03-12 16:37:23.323 worker_log:737 426547 MainThread [INFO]  Completed executor task 16
2024-03-12 16:37:23.325 worker_log:748 426547 MainThread [INFO]  All processing finished for executor task 16
2024-03-12 16:38:05.546 worker_log:721 426547 MainThread [INFO]  Received executor task 36
2024-03-12 16:38:07.466 worker_log:737 426547 MainThread [INFO]  Completed executor task 36
2024-03-12 16:38:07.467 worker_log:748 426547 MainThread [INFO]  All processing finished for executor task 36
2024-03-12 16:39:37.753 worker_log:721 426547 MainThread [INFO]  Received executor task 78
2024-03-12 16:39:39.608 worker_log:737 426547 MainThread [INFO]  Completed executor task 78
2024-03-12 16:39:39.609 worker_log:748 426547 MainThread [INFO]  All processing finished for executor task 78
2024-03-12 16:40:01.748 worker_log:721 426547 MainThread [INFO]  Received executor task 89
2024-03-12 16:40:03.763 worker_log:737 426547 MainThread [INFO]  Completed executor task 89
2024-03-12 16:40:03.764 worker_log:748 426547 MainThread [INFO]  All processing finished for executor task 89
2024-03-12 16:40:23.905 worker_log:721 426547 MainThread [INFO]  Received executor task 99
2024-03-12 16:40:25.801 worker_log:737 426547 MainThread [INFO]  Completed executor task 99
2024-03-12 16:40:25.802 worker_log:748 426547 MainThread [INFO]  All processing finished for executor task 99
2024-03-12 16:40:47.699 worker_log:721 426547 MainThread [INFO]  Received executor task 110
2024-03-12 16:40:49.703 worker_log:737 426547 MainThread [INFO]  Completed executor task 110
2024-03-12 16:40:49.704 worker_log:748 426547 MainThread [INFO]  All processing finished for executor task 110
2024-03-12 16:42:30.272 worker_log:721 426547 MainThread [INFO]  Received executor task 154
2024-03-12 16:42:32.705 worker_log:737 426547 MainThread [INFO]  Completed executor task 154
2024-03-12 16:42:32.706 worker_log:748 426547 MainThread [INFO]  All processing finished for executor task 154
2024-03-12 16:43:29.356 worker_log:721 426547 MainThread [INFO]  Received executor task 177
2024-03-12 16:43:31.794 worker_log:737 426547 MainThread [INFO]  Completed executor task 177
2024-03-12 16:43:31.796 worker_log:748 426547 MainThread [INFO]  All processing finished for executor task 177
2024-03-12 16:44:10.459 worker_log:721 426547 MainThread [INFO]  Received executor task 193
2024-03-12 16:44:12.819 worker_log:737 426547 MainThread [INFO]  Completed executor task 193
2024-03-12 16:44:12.820 worker_log:748 426547 MainThread [INFO]  All processing finished for executor task 193
2024-03-12 16:44:23.525 worker_log:721 426547 MainThread [INFO]  Received executor task 198
2024-03-12 16:44:25.909 worker_log:737 426547 MainThread [INFO]  Completed executor task 198
2024-03-12 16:44:25.910 worker_log:748 426547 MainThread [INFO]  All processing finished for executor task 198
