2024-03-12 16:36:47.044 worker_log:636 426551 MainThread [INFO]  Worker 19 started
2024-03-12 16:36:47.044 worker_log:638 426551 MainThread [DEBUG]  Debug logging enabled
2024-03-12 16:39:28.773 worker_log:721 426551 MainThread [INFO]  Received executor task 74
2024-03-12 16:39:30.804 worker_log:737 426551 MainThread [INFO]  Completed executor task 74
2024-03-12 16:39:30.806 worker_log:748 426551 MainThread [INFO]  All processing finished for executor task 74
2024-03-12 16:39:52.897 worker_log:721 426551 MainThread [INFO]  Received executor task 85
2024-03-12 16:39:54.959 worker_log:737 426551 MainThread [INFO]  Completed executor task 85
2024-03-12 16:39:54.960 worker_log:748 426551 MainThread [INFO]  All processing finished for executor task 85
2024-03-12 16:40:15.158 worker_log:721 426551 MainThread [INFO]  Received executor task 95
2024-03-12 16:40:17.071 worker_log:737 426551 MainThread [INFO]  Completed executor task 95
2024-03-12 16:40:17.072 worker_log:748 426551 MainThread [INFO]  All processing finished for executor task 95
2024-03-12 16:40:36.806 worker_log:721 426551 MainThread [INFO]  Received executor task 105
2024-03-12 16:40:38.863 worker_log:737 426551 MainThread [INFO]  Completed executor task 105
2024-03-12 16:40:38.864 worker_log:748 426551 MainThread [INFO]  All processing finished for executor task 105
2024-03-12 16:41:04.363 worker_log:721 426551 MainThread [INFO]  Received executor task 118
2024-03-12 16:41:06.360 worker_log:737 426551 MainThread [INFO]  Completed executor task 118
2024-03-12 16:41:06.362 worker_log:748 426551 MainThread [INFO]  All processing finished for executor task 118
2024-03-12 16:41:18.532 worker_log:721 426551 MainThread [INFO]  Received executor task 122
2024-03-12 16:41:20.545 worker_log:737 426551 MainThread [INFO]  Completed executor task 122
2024-03-12 16:41:20.546 worker_log:748 426551 MainThread [INFO]  All processing finished for executor task 122
2024-03-12 16:41:56.621 worker_log:721 426551 MainThread [INFO]  Received executor task 139
2024-03-12 16:41:58.561 worker_log:737 426551 MainThread [INFO]  Completed executor task 139
2024-03-12 16:41:58.562 worker_log:748 426551 MainThread [INFO]  All processing finished for executor task 139
2024-03-12 16:42:20.669 worker_log:721 426551 MainThread [INFO]  Received executor task 150
2024-03-12 16:42:22.644 worker_log:737 426551 MainThread [INFO]  Completed executor task 150
2024-03-12 16:42:22.645 worker_log:748 426551 MainThread [INFO]  All processing finished for executor task 150
