2024-03-12 16:36:46.976 worker_log:636 426537 MainThread [INFO]  Worker 5 started
2024-03-12 16:36:46.976 worker_log:638 426537 MainThread [DEBUG]  Debug logging enabled
2024-03-12 16:36:49.619 worker_log:721 426537 MainThread [INFO]  Received executor task 2
2024-03-12 16:36:51.721 worker_log:737 426537 MainThread [INFO]  Completed executor task 2
2024-03-12 16:36:51.723 worker_log:748 426537 MainThread [INFO]  All processing finished for executor task 2
2024-03-12 16:37:09.912 worker_log:721 426537 MainThread [INFO]  Received executor task 11
2024-03-12 16:37:11.787 worker_log:737 426537 MainThread [INFO]  Completed executor task 11
2024-03-12 16:37:11.788 worker_log:748 426537 MainThread [INFO]  All processing finished for executor task 11
2024-03-12 16:37:25.633 worker_log:721 426537 MainThread [INFO]  Received executor task 18
2024-03-12 16:37:27.629 worker_log:737 426537 MainThread [INFO]  Completed executor task 18
2024-03-12 16:37:27.630 worker_log:748 426537 MainThread [INFO]  All processing finished for executor task 18
2024-03-12 16:37:47.694 worker_log:721 426537 MainThread [INFO]  Received executor task 28
2024-03-12 16:37:49.782 worker_log:737 426537 MainThread [INFO]  Completed executor task 28
2024-03-12 16:37:49.783 worker_log:748 426537 MainThread [INFO]  All processing finished for executor task 28
2024-03-12 16:38:07.672 worker_log:721 426537 MainThread [INFO]  Received executor task 37
2024-03-12 16:38:09.772 worker_log:737 426537 MainThread [INFO]  Completed executor task 37
2024-03-12 16:38:09.773 worker_log:748 426537 MainThread [INFO]  All processing finished for executor task 37
2024-03-12 16:38:27.947 worker_log:721 426537 MainThread [INFO]  Received executor task 46
2024-03-12 16:38:29.899 worker_log:737 426537 MainThread [INFO]  Completed executor task 46
2024-03-12 16:38:29.900 worker_log:748 426537 MainThread [INFO]  All processing finished for executor task 46
2024-03-12 16:38:55.776 worker_log:721 426537 MainThread [INFO]  Received executor task 59
2024-03-12 16:38:57.739 worker_log:737 426537 MainThread [INFO]  Completed executor task 59
2024-03-12 16:38:57.740 worker_log:748 426537 MainThread [INFO]  All processing finished for executor task 59
2024-03-12 16:40:21.735 worker_log:721 426537 MainThread [INFO]  Received executor task 98
2024-03-12 16:40:23.699 worker_log:737 426537 MainThread [INFO]  Completed executor task 98
2024-03-12 16:40:23.700 worker_log:748 426537 MainThread [INFO]  All processing finished for executor task 98
2024-03-12 16:40:49.909 worker_log:721 426537 MainThread [INFO]  Received executor task 111
2024-03-12 16:40:51.747 worker_log:737 426537 MainThread [INFO]  Completed executor task 111
2024-03-12 16:40:51.748 worker_log:748 426537 MainThread [INFO]  All processing finished for executor task 111
