2024-03-12 16:33:02.477 worker_log:636 423673 MainThread [INFO]  Worker 9 started
2024-03-12 16:33:02.477 worker_log:638 423673 MainThread [DEBUG]  Debug logging enabled
2024-03-12 16:33:04.101 worker_log:721 423673 MainThread [INFO]  Received executor task 4
2024-03-12 16:33:04.102 worker_log:737 423673 MainThread [INFO]  Completed executor task 4
2024-03-12 16:33:04.103 worker_log:748 423673 MainThread [INFO]  All processing finished for executor task 4
2024-03-12 16:33:05.548 worker_log:721 423673 MainThread [INFO]  Received executor task 11
2024-03-12 16:33:05.548 worker_log:737 423673 MainThread [INFO]  Completed executor task 11
2024-03-12 16:33:05.549 worker_log:748 423673 MainThread [INFO]  All processing finished for executor task 11
2024-03-12 16:33:07.393 worker_log:721 423673 MainThread [INFO]  Received executor task 20
2024-03-12 16:33:07.393 worker_log:737 423673 MainThread [INFO]  Completed executor task 20
2024-03-12 16:33:07.393 worker_log:748 423673 MainThread [INFO]  All processing finished for executor task 20
2024-03-12 16:33:11.394 worker_log:721 423673 MainThread [INFO]  Received executor task 40
2024-03-12 16:33:11.394 worker_log:737 423673 MainThread [INFO]  Completed executor task 40
2024-03-12 16:33:11.395 worker_log:748 423673 MainThread [INFO]  All processing finished for executor task 40
2024-03-12 16:33:15.535 worker_log:721 423673 MainThread [INFO]  Received executor task 60
2024-03-12 16:33:15.546 worker_log:737 423673 MainThread [INFO]  Completed executor task 60
2024-03-12 16:33:15.547 worker_log:748 423673 MainThread [INFO]  All processing finished for executor task 60
2024-03-12 16:33:17.395 worker_log:721 423673 MainThread [INFO]  Received executor task 69
2024-03-12 16:33:17.405 worker_log:737 423673 MainThread [INFO]  Completed executor task 69
2024-03-12 16:33:17.406 worker_log:748 423673 MainThread [INFO]  All processing finished for executor task 69
2024-03-12 16:33:19.555 worker_log:721 423673 MainThread [INFO]  Received executor task 79
2024-03-12 16:33:19.566 worker_log:737 423673 MainThread [INFO]  Completed executor task 79
2024-03-12 16:33:19.567 worker_log:748 423673 MainThread [INFO]  All processing finished for executor task 79
2024-03-12 16:33:27.846 worker_log:721 423673 MainThread [INFO]  Received executor task 113
2024-03-12 16:33:27.947 worker_log:737 423673 MainThread [INFO]  Completed executor task 113
2024-03-12 16:33:27.947 worker_log:748 423673 MainThread [INFO]  All processing finished for executor task 113
2024-03-12 16:33:32.132 worker_log:721 423673 MainThread [INFO]  Received executor task 127
2024-03-12 16:33:32.233 worker_log:737 423673 MainThread [INFO]  Completed executor task 127
2024-03-12 16:33:32.234 worker_log:748 423673 MainThread [INFO]  All processing finished for executor task 127
2024-03-12 16:33:36.417 worker_log:721 423673 MainThread [INFO]  Received executor task 141
2024-03-12 16:33:36.518 worker_log:737 423673 MainThread [INFO]  Completed executor task 141
2024-03-12 16:33:36.518 worker_log:748 423673 MainThread [INFO]  All processing finished for executor task 141
2024-03-12 16:33:51.677 worker_log:721 423673 MainThread [INFO]  Received executor task 162
2024-03-12 16:33:52.679 worker_log:737 423673 MainThread [INFO]  Completed executor task 162
2024-03-12 16:33:52.680 worker_log:748 423673 MainThread [INFO]  All processing finished for executor task 162
