2024-03-12 16:33:02.473 worker_log:636 423672 MainThread [INFO]  Worker 8 started
2024-03-12 16:33:02.473 worker_log:638 423672 MainThread [DEBUG]  Debug logging enabled
2024-03-12 16:33:02.476 worker_log:721 423672 MainThread [INFO]  Received executor task 1
2024-03-12 16:33:03.478 worker_log:737 423672 MainThread [INFO]  Completed executor task 1
2024-03-12 16:33:03.479 worker_log:748 423672 MainThread [INFO]  All processing finished for executor task 1
2024-03-12 16:33:04.931 worker_log:721 423672 MainThread [INFO]  Received executor task 8
2024-03-12 16:33:04.932 worker_log:737 423672 MainThread [INFO]  Completed executor task 8
2024-03-12 16:33:04.933 worker_log:748 423672 MainThread [INFO]  All processing finished for executor task 8
2024-03-12 16:33:06.996 worker_log:721 423672 MainThread [INFO]  Received executor task 18
2024-03-12 16:33:06.996 worker_log:737 423672 MainThread [INFO]  Completed executor task 18
2024-03-12 16:33:06.997 worker_log:748 423672 MainThread [INFO]  All processing finished for executor task 18
2024-03-12 16:33:09.042 worker_log:721 423672 MainThread [INFO]  Received executor task 28
2024-03-12 16:33:09.043 worker_log:737 423672 MainThread [INFO]  Completed executor task 28
2024-03-12 16:33:09.043 worker_log:748 423672 MainThread [INFO]  All processing finished for executor task 28
2024-03-12 16:33:11.043 worker_log:721 423672 MainThread [INFO]  Received executor task 38
2024-03-12 16:33:11.043 worker_log:737 423672 MainThread [INFO]  Completed executor task 38
2024-03-12 16:33:11.044 worker_log:748 423672 MainThread [INFO]  All processing finished for executor task 38
2024-03-12 16:33:13.041 worker_log:721 423672 MainThread [INFO]  Received executor task 48
2024-03-12 16:33:13.042 worker_log:737 423672 MainThread [INFO]  Completed executor task 48
2024-03-12 16:33:13.042 worker_log:748 423672 MainThread [INFO]  All processing finished for executor task 48
2024-03-12 16:33:15.102 worker_log:721 423672 MainThread [INFO]  Received executor task 58
2024-03-12 16:33:15.114 worker_log:737 423672 MainThread [INFO]  Completed executor task 58
2024-03-12 16:33:15.114 worker_log:748 423672 MainThread [INFO]  All processing finished for executor task 58
2024-03-12 16:33:25.394 worker_log:721 423672 MainThread [INFO]  Received executor task 105
2024-03-12 16:33:25.496 worker_log:737 423672 MainThread [INFO]  Completed executor task 105
2024-03-12 16:33:25.496 worker_log:748 423672 MainThread [INFO]  All processing finished for executor task 105
2024-03-12 16:33:29.682 worker_log:721 423672 MainThread [INFO]  Received executor task 119
2024-03-12 16:33:29.783 worker_log:737 423672 MainThread [INFO]  Completed executor task 119
2024-03-12 16:33:29.783 worker_log:748 423672 MainThread [INFO]  All processing finished for executor task 119
2024-03-12 16:33:33.968 worker_log:721 423672 MainThread [INFO]  Received executor task 133
2024-03-12 16:33:34.068 worker_log:737 423672 MainThread [INFO]  Completed executor task 133
2024-03-12 16:33:34.069 worker_log:748 423672 MainThread [INFO]  All processing finished for executor task 133
2024-03-12 16:33:38.251 worker_log:721 423672 MainThread [INFO]  Received executor task 147
2024-03-12 16:33:38.352 worker_log:737 423672 MainThread [INFO]  Completed executor task 147
2024-03-12 16:33:38.352 worker_log:748 423672 MainThread [INFO]  All processing finished for executor task 147
