2024-03-12 16:33:02.476 worker_log:636 423677 MainThread [INFO]  Worker 13 started
2024-03-12 16:33:02.476 worker_log:638 423677 MainThread [DEBUG]  Debug logging enabled
2024-03-12 16:33:03.685 worker_log:721 423677 MainThread [INFO]  Received executor task 2
2024-03-12 16:33:03.686 worker_log:737 423677 MainThread [INFO]  Completed executor task 2
2024-03-12 16:33:03.687 worker_log:748 423677 MainThread [INFO]  All processing finished for executor task 2
2024-03-12 16:33:05.137 worker_log:721 423677 MainThread [INFO]  Received executor task 9
2024-03-12 16:33:05.137 worker_log:737 423677 MainThread [INFO]  Completed executor task 9
2024-03-12 16:33:05.138 worker_log:748 423677 MainThread [INFO]  All processing finished for executor task 9
2024-03-12 16:33:11.248 worker_log:721 423677 MainThread [INFO]  Received executor task 39
2024-03-12 16:33:11.249 worker_log:737 423677 MainThread [INFO]  Completed executor task 39
2024-03-12 16:33:11.249 worker_log:748 423677 MainThread [INFO]  All processing finished for executor task 39
2024-03-12 16:33:13.394 worker_log:721 423677 MainThread [INFO]  Received executor task 50
2024-03-12 16:33:13.394 worker_log:737 423677 MainThread [INFO]  Completed executor task 50
2024-03-12 16:33:13.395 worker_log:748 423677 MainThread [INFO]  All processing finished for executor task 50
2024-03-12 16:33:15.319 worker_log:721 423677 MainThread [INFO]  Received executor task 59
2024-03-12 16:33:15.330 worker_log:737 423677 MainThread [INFO]  Completed executor task 59
2024-03-12 16:33:15.330 worker_log:748 423677 MainThread [INFO]  All processing finished for executor task 59
2024-03-12 16:33:17.267 worker_log:721 423677 MainThread [INFO]  Received executor task 68
2024-03-12 16:33:17.277 worker_log:737 423677 MainThread [INFO]  Completed executor task 68
2024-03-12 16:33:17.278 worker_log:748 423677 MainThread [INFO]  All processing finished for executor task 68
2024-03-12 16:33:23.396 worker_log:721 423677 MainThread [INFO]  Received executor task 97
2024-03-12 16:33:23.407 worker_log:737 423677 MainThread [INFO]  Completed executor task 97
2024-03-12 16:33:23.407 worker_log:748 423677 MainThread [INFO]  All processing finished for executor task 97
2024-03-12 16:33:25.701 worker_log:721 423677 MainThread [INFO]  Received executor task 106
2024-03-12 16:33:25.802 worker_log:737 423677 MainThread [INFO]  Completed executor task 106
2024-03-12 16:33:25.802 worker_log:748 423677 MainThread [INFO]  All processing finished for executor task 106
2024-03-12 16:33:52.884 worker_log:721 423677 MainThread [INFO]  Received executor task 163
2024-03-12 16:33:53.886 worker_log:737 423677 MainThread [INFO]  Completed executor task 163
2024-03-12 16:33:53.887 worker_log:748 423677 MainThread [INFO]  All processing finished for executor task 163
