2024-03-12 16:33:02.476 worker_log:636 423670 MainThread [INFO]  Worker 6 started
2024-03-12 16:33:02.476 worker_log:638 423670 MainThread [DEBUG]  Debug logging enabled
2024-03-12 16:33:03.893 worker_log:721 423670 MainThread [INFO]  Received executor task 3
2024-03-12 16:33:03.894 worker_log:737 423670 MainThread [INFO]  Completed executor task 3
2024-03-12 16:33:03.895 worker_log:748 423670 MainThread [INFO]  All processing finished for executor task 3
2024-03-12 16:33:05.342 worker_log:721 423670 MainThread [INFO]  Received executor task 10
2024-03-12 16:33:05.343 worker_log:737 423670 MainThread [INFO]  Completed executor task 10
2024-03-12 16:33:05.343 worker_log:748 423670 MainThread [INFO]  All processing finished for executor task 10
2024-03-12 16:33:07.201 worker_log:721 423670 MainThread [INFO]  Received executor task 19
2024-03-12 16:33:07.202 worker_log:737 423670 MainThread [INFO]  Completed executor task 19
2024-03-12 16:33:07.202 worker_log:748 423670 MainThread [INFO]  All processing finished for executor task 19
2024-03-12 16:33:09.247 worker_log:721 423670 MainThread [INFO]  Received executor task 29
2024-03-12 16:33:09.248 worker_log:737 423670 MainThread [INFO]  Completed executor task 29
2024-03-12 16:33:09.249 worker_log:748 423670 MainThread [INFO]  All processing finished for executor task 29
2024-03-12 16:33:13.246 worker_log:721 423670 MainThread [INFO]  Received executor task 49
2024-03-12 16:33:13.247 worker_log:737 423670 MainThread [INFO]  Completed executor task 49
2024-03-12 16:33:13.247 worker_log:748 423670 MainThread [INFO]  All processing finished for executor task 49
2024-03-12 16:33:19.339 worker_log:721 423670 MainThread [INFO]  Received executor task 78
2024-03-12 16:33:19.350 worker_log:737 423670 MainThread [INFO]  Completed executor task 78
2024-03-12 16:33:19.351 worker_log:748 423670 MainThread [INFO]  All processing finished for executor task 78
2024-03-12 16:33:21.501 worker_log:721 423670 MainThread [INFO]  Received executor task 88
2024-03-12 16:33:21.512 worker_log:737 423670 MainThread [INFO]  Completed executor task 88
2024-03-12 16:33:21.512 worker_log:748 423670 MainThread [INFO]  All processing finished for executor task 88
2024-03-12 16:33:23.612 worker_log:721 423670 MainThread [INFO]  Received executor task 98
2024-03-12 16:33:23.622 worker_log:737 423670 MainThread [INFO]  Completed executor task 98
2024-03-12 16:33:23.623 worker_log:748 423670 MainThread [INFO]  All processing finished for executor task 98
2024-03-12 16:33:31.826 worker_log:721 423670 MainThread [INFO]  Received executor task 126
2024-03-12 16:33:31.927 worker_log:737 423670 MainThread [INFO]  Completed executor task 126
2024-03-12 16:33:31.928 worker_log:748 423670 MainThread [INFO]  All processing finished for executor task 126
2024-03-12 16:33:36.111 worker_log:721 423670 MainThread [INFO]  Received executor task 140
2024-03-12 16:33:36.212 worker_log:737 423670 MainThread [INFO]  Completed executor task 140
2024-03-12 16:33:36.212 worker_log:748 423670 MainThread [INFO]  All processing finished for executor task 140
2024-03-12 16:33:43.326 worker_log:721 423670 MainThread [INFO]  Received executor task 155
2024-03-12 16:33:44.328 worker_log:737 423670 MainThread [INFO]  Completed executor task 155
2024-03-12 16:33:44.329 worker_log:748 423670 MainThread [INFO]  All processing finished for executor task 155
2024-03-12 16:33:49.263 worker_log:721 423670 MainThread [INFO]  Received executor task 160
2024-03-12 16:33:50.265 worker_log:737 423670 MainThread [INFO]  Completed executor task 160
2024-03-12 16:33:50.266 worker_log:748 423670 MainThread [INFO]  All processing finished for executor task 160
2024-03-12 16:33:55.299 worker_log:721 423670 MainThread [INFO]  Received executor task 165
2024-03-12 16:33:56.300 worker_log:737 423670 MainThread [INFO]  Completed executor task 165
2024-03-12 16:33:56.301 worker_log:748 423670 MainThread [INFO]  All processing finished for executor task 165
