2024-03-12 16:33:02.532 worker_log:636 423681 MainThread [INFO]  Worker 17 started
2024-03-12 16:33:02.532 worker_log:638 423681 MainThread [DEBUG]  Debug logging enabled
2024-03-12 16:33:04.725 worker_log:721 423681 MainThread [INFO]  Received executor task 7
2024-03-12 16:33:04.726 worker_log:737 423681 MainThread [INFO]  Completed executor task 7
2024-03-12 16:33:04.727 worker_log:748 423681 MainThread [INFO]  All processing finished for executor task 7
2024-03-12 16:33:14.887 worker_log:721 423681 MainThread [INFO]  Received executor task 57
2024-03-12 16:33:14.898 worker_log:737 423681 MainThread [INFO]  Completed executor task 57
2024-03-12 16:33:14.898 worker_log:748 423681 MainThread [INFO]  All processing finished for executor task 57
2024-03-12 16:33:17.051 worker_log:721 423681 MainThread [INFO]  Received executor task 67
2024-03-12 16:33:17.062 worker_log:737 423681 MainThread [INFO]  Completed executor task 67
2024-03-12 16:33:17.062 worker_log:748 423681 MainThread [INFO]  All processing finished for executor task 67
2024-03-12 16:33:19.123 worker_log:721 423681 MainThread [INFO]  Received executor task 77
2024-03-12 16:33:19.134 worker_log:737 423681 MainThread [INFO]  Completed executor task 77
2024-03-12 16:33:19.135 worker_log:748 423681 MainThread [INFO]  All processing finished for executor task 77
2024-03-12 16:33:21.285 worker_log:721 423681 MainThread [INFO]  Received executor task 87
2024-03-12 16:33:21.296 worker_log:737 423681 MainThread [INFO]  Completed executor task 87
2024-03-12 16:33:21.297 worker_log:748 423681 MainThread [INFO]  All processing finished for executor task 87
2024-03-12 16:33:33.356 worker_log:721 423681 MainThread [INFO]  Received executor task 131
2024-03-12 16:33:33.457 worker_log:737 423681 MainThread [INFO]  Completed executor task 131
2024-03-12 16:33:33.458 worker_log:748 423681 MainThread [INFO]  All processing finished for executor task 131
2024-03-12 16:33:37.639 worker_log:721 423681 MainThread [INFO]  Received executor task 145
2024-03-12 16:33:37.740 worker_log:737 423681 MainThread [INFO]  Completed executor task 145
2024-03-12 16:33:37.741 worker_log:748 423681 MainThread [INFO]  All processing finished for executor task 145
2024-03-12 16:33:46.849 worker_log:721 423681 MainThread [INFO]  Received executor task 158
2024-03-12 16:33:47.851 worker_log:737 423681 MainThread [INFO]  Completed executor task 158
2024-03-12 16:33:47.852 worker_log:748 423681 MainThread [INFO]  All processing finished for executor task 158
2024-03-12 16:33:58.821 worker_log:721 423681 MainThread [INFO]  Received executor task 168
2024-03-12 16:33:59.822 worker_log:737 423681 MainThread [INFO]  Completed executor task 168
2024-03-12 16:33:59.823 worker_log:748 423681 MainThread [INFO]  All processing finished for executor task 168
2024-03-12 16:34:04.757 worker_log:721 423681 MainThread [INFO]  Received executor task 173
2024-03-12 16:34:05.759 worker_log:737 423681 MainThread [INFO]  Completed executor task 173
2024-03-12 16:34:05.760 worker_log:748 423681 MainThread [INFO]  All processing finished for executor task 173
2024-03-12 16:34:10.793 worker_log:721 423681 MainThread [INFO]  Received executor task 178
2024-03-12 16:34:11.795 worker_log:737 423681 MainThread [INFO]  Completed executor task 178
2024-03-12 16:34:11.795 worker_log:748 423681 MainThread [INFO]  All processing finished for executor task 178
2024-03-12 16:34:16.827 worker_log:721 423681 MainThread [INFO]  Received executor task 183
2024-03-12 16:34:17.829 worker_log:737 423681 MainThread [INFO]  Completed executor task 183
2024-03-12 16:34:17.830 worker_log:748 423681 MainThread [INFO]  All processing finished for executor task 183
2024-03-12 16:34:22.861 worker_log:721 423681 MainThread [INFO]  Received executor task 188
2024-03-12 16:34:23.863 worker_log:737 423681 MainThread [INFO]  Completed executor task 188
2024-03-12 16:34:23.863 worker_log:748 423681 MainThread [INFO]  All processing finished for executor task 188
2024-03-12 16:34:28.797 worker_log:721 423681 MainThread [INFO]  Received executor task 193
2024-03-12 16:34:29.798 worker_log:737 423681 MainThread [INFO]  Completed executor task 193
2024-03-12 16:34:29.799 worker_log:748 423681 MainThread [INFO]  All processing finished for executor task 193
2024-03-12 16:34:34.733 worker_log:721 423681 MainThread [INFO]  Received executor task 198
2024-03-12 16:34:35.735 worker_log:737 423681 MainThread [INFO]  Completed executor task 198
2024-03-12 16:34:35.735 worker_log:748 423681 MainThread [INFO]  All processing finished for executor task 198
