2024-03-12 16:33:02.508 worker_log:636 423678 MainThread [INFO]  Worker 14 started
2024-03-12 16:33:02.508 worker_log:638 423678 MainThread [DEBUG]  Debug logging enabled
2024-03-12 16:33:06.375 worker_log:721 423678 MainThread [INFO]  Received executor task 15
2024-03-12 16:33:06.376 worker_log:737 423678 MainThread [INFO]  Completed executor task 15
2024-03-12 16:33:06.377 worker_log:748 423678 MainThread [INFO]  All processing finished for executor task 15
2024-03-12 16:33:08.215 worker_log:721 423678 MainThread [INFO]  Received executor task 24
2024-03-12 16:33:08.215 worker_log:737 423678 MainThread [INFO]  Completed executor task 24
2024-03-12 16:33:08.216 worker_log:748 423678 MainThread [INFO]  All processing finished for executor task 24
2024-03-12 16:33:10.010 worker_log:721 423678 MainThread [INFO]  Received executor task 33
2024-03-12 16:33:10.011 worker_log:737 423678 MainThread [INFO]  Completed executor task 33
2024-03-12 16:33:10.011 worker_log:748 423678 MainThread [INFO]  All processing finished for executor task 33
2024-03-12 16:33:12.011 worker_log:721 423678 MainThread [INFO]  Received executor task 43
2024-03-12 16:33:12.011 worker_log:737 423678 MainThread [INFO]  Completed executor task 43
2024-03-12 16:33:12.012 worker_log:748 423678 MainThread [INFO]  All processing finished for executor task 43
2024-03-12 16:33:14.021 worker_log:721 423678 MainThread [INFO]  Received executor task 53
2024-03-12 16:33:14.032 worker_log:737 423678 MainThread [INFO]  Completed executor task 53
2024-03-12 16:33:14.032 worker_log:748 423678 MainThread [INFO]  All processing finished for executor task 53
2024-03-12 16:33:15.968 worker_log:721 423678 MainThread [INFO]  Received executor task 62
2024-03-12 16:33:15.978 worker_log:737 423678 MainThread [INFO]  Completed executor task 62
2024-03-12 16:33:15.979 worker_log:748 423678 MainThread [INFO]  All processing finished for executor task 62
2024-03-12 16:33:19.987 worker_log:721 423678 MainThread [INFO]  Received executor task 81
2024-03-12 16:33:19.998 worker_log:737 423678 MainThread [INFO]  Completed executor task 81
2024-03-12 16:33:19.998 worker_log:748 423678 MainThread [INFO]  All processing finished for executor task 81
2024-03-12 16:33:28.152 worker_log:721 423678 MainThread [INFO]  Received executor task 114
2024-03-12 16:33:28.253 worker_log:737 423678 MainThread [INFO]  Completed executor task 114
2024-03-12 16:33:28.254 worker_log:748 423678 MainThread [INFO]  All processing finished for executor task 114
2024-03-12 16:33:32.438 worker_log:721 423678 MainThread [INFO]  Received executor task 128
2024-03-12 16:33:32.539 worker_log:737 423678 MainThread [INFO]  Completed executor task 128
2024-03-12 16:33:32.539 worker_log:748 423678 MainThread [INFO]  All processing finished for executor task 128
2024-03-12 16:33:36.723 worker_log:721 423678 MainThread [INFO]  Received executor task 142
2024-03-12 16:33:36.823 worker_log:737 423678 MainThread [INFO]  Completed executor task 142
2024-03-12 16:33:36.824 worker_log:748 423678 MainThread [INFO]  All processing finished for executor task 142
2024-03-12 16:34:00.028 worker_log:721 423678 MainThread [INFO]  Received executor task 169
2024-03-12 16:34:01.030 worker_log:737 423678 MainThread [INFO]  Completed executor task 169
2024-03-12 16:34:01.030 worker_log:748 423678 MainThread [INFO]  All processing finished for executor task 169
