2024-03-12 16:33:02.514 worker_log:636 423674 MainThread [INFO]  Worker 10 started
2024-03-12 16:33:02.514 worker_log:638 423674 MainThread [DEBUG]  Debug logging enabled
2024-03-12 16:33:14.454 worker_log:721 423674 MainThread [INFO]  Received executor task 55
2024-03-12 16:33:14.465 worker_log:737 423674 MainThread [INFO]  Completed executor task 55
2024-03-12 16:33:14.466 worker_log:748 423674 MainThread [INFO]  All processing finished for executor task 55
2024-03-12 16:33:18.474 worker_log:721 423674 MainThread [INFO]  Received executor task 74
2024-03-12 16:33:18.484 worker_log:737 423674 MainThread [INFO]  Completed executor task 74
2024-03-12 16:33:18.485 worker_log:748 423674 MainThread [INFO]  All processing finished for executor task 74
2024-03-12 16:33:20.419 worker_log:721 423674 MainThread [INFO]  Received executor task 83
2024-03-12 16:33:20.429 worker_log:737 423674 MainThread [INFO]  Completed executor task 83
2024-03-12 16:33:20.430 worker_log:748 423674 MainThread [INFO]  All processing finished for executor task 83
2024-03-12 16:33:22.365 worker_log:721 423674 MainThread [INFO]  Received executor task 92
2024-03-12 16:33:22.376 worker_log:737 423674 MainThread [INFO]  Completed executor task 92
2024-03-12 16:33:22.376 worker_log:748 423674 MainThread [INFO]  All processing finished for executor task 92
2024-03-12 16:33:26.619 worker_log:721 423674 MainThread [INFO]  Received executor task 109
2024-03-12 16:33:26.721 worker_log:737 423674 MainThread [INFO]  Completed executor task 109
2024-03-12 16:33:26.721 worker_log:748 423674 MainThread [INFO]  All processing finished for executor task 109
2024-03-12 16:33:37.029 worker_log:721 423674 MainThread [INFO]  Received executor task 143
2024-03-12 16:33:37.129 worker_log:737 423674 MainThread [INFO]  Completed executor task 143
2024-03-12 16:33:37.130 worker_log:748 423674 MainThread [INFO]  All processing finished for executor task 143
