2024-03-12 16:33:02.591 worker_log:636 423700 MainThread [INFO]  Worker 36 started
2024-03-12 16:33:02.591 worker_log:638 423700 MainThread [DEBUG]  Debug logging enabled
2024-03-12 16:33:06.790 worker_log:721 423700 MainThread [INFO]  Received executor task 17
2024-03-12 16:33:06.791 worker_log:737 423700 MainThread [INFO]  Completed executor task 17
2024-03-12 16:33:06.792 worker_log:748 423700 MainThread [INFO]  All processing finished for executor task 17
2024-03-12 16:33:18.907 worker_log:721 423700 MainThread [INFO]  Received executor task 76
2024-03-12 16:33:18.918 worker_log:737 423700 MainThread [INFO]  Completed executor task 76
2024-03-12 16:33:18.919 worker_log:748 423700 MainThread [INFO]  All processing finished for executor task 76
2024-03-12 16:33:21.070 worker_log:721 423700 MainThread [INFO]  Received executor task 86
2024-03-12 16:33:21.080 worker_log:737 423700 MainThread [INFO]  Completed executor task 86
2024-03-12 16:33:21.081 worker_log:748 423700 MainThread [INFO]  All processing finished for executor task 86
2024-03-12 16:33:23.232 worker_log:721 423700 MainThread [INFO]  Received executor task 96
2024-03-12 16:33:23.243 worker_log:737 423700 MainThread [INFO]  Completed executor task 96
2024-03-12 16:33:23.243 worker_log:748 423700 MainThread [INFO]  All processing finished for executor task 96
2024-03-12 16:33:27.539 worker_log:721 423700 MainThread [INFO]  Received executor task 112
2024-03-12 16:33:27.641 worker_log:737 423700 MainThread [INFO]  Completed executor task 112
2024-03-12 16:33:27.641 worker_log:748 423700 MainThread [INFO]  All processing finished for executor task 112
2024-03-12 16:33:37.945 worker_log:721 423700 MainThread [INFO]  Received executor task 146
2024-03-12 16:33:38.046 worker_log:737 423700 MainThread [INFO]  Completed executor task 146
2024-03-12 16:33:38.046 worker_log:748 423700 MainThread [INFO]  All processing finished for executor task 146
2024-03-12 16:34:01.235 worker_log:721 423700 MainThread [INFO]  Received executor task 170
2024-03-12 16:34:02.237 worker_log:737 423700 MainThread [INFO]  Completed executor task 170
2024-03-12 16:34:02.238 worker_log:748 423700 MainThread [INFO]  All processing finished for executor task 170
2024-03-12 16:34:07.171 worker_log:721 423700 MainThread [INFO]  Received executor task 175
2024-03-12 16:34:08.173 worker_log:737 423700 MainThread [INFO]  Completed executor task 175
2024-03-12 16:34:08.174 worker_log:748 423700 MainThread [INFO]  All processing finished for executor task 175
2024-03-12 16:34:13.207 worker_log:721 423700 MainThread [INFO]  Received executor task 180
2024-03-12 16:34:14.209 worker_log:737 423700 MainThread [INFO]  Completed executor task 180
2024-03-12 16:34:14.210 worker_log:748 423700 MainThread [INFO]  All processing finished for executor task 180
2024-03-12 16:34:19.241 worker_log:721 423700 MainThread [INFO]  Received executor task 185
2024-03-12 16:34:20.243 worker_log:737 423700 MainThread [INFO]  Completed executor task 185
2024-03-12 16:34:20.243 worker_log:748 423700 MainThread [INFO]  All processing finished for executor task 185
2024-03-12 16:34:25.275 worker_log:721 423700 MainThread [INFO]  Received executor task 190
2024-03-12 16:34:26.277 worker_log:737 423700 MainThread [INFO]  Completed executor task 190
2024-03-12 16:34:26.277 worker_log:748 423700 MainThread [INFO]  All processing finished for executor task 190
2024-03-12 16:34:31.211 worker_log:721 423700 MainThread [INFO]  Received executor task 195
2024-03-12 16:34:32.213 worker_log:737 423700 MainThread [INFO]  Completed executor task 195
2024-03-12 16:34:32.214 worker_log:748 423700 MainThread [INFO]  All processing finished for executor task 195
2024-03-12 16:34:37.147 worker_log:721 423700 MainThread [INFO]  Received executor task 200
2024-03-12 16:34:38.149 worker_log:737 423700 MainThread [INFO]  Completed executor task 200
2024-03-12 16:34:38.150 worker_log:748 423700 MainThread [INFO]  All processing finished for executor task 200
