2024-03-12 16:33:02.509 worker_log:636 423676 MainThread [INFO]  Worker 12 started
2024-03-12 16:33:02.509 worker_log:638 423676 MainThread [DEBUG]  Debug logging enabled
2024-03-12 16:33:08.422 worker_log:721 423676 MainThread [INFO]  Received executor task 25
2024-03-12 16:33:08.422 worker_log:737 423676 MainThread [INFO]  Completed executor task 25
2024-03-12 16:33:08.423 worker_log:748 423676 MainThread [INFO]  All processing finished for executor task 25
2024-03-12 16:33:10.215 worker_log:721 423676 MainThread [INFO]  Received executor task 34
2024-03-12 16:33:10.216 worker_log:737 423676 MainThread [INFO]  Completed executor task 34
2024-03-12 16:33:10.216 worker_log:748 423676 MainThread [INFO]  All processing finished for executor task 34
2024-03-12 16:33:12.216 worker_log:721 423676 MainThread [INFO]  Received executor task 44
2024-03-12 16:33:12.217 worker_log:737 423676 MainThread [INFO]  Completed executor task 44
2024-03-12 16:33:12.217 worker_log:748 423676 MainThread [INFO]  All processing finished for executor task 44
2024-03-12 16:33:16.183 worker_log:721 423676 MainThread [INFO]  Received executor task 63
2024-03-12 16:33:16.194 worker_log:737 423676 MainThread [INFO]  Completed executor task 63
2024-03-12 16:33:16.195 worker_log:748 423676 MainThread [INFO]  All processing finished for executor task 63
2024-03-12 16:33:18.042 worker_log:721 423676 MainThread [INFO]  Received executor task 72
2024-03-12 16:33:18.053 worker_log:737 423676 MainThread [INFO]  Completed executor task 72
2024-03-12 16:33:18.054 worker_log:748 423676 MainThread [INFO]  All processing finished for executor task 72
2024-03-12 16:33:22.150 worker_log:721 423676 MainThread [INFO]  Received executor task 91
2024-03-12 16:33:22.160 worker_log:737 423676 MainThread [INFO]  Completed executor task 91
2024-03-12 16:33:22.161 worker_log:748 423676 MainThread [INFO]  All processing finished for executor task 91
2024-03-12 16:33:24.259 worker_log:721 423676 MainThread [INFO]  Received executor task 101
2024-03-12 16:33:24.269 worker_log:737 423676 MainThread [INFO]  Completed executor task 101
2024-03-12 16:33:24.270 worker_log:748 423676 MainThread [INFO]  All processing finished for executor task 101
2024-03-12 16:33:38.557 worker_log:721 423676 MainThread [INFO]  Received executor task 148
2024-03-12 16:33:38.658 worker_log:737 423676 MainThread [INFO]  Completed executor task 148
2024-03-12 16:33:38.658 worker_log:748 423676 MainThread [INFO]  All processing finished for executor task 148
