2024-03-12 16:33:02.505 worker_log:636 423666 MainThread [INFO]  Worker 2 started
2024-03-12 16:33:02.505 worker_log:638 423666 MainThread [DEBUG]  Debug logging enabled
2024-03-12 16:33:04.309 worker_log:721 423666 MainThread [INFO]  Received executor task 5
2024-03-12 16:33:04.310 worker_log:737 423666 MainThread [INFO]  Completed executor task 5
2024-03-12 16:33:04.311 worker_log:748 423666 MainThread [INFO]  All processing finished for executor task 5
2024-03-12 16:33:05.753 worker_log:721 423666 MainThread [INFO]  Received executor task 12
2024-03-12 16:33:05.753 worker_log:737 423666 MainThread [INFO]  Completed executor task 12
2024-03-12 16:33:05.753 worker_log:748 423666 MainThread [INFO]  All processing finished for executor task 12
2024-03-12 16:33:07.598 worker_log:721 423666 MainThread [INFO]  Received executor task 21
2024-03-12 16:33:07.599 worker_log:737 423666 MainThread [INFO]  Completed executor task 21
2024-03-12 16:33:07.599 worker_log:748 423666 MainThread [INFO]  All processing finished for executor task 21
2024-03-12 16:33:09.393 worker_log:721 423666 MainThread [INFO]  Received executor task 30
2024-03-12 16:33:09.393 worker_log:737 423666 MainThread [INFO]  Completed executor task 30
2024-03-12 16:33:09.394 worker_log:748 423666 MainThread [INFO]  All processing finished for executor task 30
2024-03-12 16:33:11.600 worker_log:721 423666 MainThread [INFO]  Received executor task 41
2024-03-12 16:33:11.600 worker_log:737 423666 MainThread [INFO]  Completed executor task 41
2024-03-12 16:33:11.601 worker_log:748 423666 MainThread [INFO]  All processing finished for executor task 41
2024-03-12 16:33:15.751 worker_log:721 423666 MainThread [INFO]  Received executor task 61
2024-03-12 16:33:15.763 worker_log:737 423666 MainThread [INFO]  Completed executor task 61
2024-03-12 16:33:15.763 worker_log:748 423666 MainThread [INFO]  All processing finished for executor task 61
2024-03-12 16:33:19.771 worker_log:721 423666 MainThread [INFO]  Received executor task 80
2024-03-12 16:33:19.782 worker_log:737 423666 MainThread [INFO]  Completed executor task 80
2024-03-12 16:33:19.783 worker_log:748 423666 MainThread [INFO]  All processing finished for executor task 80
2024-03-12 16:33:29.988 worker_log:721 423666 MainThread [INFO]  Received executor task 120
2024-03-12 16:33:30.089 worker_log:737 423666 MainThread [INFO]  Completed executor task 120
2024-03-12 16:33:30.090 worker_log:748 423666 MainThread [INFO]  All processing finished for executor task 120
2024-03-12 16:33:34.274 worker_log:721 423666 MainThread [INFO]  Received executor task 134
2024-03-12 16:33:34.374 worker_log:737 423666 MainThread [INFO]  Completed executor task 134
2024-03-12 16:33:34.375 worker_log:748 423666 MainThread [INFO]  All processing finished for executor task 134
