2024-03-12 16:33:02.505 worker_log:636 423665 MainThread [INFO]  Worker 1 started
2024-03-12 16:33:02.505 worker_log:638 423665 MainThread [DEBUG]  Debug logging enabled
2024-03-12 16:33:05.959 worker_log:721 423665 MainThread [INFO]  Received executor task 13
2024-03-12 16:33:05.960 worker_log:737 423665 MainThread [INFO]  Completed executor task 13
2024-03-12 16:33:05.961 worker_log:748 423665 MainThread [INFO]  All processing finished for executor task 13
2024-03-12 16:33:07.804 worker_log:721 423665 MainThread [INFO]  Received executor task 22
2024-03-12 16:33:07.804 worker_log:737 423665 MainThread [INFO]  Completed executor task 22
2024-03-12 16:33:07.805 worker_log:748 423665 MainThread [INFO]  All processing finished for executor task 22
2024-03-12 16:33:09.599 worker_log:721 423665 MainThread [INFO]  Received executor task 31
2024-03-12 16:33:09.599 worker_log:737 423665 MainThread [INFO]  Completed executor task 31
2024-03-12 16:33:09.600 worker_log:748 423665 MainThread [INFO]  All processing finished for executor task 31
2024-03-12 16:33:13.599 worker_log:721 423665 MainThread [INFO]  Received executor task 51
2024-03-12 16:33:13.600 worker_log:737 423665 MainThread [INFO]  Completed executor task 51
2024-03-12 16:33:13.600 worker_log:748 423665 MainThread [INFO]  All processing finished for executor task 51
2024-03-12 16:33:17.610 worker_log:721 423665 MainThread [INFO]  Received executor task 70
2024-03-12 16:33:17.621 worker_log:737 423665 MainThread [INFO]  Completed executor task 70
2024-03-12 16:33:17.622 worker_log:748 423665 MainThread [INFO]  All processing finished for executor task 70
2024-03-12 16:33:21.718 worker_log:721 423665 MainThread [INFO]  Received executor task 89
2024-03-12 16:33:21.728 worker_log:737 423665 MainThread [INFO]  Completed executor task 89
2024-03-12 16:33:21.729 worker_log:748 423665 MainThread [INFO]  All processing finished for executor task 89
2024-03-12 16:33:23.827 worker_log:721 423665 MainThread [INFO]  Received executor task 99
2024-03-12 16:33:23.838 worker_log:737 423665 MainThread [INFO]  Completed executor task 99
2024-03-12 16:33:23.838 worker_log:748 423665 MainThread [INFO]  All processing finished for executor task 99
2024-03-12 16:33:26.007 worker_log:721 423665 MainThread [INFO]  Received executor task 107
2024-03-12 16:33:26.108 worker_log:737 423665 MainThread [INFO]  Completed executor task 107
2024-03-12 16:33:26.109 worker_log:748 423665 MainThread [INFO]  All processing finished for executor task 107
2024-03-12 16:33:30.294 worker_log:721 423665 MainThread [INFO]  Received executor task 121
2024-03-12 16:33:30.395 worker_log:737 423665 MainThread [INFO]  Completed executor task 121
2024-03-12 16:33:30.395 worker_log:748 423665 MainThread [INFO]  All processing finished for executor task 121
2024-03-12 16:33:34.579 worker_log:721 423665 MainThread [INFO]  Received executor task 135
2024-03-12 16:33:34.680 worker_log:737 423665 MainThread [INFO]  Completed executor task 135
2024-03-12 16:33:34.681 worker_log:748 423665 MainThread [INFO]  All processing finished for executor task 135
