2024-03-12 16:33:02.559 worker_log:636 423711 MainThread [INFO]  Worker 47 started
2024-03-12 16:33:02.559 worker_log:638 423711 MainThread [DEBUG]  Debug logging enabled
2024-03-12 16:33:22.582 worker_log:721 423711 MainThread [INFO]  Received executor task 93
2024-03-12 16:33:22.593 worker_log:737 423711 MainThread [INFO]  Completed executor task 93
2024-03-12 16:33:22.594 worker_log:748 423711 MainThread [INFO]  All processing finished for executor task 93
2024-03-12 16:33:24.782 worker_log:721 423711 MainThread [INFO]  Received executor task 103
2024-03-12 16:33:24.883 worker_log:737 423711 MainThread [INFO]  Completed executor task 103
2024-03-12 16:33:24.884 worker_log:748 423711 MainThread [INFO]  All processing finished for executor task 103
2024-03-12 16:33:35.193 worker_log:721 423711 MainThread [INFO]  Received executor task 137
2024-03-12 16:33:35.294 worker_log:737 423711 MainThread [INFO]  Completed executor task 137
2024-03-12 16:33:35.294 worker_log:748 423711 MainThread [INFO]  All processing finished for executor task 137
2024-03-12 16:33:39.399 worker_log:721 423711 MainThread [INFO]  Received executor task 151
2024-03-12 16:33:39.500 worker_log:737 423711 MainThread [INFO]  Completed executor task 151
2024-03-12 16:33:39.500 worker_log:748 423711 MainThread [INFO]  All processing finished for executor task 151
2024-03-12 16:34:02.442 worker_log:721 423711 MainThread [INFO]  Received executor task 171
2024-03-12 16:34:03.444 worker_log:737 423711 MainThread [INFO]  Completed executor task 171
2024-03-12 16:34:03.445 worker_log:748 423711 MainThread [INFO]  All processing finished for executor task 171
2024-03-12 16:34:08.379 worker_log:721 423711 MainThread [INFO]  Received executor task 176
2024-03-12 16:34:09.380 worker_log:737 423711 MainThread [INFO]  Completed executor task 176
2024-03-12 16:34:09.381 worker_log:748 423711 MainThread [INFO]  All processing finished for executor task 176
2024-03-12 16:34:14.414 worker_log:721 423711 MainThread [INFO]  Received executor task 181
2024-03-12 16:34:15.416 worker_log:737 423711 MainThread [INFO]  Completed executor task 181
2024-03-12 16:34:15.416 worker_log:748 423711 MainThread [INFO]  All processing finished for executor task 181
2024-03-12 16:34:20.448 worker_log:721 423711 MainThread [INFO]  Received executor task 186
2024-03-12 16:34:21.450 worker_log:737 423711 MainThread [INFO]  Completed executor task 186
2024-03-12 16:34:21.450 worker_log:748 423711 MainThread [INFO]  All processing finished for executor task 186
2024-03-12 16:34:26.482 worker_log:721 423711 MainThread [INFO]  Received executor task 191
2024-03-12 16:34:27.484 worker_log:737 423711 MainThread [INFO]  Completed executor task 191
2024-03-12 16:34:27.484 worker_log:748 423711 MainThread [INFO]  All processing finished for executor task 191
2024-03-12 16:34:32.418 worker_log:721 423711 MainThread [INFO]  Received executor task 196
2024-03-12 16:34:33.420 worker_log:737 423711 MainThread [INFO]  Completed executor task 196
2024-03-12 16:34:33.420 worker_log:748 423711 MainThread [INFO]  All processing finished for executor task 196
