2024-03-12 16:33:02.509 worker_log:636 423680 MainThread [INFO]  Worker 16 started
2024-03-12 16:33:02.509 worker_log:638 423680 MainThread [DEBUG]  Debug logging enabled
2024-03-12 16:33:06.582 worker_log:721 423680 MainThread [INFO]  Received executor task 16
2024-03-12 16:33:06.583 worker_log:737 423680 MainThread [INFO]  Completed executor task 16
2024-03-12 16:33:06.584 worker_log:748 423680 MainThread [INFO]  All processing finished for executor task 16
2024-03-12 16:33:22.799 worker_log:721 423680 MainThread [INFO]  Received executor task 94
2024-03-12 16:33:22.810 worker_log:737 423680 MainThread [INFO]  Completed executor task 94
2024-03-12 16:33:22.811 worker_log:748 423680 MainThread [INFO]  All processing finished for executor task 94
2024-03-12 16:33:25.088 worker_log:721 423680 MainThread [INFO]  Received executor task 104
2024-03-12 16:33:25.189 worker_log:737 423680 MainThread [INFO]  Completed executor task 104
2024-03-12 16:33:25.190 worker_log:748 423680 MainThread [INFO]  All processing finished for executor task 104
2024-03-12 16:33:29.376 worker_log:721 423680 MainThread [INFO]  Received executor task 118
2024-03-12 16:33:29.477 worker_log:737 423680 MainThread [INFO]  Completed executor task 118
2024-03-12 16:33:29.478 worker_log:748 423680 MainThread [INFO]  All processing finished for executor task 118
2024-03-12 16:33:33.662 worker_log:721 423680 MainThread [INFO]  Received executor task 132
2024-03-12 16:33:33.763 worker_log:737 423680 MainThread [INFO]  Completed executor task 132
2024-03-12 16:33:33.763 worker_log:748 423680 MainThread [INFO]  All processing finished for executor task 132
2024-03-12 16:33:40.912 worker_log:721 423680 MainThread [INFO]  Received executor task 153
2024-03-12 16:33:41.914 worker_log:737 423680 MainThread [INFO]  Completed executor task 153
2024-03-12 16:33:41.915 worker_log:748 423680 MainThread [INFO]  All processing finished for executor task 153
