2024-03-12 16:33:02.511 worker_log:636 423679 MainThread [INFO]  Worker 15 started
2024-03-12 16:33:02.511 worker_log:638 423679 MainThread [DEBUG]  Debug logging enabled
2024-03-12 16:33:10.422 worker_log:721 423679 MainThread [INFO]  Received executor task 35
2024-03-12 16:33:10.423 worker_log:737 423679 MainThread [INFO]  Completed executor task 35
2024-03-12 16:33:10.424 worker_log:748 423679 MainThread [INFO]  All processing finished for executor task 35
2024-03-12 16:33:12.422 worker_log:721 423679 MainThread [INFO]  Received executor task 45
2024-03-12 16:33:12.422 worker_log:737 423679 MainThread [INFO]  Completed executor task 45
2024-03-12 16:33:12.422 worker_log:748 423679 MainThread [INFO]  All processing finished for executor task 45
2024-03-12 16:33:14.237 worker_log:721 423679 MainThread [INFO]  Received executor task 54
2024-03-12 16:33:14.248 worker_log:737 423679 MainThread [INFO]  Completed executor task 54
2024-03-12 16:33:14.248 worker_log:748 423679 MainThread [INFO]  All processing finished for executor task 54
2024-03-12 16:33:16.399 worker_log:721 423679 MainThread [INFO]  Received executor task 64
2024-03-12 16:33:16.410 worker_log:737 423679 MainThread [INFO]  Completed executor task 64
2024-03-12 16:33:16.411 worker_log:748 423679 MainThread [INFO]  All processing finished for executor task 64
2024-03-12 16:33:18.258 worker_log:721 423679 MainThread [INFO]  Received executor task 73
2024-03-12 16:33:18.269 worker_log:737 423679 MainThread [INFO]  Completed executor task 73
2024-03-12 16:33:18.269 worker_log:748 423679 MainThread [INFO]  All processing finished for executor task 73
2024-03-12 16:33:20.203 worker_log:721 423679 MainThread [INFO]  Received executor task 82
2024-03-12 16:33:20.214 worker_log:737 423679 MainThread [INFO]  Completed executor task 82
2024-03-12 16:33:20.214 worker_log:748 423679 MainThread [INFO]  All processing finished for executor task 82
2024-03-12 16:33:28.458 worker_log:721 423679 MainThread [INFO]  Received executor task 115
2024-03-12 16:33:28.559 worker_log:737 423679 MainThread [INFO]  Completed executor task 115
2024-03-12 16:33:28.560 worker_log:748 423679 MainThread [INFO]  All processing finished for executor task 115
2024-03-12 16:33:32.744 worker_log:721 423679 MainThread [INFO]  Received executor task 129
2024-03-12 16:33:32.845 worker_log:737 423679 MainThread [INFO]  Completed executor task 129
2024-03-12 16:33:32.845 worker_log:748 423679 MainThread [INFO]  All processing finished for executor task 129
2024-03-12 16:34:05.964 worker_log:721 423679 MainThread [INFO]  Received executor task 174
2024-03-12 16:34:06.966 worker_log:737 423679 MainThread [INFO]  Completed executor task 174
2024-03-12 16:34:06.967 worker_log:748 423679 MainThread [INFO]  All processing finished for executor task 174
2024-03-12 16:34:18.034 worker_log:721 423679 MainThread [INFO]  Received executor task 184
2024-03-12 16:34:19.036 worker_log:737 423679 MainThread [INFO]  Completed executor task 184
2024-03-12 16:34:19.036 worker_log:748 423679 MainThread [INFO]  All processing finished for executor task 184
