2024-03-12 16:33:02.505 worker_log:636 423667 MainThread [INFO]  Worker 3 started
2024-03-12 16:33:02.506 worker_log:638 423667 MainThread [DEBUG]  Debug logging enabled
2024-03-12 16:33:06.167 worker_log:721 423667 MainThread [INFO]  Received executor task 14
2024-03-12 16:33:06.168 worker_log:737 423667 MainThread [INFO]  Completed executor task 14
2024-03-12 16:33:06.169 worker_log:748 423667 MainThread [INFO]  All processing finished for executor task 14
2024-03-12 16:33:08.009 worker_log:721 423667 MainThread [INFO]  Received executor task 23
2024-03-12 16:33:08.010 worker_log:737 423667 MainThread [INFO]  Completed executor task 23
2024-03-12 16:33:08.010 worker_log:748 423667 MainThread [INFO]  All processing finished for executor task 23
2024-03-12 16:33:09.804 worker_log:721 423667 MainThread [INFO]  Received executor task 32
2024-03-12 16:33:09.805 worker_log:737 423667 MainThread [INFO]  Completed executor task 32
2024-03-12 16:33:09.805 worker_log:748 423667 MainThread [INFO]  All processing finished for executor task 32
2024-03-12 16:33:11.805 worker_log:721 423667 MainThread [INFO]  Received executor task 42
2024-03-12 16:33:11.806 worker_log:737 423667 MainThread [INFO]  Completed executor task 42
2024-03-12 16:33:11.806 worker_log:748 423667 MainThread [INFO]  All processing finished for executor task 42
2024-03-12 16:33:13.804 worker_log:721 423667 MainThread [INFO]  Received executor task 52
2024-03-12 16:33:13.815 worker_log:737 423667 MainThread [INFO]  Completed executor task 52
2024-03-12 16:33:13.816 worker_log:748 423667 MainThread [INFO]  All processing finished for executor task 52
2024-03-12 16:33:17.827 worker_log:721 423667 MainThread [INFO]  Received executor task 71
2024-03-12 16:33:17.837 worker_log:737 423667 MainThread [INFO]  Completed executor task 71
2024-03-12 16:33:17.838 worker_log:748 423667 MainThread [INFO]  All processing finished for executor task 71
2024-03-12 16:33:21.934 worker_log:721 423667 MainThread [INFO]  Received executor task 90
2024-03-12 16:33:21.944 worker_log:737 423667 MainThread [INFO]  Completed executor task 90
2024-03-12 16:33:21.945 worker_log:748 423667 MainThread [INFO]  All processing finished for executor task 90
2024-03-12 16:33:24.043 worker_log:721 423667 MainThread [INFO]  Received executor task 100
2024-03-12 16:33:24.054 worker_log:737 423667 MainThread [INFO]  Completed executor task 100
2024-03-12 16:33:24.054 worker_log:748 423667 MainThread [INFO]  All processing finished for executor task 100
2024-03-12 16:33:26.313 worker_log:721 423667 MainThread [INFO]  Received executor task 108
2024-03-12 16:33:26.414 worker_log:737 423667 MainThread [INFO]  Completed executor task 108
2024-03-12 16:33:26.415 worker_log:748 423667 MainThread [INFO]  All processing finished for executor task 108
2024-03-12 16:33:30.600 worker_log:721 423667 MainThread [INFO]  Received executor task 122
2024-03-12 16:33:30.701 worker_log:737 423667 MainThread [INFO]  Completed executor task 122
2024-03-12 16:33:30.701 worker_log:748 423667 MainThread [INFO]  All processing finished for executor task 122
