2024-03-12 15:59:00.985 worker_log:636 410896 MainThread [INFO]  Worker 9 started
2024-03-12 15:59:00.985 worker_log:638 410896 MainThread [DEBUG]  Debug logging enabled
2024-03-12 15:59:00.986 worker_log:721 410896 MainThread [INFO]  Received executor task 1
2024-03-12 15:59:01.988 worker_log:737 410896 MainThread [INFO]  Completed executor task 1
2024-03-12 15:59:01.989 worker_log:748 410896 MainThread [INFO]  All processing finished for executor task 1
2024-03-12 15:59:03.440 worker_log:721 410896 MainThread [INFO]  Received executor task 8
2024-03-12 15:59:03.441 worker_log:737 410896 MainThread [INFO]  Completed executor task 8
2024-03-12 15:59:03.441 worker_log:748 410896 MainThread [INFO]  All processing finished for executor task 8
2024-03-12 15:59:07.605 worker_log:721 410896 MainThread [INFO]  Received executor task 29
2024-03-12 15:59:07.605 worker_log:737 410896 MainThread [INFO]  Completed executor task 29
2024-03-12 15:59:07.605 worker_log:748 410896 MainThread [INFO]  All processing finished for executor task 29
2024-03-12 15:59:09.606 worker_log:721 410896 MainThread [INFO]  Received executor task 39
2024-03-12 15:59:09.607 worker_log:737 410896 MainThread [INFO]  Completed executor task 39
2024-03-12 15:59:09.607 worker_log:748 410896 MainThread [INFO]  All processing finished for executor task 39
2024-03-12 15:59:13.682 worker_log:721 410896 MainThread [INFO]  Received executor task 59
2024-03-12 15:59:13.693 worker_log:737 410896 MainThread [INFO]  Completed executor task 59
2024-03-12 15:59:13.694 worker_log:748 410896 MainThread [INFO]  All processing finished for executor task 59
2024-03-12 15:59:15.843 worker_log:721 410896 MainThread [INFO]  Received executor task 69
2024-03-12 15:59:15.853 worker_log:737 410896 MainThread [INFO]  Completed executor task 69
2024-03-12 15:59:15.854 worker_log:748 410896 MainThread [INFO]  All processing finished for executor task 69
2024-03-12 15:59:21.965 worker_log:721 410896 MainThread [INFO]  Received executor task 98
2024-03-12 15:59:21.975 worker_log:737 410896 MainThread [INFO]  Completed executor task 98
2024-03-12 15:59:21.976 worker_log:748 410896 MainThread [INFO]  All processing finished for executor task 98
2024-03-12 15:59:24.271 worker_log:721 410896 MainThread [INFO]  Received executor task 107
2024-03-12 15:59:24.372 worker_log:737 410896 MainThread [INFO]  Completed executor task 107
2024-03-12 15:59:24.373 worker_log:748 410896 MainThread [INFO]  All processing finished for executor task 107
2024-03-12 15:59:28.555 worker_log:721 410896 MainThread [INFO]  Received executor task 121
2024-03-12 15:59:28.656 worker_log:737 410896 MainThread [INFO]  Completed executor task 121
2024-03-12 15:59:28.657 worker_log:748 410896 MainThread [INFO]  All processing finished for executor task 121
2024-03-12 15:59:32.844 worker_log:721 410896 MainThread [INFO]  Received executor task 135
2024-03-12 15:59:32.944 worker_log:737 410896 MainThread [INFO]  Completed executor task 135
2024-03-12 15:59:32.945 worker_log:748 410896 MainThread [INFO]  All processing finished for executor task 135
2024-03-12 15:59:37.126 worker_log:721 410896 MainThread [INFO]  Received executor task 149
2024-03-12 15:59:37.227 worker_log:737 410896 MainThread [INFO]  Completed executor task 149
2024-03-12 15:59:37.227 worker_log:748 410896 MainThread [INFO]  All processing finished for executor task 149
2024-03-12 16:00:16.397 worker_log:721 410896 MainThread [INFO]  Received executor task 184
2024-03-12 16:00:17.399 worker_log:737 410896 MainThread [INFO]  Completed executor task 184
2024-03-12 16:00:17.399 worker_log:748 410896 MainThread [INFO]  All processing finished for executor task 184
