2024-03-12 15:59:01.146 worker_log:636 410910 MainThread [INFO]  Worker 23 started
2024-03-12 15:59:01.146 worker_log:638 410910 MainThread [DEBUG]  Debug logging enabled
2024-03-12 15:59:21.361 worker_log:721 410910 MainThread [INFO]  Received executor task 95
2024-03-12 15:59:21.372 worker_log:737 410910 MainThread [INFO]  Completed executor task 95
2024-03-12 15:59:21.373 worker_log:748 410910 MainThread [INFO]  All processing finished for executor task 95
2024-03-12 15:59:27.638 worker_log:721 410910 MainThread [INFO]  Received executor task 118
2024-03-12 15:59:27.739 worker_log:737 410910 MainThread [INFO]  Completed executor task 118
2024-03-12 15:59:27.739 worker_log:748 410910 MainThread [INFO]  All processing finished for executor task 118
2024-03-12 15:59:31.926 worker_log:721 410910 MainThread [INFO]  Received executor task 132
2024-03-12 15:59:32.027 worker_log:737 410910 MainThread [INFO]  Completed executor task 132
2024-03-12 15:59:32.028 worker_log:748 410910 MainThread [INFO]  All processing finished for executor task 132
2024-03-12 15:59:39.175 worker_log:721 410910 MainThread [INFO]  Received executor task 153
2024-03-12 15:59:40.177 worker_log:737 410910 MainThread [INFO]  Completed executor task 153
2024-03-12 15:59:40.178 worker_log:748 410910 MainThread [INFO]  All processing finished for executor task 153
2024-03-12 15:59:57.116 worker_log:721 410910 MainThread [INFO]  Received executor task 168
2024-03-12 15:59:58.118 worker_log:737 410910 MainThread [INFO]  Completed executor task 168
2024-03-12 15:59:58.118 worker_log:748 410910 MainThread [INFO]  All processing finished for executor task 168
2024-03-12 16:00:03.154 worker_log:721 410910 MainThread [INFO]  Received executor task 173
2024-03-12 16:00:04.155 worker_log:737 410910 MainThread [INFO]  Completed executor task 173
2024-03-12 16:00:04.156 worker_log:748 410910 MainThread [INFO]  All processing finished for executor task 173
2024-03-12 16:00:09.187 worker_log:721 410910 MainThread [INFO]  Received executor task 178
2024-03-12 16:00:10.189 worker_log:737 410910 MainThread [INFO]  Completed executor task 178
2024-03-12 16:00:10.189 worker_log:748 410910 MainThread [INFO]  All processing finished for executor task 178
2024-03-12 16:00:27.197 worker_log:721 410910 MainThread [INFO]  Received executor task 193
2024-03-12 16:00:28.198 worker_log:737 410910 MainThread [INFO]  Completed executor task 193
2024-03-12 16:00:28.198 worker_log:748 410910 MainThread [INFO]  All processing finished for executor task 193
