2024-03-12 15:59:00.986 worker_log:636 410895 MainThread [INFO]  Worker 8 started
2024-03-12 15:59:00.986 worker_log:638 410895 MainThread [DEBUG]  Debug logging enabled
2024-03-12 15:59:02.195 worker_log:721 410895 MainThread [INFO]  Received executor task 2
2024-03-12 15:59:02.196 worker_log:737 410895 MainThread [INFO]  Completed executor task 2
2024-03-12 15:59:02.197 worker_log:748 410895 MainThread [INFO]  All processing finished for executor task 2
2024-03-12 15:59:03.646 worker_log:721 410895 MainThread [INFO]  Received executor task 9
2024-03-12 15:59:03.646 worker_log:737 410895 MainThread [INFO]  Completed executor task 9
2024-03-12 15:59:03.646 worker_log:748 410895 MainThread [INFO]  All processing finished for executor task 9
2024-03-12 15:59:05.614 worker_log:721 410895 MainThread [INFO]  Received executor task 19
2024-03-12 15:59:05.615 worker_log:737 410895 MainThread [INFO]  Completed executor task 19
2024-03-12 15:59:05.615 worker_log:748 410895 MainThread [INFO]  All processing finished for executor task 19
2024-03-12 15:59:09.812 worker_log:721 410895 MainThread [INFO]  Received executor task 40
2024-03-12 15:59:09.812 worker_log:737 410895 MainThread [INFO]  Completed executor task 40
2024-03-12 15:59:09.813 worker_log:748 410895 MainThread [INFO]  All processing finished for executor task 40
2024-03-12 15:59:11.961 worker_log:721 410895 MainThread [INFO]  Received executor task 51
2024-03-12 15:59:11.962 worker_log:737 410895 MainThread [INFO]  Completed executor task 51
2024-03-12 15:59:11.962 worker_log:748 410895 MainThread [INFO]  All processing finished for executor task 51
2024-03-12 15:59:14.115 worker_log:721 410895 MainThread [INFO]  Received executor task 61
2024-03-12 15:59:14.126 worker_log:737 410895 MainThread [INFO]  Completed executor task 61
2024-03-12 15:59:14.126 worker_log:748 410895 MainThread [INFO]  All processing finished for executor task 61
2024-03-12 15:59:26.412 worker_log:721 410895 MainThread [INFO]  Received executor task 114
2024-03-12 15:59:26.514 worker_log:737 410895 MainThread [INFO]  Completed executor task 114
2024-03-12 15:59:26.514 worker_log:748 410895 MainThread [INFO]  All processing finished for executor task 114
2024-03-12 15:59:41.591 worker_log:721 410895 MainThread [INFO]  Received executor task 155
2024-03-12 15:59:42.593 worker_log:737 410895 MainThread [INFO]  Completed executor task 155
2024-03-12 15:59:42.594 worker_log:748 410895 MainThread [INFO]  All processing finished for executor task 155
2024-03-12 15:59:47.593 worker_log:721 410895 MainThread [INFO]  Received executor task 160
2024-03-12 15:59:48.594 worker_log:737 410895 MainThread [INFO]  Completed executor task 160
2024-03-12 15:59:48.595 worker_log:748 410895 MainThread [INFO]  All processing finished for executor task 160
2024-03-12 15:59:53.495 worker_log:721 410895 MainThread [INFO]  Received executor task 165
2024-03-12 15:59:54.496 worker_log:737 410895 MainThread [INFO]  Completed executor task 165
2024-03-12 15:59:54.497 worker_log:748 410895 MainThread [INFO]  All processing finished for executor task 165
2024-03-12 16:00:05.569 worker_log:721 410895 MainThread [INFO]  Received executor task 175
2024-03-12 16:00:06.571 worker_log:737 410895 MainThread [INFO]  Completed executor task 175
2024-03-12 16:00:06.572 worker_log:748 410895 MainThread [INFO]  All processing finished for executor task 175
2024-03-12 16:00:11.601 worker_log:721 410895 MainThread [INFO]  Received executor task 180
2024-03-12 16:00:12.603 worker_log:737 410895 MainThread [INFO]  Completed executor task 180
2024-03-12 16:00:12.603 worker_log:748 410895 MainThread [INFO]  All processing finished for executor task 180
2024-03-12 16:00:23.608 worker_log:721 410895 MainThread [INFO]  Received executor task 190
2024-03-12 16:00:24.610 worker_log:737 410895 MainThread [INFO]  Completed executor task 190
2024-03-12 16:00:24.611 worker_log:748 410895 MainThread [INFO]  All processing finished for executor task 190
