2024-03-12 15:59:01.024 worker_log:636 410890 MainThread [INFO]  Worker 3 started
2024-03-12 15:59:01.024 worker_log:638 410890 MainThread [DEBUG]  Debug logging enabled
2024-03-12 15:59:04.372 worker_log:721 410890 MainThread [INFO]  Received executor task 13
2024-03-12 15:59:04.373 worker_log:737 410890 MainThread [INFO]  Completed executor task 13
2024-03-12 15:59:04.374 worker_log:748 410890 MainThread [INFO]  All processing finished for executor task 13
2024-03-12 15:59:06.371 worker_log:721 410890 MainThread [INFO]  Received executor task 23
2024-03-12 15:59:06.372 worker_log:737 410890 MainThread [INFO]  Completed executor task 23
2024-03-12 15:59:06.372 worker_log:748 410890 MainThread [INFO]  All processing finished for executor task 23
2024-03-12 15:59:08.372 worker_log:721 410890 MainThread [INFO]  Received executor task 33
2024-03-12 15:59:08.372 worker_log:737 410890 MainThread [INFO]  Completed executor task 33
2024-03-12 15:59:08.373 worker_log:748 410890 MainThread [INFO]  All processing finished for executor task 33
2024-03-12 15:59:10.372 worker_log:721 410890 MainThread [INFO]  Received executor task 43
2024-03-12 15:59:10.373 worker_log:737 410890 MainThread [INFO]  Completed executor task 43
2024-03-12 15:59:10.373 worker_log:748 410890 MainThread [INFO]  All processing finished for executor task 43
2024-03-12 15:59:12.383 worker_log:721 410890 MainThread [INFO]  Received executor task 53
2024-03-12 15:59:12.394 worker_log:737 410890 MainThread [INFO]  Completed executor task 53
2024-03-12 15:59:12.395 worker_log:748 410890 MainThread [INFO]  All processing finished for executor task 53
2024-03-12 15:59:14.331 worker_log:721 410890 MainThread [INFO]  Received executor task 62
2024-03-12 15:59:14.342 worker_log:737 410890 MainThread [INFO]  Completed executor task 62
2024-03-12 15:59:14.342 worker_log:748 410890 MainThread [INFO]  All processing finished for executor task 62
2024-03-12 15:59:16.394 worker_log:721 410890 MainThread [INFO]  Received executor task 72
2024-03-12 15:59:16.404 worker_log:737 410890 MainThread [INFO]  Completed executor task 72
2024-03-12 15:59:16.405 worker_log:748 410890 MainThread [INFO]  All processing finished for executor task 72
2024-03-12 15:59:20.496 worker_log:721 410890 MainThread [INFO]  Received executor task 91
2024-03-12 15:59:20.507 worker_log:737 410890 MainThread [INFO]  Completed executor task 91
2024-03-12 15:59:20.507 worker_log:748 410890 MainThread [INFO]  All processing finished for executor task 91
2024-03-12 15:59:22.396 worker_log:721 410890 MainThread [INFO]  Received executor task 100
2024-03-12 15:59:22.407 worker_log:737 410890 MainThread [INFO]  Completed executor task 100
2024-03-12 15:59:22.407 worker_log:748 410890 MainThread [INFO]  All processing finished for executor task 100
2024-03-12 15:59:30.700 worker_log:721 410890 MainThread [INFO]  Received executor task 128
2024-03-12 15:59:30.801 worker_log:737 410890 MainThread [INFO]  Completed executor task 128
2024-03-12 15:59:30.802 worker_log:748 410890 MainThread [INFO]  All processing finished for executor task 128
2024-03-12 15:59:34.986 worker_log:721 410890 MainThread [INFO]  Received executor task 142
2024-03-12 15:59:35.087 worker_log:737 410890 MainThread [INFO]  Completed executor task 142
2024-03-12 15:59:35.088 worker_log:748 410890 MainThread [INFO]  All processing finished for executor task 142
