2024-03-12 15:59:01.022 worker_log:636 410889 MainThread [INFO]  Worker 2 started
2024-03-12 15:59:01.022 worker_log:638 410889 MainThread [DEBUG]  Debug logging enabled
2024-03-12 15:59:02.403 worker_log:721 410889 MainThread [INFO]  Received executor task 3
2024-03-12 15:59:02.404 worker_log:737 410889 MainThread [INFO]  Completed executor task 3
2024-03-12 15:59:02.405 worker_log:748 410889 MainThread [INFO]  All processing finished for executor task 3
2024-03-12 15:59:03.851 worker_log:721 410889 MainThread [INFO]  Received executor task 10
2024-03-12 15:59:03.851 worker_log:737 410889 MainThread [INFO]  Completed executor task 10
2024-03-12 15:59:03.852 worker_log:748 410889 MainThread [INFO]  All processing finished for executor task 10
2024-03-12 15:59:05.819 worker_log:721 410889 MainThread [INFO]  Received executor task 20
2024-03-12 15:59:05.820 worker_log:737 410889 MainThread [INFO]  Completed executor task 20
2024-03-12 15:59:05.820 worker_log:748 410889 MainThread [INFO]  All processing finished for executor task 20
2024-03-12 15:59:07.810 worker_log:721 410889 MainThread [INFO]  Received executor task 30
2024-03-12 15:59:07.810 worker_log:737 410889 MainThread [INFO]  Completed executor task 30
2024-03-12 15:59:07.811 worker_log:748 410889 MainThread [INFO]  All processing finished for executor task 30
2024-03-12 15:59:11.812 worker_log:721 410889 MainThread [INFO]  Received executor task 50
2024-03-12 15:59:11.813 worker_log:737 410889 MainThread [INFO]  Completed executor task 50
2024-03-12 15:59:11.813 worker_log:748 410889 MainThread [INFO]  All processing finished for executor task 50
2024-03-12 15:59:17.906 worker_log:721 410889 MainThread [INFO]  Received executor task 79
2024-03-12 15:59:17.917 worker_log:737 410889 MainThread [INFO]  Completed executor task 79
2024-03-12 15:59:17.917 worker_log:748 410889 MainThread [INFO]  All processing finished for executor task 79
2024-03-12 15:59:20.065 worker_log:721 410889 MainThread [INFO]  Received executor task 89
2024-03-12 15:59:20.075 worker_log:737 410889 MainThread [INFO]  Completed executor task 89
2024-03-12 15:59:20.076 worker_log:748 410889 MainThread [INFO]  All processing finished for executor task 89
2024-03-12 15:59:22.180 worker_log:721 410889 MainThread [INFO]  Received executor task 99
2024-03-12 15:59:22.191 worker_log:737 410889 MainThread [INFO]  Completed executor task 99
2024-03-12 15:59:22.191 worker_log:748 410889 MainThread [INFO]  All processing finished for executor task 99
