2024-03-12 15:59:01.025 worker_log:636 410894 MainThread [INFO]  Worker 7 started
2024-03-12 15:59:01.025 worker_log:638 410894 MainThread [DEBUG]  Debug logging enabled
2024-03-12 15:59:04.788 worker_log:721 410894 MainThread [INFO]  Received executor task 15
2024-03-12 15:59:04.788 worker_log:737 410894 MainThread [INFO]  Completed executor task 15
2024-03-12 15:59:04.789 worker_log:748 410894 MainThread [INFO]  All processing finished for executor task 15
2024-03-12 15:59:06.783 worker_log:721 410894 MainThread [INFO]  Received executor task 25
2024-03-12 15:59:06.783 worker_log:737 410894 MainThread [INFO]  Completed executor task 25
2024-03-12 15:59:06.784 worker_log:748 410894 MainThread [INFO]  All processing finished for executor task 25
2024-03-12 15:59:08.783 worker_log:721 410894 MainThread [INFO]  Received executor task 35
2024-03-12 15:59:08.783 worker_log:737 410894 MainThread [INFO]  Completed executor task 35
2024-03-12 15:59:08.784 worker_log:748 410894 MainThread [INFO]  All processing finished for executor task 35
2024-03-12 15:59:10.783 worker_log:721 410894 MainThread [INFO]  Received executor task 45
2024-03-12 15:59:10.783 worker_log:737 410894 MainThread [INFO]  Completed executor task 45
2024-03-12 15:59:10.784 worker_log:748 410894 MainThread [INFO]  All processing finished for executor task 45
2024-03-12 15:59:12.599 worker_log:721 410894 MainThread [INFO]  Received executor task 54
2024-03-12 15:59:12.610 worker_log:737 410894 MainThread [INFO]  Completed executor task 54
2024-03-12 15:59:12.611 worker_log:748 410894 MainThread [INFO]  All processing finished for executor task 54
2024-03-12 15:59:14.762 worker_log:721 410894 MainThread [INFO]  Received executor task 64
2024-03-12 15:59:14.773 worker_log:737 410894 MainThread [INFO]  Completed executor task 64
2024-03-12 15:59:14.773 worker_log:748 410894 MainThread [INFO]  All processing finished for executor task 64
2024-03-12 15:59:16.609 worker_log:721 410894 MainThread [INFO]  Received executor task 73
2024-03-12 15:59:16.620 worker_log:737 410894 MainThread [INFO]  Completed executor task 73
2024-03-12 15:59:16.621 worker_log:748 410894 MainThread [INFO]  All processing finished for executor task 73
2024-03-12 15:59:18.768 worker_log:721 410894 MainThread [INFO]  Received executor task 83
2024-03-12 15:59:18.779 worker_log:737 410894 MainThread [INFO]  Completed executor task 83
2024-03-12 15:59:18.779 worker_log:748 410894 MainThread [INFO]  All processing finished for executor task 83
2024-03-12 15:59:20.712 worker_log:721 410894 MainThread [INFO]  Received executor task 92
2024-03-12 15:59:20.722 worker_log:737 410894 MainThread [INFO]  Completed executor task 92
2024-03-12 15:59:20.723 worker_log:748 410894 MainThread [INFO]  All processing finished for executor task 92
2024-03-12 15:59:28.861 worker_log:721 410894 MainThread [INFO]  Received executor task 122
2024-03-12 15:59:28.962 worker_log:737 410894 MainThread [INFO]  Completed executor task 122
2024-03-12 15:59:28.963 worker_log:748 410894 MainThread [INFO]  All processing finished for executor task 122
2024-03-12 15:59:33.149 worker_log:721 410894 MainThread [INFO]  Received executor task 136
2024-03-12 15:59:33.250 worker_log:737 410894 MainThread [INFO]  Completed executor task 136
2024-03-12 15:59:33.251 worker_log:748 410894 MainThread [INFO]  All processing finished for executor task 136
2024-03-12 16:00:28.403 worker_log:721 410894 MainThread [INFO]  Received executor task 194
2024-03-12 16:00:29.405 worker_log:737 410894 MainThread [INFO]  Completed executor task 194
2024-03-12 16:00:29.405 worker_log:748 410894 MainThread [INFO]  All processing finished for executor task 194
