2024-03-12 15:59:01.030 worker_log:636 410892 MainThread [INFO]  Worker 5 started
2024-03-12 15:59:01.030 worker_log:638 410892 MainThread [DEBUG]  Debug logging enabled
2024-03-12 15:59:11.195 worker_log:721 410892 MainThread [INFO]  Received executor task 47
2024-03-12 15:59:11.196 worker_log:737 410892 MainThread [INFO]  Completed executor task 47
2024-03-12 15:59:11.197 worker_log:748 410892 MainThread [INFO]  All processing finished for executor task 47
2024-03-12 15:59:15.411 worker_log:721 410892 MainThread [INFO]  Received executor task 67
2024-03-12 15:59:15.422 worker_log:737 410892 MainThread [INFO]  Completed executor task 67
2024-03-12 15:59:15.423 worker_log:748 410892 MainThread [INFO]  All processing finished for executor task 67
2024-03-12 15:59:31.620 worker_log:721 410892 MainThread [INFO]  Received executor task 131
2024-03-12 15:59:31.721 worker_log:737 410892 MainThread [INFO]  Completed executor task 131
2024-03-12 15:59:31.722 worker_log:748 410892 MainThread [INFO]  All processing finished for executor task 131
2024-03-12 15:59:35.903 worker_log:721 410892 MainThread [INFO]  Received executor task 145
2024-03-12 15:59:36.004 worker_log:737 410892 MainThread [INFO]  Completed executor task 145
2024-03-12 15:59:36.005 worker_log:748 410892 MainThread [INFO]  All processing finished for executor task 145
2024-03-12 15:59:45.177 worker_log:721 410892 MainThread [INFO]  Received executor task 158
2024-03-12 15:59:46.179 worker_log:737 410892 MainThread [INFO]  Completed executor task 158
2024-03-12 15:59:46.180 worker_log:748 410892 MainThread [INFO]  All processing finished for executor task 158
2024-03-12 16:00:15.191 worker_log:721 410892 MainThread [INFO]  Received executor task 183
2024-03-12 16:00:16.192 worker_log:737 410892 MainThread [INFO]  Completed executor task 183
2024-03-12 16:00:16.193 worker_log:748 410892 MainThread [INFO]  All processing finished for executor task 183
2024-03-12 16:00:33.200 worker_log:721 410892 MainThread [INFO]  Received executor task 198
2024-03-12 16:00:34.202 worker_log:737 410892 MainThread [INFO]  Completed executor task 198
2024-03-12 16:00:34.202 worker_log:748 410892 MainThread [INFO]  All processing finished for executor task 198
