2024-03-12 15:59:01.031 worker_log:636 410902 MainThread [INFO]  Worker 15 started
2024-03-12 15:59:01.031 worker_log:638 410902 MainThread [DEBUG]  Debug logging enabled
2024-03-12 15:59:13.032 worker_log:721 410902 MainThread [INFO]  Received executor task 56
2024-03-12 15:59:13.043 worker_log:737 410902 MainThread [INFO]  Completed executor task 56
2024-03-12 15:59:13.044 worker_log:748 410902 MainThread [INFO]  All processing finished for executor task 56
2024-03-12 15:59:14.978 worker_log:721 410902 MainThread [INFO]  Received executor task 65
2024-03-12 15:59:14.989 worker_log:737 410902 MainThread [INFO]  Completed executor task 65
2024-03-12 15:59:14.989 worker_log:748 410902 MainThread [INFO]  All processing finished for executor task 65
2024-03-12 15:59:17.041 worker_log:721 410902 MainThread [INFO]  Received executor task 75
2024-03-12 15:59:17.051 worker_log:737 410902 MainThread [INFO]  Completed executor task 75
2024-03-12 15:59:17.052 worker_log:748 410902 MainThread [INFO]  All processing finished for executor task 75
2024-03-12 15:59:18.984 worker_log:721 410902 MainThread [INFO]  Received executor task 84
2024-03-12 15:59:18.994 worker_log:737 410902 MainThread [INFO]  Completed executor task 84
2024-03-12 15:59:18.995 worker_log:748 410902 MainThread [INFO]  All processing finished for executor task 84
2024-03-12 15:59:23.133 worker_log:721 410902 MainThread [INFO]  Received executor task 103
2024-03-12 15:59:23.234 worker_log:737 410902 MainThread [INFO]  Completed executor task 103
2024-03-12 15:59:23.235 worker_log:748 410902 MainThread [INFO]  All processing finished for executor task 103
2024-03-12 16:00:22.401 worker_log:721 410902 MainThread [INFO]  Received executor task 189
2024-03-12 16:00:23.403 worker_log:737 410902 MainThread [INFO]  Completed executor task 189
2024-03-12 16:00:23.404 worker_log:748 410902 MainThread [INFO]  All processing finished for executor task 189
