2024-03-12 15:59:01.022 worker_log:636 410893 MainThread [INFO]  Worker 6 started
2024-03-12 15:59:01.022 worker_log:638 410893 MainThread [DEBUG]  Debug logging enabled
2024-03-12 15:59:02.611 worker_log:721 410893 MainThread [INFO]  Received executor task 4
2024-03-12 15:59:02.612 worker_log:737 410893 MainThread [INFO]  Completed executor task 4
2024-03-12 15:59:02.613 worker_log:748 410893 MainThread [INFO]  All processing finished for executor task 4
2024-03-12 15:59:03.960 worker_log:721 410893 MainThread [INFO]  Received executor task 11
2024-03-12 15:59:03.960 worker_log:737 410893 MainThread [INFO]  Completed executor task 11
2024-03-12 15:59:03.961 worker_log:748 410893 MainThread [INFO]  All processing finished for executor task 11
2024-03-12 15:59:05.960 worker_log:721 410893 MainThread [INFO]  Received executor task 21
2024-03-12 15:59:05.961 worker_log:737 410893 MainThread [INFO]  Completed executor task 21
2024-03-12 15:59:05.961 worker_log:748 410893 MainThread [INFO]  All processing finished for executor task 21
2024-03-12 15:59:07.961 worker_log:721 410893 MainThread [INFO]  Received executor task 31
2024-03-12 15:59:07.961 worker_log:737 410893 MainThread [INFO]  Completed executor task 31
2024-03-12 15:59:07.962 worker_log:748 410893 MainThread [INFO]  All processing finished for executor task 31
2024-03-12 15:59:09.961 worker_log:721 410893 MainThread [INFO]  Received executor task 41
2024-03-12 15:59:09.961 worker_log:737 410893 MainThread [INFO]  Completed executor task 41
2024-03-12 15:59:09.962 worker_log:748 410893 MainThread [INFO]  All processing finished for executor task 41
2024-03-12 15:59:13.899 worker_log:721 410893 MainThread [INFO]  Received executor task 60
2024-03-12 15:59:13.910 worker_log:737 410893 MainThread [INFO]  Completed executor task 60
2024-03-12 15:59:13.910 worker_log:748 410893 MainThread [INFO]  All processing finished for executor task 60
2024-03-12 15:59:15.962 worker_log:721 410893 MainThread [INFO]  Received executor task 70
2024-03-12 15:59:15.973 worker_log:737 410893 MainThread [INFO]  Completed executor task 70
2024-03-12 15:59:15.973 worker_log:748 410893 MainThread [INFO]  All processing finished for executor task 70
2024-03-12 15:59:18.121 worker_log:721 410893 MainThread [INFO]  Received executor task 80
2024-03-12 15:59:18.132 worker_log:737 410893 MainThread [INFO]  Completed executor task 80
2024-03-12 15:59:18.132 worker_log:748 410893 MainThread [INFO]  All processing finished for executor task 80
2024-03-12 15:59:30.394 worker_log:721 410893 MainThread [INFO]  Received executor task 127
2024-03-12 15:59:30.495 worker_log:737 410893 MainThread [INFO]  Completed executor task 127
2024-03-12 15:59:30.496 worker_log:748 410893 MainThread [INFO]  All processing finished for executor task 127
2024-03-12 15:59:34.681 worker_log:721 410893 MainThread [INFO]  Received executor task 141
2024-03-12 15:59:34.781 worker_log:737 410893 MainThread [INFO]  Completed executor task 141
2024-03-12 15:59:34.782 worker_log:748 410893 MainThread [INFO]  All processing finished for executor task 141
2024-03-12 15:59:55.908 worker_log:721 410893 MainThread [INFO]  Received executor task 167
2024-03-12 15:59:56.910 worker_log:737 410893 MainThread [INFO]  Completed executor task 167
2024-03-12 15:59:56.911 worker_log:748 410893 MainThread [INFO]  All processing finished for executor task 167
2024-03-12 16:00:01.946 worker_log:721 410893 MainThread [INFO]  Received executor task 172
2024-03-12 16:00:02.948 worker_log:737 410893 MainThread [INFO]  Completed executor task 172
2024-03-12 16:00:02.949 worker_log:748 410893 MainThread [INFO]  All processing finished for executor task 172
2024-03-12 16:00:07.980 worker_log:721 410893 MainThread [INFO]  Received executor task 177
2024-03-12 16:00:08.982 worker_log:737 410893 MainThread [INFO]  Completed executor task 177
2024-03-12 16:00:08.982 worker_log:748 410893 MainThread [INFO]  All processing finished for executor task 177
2024-03-12 16:00:25.990 worker_log:721 410893 MainThread [INFO]  Received executor task 192
2024-03-12 16:00:26.991 worker_log:737 410893 MainThread [INFO]  Completed executor task 192
2024-03-12 16:00:26.992 worker_log:748 410893 MainThread [INFO]  All processing finished for executor task 192
