2024-03-12 15:59:01.022 worker_log:636 410903 MainThread [INFO]  Worker 16 started
2024-03-12 15:59:01.022 worker_log:638 410903 MainThread [DEBUG]  Debug logging enabled
2024-03-12 15:59:02.818 worker_log:721 410903 MainThread [INFO]  Received executor task 5
2024-03-12 15:59:02.819 worker_log:737 410903 MainThread [INFO]  Completed executor task 5
2024-03-12 15:59:02.820 worker_log:748 410903 MainThread [INFO]  All processing finished for executor task 5
2024-03-12 15:59:04.166 worker_log:721 410903 MainThread [INFO]  Received executor task 12
2024-03-12 15:59:04.166 worker_log:737 410903 MainThread [INFO]  Completed executor task 12
2024-03-12 15:59:04.166 worker_log:748 410903 MainThread [INFO]  All processing finished for executor task 12
2024-03-12 15:59:06.166 worker_log:721 410903 MainThread [INFO]  Received executor task 22
2024-03-12 15:59:06.166 worker_log:737 410903 MainThread [INFO]  Completed executor task 22
2024-03-12 15:59:06.167 worker_log:748 410903 MainThread [INFO]  All processing finished for executor task 22
2024-03-12 15:59:08.167 worker_log:721 410903 MainThread [INFO]  Received executor task 32
2024-03-12 15:59:08.167 worker_log:737 410903 MainThread [INFO]  Completed executor task 32
2024-03-12 15:59:08.167 worker_log:748 410903 MainThread [INFO]  All processing finished for executor task 32
2024-03-12 15:59:10.167 worker_log:721 410903 MainThread [INFO]  Received executor task 42
2024-03-12 15:59:10.167 worker_log:737 410903 MainThread [INFO]  Completed executor task 42
2024-03-12 15:59:10.168 worker_log:748 410903 MainThread [INFO]  All processing finished for executor task 42
2024-03-12 15:59:12.167 worker_log:721 410903 MainThread [INFO]  Received executor task 52
2024-03-12 15:59:12.178 worker_log:737 410903 MainThread [INFO]  Completed executor task 52
2024-03-12 15:59:12.179 worker_log:748 410903 MainThread [INFO]  All processing finished for executor task 52
2024-03-12 15:59:16.178 worker_log:721 410903 MainThread [INFO]  Received executor task 71
2024-03-12 15:59:16.189 worker_log:737 410903 MainThread [INFO]  Completed executor task 71
2024-03-12 15:59:16.189 worker_log:748 410903 MainThread [INFO]  All processing finished for executor task 71
2024-03-12 15:59:18.337 worker_log:721 410903 MainThread [INFO]  Received executor task 81
2024-03-12 15:59:18.348 worker_log:737 410903 MainThread [INFO]  Completed executor task 81
2024-03-12 15:59:18.348 worker_log:748 410903 MainThread [INFO]  All processing finished for executor task 81
2024-03-12 15:59:20.281 worker_log:721 410903 MainThread [INFO]  Received executor task 90
2024-03-12 15:59:20.291 worker_log:737 410903 MainThread [INFO]  Completed executor task 90
2024-03-12 15:59:20.292 worker_log:748 410903 MainThread [INFO]  All processing finished for executor task 90
2024-03-12 15:59:24.577 worker_log:721 410903 MainThread [INFO]  Received executor task 108
2024-03-12 15:59:24.678 worker_log:737 410903 MainThread [INFO]  Completed executor task 108
2024-03-12 15:59:24.679 worker_log:748 410903 MainThread [INFO]  All processing finished for executor task 108
2024-03-12 15:59:26.718 worker_log:721 410903 MainThread [INFO]  Received executor task 115
2024-03-12 15:59:26.819 worker_log:737 410903 MainThread [INFO]  Completed executor task 115
2024-03-12 15:59:26.820 worker_log:748 410903 MainThread [INFO]  All processing finished for executor task 115
2024-03-12 15:59:31.006 worker_log:721 410903 MainThread [INFO]  Received executor task 129
2024-03-12 15:59:31.107 worker_log:737 410903 MainThread [INFO]  Completed executor task 129
2024-03-12 15:59:31.108 worker_log:748 410903 MainThread [INFO]  All processing finished for executor task 129
2024-03-12 15:59:35.292 worker_log:721 410903 MainThread [INFO]  Received executor task 143
2024-03-12 15:59:35.393 worker_log:737 410903 MainThread [INFO]  Completed executor task 143
2024-03-12 15:59:35.393 worker_log:748 410903 MainThread [INFO]  All processing finished for executor task 143
