2024-03-12 15:59:01.035 worker_log:636 410899 MainThread [INFO]  Worker 12 started
2024-03-12 15:59:01.035 worker_log:638 410899 MainThread [DEBUG]  Debug logging enabled
2024-03-12 15:59:13.249 worker_log:721 410899 MainThread [INFO]  Received executor task 57
2024-03-12 15:59:13.261 worker_log:737 410899 MainThread [INFO]  Completed executor task 57
2024-03-12 15:59:13.262 worker_log:748 410899 MainThread [INFO]  All processing finished for executor task 57
2024-03-12 15:59:17.474 worker_log:721 410899 MainThread [INFO]  Received executor task 77
2024-03-12 15:59:17.485 worker_log:737 410899 MainThread [INFO]  Completed executor task 77
2024-03-12 15:59:17.486 worker_log:748 410899 MainThread [INFO]  All processing finished for executor task 77
2024-03-12 15:59:19.633 worker_log:721 410899 MainThread [INFO]  Received executor task 87
2024-03-12 15:59:19.644 worker_log:737 410899 MainThread [INFO]  Completed executor task 87
2024-03-12 15:59:19.644 worker_log:748 410899 MainThread [INFO]  All processing finished for executor task 87
2024-03-12 15:59:27.944 worker_log:721 410899 MainThread [INFO]  Received executor task 119
2024-03-12 15:59:28.045 worker_log:737 410899 MainThread [INFO]  Completed executor task 119
2024-03-12 15:59:28.045 worker_log:748 410899 MainThread [INFO]  All processing finished for executor task 119
2024-03-12 15:59:32.232 worker_log:721 410899 MainThread [INFO]  Received executor task 133
2024-03-12 15:59:32.333 worker_log:737 410899 MainThread [INFO]  Completed executor task 133
2024-03-12 15:59:32.333 worker_log:748 410899 MainThread [INFO]  All processing finished for executor task 133
2024-03-12 15:59:59.532 worker_log:721 410899 MainThread [INFO]  Received executor task 170
2024-03-12 16:00:00.534 worker_log:737 410899 MainThread [INFO]  Completed executor task 170
2024-03-12 16:00:00.534 worker_log:748 410899 MainThread [INFO]  All processing finished for executor task 170
2024-03-12 16:00:17.604 worker_log:721 410899 MainThread [INFO]  Received executor task 185
2024-03-12 16:00:18.605 worker_log:737 410899 MainThread [INFO]  Completed executor task 185
2024-03-12 16:00:18.606 worker_log:748 410899 MainThread [INFO]  All processing finished for executor task 185
2024-03-12 16:00:29.610 worker_log:721 410899 MainThread [INFO]  Received executor task 195
2024-03-12 16:00:30.612 worker_log:737 410899 MainThread [INFO]  Completed executor task 195
2024-03-12 16:00:30.612 worker_log:748 410899 MainThread [INFO]  All processing finished for executor task 195
