2024-03-12 15:59:01.025 worker_log:636 410888 MainThread [INFO]  Worker 1 started
2024-03-12 15:59:01.025 worker_log:638 410888 MainThread [DEBUG]  Debug logging enabled
2024-03-12 15:59:04.580 worker_log:721 410888 MainThread [INFO]  Received executor task 14
2024-03-12 15:59:04.581 worker_log:737 410888 MainThread [INFO]  Completed executor task 14
2024-03-12 15:59:04.582 worker_log:748 410888 MainThread [INFO]  All processing finished for executor task 14
2024-03-12 15:59:06.577 worker_log:721 410888 MainThread [INFO]  Received executor task 24
2024-03-12 15:59:06.577 worker_log:737 410888 MainThread [INFO]  Completed executor task 24
2024-03-12 15:59:06.578 worker_log:748 410888 MainThread [INFO]  All processing finished for executor task 24
2024-03-12 15:59:08.577 worker_log:721 410888 MainThread [INFO]  Received executor task 34
2024-03-12 15:59:08.578 worker_log:737 410888 MainThread [INFO]  Completed executor task 34
2024-03-12 15:59:08.578 worker_log:748 410888 MainThread [INFO]  All processing finished for executor task 34
2024-03-12 15:59:10.578 worker_log:721 410888 MainThread [INFO]  Received executor task 44
2024-03-12 15:59:10.578 worker_log:737 410888 MainThread [INFO]  Completed executor task 44
2024-03-12 15:59:10.578 worker_log:748 410888 MainThread [INFO]  All processing finished for executor task 44
2024-03-12 15:59:14.546 worker_log:721 410888 MainThread [INFO]  Received executor task 63
2024-03-12 15:59:14.557 worker_log:737 410888 MainThread [INFO]  Completed executor task 63
2024-03-12 15:59:14.558 worker_log:748 410888 MainThread [INFO]  All processing finished for executor task 63
2024-03-12 15:59:18.553 worker_log:721 410888 MainThread [INFO]  Received executor task 82
2024-03-12 15:59:18.563 worker_log:737 410888 MainThread [INFO]  Completed executor task 82
2024-03-12 15:59:18.564 worker_log:748 410888 MainThread [INFO]  All processing finished for executor task 82
2024-03-12 15:59:22.612 worker_log:721 410888 MainThread [INFO]  Received executor task 101
2024-03-12 15:59:22.622 worker_log:737 410888 MainThread [INFO]  Completed executor task 101
2024-03-12 15:59:22.623 worker_log:748 410888 MainThread [INFO]  All processing finished for executor task 101
2024-03-12 15:59:24.883 worker_log:721 410888 MainThread [INFO]  Received executor task 109
2024-03-12 15:59:24.984 worker_log:737 410888 MainThread [INFO]  Completed executor task 109
2024-03-12 15:59:24.985 worker_log:748 410888 MainThread [INFO]  All processing finished for executor task 109
2024-03-12 15:59:27.024 worker_log:721 410888 MainThread [INFO]  Received executor task 116
2024-03-12 15:59:27.125 worker_log:737 410888 MainThread [INFO]  Completed executor task 116
2024-03-12 15:59:27.125 worker_log:748 410888 MainThread [INFO]  All processing finished for executor task 116
2024-03-12 15:59:37.432 worker_log:721 410888 MainThread [INFO]  Received executor task 150
2024-03-12 15:59:37.532 worker_log:737 410888 MainThread [INFO]  Completed executor task 150
2024-03-12 15:59:37.533 worker_log:748 410888 MainThread [INFO]  All processing finished for executor task 150
2024-03-12 15:59:54.701 worker_log:721 410888 MainThread [INFO]  Received executor task 166
2024-03-12 15:59:55.703 worker_log:737 410888 MainThread [INFO]  Completed executor task 166
2024-03-12 15:59:55.704 worker_log:748 410888 MainThread [INFO]  All processing finished for executor task 166
2024-03-12 16:00:06.776 worker_log:721 410888 MainThread [INFO]  Received executor task 176
2024-03-12 16:00:07.778 worker_log:737 410888 MainThread [INFO]  Completed executor task 176
2024-03-12 16:00:07.778 worker_log:748 410888 MainThread [INFO]  All processing finished for executor task 176
2024-03-12 16:00:18.810 worker_log:721 410888 MainThread [INFO]  Received executor task 186
2024-03-12 16:00:19.812 worker_log:737 410888 MainThread [INFO]  Completed executor task 186
2024-03-12 16:00:19.813 worker_log:748 410888 MainThread [INFO]  All processing finished for executor task 186
2024-03-12 16:00:36.821 worker_log:721 410888 MainThread [INFO]  Received executor task 201
2024-03-12 16:00:37.823 worker_log:737 410888 MainThread [INFO]  Completed executor task 201
2024-03-12 16:00:37.823 worker_log:748 410888 MainThread [INFO]  All processing finished for executor task 201
