2024-03-12 15:59:01.024 worker_log:636 410891 MainThread [INFO]  Worker 4 started
2024-03-12 15:59:01.024 worker_log:638 410891 MainThread [DEBUG]  Debug logging enabled
2024-03-12 15:59:03.026 worker_log:721 410891 MainThread [INFO]  Received executor task 6
2024-03-12 15:59:03.027 worker_log:737 410891 MainThread [INFO]  Completed executor task 6
2024-03-12 15:59:03.028 worker_log:748 410891 MainThread [INFO]  All processing finished for executor task 6
2024-03-12 15:59:07.194 worker_log:721 410891 MainThread [INFO]  Received executor task 27
2024-03-12 15:59:07.194 worker_log:737 410891 MainThread [INFO]  Completed executor task 27
2024-03-12 15:59:07.194 worker_log:748 410891 MainThread [INFO]  All processing finished for executor task 27
2024-03-12 15:59:09.401 worker_log:721 410891 MainThread [INFO]  Received executor task 38
2024-03-12 15:59:09.401 worker_log:737 410891 MainThread [INFO]  Completed executor task 38
2024-03-12 15:59:09.402 worker_log:748 410891 MainThread [INFO]  All processing finished for executor task 38
2024-03-12 15:59:11.607 worker_log:721 410891 MainThread [INFO]  Received executor task 49
2024-03-12 15:59:11.607 worker_log:737 410891 MainThread [INFO]  Completed executor task 49
2024-03-12 15:59:11.608 worker_log:748 410891 MainThread [INFO]  All processing finished for executor task 49
2024-03-12 15:59:17.690 worker_log:721 410891 MainThread [INFO]  Received executor task 78
2024-03-12 15:59:17.701 worker_log:737 410891 MainThread [INFO]  Completed executor task 78
2024-03-12 15:59:17.702 worker_log:748 410891 MainThread [INFO]  All processing finished for executor task 78
2024-03-12 15:59:19.848 worker_log:721 410891 MainThread [INFO]  Received executor task 88
2024-03-12 15:59:19.859 worker_log:737 410891 MainThread [INFO]  Completed executor task 88
2024-03-12 15:59:19.859 worker_log:748 410891 MainThread [INFO]  All processing finished for executor task 88
2024-03-12 15:59:30.088 worker_log:721 410891 MainThread [INFO]  Received executor task 126
2024-03-12 15:59:30.189 worker_log:737 410891 MainThread [INFO]  Completed executor task 126
2024-03-12 15:59:30.190 worker_log:748 410891 MainThread [INFO]  All processing finished for executor task 126
2024-03-12 15:59:34.375 worker_log:721 410891 MainThread [INFO]  Received executor task 140
2024-03-12 15:59:34.476 worker_log:737 410891 MainThread [INFO]  Completed executor task 140
2024-03-12 15:59:34.476 worker_log:748 410891 MainThread [INFO]  All processing finished for executor task 140
2024-03-12 15:59:36.515 worker_log:721 410891 MainThread [INFO]  Received executor task 147
2024-03-12 15:59:36.616 worker_log:737 410891 MainThread [INFO]  Completed executor task 147
2024-03-12 15:59:36.616 worker_log:748 410891 MainThread [INFO]  All processing finished for executor task 147
2024-03-12 16:00:35.614 worker_log:721 410891 MainThread [INFO]  Received executor task 200
2024-03-12 16:00:36.616 worker_log:737 410891 MainThread [INFO]  Completed executor task 200
2024-03-12 16:00:36.617 worker_log:748 410891 MainThread [INFO]  All processing finished for executor task 200
