2024-03-12 15:59:01.025 worker_log:636 410887 MainThread [INFO]  Worker 0 started
2024-03-12 15:59:01.025 worker_log:638 410887 MainThread [DEBUG]  Debug logging enabled
2024-03-12 15:59:03.233 worker_log:721 410887 MainThread [INFO]  Received executor task 7
2024-03-12 15:59:03.234 worker_log:737 410887 MainThread [INFO]  Completed executor task 7
2024-03-12 15:59:03.235 worker_log:748 410887 MainThread [INFO]  All processing finished for executor task 7
2024-03-12 15:59:05.409 worker_log:721 410887 MainThread [INFO]  Received executor task 18
2024-03-12 15:59:05.409 worker_log:737 410887 MainThread [INFO]  Completed executor task 18
2024-03-12 15:59:05.410 worker_log:748 410887 MainThread [INFO]  All processing finished for executor task 18
2024-03-12 15:59:07.399 worker_log:721 410887 MainThread [INFO]  Received executor task 28
2024-03-12 15:59:07.399 worker_log:737 410887 MainThread [INFO]  Completed executor task 28
2024-03-12 15:59:07.400 worker_log:748 410887 MainThread [INFO]  All processing finished for executor task 28
2024-03-12 15:59:13.466 worker_log:721 410887 MainThread [INFO]  Received executor task 58
2024-03-12 15:59:13.477 worker_log:737 410887 MainThread [INFO]  Completed executor task 58
2024-03-12 15:59:13.478 worker_log:748 410887 MainThread [INFO]  All processing finished for executor task 58
2024-03-12 15:59:15.627 worker_log:721 410887 MainThread [INFO]  Received executor task 68
2024-03-12 15:59:15.638 worker_log:737 410887 MainThread [INFO]  Completed executor task 68
2024-03-12 15:59:15.638 worker_log:748 410887 MainThread [INFO]  All processing finished for executor task 68
2024-03-12 15:59:21.794 worker_log:721 410887 MainThread [INFO]  Received executor task 97
2024-03-12 15:59:21.804 worker_log:737 410887 MainThread [INFO]  Completed executor task 97
2024-03-12 15:59:21.805 worker_log:748 410887 MainThread [INFO]  All processing finished for executor task 97
2024-03-12 15:59:23.965 worker_log:721 410887 MainThread [INFO]  Received executor task 106
2024-03-12 15:59:24.066 worker_log:737 410887 MainThread [INFO]  Completed executor task 106
2024-03-12 15:59:24.067 worker_log:748 410887 MainThread [INFO]  All processing finished for executor task 106
2024-03-12 15:59:28.250 worker_log:721 410887 MainThread [INFO]  Received executor task 120
2024-03-12 15:59:28.350 worker_log:737 410887 MainThread [INFO]  Completed executor task 120
2024-03-12 15:59:28.351 worker_log:748 410887 MainThread [INFO]  All processing finished for executor task 120
2024-03-12 15:59:32.538 worker_log:721 410887 MainThread [INFO]  Received executor task 134
2024-03-12 15:59:32.639 worker_log:737 410887 MainThread [INFO]  Completed executor task 134
2024-03-12 15:59:32.639 worker_log:748 410887 MainThread [INFO]  All processing finished for executor task 134
2024-03-12 15:59:36.820 worker_log:721 410887 MainThread [INFO]  Received executor task 148
2024-03-12 15:59:36.921 worker_log:737 410887 MainThread [INFO]  Completed executor task 148
2024-03-12 15:59:36.922 worker_log:748 410887 MainThread [INFO]  All processing finished for executor task 148
2024-03-12 15:59:43.970 worker_log:721 410887 MainThread [INFO]  Received executor task 157
2024-03-12 15:59:44.972 worker_log:737 410887 MainThread [INFO]  Completed executor task 157
2024-03-12 15:59:44.972 worker_log:748 410887 MainThread [INFO]  All processing finished for executor task 157
2024-03-12 16:00:13.984 worker_log:721 410887 MainThread [INFO]  Received executor task 182
2024-03-12 16:00:14.985 worker_log:737 410887 MainThread [INFO]  Completed executor task 182
2024-03-12 16:00:14.986 worker_log:748 410887 MainThread [INFO]  All processing finished for executor task 182
2024-03-12 16:00:31.993 worker_log:721 410887 MainThread [INFO]  Received executor task 197
2024-03-12 16:00:32.995 worker_log:737 410887 MainThread [INFO]  Completed executor task 197
2024-03-12 16:00:32.996 worker_log:748 410887 MainThread [INFO]  All processing finished for executor task 197
