2024-03-12 15:59:01.026 worker_log:636 410901 MainThread [INFO]  Worker 14 started
2024-03-12 15:59:01.026 worker_log:638 410901 MainThread [DEBUG]  Debug logging enabled
2024-03-12 15:59:04.995 worker_log:721 410901 MainThread [INFO]  Received executor task 16
2024-03-12 15:59:04.996 worker_log:737 410901 MainThread [INFO]  Completed executor task 16
2024-03-12 15:59:04.997 worker_log:748 410901 MainThread [INFO]  All processing finished for executor task 16
2024-03-12 15:59:06.988 worker_log:721 410901 MainThread [INFO]  Received executor task 26
2024-03-12 15:59:06.989 worker_log:737 410901 MainThread [INFO]  Completed executor task 26
2024-03-12 15:59:06.989 worker_log:748 410901 MainThread [INFO]  All processing finished for executor task 26
2024-03-12 15:59:08.988 worker_log:721 410901 MainThread [INFO]  Received executor task 36
2024-03-12 15:59:08.989 worker_log:737 410901 MainThread [INFO]  Completed executor task 36
2024-03-12 15:59:08.989 worker_log:748 410901 MainThread [INFO]  All processing finished for executor task 36
2024-03-12 15:59:10.988 worker_log:721 410901 MainThread [INFO]  Received executor task 46
2024-03-12 15:59:10.989 worker_log:737 410901 MainThread [INFO]  Completed executor task 46
2024-03-12 15:59:10.989 worker_log:748 410901 MainThread [INFO]  All processing finished for executor task 46
2024-03-12 15:59:12.815 worker_log:721 410901 MainThread [INFO]  Received executor task 55
2024-03-12 15:59:12.826 worker_log:737 410901 MainThread [INFO]  Completed executor task 55
2024-03-12 15:59:12.827 worker_log:748 410901 MainThread [INFO]  All processing finished for executor task 55
2024-03-12 15:59:16.825 worker_log:721 410901 MainThread [INFO]  Received executor task 74
2024-03-12 15:59:16.836 worker_log:737 410901 MainThread [INFO]  Completed executor task 74
2024-03-12 15:59:16.836 worker_log:748 410901 MainThread [INFO]  All processing finished for executor task 74
2024-03-12 15:59:20.927 worker_log:721 410901 MainThread [INFO]  Received executor task 93
2024-03-12 15:59:20.938 worker_log:737 410901 MainThread [INFO]  Completed executor task 93
2024-03-12 15:59:20.938 worker_log:748 410901 MainThread [INFO]  All processing finished for executor task 93
2024-03-12 15:59:22.827 worker_log:721 410901 MainThread [INFO]  Received executor task 102
2024-03-12 15:59:22.928 worker_log:737 410901 MainThread [INFO]  Completed executor task 102
2024-03-12 15:59:22.929 worker_log:748 410901 MainThread [INFO]  All processing finished for executor task 102
2024-03-12 15:59:25.189 worker_log:721 410901 MainThread [INFO]  Received executor task 110
2024-03-12 15:59:25.290 worker_log:737 410901 MainThread [INFO]  Completed executor task 110
2024-03-12 15:59:25.290 worker_log:748 410901 MainThread [INFO]  All processing finished for executor task 110
