2024-03-12 15:59:01.027 worker_log:636 410900 MainThread [INFO]  Worker 13 started
2024-03-12 15:59:01.027 worker_log:638 410900 MainThread [DEBUG]  Debug logging enabled
2024-03-12 15:59:05.203 worker_log:721 410900 MainThread [INFO]  Received executor task 17
2024-03-12 15:59:05.204 worker_log:737 410900 MainThread [INFO]  Completed executor task 17
2024-03-12 15:59:05.205 worker_log:748 410900 MainThread [INFO]  All processing finished for executor task 17
2024-03-12 15:59:25.495 worker_log:721 410900 MainThread [INFO]  Received executor task 111
2024-03-12 15:59:25.596 worker_log:737 410900 MainThread [INFO]  Completed executor task 111
2024-03-12 15:59:25.596 worker_log:748 410900 MainThread [INFO]  All processing finished for executor task 111
2024-03-12 15:59:29.783 worker_log:721 410900 MainThread [INFO]  Received executor task 125
2024-03-12 15:59:29.884 worker_log:737 410900 MainThread [INFO]  Completed executor task 125
2024-03-12 15:59:29.884 worker_log:748 410900 MainThread [INFO]  All processing finished for executor task 125
2024-03-12 15:59:34.070 worker_log:721 410900 MainThread [INFO]  Received executor task 139
2024-03-12 15:59:34.170 worker_log:737 410900 MainThread [INFO]  Completed executor task 139
2024-03-12 15:59:34.171 worker_log:748 410900 MainThread [INFO]  All processing finished for executor task 139
2024-03-12 15:59:51.179 worker_log:721 410900 MainThread [INFO]  Received executor task 163
2024-03-12 15:59:52.181 worker_log:737 410900 MainThread [INFO]  Completed executor task 163
2024-03-12 15:59:52.182 worker_log:748 410900 MainThread [INFO]  All processing finished for executor task 163
2024-03-12 16:00:21.195 worker_log:721 410900 MainThread [INFO]  Received executor task 188
2024-03-12 16:00:22.196 worker_log:737 410900 MainThread [INFO]  Completed executor task 188
2024-03-12 16:00:22.197 worker_log:748 410900 MainThread [INFO]  All processing finished for executor task 188
