2024-03-12 16:20:08.862 worker_log:592 419282 MainThread [INFO]  Worker 2 started
2024-03-12 16:20:08.862 worker_log:594 419282 MainThread [DEBUG]  Debug logging enabled
2024-03-12 16:20:14.833 worker_log:677 419282 MainThread [INFO]  Received executor task 25
2024-03-12 16:20:14.836 worker_log:693 419282 MainThread [INFO]  Completed executor task 25
2024-03-12 16:20:14.837 worker_log:704 419282 MainThread [INFO]  All processing finished for executor task 25
2024-03-12 16:20:16.696 worker_log:677 419282 MainThread [INFO]  Received executor task 34
2024-03-12 16:20:16.698 worker_log:693 419282 MainThread [INFO]  Completed executor task 34
2024-03-12 16:20:16.699 worker_log:704 419282 MainThread [INFO]  All processing finished for executor task 34
2024-03-12 16:20:18.560 worker_log:677 419282 MainThread [INFO]  Received executor task 43
2024-03-12 16:20:18.562 worker_log:693 419282 MainThread [INFO]  Completed executor task 43
2024-03-12 16:20:18.563 worker_log:704 419282 MainThread [INFO]  All processing finished for executor task 43
2024-03-12 16:20:22.587 worker_log:677 419282 MainThread [INFO]  Received executor task 62
2024-03-12 16:20:22.600 worker_log:693 419282 MainThread [INFO]  Completed executor task 62
2024-03-12 16:20:22.600 worker_log:704 419282 MainThread [INFO]  All processing finished for executor task 62
2024-03-12 16:20:26.711 worker_log:677 419282 MainThread [INFO]  Received executor task 81
2024-03-12 16:20:26.723 worker_log:693 419282 MainThread [INFO]  Completed executor task 81
2024-03-12 16:20:26.724 worker_log:704 419282 MainThread [INFO]  All processing finished for executor task 81
2024-03-12 16:20:30.821 worker_log:677 419282 MainThread [INFO]  Received executor task 100
2024-03-12 16:20:30.834 worker_log:693 419282 MainThread [INFO]  Completed executor task 100
2024-03-12 16:20:30.834 worker_log:704 419282 MainThread [INFO]  All processing finished for executor task 100
2024-03-12 16:20:33.091 worker_log:677 419282 MainThread [INFO]  Received executor task 108
2024-03-12 16:20:33.195 worker_log:693 419282 MainThread [INFO]  Completed executor task 108
2024-03-12 16:20:33.195 worker_log:704 419282 MainThread [INFO]  All processing finished for executor task 108
2024-03-12 16:20:41.407 worker_log:677 419282 MainThread [INFO]  Received executor task 135
2024-03-12 16:20:41.510 worker_log:693 419282 MainThread [INFO]  Completed executor task 135
2024-03-12 16:20:41.511 worker_log:704 419282 MainThread [INFO]  All processing finished for executor task 135
2024-03-12 16:20:45.714 worker_log:677 419282 MainThread [INFO]  Received executor task 149
2024-03-12 16:20:45.816 worker_log:693 419282 MainThread [INFO]  Completed executor task 149
2024-03-12 16:20:45.817 worker_log:704 419282 MainThread [INFO]  All processing finished for executor task 149
2024-03-12 16:20:55.002 worker_log:677 419282 MainThread [INFO]  Received executor task 159
2024-03-12 16:20:56.006 worker_log:693 419282 MainThread [INFO]  Completed executor task 159
2024-03-12 16:20:56.007 worker_log:704 419282 MainThread [INFO]  All processing finished for executor task 159
2024-03-12 16:21:06.987 worker_log:677 419282 MainThread [INFO]  Received executor task 169
2024-03-12 16:21:07.990 worker_log:693 419282 MainThread [INFO]  Completed executor task 169
2024-03-12 16:21:07.991 worker_log:704 419282 MainThread [INFO]  All processing finished for executor task 169
2024-03-12 16:21:27.032 worker_log:677 419282 MainThread [INFO]  Received executor task 186
2024-03-12 16:21:28.036 worker_log:693 419282 MainThread [INFO]  Completed executor task 186
2024-03-12 16:21:28.037 worker_log:704 419282 MainThread [INFO]  All processing finished for executor task 186
2024-03-12 16:21:41.030 worker_log:677 419282 MainThread [INFO]  Received executor task 198
2024-03-12 16:21:42.034 worker_log:693 419282 MainThread [INFO]  Completed executor task 198
2024-03-12 16:21:42.034 worker_log:704 419282 MainThread [INFO]  All processing finished for executor task 198
