2024-03-12 16:20:08.977 worker_log:592 419320 MainThread [INFO]  Worker 40 started
2024-03-12 16:20:08.977 worker_log:594 419320 MainThread [DEBUG]  Debug logging enabled
2024-03-12 16:20:13.179 worker_log:677 419320 MainThread [INFO]  Received executor task 17
2024-03-12 16:20:13.182 worker_log:693 419320 MainThread [INFO]  Completed executor task 17
2024-03-12 16:20:13.183 worker_log:704 419320 MainThread [INFO]  All processing finished for executor task 17
2024-03-12 16:20:17.323 worker_log:677 419320 MainThread [INFO]  Received executor task 37
2024-03-12 16:20:17.325 worker_log:693 419320 MainThread [INFO]  Completed executor task 37
2024-03-12 16:20:17.326 worker_log:704 419320 MainThread [INFO]  All processing finished for executor task 37
2024-03-12 16:20:29.513 worker_log:677 419320 MainThread [INFO]  Received executor task 94
2024-03-12 16:20:29.526 worker_log:693 419320 MainThread [INFO]  Completed executor task 94
2024-03-12 16:20:29.526 worker_log:704 419320 MainThread [INFO]  All processing finished for executor task 94
2024-03-12 16:21:04.570 worker_log:677 419320 MainThread [INFO]  Received executor task 167
2024-03-12 16:21:05.574 worker_log:693 419320 MainThread [INFO]  Completed executor task 167
2024-03-12 16:21:05.575 worker_log:704 419320 MainThread [INFO]  All processing finished for executor task 167
2024-03-12 16:21:10.514 worker_log:677 419320 MainThread [INFO]  Received executor task 172
2024-03-12 16:21:11.518 worker_log:693 419320 MainThread [INFO]  Completed executor task 172
2024-03-12 16:21:11.518 worker_log:704 419320 MainThread [INFO]  All processing finished for executor task 172
2024-03-12 16:21:18.671 worker_log:677 419320 MainThread [INFO]  Received executor task 179
2024-03-12 16:21:19.674 worker_log:693 419320 MainThread [INFO]  Completed executor task 179
2024-03-12 16:21:19.675 worker_log:704 419320 MainThread [INFO]  All processing finished for executor task 179
