2024-03-12 16:20:08.909 worker_log:592 419327 MainThread [INFO]  Worker 47 started
2024-03-12 16:20:08.909 worker_log:594 419327 MainThread [DEBUG]  Debug logging enabled
2024-03-12 16:20:17.114 worker_log:677 419327 MainThread [INFO]  Received executor task 36
2024-03-12 16:20:17.118 worker_log:693 419327 MainThread [INFO]  Completed executor task 36
2024-03-12 16:20:17.119 worker_log:704 419327 MainThread [INFO]  All processing finished for executor task 36
2024-03-12 16:20:33.400 worker_log:677 419327 MainThread [INFO]  Received executor task 109
2024-03-12 16:20:33.503 worker_log:693 419327 MainThread [INFO]  Completed executor task 109
2024-03-12 16:20:33.504 worker_log:704 419327 MainThread [INFO]  All processing finished for executor task 109
2024-03-12 16:20:37.712 worker_log:677 419327 MainThread [INFO]  Received executor task 123
2024-03-12 16:20:37.815 worker_log:693 419327 MainThread [INFO]  Completed executor task 123
2024-03-12 16:20:37.815 worker_log:704 419327 MainThread [INFO]  All processing finished for executor task 123
2024-03-12 16:20:43.868 worker_log:677 419327 MainThread [INFO]  Received executor task 143
2024-03-12 16:20:43.971 worker_log:693 419327 MainThread [INFO]  Completed executor task 143
2024-03-12 16:20:43.971 worker_log:704 419327 MainThread [INFO]  All processing finished for executor task 143
2024-03-12 16:21:20.988 worker_log:677 419327 MainThread [INFO]  Received executor task 181
2024-03-12 16:21:21.992 worker_log:693 419327 MainThread [INFO]  Completed executor task 181
2024-03-12 16:21:21.993 worker_log:704 419327 MainThread [INFO]  All processing finished for executor task 181
2024-03-12 16:21:32.973 worker_log:677 419327 MainThread [INFO]  Received executor task 191
2024-03-12 16:21:33.977 worker_log:693 419327 MainThread [INFO]  Completed executor task 191
2024-03-12 16:21:33.977 worker_log:704 419327 MainThread [INFO]  All processing finished for executor task 191
