2024-03-12 16:20:08.837 worker_log:592 419285 MainThread [INFO]  Worker 5 started
2024-03-12 16:20:08.837 worker_log:594 419285 MainThread [DEBUG]  Debug logging enabled
2024-03-12 16:20:10.049 worker_log:677 419285 MainThread [INFO]  Received executor task 2
2024-03-12 16:20:10.052 worker_log:693 419285 MainThread [INFO]  Completed executor task 2
2024-03-12 16:20:10.053 worker_log:704 419285 MainThread [INFO]  All processing finished for executor task 2
2024-03-12 16:20:11.513 worker_log:677 419285 MainThread [INFO]  Received executor task 9
2024-03-12 16:20:11.515 worker_log:693 419285 MainThread [INFO]  Completed executor task 9
2024-03-12 16:20:11.516 worker_log:704 419285 MainThread [INFO]  All processing finished for executor task 9
2024-03-12 16:20:19.599 worker_log:677 419285 MainThread [INFO]  Received executor task 48
2024-03-12 16:20:19.601 worker_log:693 419285 MainThread [INFO]  Completed executor task 48
2024-03-12 16:20:19.601 worker_log:704 419285 MainThread [INFO]  All processing finished for executor task 48
2024-03-12 16:20:21.730 worker_log:677 419285 MainThread [INFO]  Received executor task 58
2024-03-12 16:20:21.744 worker_log:693 419285 MainThread [INFO]  Completed executor task 58
2024-03-12 16:20:21.744 worker_log:704 419285 MainThread [INFO]  All processing finished for executor task 58
2024-03-12 16:20:23.894 worker_log:677 419285 MainThread [INFO]  Received executor task 68
2024-03-12 16:20:23.906 worker_log:693 419285 MainThread [INFO]  Completed executor task 68
2024-03-12 16:20:23.907 worker_log:704 419285 MainThread [INFO]  All processing finished for executor task 68
2024-03-12 16:20:26.058 worker_log:677 419285 MainThread [INFO]  Received executor task 78
2024-03-12 16:20:26.071 worker_log:693 419285 MainThread [INFO]  Completed executor task 78
2024-03-12 16:20:26.071 worker_log:704 419285 MainThread [INFO]  All processing finished for executor task 78
2024-03-12 16:20:28.220 worker_log:677 419285 MainThread [INFO]  Received executor task 88
2024-03-12 16:20:28.232 worker_log:693 419285 MainThread [INFO]  Completed executor task 88
2024-03-12 16:20:28.233 worker_log:704 419285 MainThread [INFO]  All processing finished for executor task 88
2024-03-12 16:20:30.387 worker_log:677 419285 MainThread [INFO]  Received executor task 98
2024-03-12 16:20:30.399 worker_log:693 419285 MainThread [INFO]  Completed executor task 98
2024-03-12 16:20:30.400 worker_log:704 419285 MainThread [INFO]  All processing finished for executor task 98
2024-03-12 16:20:34.630 worker_log:677 419285 MainThread [INFO]  Received executor task 113
2024-03-12 16:20:34.734 worker_log:693 419285 MainThread [INFO]  Completed executor task 113
2024-03-12 16:20:34.734 worker_log:704 419285 MainThread [INFO]  All processing finished for executor task 113
2024-03-12 16:20:38.942 worker_log:677 419285 MainThread [INFO]  Received executor task 127
2024-03-12 16:20:39.045 worker_log:693 419285 MainThread [INFO]  Completed executor task 127
2024-03-12 16:20:39.045 worker_log:704 419285 MainThread [INFO]  All processing finished for executor task 127
2024-03-12 16:21:02.254 worker_log:677 419285 MainThread [INFO]  Received executor task 165
2024-03-12 16:21:03.258 worker_log:693 419285 MainThread [INFO]  Completed executor task 165
2024-03-12 16:21:03.259 worker_log:704 419285 MainThread [INFO]  All processing finished for executor task 165
