2024-03-12 16:20:08.846 worker_log:592 419284 MainThread [INFO]  Worker 4 started
2024-03-12 16:20:08.846 worker_log:594 419284 MainThread [DEBUG]  Debug logging enabled
2024-03-12 16:20:10.677 worker_log:677 419284 MainThread [INFO]  Received executor task 5
2024-03-12 16:20:10.681 worker_log:693 419284 MainThread [INFO]  Completed executor task 5
2024-03-12 16:20:10.682 worker_log:704 419284 MainThread [INFO]  All processing finished for executor task 5
2024-03-12 16:20:12.130 worker_log:677 419284 MainThread [INFO]  Received executor task 12
2024-03-12 16:20:12.132 worker_log:693 419284 MainThread [INFO]  Completed executor task 12
2024-03-12 16:20:12.133 worker_log:704 419284 MainThread [INFO]  All processing finished for executor task 12
2024-03-12 16:20:14.009 worker_log:677 419284 MainThread [INFO]  Received executor task 21
2024-03-12 16:20:14.011 worker_log:693 419284 MainThread [INFO]  Completed executor task 21
2024-03-12 16:20:14.011 worker_log:704 419284 MainThread [INFO]  All processing finished for executor task 21
2024-03-12 16:20:15.873 worker_log:677 419284 MainThread [INFO]  Received executor task 30
2024-03-12 16:20:15.875 worker_log:693 419284 MainThread [INFO]  Completed executor task 30
2024-03-12 16:20:15.875 worker_log:704 419284 MainThread [INFO]  All processing finished for executor task 30
2024-03-12 16:20:17.944 worker_log:677 419284 MainThread [INFO]  Received executor task 40
2024-03-12 16:20:17.946 worker_log:693 419284 MainThread [INFO]  Completed executor task 40
2024-03-12 16:20:17.946 worker_log:704 419284 MainThread [INFO]  All processing finished for executor task 40
2024-03-12 16:20:21.948 worker_log:677 419284 MainThread [INFO]  Received executor task 59
2024-03-12 16:20:21.961 worker_log:693 419284 MainThread [INFO]  Completed executor task 59
2024-03-12 16:20:21.962 worker_log:704 419284 MainThread [INFO]  All processing finished for executor task 59
2024-03-12 16:20:24.111 worker_log:677 419284 MainThread [INFO]  Received executor task 69
2024-03-12 16:20:24.123 worker_log:693 419284 MainThread [INFO]  Completed executor task 69
2024-03-12 16:20:24.124 worker_log:704 419284 MainThread [INFO]  All processing finished for executor task 69
2024-03-12 16:20:26.276 worker_log:677 419284 MainThread [INFO]  Received executor task 79
2024-03-12 16:20:26.288 worker_log:693 419284 MainThread [INFO]  Completed executor task 79
2024-03-12 16:20:26.289 worker_log:704 419284 MainThread [INFO]  All processing finished for executor task 79
2024-03-12 16:20:28.437 worker_log:677 419284 MainThread [INFO]  Received executor task 89
2024-03-12 16:20:28.450 worker_log:693 419284 MainThread [INFO]  Completed executor task 89
2024-03-12 16:20:28.450 worker_log:704 419284 MainThread [INFO]  All processing finished for executor task 89
2024-03-12 16:20:46.329 worker_log:677 419284 MainThread [INFO]  Received executor task 151
2024-03-12 16:20:46.432 worker_log:693 419284 MainThread [INFO]  Completed executor task 151
2024-03-12 16:20:46.433 worker_log:704 419284 MainThread [INFO]  All processing finished for executor task 151
2024-03-12 16:21:43.448 worker_log:677 419284 MainThread [INFO]  Received executor task 200
2024-03-12 16:21:44.452 worker_log:693 419284 MainThread [INFO]  Completed executor task 200
2024-03-12 16:21:44.453 worker_log:704 419284 MainThread [INFO]  All processing finished for executor task 200
