2024-03-12 16:20:08.837 worker_log:592 419287 MainThread [INFO]  Worker 7 started
2024-03-12 16:20:08.837 worker_log:594 419287 MainThread [DEBUG]  Debug logging enabled
2024-03-12 16:20:08.838 worker_log:677 419287 MainThread [INFO]  Received executor task 1
2024-03-12 16:20:09.842 worker_log:693 419287 MainThread [INFO]  Completed executor task 1
2024-03-12 16:20:09.843 worker_log:704 419287 MainThread [INFO]  All processing finished for executor task 1
2024-03-12 16:20:11.306 worker_log:677 419287 MainThread [INFO]  Received executor task 8
2024-03-12 16:20:11.309 worker_log:693 419287 MainThread [INFO]  Completed executor task 8
2024-03-12 16:20:11.309 worker_log:704 419287 MainThread [INFO]  All processing finished for executor task 8
2024-03-12 16:20:13.388 worker_log:677 419287 MainThread [INFO]  Received executor task 18
2024-03-12 16:20:13.390 worker_log:693 419287 MainThread [INFO]  Completed executor task 18
2024-03-12 16:20:13.390 worker_log:704 419287 MainThread [INFO]  All processing finished for executor task 18
2024-03-12 16:20:15.459 worker_log:677 419287 MainThread [INFO]  Received executor task 28
2024-03-12 16:20:15.461 worker_log:693 419287 MainThread [INFO]  Completed executor task 28
2024-03-12 16:20:15.462 worker_log:704 419287 MainThread [INFO]  All processing finished for executor task 28
2024-03-12 16:20:17.530 worker_log:677 419287 MainThread [INFO]  Received executor task 38
2024-03-12 16:20:17.532 worker_log:693 419287 MainThread [INFO]  Completed executor task 38
2024-03-12 16:20:17.533 worker_log:704 419287 MainThread [INFO]  All processing finished for executor task 38
2024-03-12 16:20:29.731 worker_log:677 419287 MainThread [INFO]  Received executor task 95
2024-03-12 16:20:29.745 worker_log:693 419287 MainThread [INFO]  Completed executor task 95
2024-03-12 16:20:29.745 worker_log:704 419287 MainThread [INFO]  All processing finished for executor task 95
2024-03-12 16:20:35.865 worker_log:677 419287 MainThread [INFO]  Received executor task 117
2024-03-12 16:20:35.969 worker_log:693 419287 MainThread [INFO]  Completed executor task 117
2024-03-12 16:20:35.969 worker_log:704 419287 MainThread [INFO]  All processing finished for executor task 117
2024-03-12 16:20:38.020 worker_log:677 419287 MainThread [INFO]  Received executor task 124
2024-03-12 16:20:38.122 worker_log:693 419287 MainThread [INFO]  Completed executor task 124
2024-03-12 16:20:38.123 worker_log:704 419287 MainThread [INFO]  All processing finished for executor task 124
2024-03-12 16:20:42.329 worker_log:677 419287 MainThread [INFO]  Received executor task 138
2024-03-12 16:20:42.432 worker_log:693 419287 MainThread [INFO]  Completed executor task 138
2024-03-12 16:20:42.432 worker_log:704 419287 MainThread [INFO]  All processing finished for executor task 138
2024-03-12 16:20:44.483 worker_log:677 419287 MainThread [INFO]  Received executor task 145
2024-03-12 16:20:44.586 worker_log:693 419287 MainThread [INFO]  Completed executor task 145
2024-03-12 16:20:44.587 worker_log:704 419287 MainThread [INFO]  All processing finished for executor task 145
2024-03-12 16:20:53.793 worker_log:677 419287 MainThread [INFO]  Received executor task 158
2024-03-12 16:20:54.797 worker_log:693 419287 MainThread [INFO]  Completed executor task 158
2024-03-12 16:20:54.797 worker_log:704 419287 MainThread [INFO]  All processing finished for executor task 158
2024-03-12 16:20:59.837 worker_log:677 419287 MainThread [INFO]  Received executor task 163
2024-03-12 16:21:00.840 worker_log:693 419287 MainThread [INFO]  Completed executor task 163
2024-03-12 16:21:00.841 worker_log:704 419287 MainThread [INFO]  All processing finished for executor task 163
2024-03-12 16:21:05.779 worker_log:677 419287 MainThread [INFO]  Received executor task 168
2024-03-12 16:21:06.782 worker_log:693 419287 MainThread [INFO]  Completed executor task 168
2024-03-12 16:21:06.783 worker_log:704 419287 MainThread [INFO]  All processing finished for executor task 168
2024-03-12 16:21:11.622 worker_log:677 419287 MainThread [INFO]  Received executor task 173
2024-03-12 16:21:12.625 worker_log:693 419287 MainThread [INFO]  Completed executor task 173
2024-03-12 16:21:12.625 worker_log:704 419287 MainThread [INFO]  All processing finished for executor task 173
2024-03-12 16:21:25.824 worker_log:677 419287 MainThread [INFO]  Received executor task 185
2024-03-12 16:21:26.827 worker_log:693 419287 MainThread [INFO]  Completed executor task 185
2024-03-12 16:21:26.828 worker_log:704 419287 MainThread [INFO]  All processing finished for executor task 185
