2024-03-12 16:20:08.984 worker_log:592 419317 MainThread [INFO]  Worker 37 started
2024-03-12 16:20:08.985 worker_log:594 419317 MainThread [DEBUG]  Debug logging enabled
2024-03-12 16:20:19.185 worker_log:677 419317 MainThread [INFO]  Received executor task 46
2024-03-12 16:20:19.187 worker_log:693 419317 MainThread [INFO]  Completed executor task 46
2024-03-12 16:20:19.187 worker_log:704 419317 MainThread [INFO]  All processing finished for executor task 46
2024-03-12 16:20:21.295 worker_log:677 419317 MainThread [INFO]  Received executor task 56
2024-03-12 16:20:21.307 worker_log:693 419317 MainThread [INFO]  Completed executor task 56
2024-03-12 16:20:21.307 worker_log:704 419317 MainThread [INFO]  All processing finished for executor task 56
2024-03-12 16:20:23.460 worker_log:677 419317 MainThread [INFO]  Received executor task 66
2024-03-12 16:20:23.472 worker_log:693 419317 MainThread [INFO]  Completed executor task 66
2024-03-12 16:20:23.473 worker_log:704 419317 MainThread [INFO]  All processing finished for executor task 66
2024-03-12 16:20:25.623 worker_log:677 419317 MainThread [INFO]  Received executor task 76
2024-03-12 16:20:25.636 worker_log:693 419317 MainThread [INFO]  Completed executor task 76
2024-03-12 16:20:25.636 worker_log:704 419317 MainThread [INFO]  All processing finished for executor task 76
2024-03-12 16:20:27.785 worker_log:677 419317 MainThread [INFO]  Received executor task 86
2024-03-12 16:20:27.797 worker_log:693 419317 MainThread [INFO]  Completed executor task 86
2024-03-12 16:20:27.798 worker_log:704 419317 MainThread [INFO]  All processing finished for executor task 86
2024-03-12 16:20:34.015 worker_log:677 419317 MainThread [INFO]  Received executor task 111
2024-03-12 16:20:34.117 worker_log:693 419317 MainThread [INFO]  Completed executor task 111
2024-03-12 16:20:34.118 worker_log:704 419317 MainThread [INFO]  All processing finished for executor task 111
2024-03-12 16:20:38.327 worker_log:677 419317 MainThread [INFO]  Received executor task 125
2024-03-12 16:20:38.429 worker_log:693 419317 MainThread [INFO]  Completed executor task 125
2024-03-12 16:20:38.430 worker_log:704 419317 MainThread [INFO]  All processing finished for executor task 125
2024-03-12 16:20:42.637 worker_log:677 419317 MainThread [INFO]  Received executor task 139
2024-03-12 16:20:42.739 worker_log:693 419317 MainThread [INFO]  Completed executor task 139
2024-03-12 16:20:42.740 worker_log:704 419317 MainThread [INFO]  All processing finished for executor task 139
2024-03-12 16:20:44.791 worker_log:677 419317 MainThread [INFO]  Received executor task 146
2024-03-12 16:20:44.894 worker_log:693 419317 MainThread [INFO]  Completed executor task 146
2024-03-12 16:20:44.894 worker_log:704 419317 MainThread [INFO]  All processing finished for executor task 146
2024-03-12 16:20:47.846 worker_log:677 419317 MainThread [INFO]  Received executor task 153
2024-03-12 16:20:48.850 worker_log:693 419317 MainThread [INFO]  Completed executor task 153
2024-03-12 16:20:48.851 worker_log:704 419317 MainThread [INFO]  All processing finished for executor task 153
2024-03-12 16:21:13.937 worker_log:677 419317 MainThread [INFO]  Received executor task 175
2024-03-12 16:21:14.940 worker_log:693 419317 MainThread [INFO]  Completed executor task 175
2024-03-12 16:21:14.941 worker_log:704 419317 MainThread [INFO]  All processing finished for executor task 175
