2024-03-12 16:20:08.882 worker_log:592 419299 MainThread [INFO]  Worker 19 started
2024-03-12 16:20:08.882 worker_log:594 419299 MainThread [DEBUG]  Debug logging enabled
2024-03-12 16:20:16.904 worker_log:677 419299 MainThread [INFO]  Received executor task 35
2024-03-12 16:20:16.908 worker_log:693 419299 MainThread [INFO]  Completed executor task 35
2024-03-12 16:20:16.909 worker_log:704 419299 MainThread [INFO]  All processing finished for executor task 35
2024-03-12 16:20:21.077 worker_log:677 419299 MainThread [INFO]  Received executor task 55
2024-03-12 16:20:21.090 worker_log:693 419299 MainThread [INFO]  Completed executor task 55
2024-03-12 16:20:21.091 worker_log:704 419299 MainThread [INFO]  All processing finished for executor task 55
2024-03-12 16:20:29.295 worker_log:677 419299 MainThread [INFO]  Received executor task 93
2024-03-12 16:20:29.308 worker_log:693 419299 MainThread [INFO]  Completed executor task 93
2024-03-12 16:20:29.308 worker_log:704 419299 MainThread [INFO]  All processing finished for executor task 93
2024-03-12 16:20:31.550 worker_log:677 419299 MainThread [INFO]  Received executor task 103
2024-03-12 16:20:31.653 worker_log:693 419299 MainThread [INFO]  Completed executor task 103
2024-03-12 16:20:31.654 worker_log:704 419299 MainThread [INFO]  All processing finished for executor task 103
2024-03-12 16:20:33.708 worker_log:677 419299 MainThread [INFO]  Received executor task 110
2024-03-12 16:20:33.811 worker_log:693 419299 MainThread [INFO]  Completed executor task 110
2024-03-12 16:20:33.811 worker_log:704 419299 MainThread [INFO]  All processing finished for executor task 110
2024-03-12 16:20:42.022 worker_log:677 419299 MainThread [INFO]  Received executor task 137
2024-03-12 16:20:42.125 worker_log:693 419299 MainThread [INFO]  Completed executor task 137
2024-03-12 16:20:42.125 worker_log:704 419299 MainThread [INFO]  All processing finished for executor task 137
2024-03-12 16:20:44.176 worker_log:677 419299 MainThread [INFO]  Received executor task 144
2024-03-12 16:20:44.279 worker_log:693 419299 MainThread [INFO]  Completed executor task 144
2024-03-12 16:20:44.279 worker_log:704 419299 MainThread [INFO]  All processing finished for executor task 144
2024-03-12 16:20:57.420 worker_log:677 419299 MainThread [INFO]  Received executor task 161
2024-03-12 16:20:58.424 worker_log:693 419299 MainThread [INFO]  Completed executor task 161
2024-03-12 16:20:58.425 worker_log:704 419299 MainThread [INFO]  All processing finished for executor task 161
2024-03-12 16:21:09.406 worker_log:677 419299 MainThread [INFO]  Received executor task 171
2024-03-12 16:21:10.410 worker_log:693 419299 MainThread [INFO]  Completed executor task 171
2024-03-12 16:21:10.411 worker_log:704 419299 MainThread [INFO]  All processing finished for executor task 171
2024-03-12 16:21:17.462 worker_log:677 419299 MainThread [INFO]  Received executor task 178
2024-03-12 16:21:18.466 worker_log:693 419299 MainThread [INFO]  Completed executor task 178
2024-03-12 16:21:18.466 worker_log:704 419299 MainThread [INFO]  All processing finished for executor task 178
2024-03-12 16:21:23.408 worker_log:677 419299 MainThread [INFO]  Received executor task 183
2024-03-12 16:21:24.411 worker_log:693 419299 MainThread [INFO]  Completed executor task 183
2024-03-12 16:21:24.412 worker_log:704 419299 MainThread [INFO]  All processing finished for executor task 183
2024-03-12 16:21:37.505 worker_log:677 419299 MainThread [INFO]  Received executor task 195
2024-03-12 16:21:38.508 worker_log:693 419299 MainThread [INFO]  Completed executor task 195
2024-03-12 16:21:38.509 worker_log:704 419299 MainThread [INFO]  All processing finished for executor task 195
