2024-03-12 16:20:08.862 worker_log:592 419283 MainThread [INFO]  Worker 3 started
2024-03-12 16:20:08.862 worker_log:594 419283 MainThread [DEBUG]  Debug logging enabled
2024-03-12 16:20:10.887 worker_log:677 419283 MainThread [INFO]  Received executor task 6
2024-03-12 16:20:10.890 worker_log:693 419283 MainThread [INFO]  Completed executor task 6
2024-03-12 16:20:10.891 worker_log:704 419283 MainThread [INFO]  All processing finished for executor task 6
2024-03-12 16:20:18.767 worker_log:677 419283 MainThread [INFO]  Received executor task 44
2024-03-12 16:20:18.769 worker_log:693 419283 MainThread [INFO]  Completed executor task 44
2024-03-12 16:20:18.770 worker_log:704 419283 MainThread [INFO]  All processing finished for executor task 44
2024-03-12 16:20:20.639 worker_log:677 419283 MainThread [INFO]  Received executor task 53
2024-03-12 16:20:20.652 worker_log:693 419283 MainThread [INFO]  Completed executor task 53
2024-03-12 16:20:20.653 worker_log:704 419283 MainThread [INFO]  All processing finished for executor task 53
2024-03-12 16:20:24.749 worker_log:677 419283 MainThread [INFO]  Received executor task 72
2024-03-12 16:20:24.761 worker_log:693 419283 MainThread [INFO]  Completed executor task 72
2024-03-12 16:20:24.762 worker_log:704 419283 MainThread [INFO]  All processing finished for executor task 72
2024-03-12 16:20:28.872 worker_log:677 419283 MainThread [INFO]  Received executor task 91
2024-03-12 16:20:28.885 worker_log:693 419283 MainThread [INFO]  Completed executor task 91
2024-03-12 16:20:28.885 worker_log:704 419283 MainThread [INFO]  All processing finished for executor task 91
2024-03-12 16:20:41.099 worker_log:677 419283 MainThread [INFO]  Received executor task 134
2024-03-12 16:20:41.202 worker_log:693 419283 MainThread [INFO]  Completed executor task 134
2024-03-12 16:20:41.203 worker_log:704 419283 MainThread [INFO]  All processing finished for executor task 134
