2024-03-12 16:20:08.855 worker_log:592 419294 MainThread [INFO]  Worker 14 started
2024-03-12 16:20:08.855 worker_log:594 419294 MainThread [DEBUG]  Debug logging enabled
2024-03-12 16:20:12.758 worker_log:677 419294 MainThread [INFO]  Received executor task 15
2024-03-12 16:20:12.762 worker_log:693 419294 MainThread [INFO]  Completed executor task 15
2024-03-12 16:20:12.763 worker_log:704 419294 MainThread [INFO]  All processing finished for executor task 15
2024-03-12 16:20:14.625 worker_log:677 419294 MainThread [INFO]  Received executor task 24
2024-03-12 16:20:14.627 worker_log:693 419294 MainThread [INFO]  Completed executor task 24
2024-03-12 16:20:14.627 worker_log:704 419294 MainThread [INFO]  All processing finished for executor task 24
2024-03-12 16:20:16.489 worker_log:677 419294 MainThread [INFO]  Received executor task 33
2024-03-12 16:20:16.491 worker_log:693 419294 MainThread [INFO]  Completed executor task 33
2024-03-12 16:20:16.492 worker_log:704 419294 MainThread [INFO]  All processing finished for executor task 33
2024-03-12 16:20:18.353 worker_log:677 419294 MainThread [INFO]  Received executor task 42
2024-03-12 16:20:18.355 worker_log:693 419294 MainThread [INFO]  Completed executor task 42
2024-03-12 16:20:18.356 worker_log:704 419294 MainThread [INFO]  All processing finished for executor task 42
2024-03-12 16:20:20.421 worker_log:677 419294 MainThread [INFO]  Received executor task 52
2024-03-12 16:20:20.434 worker_log:693 419294 MainThread [INFO]  Completed executor task 52
2024-03-12 16:20:20.435 worker_log:704 419294 MainThread [INFO]  All processing finished for executor task 52
2024-03-12 16:20:22.384 worker_log:677 419294 MainThread [INFO]  Received executor task 61
2024-03-12 16:20:22.396 worker_log:693 419294 MainThread [INFO]  Completed executor task 61
2024-03-12 16:20:22.397 worker_log:704 419294 MainThread [INFO]  All processing finished for executor task 61
2024-03-12 16:20:24.546 worker_log:677 419294 MainThread [INFO]  Received executor task 71
2024-03-12 16:20:24.558 worker_log:693 419294 MainThread [INFO]  Completed executor task 71
2024-03-12 16:20:24.559 worker_log:704 419294 MainThread [INFO]  All processing finished for executor task 71
2024-03-12 16:20:28.655 worker_log:677 419294 MainThread [INFO]  Received executor task 90
2024-03-12 16:20:28.667 worker_log:693 419294 MainThread [INFO]  Completed executor task 90
2024-03-12 16:20:28.668 worker_log:704 419294 MainThread [INFO]  All processing finished for executor task 90
2024-03-12 16:20:34.939 worker_log:677 419294 MainThread [INFO]  Received executor task 114
2024-03-12 16:20:35.042 worker_log:693 419294 MainThread [INFO]  Completed executor task 114
2024-03-12 16:20:35.043 worker_log:704 419294 MainThread [INFO]  All processing finished for executor task 114
2024-03-12 16:20:56.211 worker_log:677 419294 MainThread [INFO]  Received executor task 160
2024-03-12 16:20:57.215 worker_log:693 419294 MainThread [INFO]  Completed executor task 160
2024-03-12 16:20:57.216 worker_log:704 419294 MainThread [INFO]  All processing finished for executor task 160
