2024-03-12 16:20:08.921 worker_log:592 419325 MainThread [INFO]  Worker 45 started
2024-03-12 16:20:08.921 worker_log:594 419325 MainThread [DEBUG]  Debug logging enabled
2024-03-12 16:20:23.023 worker_log:677 419325 MainThread [INFO]  Received executor task 64
2024-03-12 16:20:23.037 worker_log:693 419325 MainThread [INFO]  Completed executor task 64
2024-03-12 16:20:23.038 worker_log:704 419325 MainThread [INFO]  All processing finished for executor task 64
2024-03-12 16:20:31.241 worker_log:677 419325 MainThread [INFO]  Received executor task 102
2024-03-12 16:20:31.345 worker_log:693 419325 MainThread [INFO]  Completed executor task 102
2024-03-12 16:20:31.345 worker_log:704 419325 MainThread [INFO]  All processing finished for executor task 102
2024-03-12 16:20:35.558 worker_log:677 419325 MainThread [INFO]  Received executor task 116
2024-03-12 16:20:35.660 worker_log:693 419325 MainThread [INFO]  Completed executor task 116
2024-03-12 16:20:35.661 worker_log:704 419325 MainThread [INFO]  All processing finished for executor task 116
2024-03-12 16:20:39.868 worker_log:677 419325 MainThread [INFO]  Received executor task 130
2024-03-12 16:20:39.970 worker_log:693 419325 MainThread [INFO]  Completed executor task 130
2024-03-12 16:20:39.971 worker_log:704 419325 MainThread [INFO]  All processing finished for executor task 130
2024-03-12 16:21:15.145 worker_log:677 419325 MainThread [INFO]  Received executor task 176
2024-03-12 16:21:16.150 worker_log:693 419325 MainThread [INFO]  Completed executor task 176
2024-03-12 16:21:16.150 worker_log:704 419325 MainThread [INFO]  All processing finished for executor task 176
2024-03-12 16:21:29.349 worker_log:677 419325 MainThread [INFO]  Received executor task 188
2024-03-12 16:21:30.352 worker_log:693 419325 MainThread [INFO]  Completed executor task 188
2024-03-12 16:21:30.353 worker_log:704 419325 MainThread [INFO]  All processing finished for executor task 188
2024-03-12 16:21:35.189 worker_log:677 419325 MainThread [INFO]  Received executor task 193
2024-03-12 16:21:36.192 worker_log:693 419325 MainThread [INFO]  Completed executor task 193
2024-03-12 16:21:36.193 worker_log:704 419325 MainThread [INFO]  All processing finished for executor task 193
