2024-03-12 16:20:08.863 worker_log:592 419292 MainThread [INFO]  Worker 12 started
2024-03-12 16:20:08.863 worker_log:594 419292 MainThread [DEBUG]  Debug logging enabled
2024-03-12 16:20:15.043 worker_log:677 419292 MainThread [INFO]  Received executor task 26
2024-03-12 16:20:15.046 worker_log:693 419292 MainThread [INFO]  Completed executor task 26
2024-03-12 16:20:15.047 worker_log:704 419292 MainThread [INFO]  All processing finished for executor task 26
2024-03-12 16:20:23.242 worker_log:677 419292 MainThread [INFO]  Received executor task 65
2024-03-12 16:20:23.255 worker_log:693 419292 MainThread [INFO]  Completed executor task 65
2024-03-12 16:20:23.256 worker_log:704 419292 MainThread [INFO]  All processing finished for executor task 65
2024-03-12 16:20:25.406 worker_log:677 419292 MainThread [INFO]  Received executor task 75
2024-03-12 16:20:25.419 worker_log:693 419292 MainThread [INFO]  Completed executor task 75
2024-03-12 16:20:25.419 worker_log:704 419292 MainThread [INFO]  All processing finished for executor task 75
2024-03-12 16:20:27.568 worker_log:677 419292 MainThread [INFO]  Received executor task 85
2024-03-12 16:20:27.580 worker_log:693 419292 MainThread [INFO]  Completed executor task 85
2024-03-12 16:20:27.581 worker_log:704 419292 MainThread [INFO]  All processing finished for executor task 85
2024-03-12 16:20:31.858 worker_log:677 419292 MainThread [INFO]  Received executor task 104
2024-03-12 16:20:31.961 worker_log:693 419292 MainThread [INFO]  Completed executor task 104
2024-03-12 16:20:31.962 worker_log:704 419292 MainThread [INFO]  All processing finished for executor task 104
2024-03-12 16:20:36.174 worker_log:677 419292 MainThread [INFO]  Received executor task 118
2024-03-12 16:20:36.276 worker_log:693 419292 MainThread [INFO]  Completed executor task 118
2024-03-12 16:20:36.277 worker_log:704 419292 MainThread [INFO]  All processing finished for executor task 118
2024-03-12 16:20:40.483 worker_log:677 419292 MainThread [INFO]  Received executor task 132
2024-03-12 16:20:40.586 worker_log:693 419292 MainThread [INFO]  Completed executor task 132
2024-03-12 16:20:40.587 worker_log:704 419292 MainThread [INFO]  All processing finished for executor task 132
2024-03-12 16:20:46.637 worker_log:677 419292 MainThread [INFO]  Received executor task 152
2024-03-12 16:20:47.641 worker_log:693 419292 MainThread [INFO]  Completed executor task 152
2024-03-12 16:20:47.642 worker_log:704 419292 MainThread [INFO]  All processing finished for executor task 152
