2024-03-12 16:20:08.886 worker_log:592 419293 MainThread [INFO]  Worker 13 started
2024-03-12 16:20:08.886 worker_log:594 419293 MainThread [DEBUG]  Debug logging enabled
2024-03-12 16:20:11.097 worker_log:677 419293 MainThread [INFO]  Received executor task 7
2024-03-12 16:20:11.101 worker_log:693 419293 MainThread [INFO]  Completed executor task 7
2024-03-12 16:20:11.102 worker_log:704 419293 MainThread [INFO]  All processing finished for executor task 7
2024-03-12 16:20:15.252 worker_log:677 419293 MainThread [INFO]  Received executor task 27
2024-03-12 16:20:15.254 worker_log:693 419293 MainThread [INFO]  Completed executor task 27
2024-03-12 16:20:15.254 worker_log:704 419293 MainThread [INFO]  All processing finished for executor task 27
2024-03-12 16:20:19.391 worker_log:677 419293 MainThread [INFO]  Received executor task 47
2024-03-12 16:20:19.394 worker_log:693 419293 MainThread [INFO]  Completed executor task 47
2024-03-12 16:20:19.394 worker_log:704 419293 MainThread [INFO]  All processing finished for executor task 47
2024-03-12 16:20:21.513 worker_log:677 419293 MainThread [INFO]  Received executor task 57
2024-03-12 16:20:21.526 worker_log:693 419293 MainThread [INFO]  Completed executor task 57
2024-03-12 16:20:21.526 worker_log:704 419293 MainThread [INFO]  All processing finished for executor task 57
2024-03-12 16:20:23.677 worker_log:677 419293 MainThread [INFO]  Received executor task 67
2024-03-12 16:20:23.689 worker_log:693 419293 MainThread [INFO]  Completed executor task 67
2024-03-12 16:20:23.690 worker_log:704 419293 MainThread [INFO]  All processing finished for executor task 67
2024-03-12 16:20:25.841 worker_log:677 419293 MainThread [INFO]  Received executor task 77
2024-03-12 16:20:25.853 worker_log:693 419293 MainThread [INFO]  Completed executor task 77
2024-03-12 16:20:25.854 worker_log:704 419293 MainThread [INFO]  All processing finished for executor task 77
2024-03-12 16:20:28.002 worker_log:677 419293 MainThread [INFO]  Received executor task 87
2024-03-12 16:20:28.015 worker_log:693 419293 MainThread [INFO]  Completed executor task 87
2024-03-12 16:20:28.015 worker_log:704 419293 MainThread [INFO]  All processing finished for executor task 87
2024-03-12 16:20:40.175 worker_log:677 419293 MainThread [INFO]  Received executor task 131
2024-03-12 16:20:40.279 worker_log:693 419293 MainThread [INFO]  Completed executor task 131
2024-03-12 16:20:40.279 worker_log:704 419293 MainThread [INFO]  All processing finished for executor task 131
2024-03-12 16:20:51.374 worker_log:677 419293 MainThread [INFO]  Received executor task 156
2024-03-12 16:20:52.379 worker_log:693 419293 MainThread [INFO]  Completed executor task 156
2024-03-12 16:20:52.379 worker_log:704 419293 MainThread [INFO]  All processing finished for executor task 156
2024-03-12 16:21:03.463 worker_log:677 419293 MainThread [INFO]  Received executor task 166
2024-03-12 16:21:04.466 worker_log:693 419293 MainThread [INFO]  Completed executor task 166
2024-03-12 16:21:04.467 worker_log:704 419293 MainThread [INFO]  All processing finished for executor task 166
