2024-03-12 16:20:08.852 worker_log:592 419291 MainThread [INFO]  Worker 11 started
2024-03-12 16:20:08.852 worker_log:594 419291 MainThread [DEBUG]  Debug logging enabled
2024-03-12 16:20:12.338 worker_log:677 419291 MainThread [INFO]  Received executor task 13
2024-03-12 16:20:12.342 worker_log:693 419291 MainThread [INFO]  Completed executor task 13
2024-03-12 16:20:12.343 worker_log:704 419291 MainThread [INFO]  All processing finished for executor task 13
2024-03-12 16:20:14.211 worker_log:677 419291 MainThread [INFO]  Received executor task 22
2024-03-12 16:20:14.213 worker_log:693 419291 MainThread [INFO]  Completed executor task 22
2024-03-12 16:20:14.214 worker_log:704 419291 MainThread [INFO]  All processing finished for executor task 22
2024-03-12 16:20:16.080 worker_log:677 419291 MainThread [INFO]  Received executor task 31
2024-03-12 16:20:16.082 worker_log:693 419291 MainThread [INFO]  Completed executor task 31
2024-03-12 16:20:16.082 worker_log:704 419291 MainThread [INFO]  All processing finished for executor task 31
2024-03-12 16:20:20.219 worker_log:677 419291 MainThread [INFO]  Received executor task 51
2024-03-12 16:20:20.221 worker_log:693 419291 MainThread [INFO]  Completed executor task 51
2024-03-12 16:20:20.221 worker_log:704 419291 MainThread [INFO]  All processing finished for executor task 51
2024-03-12 16:20:30.168 worker_log:677 419291 MainThread [INFO]  Received executor task 97
2024-03-12 16:20:30.181 worker_log:693 419291 MainThread [INFO]  Completed executor task 97
2024-03-12 16:20:30.182 worker_log:704 419291 MainThread [INFO]  All processing finished for executor task 97
2024-03-12 16:20:32.475 worker_log:677 419291 MainThread [INFO]  Received executor task 106
2024-03-12 16:20:32.579 worker_log:693 419291 MainThread [INFO]  Completed executor task 106
2024-03-12 16:20:32.579 worker_log:704 419291 MainThread [INFO]  All processing finished for executor task 106
2024-03-12 16:20:36.789 worker_log:677 419291 MainThread [INFO]  Received executor task 120
2024-03-12 16:20:36.891 worker_log:693 419291 MainThread [INFO]  Completed executor task 120
2024-03-12 16:20:36.892 worker_log:704 419291 MainThread [INFO]  All processing finished for executor task 120
2024-03-12 16:21:19.779 worker_log:677 419291 MainThread [INFO]  Received executor task 180
2024-03-12 16:21:20.783 worker_log:693 419291 MainThread [INFO]  Completed executor task 180
2024-03-12 16:21:20.784 worker_log:704 419291 MainThread [INFO]  All processing finished for executor task 180
2024-03-12 16:21:31.765 worker_log:677 419291 MainThread [INFO]  Received executor task 190
2024-03-12 16:21:32.769 worker_log:693 419291 MainThread [INFO]  Completed executor task 190
2024-03-12 16:21:32.769 worker_log:704 419291 MainThread [INFO]  All processing finished for executor task 190
2024-03-12 16:21:39.821 worker_log:677 419291 MainThread [INFO]  Received executor task 197
2024-03-12 16:21:40.825 worker_log:693 419291 MainThread [INFO]  Completed executor task 197
2024-03-12 16:21:40.825 worker_log:704 419291 MainThread [INFO]  All processing finished for executor task 197
