2024-03-12 16:20:08.855 worker_log:592 419281 MainThread [INFO]  Worker 1 started
2024-03-12 16:20:08.855 worker_log:594 419281 MainThread [DEBUG]  Debug logging enabled
2024-03-12 16:20:12.548 worker_log:677 419281 MainThread [INFO]  Received executor task 14
2024-03-12 16:20:12.551 worker_log:693 419281 MainThread [INFO]  Completed executor task 14
2024-03-12 16:20:12.552 worker_log:704 419281 MainThread [INFO]  All processing finished for executor task 14
2024-03-12 16:20:14.417 worker_log:677 419281 MainThread [INFO]  Received executor task 23
2024-03-12 16:20:14.419 worker_log:693 419281 MainThread [INFO]  Completed executor task 23
2024-03-12 16:20:14.420 worker_log:704 419281 MainThread [INFO]  All processing finished for executor task 23
2024-03-12 16:20:16.282 worker_log:677 419281 MainThread [INFO]  Received executor task 32
2024-03-12 16:20:16.284 worker_log:693 419281 MainThread [INFO]  Completed executor task 32
2024-03-12 16:20:16.285 worker_log:704 419281 MainThread [INFO]  All processing finished for executor task 32
2024-03-12 16:20:18.151 worker_log:677 419281 MainThread [INFO]  Received executor task 41
2024-03-12 16:20:18.153 worker_log:693 419281 MainThread [INFO]  Completed executor task 41
2024-03-12 16:20:18.153 worker_log:704 419281 MainThread [INFO]  All processing finished for executor task 41
2024-03-12 16:20:22.166 worker_log:677 419281 MainThread [INFO]  Received executor task 60
2024-03-12 16:20:22.179 worker_log:693 419281 MainThread [INFO]  Completed executor task 60
2024-03-12 16:20:22.179 worker_log:704 419281 MainThread [INFO]  All processing finished for executor task 60
2024-03-12 16:20:24.329 worker_log:677 419281 MainThread [INFO]  Received executor task 70
2024-03-12 16:20:24.341 worker_log:693 419281 MainThread [INFO]  Completed executor task 70
2024-03-12 16:20:24.342 worker_log:704 419281 MainThread [INFO]  All processing finished for executor task 70
2024-03-12 16:20:26.493 worker_log:677 419281 MainThread [INFO]  Received executor task 80
2024-03-12 16:20:26.506 worker_log:693 419281 MainThread [INFO]  Completed executor task 80
2024-03-12 16:20:26.506 worker_log:704 419281 MainThread [INFO]  All processing finished for executor task 80
2024-03-12 16:20:30.604 worker_log:677 419281 MainThread [INFO]  Received executor task 99
2024-03-12 16:20:30.616 worker_log:693 419281 MainThread [INFO]  Completed executor task 99
2024-03-12 16:20:30.617 worker_log:704 419281 MainThread [INFO]  All processing finished for executor task 99
2024-03-12 16:20:32.784 worker_log:677 419281 MainThread [INFO]  Received executor task 107
2024-03-12 16:20:32.887 worker_log:693 419281 MainThread [INFO]  Completed executor task 107
2024-03-12 16:20:32.887 worker_log:704 419281 MainThread [INFO]  All processing finished for executor task 107
2024-03-12 16:20:37.096 worker_log:677 419281 MainThread [INFO]  Received executor task 121
2024-03-12 16:20:37.199 worker_log:693 419281 MainThread [INFO]  Completed executor task 121
2024-03-12 16:20:37.200 worker_log:704 419281 MainThread [INFO]  All processing finished for executor task 121
2024-03-12 16:20:45.406 worker_log:677 419281 MainThread [INFO]  Received executor task 148
2024-03-12 16:20:45.509 worker_log:693 419281 MainThread [INFO]  Completed executor task 148
2024-03-12 16:20:45.510 worker_log:704 419281 MainThread [INFO]  All processing finished for executor task 148
2024-03-12 16:20:52.584 worker_log:677 419281 MainThread [INFO]  Received executor task 157
2024-03-12 16:20:53.588 worker_log:693 419281 MainThread [INFO]  Completed executor task 157
2024-03-12 16:20:53.589 worker_log:704 419281 MainThread [INFO]  All processing finished for executor task 157
2024-03-12 16:20:58.629 worker_log:677 419281 MainThread [INFO]  Received executor task 162
2024-03-12 16:20:59.632 worker_log:693 419281 MainThread [INFO]  Completed executor task 162
2024-03-12 16:20:59.633 worker_log:704 419281 MainThread [INFO]  All processing finished for executor task 162
2024-03-12 16:21:12.729 worker_log:677 419281 MainThread [INFO]  Received executor task 174
2024-03-12 16:21:13.733 worker_log:693 419281 MainThread [INFO]  Completed executor task 174
2024-03-12 16:21:13.733 worker_log:704 419281 MainThread [INFO]  All processing finished for executor task 174
