2024-03-12 16:20:08.842 worker_log:592 419289 MainThread [INFO]  Worker 9 started
2024-03-12 16:20:08.842 worker_log:594 419289 MainThread [DEBUG]  Debug logging enabled
2024-03-12 16:20:10.468 worker_log:677 419289 MainThread [INFO]  Received executor task 4
2024-03-12 16:20:10.471 worker_log:693 419289 MainThread [INFO]  Completed executor task 4
2024-03-12 16:20:10.472 worker_log:704 419289 MainThread [INFO]  All processing finished for executor task 4
2024-03-12 16:20:11.928 worker_log:677 419289 MainThread [INFO]  Received executor task 11
2024-03-12 16:20:11.930 worker_log:693 419289 MainThread [INFO]  Completed executor task 11
2024-03-12 16:20:11.930 worker_log:704 419289 MainThread [INFO]  All processing finished for executor task 11
2024-03-12 16:20:13.802 worker_log:677 419289 MainThread [INFO]  Received executor task 20
2024-03-12 16:20:13.804 worker_log:693 419289 MainThread [INFO]  Completed executor task 20
2024-03-12 16:20:13.804 worker_log:704 419289 MainThread [INFO]  All processing finished for executor task 20
2024-03-12 16:20:20.012 worker_log:677 419289 MainThread [INFO]  Received executor task 50
2024-03-12 16:20:20.014 worker_log:693 419289 MainThread [INFO]  Completed executor task 50
2024-03-12 16:20:20.015 worker_log:704 419289 MainThread [INFO]  All processing finished for executor task 50
2024-03-12 16:20:34.322 worker_log:677 419289 MainThread [INFO]  Received executor task 112
2024-03-12 16:20:34.425 worker_log:693 419289 MainThread [INFO]  Completed executor task 112
2024-03-12 16:20:34.426 worker_log:704 419289 MainThread [INFO]  All processing finished for executor task 112
2024-03-12 16:20:38.634 worker_log:677 419289 MainThread [INFO]  Received executor task 126
2024-03-12 16:20:38.737 worker_log:693 419289 MainThread [INFO]  Completed executor task 126
2024-03-12 16:20:38.738 worker_log:704 419289 MainThread [INFO]  All processing finished for executor task 126
2024-03-12 16:20:42.944 worker_log:677 419289 MainThread [INFO]  Received executor task 140
2024-03-12 16:20:43.046 worker_log:693 419289 MainThread [INFO]  Completed executor task 140
2024-03-12 16:20:43.047 worker_log:704 419289 MainThread [INFO]  All processing finished for executor task 140
2024-03-12 16:21:28.141 worker_log:677 419289 MainThread [INFO]  Received executor task 187
2024-03-12 16:21:29.145 worker_log:693 419289 MainThread [INFO]  Completed executor task 187
2024-03-12 16:21:29.145 worker_log:704 419289 MainThread [INFO]  All processing finished for executor task 187
