2024-03-12 16:20:08.841 worker_log:592 419288 MainThread [INFO]  Worker 8 started
2024-03-12 16:20:08.841 worker_log:594 419288 MainThread [DEBUG]  Debug logging enabled
2024-03-12 16:20:10.258 worker_log:677 419288 MainThread [INFO]  Received executor task 3
2024-03-12 16:20:10.262 worker_log:693 419288 MainThread [INFO]  Completed executor task 3
2024-03-12 16:20:10.263 worker_log:704 419288 MainThread [INFO]  All processing finished for executor task 3
2024-03-12 16:20:11.720 worker_log:677 419288 MainThread [INFO]  Received executor task 10
2024-03-12 16:20:11.722 worker_log:693 419288 MainThread [INFO]  Completed executor task 10
2024-03-12 16:20:11.723 worker_log:704 419288 MainThread [INFO]  All processing finished for executor task 10
2024-03-12 16:20:13.595 worker_log:677 419288 MainThread [INFO]  Received executor task 19
2024-03-12 16:20:13.597 worker_log:693 419288 MainThread [INFO]  Completed executor task 19
2024-03-12 16:20:13.597 worker_log:704 419288 MainThread [INFO]  All processing finished for executor task 19
2024-03-12 16:20:15.666 worker_log:677 419288 MainThread [INFO]  Received executor task 29
2024-03-12 16:20:15.668 worker_log:693 419288 MainThread [INFO]  Completed executor task 29
2024-03-12 16:20:15.669 worker_log:704 419288 MainThread [INFO]  All processing finished for executor task 29
2024-03-12 16:20:17.737 worker_log:677 419288 MainThread [INFO]  Received executor task 39
2024-03-12 16:20:17.739 worker_log:693 419288 MainThread [INFO]  Completed executor task 39
2024-03-12 16:20:17.740 worker_log:704 419288 MainThread [INFO]  All processing finished for executor task 39
2024-03-12 16:20:19.805 worker_log:677 419288 MainThread [INFO]  Received executor task 49
2024-03-12 16:20:19.807 worker_log:693 419288 MainThread [INFO]  Completed executor task 49
2024-03-12 16:20:19.808 worker_log:704 419288 MainThread [INFO]  All processing finished for executor task 49
2024-03-12 16:20:29.950 worker_log:677 419288 MainThread [INFO]  Received executor task 96
2024-03-12 16:20:29.963 worker_log:693 419288 MainThread [INFO]  Completed executor task 96
2024-03-12 16:20:29.964 worker_log:704 419288 MainThread [INFO]  All processing finished for executor task 96
2024-03-12 16:20:32.166 worker_log:677 419288 MainThread [INFO]  Received executor task 105
2024-03-12 16:20:32.270 worker_log:693 419288 MainThread [INFO]  Completed executor task 105
2024-03-12 16:20:32.271 worker_log:704 419288 MainThread [INFO]  All processing finished for executor task 105
2024-03-12 16:20:36.481 worker_log:677 419288 MainThread [INFO]  Received executor task 119
2024-03-12 16:20:36.584 worker_log:693 419288 MainThread [INFO]  Completed executor task 119
2024-03-12 16:20:36.584 worker_log:704 419288 MainThread [INFO]  All processing finished for executor task 119
2024-03-12 16:20:40.791 worker_log:677 419288 MainThread [INFO]  Received executor task 133
2024-03-12 16:20:40.894 worker_log:693 419288 MainThread [INFO]  Completed executor task 133
2024-03-12 16:20:40.894 worker_log:704 419288 MainThread [INFO]  All processing finished for executor task 133
2024-03-12 16:20:45.099 worker_log:677 419288 MainThread [INFO]  Received executor task 147
2024-03-12 16:20:45.201 worker_log:693 419288 MainThread [INFO]  Completed executor task 147
2024-03-12 16:20:45.202 worker_log:704 419288 MainThread [INFO]  All processing finished for executor task 147
