2024-03-12 16:20:08.932 worker_log:592 419300 MainThread [INFO]  Worker 20 started
2024-03-12 16:20:08.932 worker_log:594 419300 MainThread [DEBUG]  Debug logging enabled
2024-03-12 16:20:27.131 worker_log:677 419300 MainThread [INFO]  Received executor task 83
2024-03-12 16:20:27.145 worker_log:693 419300 MainThread [INFO]  Completed executor task 83
2024-03-12 16:20:27.146 worker_log:704 419300 MainThread [INFO]  All processing finished for executor task 83
2024-03-12 16:20:37.404 worker_log:677 419300 MainThread [INFO]  Received executor task 122
2024-03-12 16:20:37.507 worker_log:693 419300 MainThread [INFO]  Completed executor task 122
2024-03-12 16:20:37.508 worker_log:704 419300 MainThread [INFO]  All processing finished for executor task 122
2024-03-12 16:20:41.715 worker_log:677 419300 MainThread [INFO]  Received executor task 136
2024-03-12 16:20:41.817 worker_log:693 419300 MainThread [INFO]  Completed executor task 136
2024-03-12 16:20:41.818 worker_log:704 419300 MainThread [INFO]  All processing finished for executor task 136
2024-03-12 16:20:46.021 worker_log:677 419300 MainThread [INFO]  Received executor task 150
2024-03-12 16:20:46.124 worker_log:693 419300 MainThread [INFO]  Completed executor task 150
2024-03-12 16:20:46.124 worker_log:704 419300 MainThread [INFO]  All processing finished for executor task 150
2024-03-12 16:20:48.955 worker_log:677 419300 MainThread [INFO]  Received executor task 154
2024-03-12 16:20:49.959 worker_log:693 419300 MainThread [INFO]  Completed executor task 154
2024-03-12 16:20:49.959 worker_log:704 419300 MainThread [INFO]  All processing finished for executor task 154
2024-03-12 16:21:01.045 worker_log:677 419300 MainThread [INFO]  Received executor task 164
2024-03-12 16:21:02.049 worker_log:693 419300 MainThread [INFO]  Completed executor task 164
2024-03-12 16:21:02.049 worker_log:704 419300 MainThread [INFO]  All processing finished for executor task 164
